2020-09-20 16:34:24 [scrapy.utils.log] INFO: Scrapy 1.5.1 started (bot: customcrawler)
2020-09-20 16:34:24 [scrapy.utils.log] INFO: Versions: lxml 4.4.2.0, libxml2 2.9.9, cssselect 1.1.0, parsel 1.5.2, w3lib 1.21.0, Twisted 18.9.0, Python 3.6.12 (default, Sep 10 2020, 17:53:20) - [GCC 8.3.0], pyOpenSSL 19.1.0 (OpenSSL 1.1.1d  10 Sep 2019), cryptography 2.8, Platform Linux-4.19.76-linuxkit-x86_64-with-debian-10.5
2020-09-20 16:34:24 [scrapy.crawler] INFO: Overridden settings: {'BOT_NAME': 'customcrawler', 'CLOSESPIDER_PAGECOUNT': '10', 'CLOSESPIDER_TIMEOUT': '0', 'CONCURRENT_REQUESTS': 32, 'DEPTH_PRIORITY': 1, 'LOG_FILE': 'logs/customcrawler/toscrapespiderax/22b7071efb5f11ea84900242ac140003.log', 'NEWSPIDER_MODULE': 'customcrawler.spiders', 'SCHEDULER_DISK_QUEUE': 'scrapy.squeues.PickleFifoDiskQueue', 'SCHEDULER_MEMORY_QUEUE': 'scrapy.squeues.FifoMemoryQueue', 'SPIDER_MODULES': ['customcrawler.spiders']}
2020-09-20 16:34:25 [scrapy.middleware] INFO: Enabled extensions:
['scrapy.extensions.corestats.CoreStats',
 'scrapy.extensions.telnet.TelnetConsole',
 'scrapy.extensions.memusage.MemoryUsage',
 'scrapy.extensions.closespider.CloseSpider',
 'scrapy.extensions.logstats.LogStats']
2020-09-20 16:34:25 [scrapy.middleware] INFO: Enabled downloader middlewares:
['scrapy.downloadermiddlewares.httpauth.HttpAuthMiddleware',
 'scrapy.downloadermiddlewares.downloadtimeout.DownloadTimeoutMiddleware',
 'scrapy.downloadermiddlewares.defaultheaders.DefaultHeadersMiddleware',
 'scrapy.downloadermiddlewares.useragent.UserAgentMiddleware',
 'scrapy.downloadermiddlewares.retry.RetryMiddleware',
 'scrapy.downloadermiddlewares.redirect.MetaRefreshMiddleware',
 'scrapy.downloadermiddlewares.httpcompression.HttpCompressionMiddleware',
 'scrapy.downloadermiddlewares.redirect.RedirectMiddleware',
 'scrapy.downloadermiddlewares.cookies.CookiesMiddleware',
 'scrapy.downloadermiddlewares.httpproxy.HttpProxyMiddleware',
 'scrapy.downloadermiddlewares.stats.DownloaderStats']
2020-09-20 16:34:25 [scrapy.middleware] INFO: Enabled spider middlewares:
['scrapy.spidermiddlewares.httperror.HttpErrorMiddleware',
 'scrapy.spidermiddlewares.offsite.OffsiteMiddleware',
 'scrapy.spidermiddlewares.referer.RefererMiddleware',
 'scrapy.spidermiddlewares.urllength.UrlLengthMiddleware',
 'scrapy.spidermiddlewares.depth.DepthMiddleware']
2020-09-20 16:34:25 [scrapy.middleware] INFO: Enabled item pipelines:
['customcrawler.pipelines.ScrapyAppPipeline']
2020-09-20 16:34:25 [scrapy.core.engine] INFO: Spider opened
2020-09-20 16:34:25 [scrapy.extensions.logstats] INFO: Crawled 0 pages (at 0 pages/min), scraped 0 items (at 0 items/min)
2020-09-20 16:34:25 [scrapy.extensions.telnet] DEBUG: Telnet console listening on 127.0.0.1:6023
2020-09-20 16:34:29 [scrapy.downloadermiddlewares.redirect] DEBUG: Redirecting (302) to <GET http://mof.gov.cy/> from <GET https://www.mof.gov.cy/>
2020-09-20 16:34:30 [scrapy.downloadermiddlewares.redirect] DEBUG: Redirecting (302) to <GET http://mof.gov.cy/gr/> from <GET http://mof.gov.cy/>
2020-09-20 16:34:37 [scrapy.core.engine] DEBUG: Crawled (200) <GET http://mof.gov.cy/gr/> (referer: None)
2020-09-20 16:34:37 [scrapy.core.engine] INFO: Closing spider (finished)
2020-09-20 16:34:37 [scrapy.statscollectors] INFO: Dumping Scrapy stats:
{'downloader/request_bytes': 695,
 'downloader/request_count': 3,
 'downloader/request_method_count/GET': 3,
 'downloader/response_bytes': 100473,
 'downloader/response_count': 3,
 'downloader/response_status_count/200': 1,
 'downloader/response_status_count/302': 2,
 'finish_reason': 'finished',
 'finish_time': datetime.datetime(2020, 9, 20, 16, 34, 37, 864583),
 'log_count/DEBUG': 4,
 'log_count/INFO': 7,
 'memusage/max': 80531456,
 'memusage/startup': 80531456,
 'response_received_count': 1,
 'scheduler/dequeued': 3,
 'scheduler/dequeued/memory': 3,
 'scheduler/enqueued': 3,
 'scheduler/enqueued/memory': 3,
 'start_time': datetime.datetime(2020, 9, 20, 16, 34, 25, 726315)}
2020-09-20 16:34:37 [scrapy.core.engine] INFO: Spider closed (finished)
