2020-04-12 12:29:29 [scrapy.utils.log] INFO: Scrapy 1.5.1 started (bot: customcrawler)
2020-04-12 12:29:29 [scrapy.utils.log] INFO: Versions: lxml 4.4.2.0, libxml2 2.9.9, cssselect 1.1.0, parsel 1.5.2, w3lib 1.21.0, Twisted 18.9.0, Python 3.6.10 (default, Mar 31 2020, 16:24:51) - [GCC 8.3.0], pyOpenSSL 19.1.0 (OpenSSL 1.1.1d  10 Sep 2019), cryptography 2.8, Platform Linux-4.9.93-linuxkit-aufs-x86_64-with-debian-10.3
2020-04-12 12:29:29 [scrapy.crawler] INFO: Overridden settings: {'BOT_NAME': 'customcrawler', 'CLOSESPIDER_PAGECOUNT': '100', 'CLOSESPIDER_TIMEOUT': '0', 'CONCURRENT_REQUESTS': 32, 'DEPTH_PRIORITY': 1, 'LOG_FILE': 'logs/customcrawler/toscrapespiderax/3f9ed73c7cb911ea8f6c0242c0a80004.log', 'NEWSPIDER_MODULE': 'customcrawler.spiders', 'SCHEDULER_DISK_QUEUE': 'scrapy.squeues.PickleFifoDiskQueue', 'SCHEDULER_MEMORY_QUEUE': 'scrapy.squeues.FifoMemoryQueue', 'SPIDER_MODULES': ['customcrawler.spiders']}
2020-04-12 12:29:29 [scrapy.middleware] INFO: Enabled extensions:
['scrapy.extensions.corestats.CoreStats',
 'scrapy.extensions.telnet.TelnetConsole',
 'scrapy.extensions.memusage.MemoryUsage',
 'scrapy.extensions.closespider.CloseSpider',
 'scrapy.extensions.logstats.LogStats']
2020-04-12 12:29:29 [scrapy.middleware] INFO: Enabled downloader middlewares:
['scrapy.downloadermiddlewares.httpauth.HttpAuthMiddleware',
 'scrapy.downloadermiddlewares.downloadtimeout.DownloadTimeoutMiddleware',
 'scrapy.downloadermiddlewares.defaultheaders.DefaultHeadersMiddleware',
 'scrapy.downloadermiddlewares.useragent.UserAgentMiddleware',
 'scrapy.downloadermiddlewares.retry.RetryMiddleware',
 'scrapy.downloadermiddlewares.redirect.MetaRefreshMiddleware',
 'scrapy.downloadermiddlewares.httpcompression.HttpCompressionMiddleware',
 'scrapy.downloadermiddlewares.redirect.RedirectMiddleware',
 'scrapy.downloadermiddlewares.cookies.CookiesMiddleware',
 'scrapy.downloadermiddlewares.httpproxy.HttpProxyMiddleware',
 'scrapy.downloadermiddlewares.stats.DownloaderStats']
2020-04-12 12:29:29 [scrapy.middleware] INFO: Enabled spider middlewares:
['scrapy.spidermiddlewares.httperror.HttpErrorMiddleware',
 'scrapy.spidermiddlewares.offsite.OffsiteMiddleware',
 'scrapy.spidermiddlewares.referer.RefererMiddleware',
 'scrapy.spidermiddlewares.urllength.UrlLengthMiddleware',
 'scrapy.spidermiddlewares.depth.DepthMiddleware']
2020-04-12 12:29:29 [scrapy.middleware] INFO: Enabled item pipelines:
['customcrawler.pipelines.ScrapyAppPipeline']
2020-04-12 12:29:29 [scrapy.core.engine] INFO: Spider opened
2020-04-12 12:29:29 [scrapy.extensions.logstats] INFO: Crawled 0 pages (at 0 pages/min), scraped 0 items (at 0 items/min)
2020-04-12 12:29:29 [scrapy.extensions.telnet] DEBUG: Telnet console listening on 127.0.0.1:6023
2020-04-12 12:29:31 [scrapy.core.engine] DEBUG: Crawled (200) <GET https://lovdata.no/> (referer: None)
2020-04-12 12:29:31 [scrapy.dupefilters] DEBUG: Filtered duplicate request: <GET https://lovdata.no/info/personvern> - no more duplicates will be shown (see DUPEFILTER_DEBUG to show all duplicates)
2020-04-12 12:29:31 [scrapy.downloadermiddlewares.redirect] DEBUG: Redirecting (301) to <GET https://grunnloven.lovdata.no/> from <GET http://grunnloven.lovdata.no>
2020-04-12 12:29:31 [scrapy.core.engine] DEBUG: Crawled (200) <GET https://lovdata.no/info/personvern#cookies> (referer: https://lovdata.no/)
2020-04-12 12:29:31 [amqp] DEBUG: Start from server, version: 0.9, properties: {'capabilities': {'publisher_confirms': True, 'exchange_exchange_bindings': True, 'basic.nack': True, 'consumer_cancel_notify': True, 'connection.blocked': True, 'consumer_priorities': True, 'authentication_failure_close': True, 'per_consumer_qos': True, 'direct_reply_to': True}, 'cluster_name': 'rabbit@rabbitmq', 'copyright': 'Copyright (c) 2007-2020 Pivotal Software, Inc.', 'information': 'Licensed under the MPL 1.1. Website: https://rabbitmq.com', 'platform': 'Erlang/OTP 22.3.2', 'product': 'RabbitMQ', 'version': '3.8.3'}, mechanisms: [b'AMQPLAIN', b'PLAIN'], locales: ['en_US']
2020-04-12 12:29:31 [amqp] DEBUG: using channel_id: 1
2020-04-12 12:29:31 [amqp] DEBUG: Channel open
2020-04-12 12:29:31 [scrapy.core.scraper] DEBUG: Scraped from <200 https://lovdata.no/info/personvern>
{'extracted_url': 'https://lovdata.no/info/personvern'}
2020-04-12 12:29:31 [scrapy.core.engine] DEBUG: Crawled (200) <GET https://lovdata.no/register/traktater> (referer: https://lovdata.no/)
2020-04-12 12:29:31 [scrapy.core.engine] DEBUG: Crawled (200) <GET https://lovdata.no/register/dommer> (referer: https://lovdata.no/)
2020-04-12 12:29:32 [scrapy.core.engine] DEBUG: Crawled (200) <GET https://lovdata.no/register/lokaleForskrifter> (referer: https://lovdata.no/)
2020-04-12 12:29:32 [scrapy.core.engine] DEBUG: Crawled (200) <GET https://lovdata.no/register/lover> (referer: https://lovdata.no/)
2020-04-12 12:29:32 [scrapy.core.engine] DEBUG: Crawled (200) <GET https://lovdata.no/register/eosAvtalen> (referer: https://lovdata.no/)
2020-04-12 12:29:32 [scrapy.core.scraper] DEBUG: Scraped from <200 https://lovdata.no/register/traktater>
{'extracted_url': 'https://lovdata.no/register/traktater'}
2020-04-12 12:29:32 [scrapy.core.scraper] DEBUG: Scraped from <200 https://lovdata.no/register/dommer>
{'extracted_url': 'https://lovdata.no/register/dommer'}
2020-04-12 12:29:32 [scrapy.core.engine] DEBUG: Crawled (200) <GET https://lovdata.no/register/tariffavtaler> (referer: https://lovdata.no/)
2020-04-12 12:29:32 [scrapy.downloadermiddlewares.redirect] DEBUG: Redirecting (301) to <GET https://lovdata.no/dokument/SPH/sph-2020> from <GET https://lovdata.no/sph>
2020-04-12 12:29:32 [scrapy.core.scraper] DEBUG: Scraped from <200 https://lovdata.no/register/lokaleForskrifter>
{'extracted_url': 'https://lovdata.no/register/lokaleForskrifter'}
2020-04-12 12:29:32 [scrapy.core.scraper] DEBUG: Scraped from <200 https://lovdata.no/register/lover>
{'extracted_url': 'https://lovdata.no/register/lover'}
2020-04-12 12:29:32 [scrapy.core.engine] DEBUG: Crawled (200) <GET https://lovdata.no/register/forskrifterEngelsk> (referer: https://lovdata.no/)
2020-04-12 12:29:32 [scrapy.core.engine] DEBUG: Crawled (200) <GET https://lovdata.no/register/loverEngelsk> (referer: https://lovdata.no/)
2020-04-12 12:29:32 [scrapy.core.scraper] DEBUG: Scraped from <200 https://lovdata.no/register/eosAvtalen>
{'extracted_url': 'https://lovdata.no/register/eosAvtalen'}
2020-04-12 12:29:32 [scrapy.core.scraper] DEBUG: Scraped from <200 https://lovdata.no/register/tariffavtaler>
{'extracted_url': 'https://lovdata.no/register/tariffavtaler'}
2020-04-12 12:29:32 [scrapy.core.engine] DEBUG: Crawled (200) <GET https://lovdata.no/register/dommerEngelsk> (referer: https://lovdata.no/)
2020-04-12 12:29:32 [scrapy.core.engine] DEBUG: Crawled (200) <GET https://lovdata.no/tjenester/pro/> (referer: https://lovdata.no/)
2020-04-12 12:29:32 [scrapy.core.scraper] DEBUG: Scraped from <200 https://lovdata.no/register/forskrifterEngelsk>
{'extracted_url': 'https://lovdata.no/register/forskrifterEngelsk'}
2020-04-12 12:29:32 [scrapy.core.scraper] DEBUG: Scraped from <200 https://lovdata.no/register/loverEngelsk>
{'extracted_url': 'https://lovdata.no/register/loverEngelsk'}
2020-04-12 12:29:32 [scrapy.core.engine] DEBUG: Crawled (200) <GET https://lovdata.no/pro/auth/student> (referer: https://lovdata.no/)
2020-04-12 12:29:32 [scrapy.core.engine] DEBUG: Crawled (200) <GET https://lovdata.no/publikasjoner> (referer: https://lovdata.no/)
2020-04-12 12:29:32 [scrapy.core.engine] DEBUG: Crawled (200) <GET https://lovdata.no/tjenester/varsling> (referer: https://lovdata.no/)
2020-04-12 12:29:32 [scrapy.core.scraper] DEBUG: Scraped from <200 https://lovdata.no/register/dommerEngelsk>
{'extracted_url': 'https://lovdata.no/register/dommerEngelsk'}
2020-04-12 12:29:32 [scrapy.core.scraper] DEBUG: Scraped from <200 https://lovdata.no/tjenester/pro/>
{'extracted_url': 'https://lovdata.no/tjenester/pro/'}
2020-04-12 12:29:32 [scrapy.core.engine] DEBUG: Crawled (200) <GET https://lovdata.no/tjenester/tidsskrift> (referer: https://lovdata.no/)
2020-04-12 12:29:32 [scrapy.core.scraper] DEBUG: Scraped from <200 https://lovdata.no/pro/auth/student>
{'extracted_url': 'https://lovdata.no/pro/auth/student'}
2020-04-12 12:29:32 [scrapy.core.scraper] DEBUG: Scraped from <200 https://lovdata.no/publikasjoner>
{'extracted_url': 'https://lovdata.no/publikasjoner'}
2020-04-12 12:29:32 [scrapy.core.scraper] DEBUG: Scraped from <200 https://lovdata.no/tjenester/varsling>
{'extracted_url': 'https://lovdata.no/tjenester/varsling'}
2020-04-12 12:29:32 [scrapy.core.scraper] DEBUG: Scraped from <200 https://lovdata.no/tjenester/tidsskrift>
{'extracted_url': 'https://lovdata.no/tjenester/tidsskrift'}
2020-04-12 12:29:32 [scrapy.core.engine] DEBUG: Crawled (200) <GET https://lovdata.no/register/stortingsvedtak> (referer: https://lovdata.no/)
2020-04-12 12:29:32 [scrapy.core.engine] DEBUG: Crawled (200) <GET https://lovdata.no/register/lovtidend> (referer: https://lovdata.no/)
2020-04-12 12:29:32 [scrapy.core.engine] DEBUG: Crawled (200) <GET https://lovdata.no/info/22juli> (referer: https://lovdata.no/)
2020-04-12 12:29:32 [scrapy.core.engine] DEBUG: Crawled (200) <GET https://lovdata.no/info/om_lovdata> (referer: https://lovdata.no/)
2020-04-12 12:29:32 [scrapy.core.engine] DEBUG: Crawled (200) <GET https://lovdata.no/info/brukeravtale> (referer: https://lovdata.no/)
2020-04-12 12:29:32 [scrapy.core.engine] DEBUG: Crawled (200) <GET https://lovdata.no/info/api> (referer: https://lovdata.no/)
2020-04-12 12:29:32 [scrapy.core.scraper] DEBUG: Scraped from <200 https://lovdata.no/register/stortingsvedtak>
{'extracted_url': 'https://lovdata.no/register/stortingsvedtak'}
2020-04-12 12:29:32 [scrapy.core.engine] DEBUG: Crawled (200) <GET https://lovdata.no/advokater/> (referer: https://lovdata.no/)
2020-04-12 12:29:32 [scrapy.core.scraper] DEBUG: Scraped from <200 https://lovdata.no/register/lovtidend>
{'extracted_url': 'https://lovdata.no/register/lovtidend'}
2020-04-12 12:29:32 [scrapy.core.scraper] DEBUG: Scraped from <200 https://lovdata.no/info/22juli>
{'extracted_url': 'https://lovdata.no/info/22juli'}
2020-04-12 12:29:33 [scrapy.core.engine] DEBUG: Crawled (200) <GET https://lovdata.no/info/kontakt> (referer: https://lovdata.no/)
2020-04-12 12:29:33 [scrapy.core.engine] DEBUG: Crawled (200) <GET https://lovdata.no/info/redaktoransvar> (referer: https://lovdata.no/)
2020-04-12 12:29:33 [scrapy.core.scraper] DEBUG: Scraped from <200 https://lovdata.no/info/om_lovdata>
{'extracted_url': 'https://lovdata.no/info/om_lovdata'}
2020-04-12 12:29:33 [scrapy.core.scraper] DEBUG: Scraped from <200 https://lovdata.no/info/brukeravtale>
{'extracted_url': 'https://lovdata.no/info/brukeravtale'}
2020-04-12 12:29:33 [scrapy.core.engine] DEBUG: Crawled (200) <GET https://lovdata.no/info/rss> (referer: https://lovdata.no/)
2020-04-12 12:29:33 [scrapy.core.engine] DEBUG: Crawled (200) <GET https://lovdata.no/info/lenker> (referer: https://lovdata.no/)
2020-04-12 12:29:33 [scrapy.core.engine] DEBUG: Crawled (200) <GET https://lovdata.no/info/eksamen> (referer: https://lovdata.no/)
2020-04-12 12:29:33 [scrapy.core.engine] DEBUG: Crawled (200) <GET https://lovdata.no/eli/> (referer: https://lovdata.no/)
2020-04-12 12:29:33 [scrapy.core.scraper] DEBUG: Scraped from <200 https://lovdata.no/info/api>
{'extracted_url': 'https://lovdata.no/info/api'}
2020-04-12 12:29:33 [scrapy.core.engine] DEBUG: Crawled (200) <GET https://lovdata.no/register/forskrifter> (referer: https://lovdata.no/)
2020-04-12 12:29:33 [scrapy.core.engine] DEBUG: Crawled (200) <GET https://lovdata.no/> (referer: https://lovdata.no/)
2020-04-12 12:29:33 [scrapy.core.scraper] DEBUG: Scraped from <200 https://lovdata.no/advokater/>
{'extracted_url': 'https://lovdata.no/advokater/'}
2020-04-12 12:29:33 [scrapy.core.scraper] DEBUG: Scraped from <200 https://lovdata.no/info/kontakt>
{'extracted_url': 'https://lovdata.no/info/kontakt'}
2020-04-12 12:29:33 [scrapy.core.engine] DEBUG: Crawled (200) <GET https://lovdata.no/artikkel/statsrad_3__april_2020/2689> (referer: https://lovdata.no/)
2020-04-12 12:29:33 [scrapy.core.engine] DEBUG: Crawled (200) <GET https://lovdata.no/dokument/NL/lov/2005-05-20-28> (referer: https://lovdata.no/)
2020-04-12 12:29:33 [scrapy.core.engine] DEBUG: Crawled (200) <GET https://lovdata.no/dokument/NL/lov/2008-06-27-71> (referer: https://lovdata.no/)
2020-04-12 12:29:33 [scrapy.downloadermiddlewares.redirect] DEBUG: Redirecting (302) to <GET https://lovdata.no/pro/> from <GET https://lovdata.no/pro>
2020-04-12 12:29:33 [scrapy.core.engine] DEBUG: Crawled (200) <GET https://lovdata.no/artikkel/statsrad_8__april_2020/2692> (referer: https://lovdata.no/)
2020-04-12 12:29:33 [scrapy.core.scraper] DEBUG: Scraped from <200 https://lovdata.no/info/redaktoransvar>
{'extracted_url': 'https://lovdata.no/info/redaktoransvar'}
2020-04-12 12:29:33 [scrapy.core.scraper] DEBUG: Scraped from <200 https://lovdata.no/info/rss>
{'extracted_url': 'https://lovdata.no/info/rss'}
2020-04-12 12:29:33 [scrapy.core.scraper] DEBUG: Scraped from <200 https://lovdata.no/info/lenker>
{'extracted_url': 'https://lovdata.no/info/lenker'}
2020-04-12 12:29:33 [scrapy.core.scraper] DEBUG: Scraped from <200 https://lovdata.no/info/eksamen>
{'extracted_url': 'https://lovdata.no/info/eksamen'}
2020-04-12 12:29:33 [scrapy.core.scraper] DEBUG: Scraped from <200 https://lovdata.no/eli/>
{'extracted_url': 'https://lovdata.no/eli/'}
2020-04-12 12:29:33 [scrapy.core.scraper] DEBUG: Scraped from <200 https://lovdata.no/register/forskrifter>
{'extracted_url': 'https://lovdata.no/register/forskrifter'}
2020-04-12 12:29:33 [scrapy.core.scraper] DEBUG: Scraped from <200 https://lovdata.no/>
{'extracted_url': 'https://lovdata.no/'}
2020-04-12 12:29:33 [scrapy.core.scraper] DEBUG: Scraped from <200 https://lovdata.no/artikkel/statsrad_3__april_2020/2689>
{'extracted_url': 'https://lovdata.no/artikkel/statsrad_3__april_2020/2689'}
2020-04-12 12:29:33 [scrapy.core.scraper] DEBUG: Scraped from <200 https://lovdata.no/dokument/NL/lov/2005-05-20-28>
{'extracted_url': 'https://lovdata.no/dokument/NL/lov/2005-05-20-28'}
2020-04-12 12:29:34 [scrapy.core.scraper] DEBUG: Scraped from <200 https://lovdata.no/dokument/NL/lov/2008-06-27-71>
{'extracted_url': 'https://lovdata.no/dokument/NL/lov/2008-06-27-71'}
2020-04-12 12:29:34 [scrapy.core.engine] DEBUG: Crawled (200) <GET https://lovdata.no/artikkel/ekstraordinaert_statsrad_1__april_2020/2687> (referer: https://lovdata.no/)
2020-04-12 12:29:34 [scrapy.core.engine] DEBUG: Crawled (200) <GET https://lovdata.no/dokument/NL/lov/1997-02-28-19> (referer: https://lovdata.no/)
2020-04-12 12:29:34 [scrapy.core.scraper] DEBUG: Scraped from <200 https://lovdata.no/artikkel/statsrad_8__april_2020/2692>
{'extracted_url': 'https://lovdata.no/artikkel/statsrad_8__april_2020/2692'}
2020-04-12 12:29:34 [scrapy.core.scraper] DEBUG: Scraped from <200 https://lovdata.no/artikkel/ekstraordinaert_statsrad_1__april_2020/2687>
{'extracted_url': 'https://lovdata.no/artikkel/ekstraordinaert_statsrad_1__april_2020/2687'}
2020-04-12 12:29:34 [scrapy.core.scraper] DEBUG: Scraped from <200 https://lovdata.no/dokument/NL/lov/1997-02-28-19>
{'extracted_url': 'https://lovdata.no/dokument/NL/lov/1997-02-28-19'}
2020-04-12 12:29:36 [scrapy.core.engine] DEBUG: Crawled (200) <GET https://lovdata.no/dokument/SPH/sph-2020> (referer: https://lovdata.no/)
2020-04-12 12:29:36 [scrapy.core.engine] DEBUG: Crawled (200) <GET https://lovdata.no/artikkel/lov_i_kraft_1__april_2020/2686> (referer: https://lovdata.no/)
2020-04-12 12:29:36 [scrapy.core.scraper] DEBUG: Scraped from <200 https://lovdata.no/dokument/SPH/sph-2020>
{'extracted_url': 'https://lovdata.no/dokument/SPH/sph-2020'}
2020-04-12 12:29:36 [scrapy.core.scraper] DEBUG: Scraped from <200 https://lovdata.no/artikkel/lov_i_kraft_1__april_2020/2686>
{'extracted_url': 'https://lovdata.no/artikkel/lov_i_kraft_1__april_2020/2686'}
2020-04-12 12:29:36 [scrapy.core.engine] DEBUG: Crawled (200) <GET https://lovdata.no/artikkel/statsrad_20__mars_2020/2679> (referer: https://lovdata.no/)
2020-04-12 12:29:36 [scrapy.core.engine] DEBUG: Crawled (200) <GET https://lovdata.no/artikkel/ekstraordinaert_statsrad_18__mars_2020/2676> (referer: https://lovdata.no/)
2020-04-12 12:29:36 [scrapy.core.scraper] DEBUG: Scraped from <200 https://lovdata.no/artikkel/statsrad_20__mars_2020/2679>
{'extracted_url': 'https://lovdata.no/artikkel/statsrad_20__mars_2020/2679'}
2020-04-12 12:29:36 [scrapy.core.scraper] DEBUG: Scraped from <200 https://lovdata.no/artikkel/ekstraordinaert_statsrad_18__mars_2020/2676>
{'extracted_url': 'https://lovdata.no/artikkel/ekstraordinaert_statsrad_18__mars_2020/2676'}
2020-04-12 12:29:36 [scrapy.core.engine] DEBUG: Crawled (200) <GET https://lovdata.no/artikkel/riksadvokatens_brev_om_straff_ved_smittevern-lovbrot/2675> (referer: https://lovdata.no/)
2020-04-12 12:29:36 [scrapy.core.engine] DEBUG: Crawled (200) <GET https://grunnloven.lovdata.no/> (referer: None)
2020-04-12 12:29:36 [scrapy.core.scraper] DEBUG: Scraped from <200 https://lovdata.no/artikkel/riksadvokatens_brev_om_straff_ved_smittevern-lovbrot/2675>
{'extracted_url': 'https://lovdata.no/artikkel/riksadvokatens_brev_om_straff_ved_smittevern-lovbrot/2675'}
2020-04-12 12:29:36 [scrapy.core.scraper] DEBUG: Scraped from <200 https://grunnloven.lovdata.no/>
{'extracted_url': 'https://grunnloven.lovdata.no/'}
2020-04-12 12:29:36 [scrapy.core.engine] DEBUG: Crawled (200) <GET https://lovdata.no/artikkel/gjeldande_reglar_karantene_etter_opphald_i_utlandet/2674> (referer: https://lovdata.no/)
2020-04-12 12:29:37 [scrapy.core.engine] DEBUG: Crawled (200) <GET https://lovdata.no/dokument/NL/lov/1997-06-13-44> (referer: https://lovdata.no/)
2020-04-12 12:29:37 [scrapy.core.scraper] DEBUG: Scraped from <200 https://lovdata.no/artikkel/gjeldande_reglar_karantene_etter_opphald_i_utlandet/2674>
{'extracted_url': 'https://lovdata.no/artikkel/gjeldande_reglar_karantene_etter_opphald_i_utlandet/2674'}
2020-04-12 12:29:37 [scrapy.core.scraper] DEBUG: Scraped from <200 https://lovdata.no/dokument/NL/lov/1997-06-13-44>
{'extracted_url': 'https://lovdata.no/dokument/NL/lov/1997-06-13-44'}
2020-04-12 12:29:37 [scrapy.core.engine] DEBUG: Crawled (200) <GET https://lovdata.no/dokument/LTII/forskrift/2020-04-09-758> (referer: https://lovdata.no/)
2020-04-12 12:29:37 [scrapy.core.scraper] DEBUG: Scraped from <200 https://lovdata.no/dokument/LTII/forskrift/2020-04-09-758>
{'extracted_url': 'https://lovdata.no/dokument/LTII/forskrift/2020-04-09-758'}
2020-04-12 12:29:37 [scrapy.core.engine] DEBUG: Crawled (200) <GET https://lovdata.no/dokument/LTI/forskrift/2020-04-08-756> (referer: https://lovdata.no/)
2020-04-12 12:29:37 [scrapy.core.engine] DEBUG: Crawled (200) <GET https://lovdata.no/dokument/LTI/forskrift/2020-04-08-757> (referer: https://lovdata.no/)
2020-04-12 12:29:37 [scrapy.core.scraper] DEBUG: Scraped from <200 https://lovdata.no/dokument/LTI/forskrift/2020-04-08-756>
{'extracted_url': 'https://lovdata.no/dokument/LTI/forskrift/2020-04-08-756'}
2020-04-12 12:29:37 [scrapy.core.engine] DEBUG: Crawled (200) <GET https://lovdata.no/dokument/LTII/forskrift/2020-04-08-755> (referer: https://lovdata.no/)
2020-04-12 12:29:37 [scrapy.core.scraper] DEBUG: Scraped from <200 https://lovdata.no/dokument/LTI/forskrift/2020-04-08-757>
{'extracted_url': 'https://lovdata.no/dokument/LTI/forskrift/2020-04-08-757'}
2020-04-12 12:29:37 [scrapy.core.scraper] DEBUG: Scraped from <200 https://lovdata.no/dokument/LTII/forskrift/2020-04-08-755>
{'extracted_url': 'https://lovdata.no/dokument/LTII/forskrift/2020-04-08-755'}
2020-04-12 12:29:37 [scrapy.core.engine] DEBUG: Crawled (200) <GET https://lovdata.no/artikkel/statsrad_27__mars_2020/2684> (referer: https://lovdata.no/)
2020-04-12 12:29:37 [scrapy.core.engine] DEBUG: Crawled (200) <GET https://lovdata.no/dokument/HRSTR/avgjorelse/hr-2020-739-a> (referer: https://lovdata.no/)
2020-04-12 12:29:37 [scrapy.core.scraper] DEBUG: Scraped from <200 https://lovdata.no/artikkel/statsrad_27__mars_2020/2684>
{'extracted_url': 'https://lovdata.no/artikkel/statsrad_27__mars_2020/2684'}
2020-04-12 12:29:38 [scrapy.core.scraper] DEBUG: Scraped from <200 https://lovdata.no/dokument/HRSTR/avgjorelse/hr-2020-739-a>
{'extracted_url': 'https://lovdata.no/dokument/HRSTR/avgjorelse/hr-2020-739-a'}
2020-04-12 12:29:38 [scrapy.core.engine] DEBUG: Crawled (200) <GET https://lovdata.no/dokument/LGSIV/avgjorelse/lg-2020-24897> (referer: https://lovdata.no/)
2020-04-12 12:29:38 [scrapy.core.scraper] DEBUG: Scraped from <200 https://lovdata.no/dokument/LGSIV/avgjorelse/lg-2020-24897>
{'extracted_url': 'https://lovdata.no/dokument/LGSIV/avgjorelse/lg-2020-24897'}
2020-04-12 12:29:38 [scrapy.core.engine] DEBUG: Crawled (200) <GET https://lovdata.no/dokument/TRSIV/avgjorelse/toslo-2020-41571> (referer: https://lovdata.no/)
2020-04-12 12:29:38 [scrapy.core.engine] DEBUG: Crawled (200) <GET https://lovdata.no/dokument/LGSIV/avgjorelse/lg-2019-192099> (referer: https://lovdata.no/)
2020-04-12 12:29:38 [scrapy.core.engine] DEBUG: Crawled (200) <GET https://lovdata.no/dokument/LTII/forskrift/2020-04-09-759> (referer: https://lovdata.no/)
2020-04-12 12:29:38 [scrapy.core.engine] DEBUG: Crawled (200) <GET https://lovdata.no/artikler> (referer: https://lovdata.no/)
2020-04-12 12:29:38 [scrapy.core.scraper] DEBUG: Scraped from <200 https://lovdata.no/dokument/TRSIV/avgjorelse/toslo-2020-41571>
{'extracted_url': 'https://lovdata.no/dokument/TRSIV/avgjorelse/toslo-2020-41571'}
2020-04-12 12:29:38 [scrapy.core.scraper] DEBUG: Scraped from <200 https://lovdata.no/dokument/LGSIV/avgjorelse/lg-2019-192099>
{'extracted_url': 'https://lovdata.no/dokument/LGSIV/avgjorelse/lg-2019-192099'}
2020-04-12 12:29:38 [scrapy.core.engine] DEBUG: Crawled (200) <GET https://lovdata.no/info/faq> (referer: https://lovdata.no/)
2020-04-12 12:29:38 [scrapy.core.scraper] DEBUG: Scraped from <200 https://lovdata.no/dokument/LTII/forskrift/2020-04-09-759>
{'extracted_url': 'https://lovdata.no/dokument/LTII/forskrift/2020-04-09-759'}
2020-04-12 12:29:38 [scrapy.core.engine] DEBUG: Crawled (200) <GET https://lovdata.no/info/information_in_english> (referer: https://lovdata.no/)
2020-04-12 12:29:38 [scrapy.core.engine] DEBUG: Crawled (200) <GET https://lovdata.no/dokument/LGSIV/avgjorelse/lg-2020-30680> (referer: https://lovdata.no/)
2020-04-12 12:29:38 [scrapy.core.scraper] DEBUG: Scraped from <200 https://lovdata.no/artikler>
{'extracted_url': 'https://lovdata.no/artikler'}
2020-04-12 12:29:38 [scrapy.downloadermiddlewares.redirect] DEBUG: Redirecting (302) to <GET https://lovdata.no/pro/auth/login> from <GET https://lovdata.no/pro/>
2020-04-12 12:29:38 [scrapy.core.scraper] DEBUG: Scraped from <200 https://lovdata.no/info/faq>
{'extracted_url': 'https://lovdata.no/info/faq'}
2020-04-12 12:29:38 [scrapy.core.scraper] DEBUG: Scraped from <200 https://lovdata.no/info/information_in_english>
{'extracted_url': 'https://lovdata.no/info/information_in_english'}
2020-04-12 12:29:38 [scrapy.core.scraper] DEBUG: Scraped from <200 https://lovdata.no/dokument/LGSIV/avgjorelse/lg-2020-30680>
{'extracted_url': 'https://lovdata.no/dokument/LGSIV/avgjorelse/lg-2020-30680'}
2020-04-12 12:29:38 [scrapy.core.engine] DEBUG: Crawled (200) <GET https://lovdata.no/traktater/lenker> (referer: https://lovdata.no/register/traktater)
2020-04-12 12:29:38 [scrapy.core.engine] DEBUG: Crawled (200) <GET https://lovdata.no/traktater/hefter> (referer: https://lovdata.no/register/traktater)
2020-04-12 12:29:38 [scrapy.core.engine] DEBUG: Crawled (200) <GET https://lovdata.no/info/om_lagmannsrettens_rettskraft> (referer: https://lovdata.no/register/dommer)
2020-04-12 12:29:38 [scrapy.core.engine] DEBUG: Crawled (200) <GET https://lovdata.no/register/traktater?dir=asc> (referer: https://lovdata.no/register/traktater)
2020-04-12 12:29:38 [scrapy.core.scraper] DEBUG: Scraped from <200 https://lovdata.no/traktater/lenker>
{'extracted_url': 'https://lovdata.no/traktater/lenker'}
2020-04-12 12:29:38 [scrapy.core.scraper] DEBUG: Scraped from <200 https://lovdata.no/traktater/hefter>
{'extracted_url': 'https://lovdata.no/traktater/hefter'}
2020-04-12 12:29:38 [scrapy.core.scraper] DEBUG: Scraped from <200 https://lovdata.no/info/om_lagmannsrettens_rettskraft>
{'extracted_url': 'https://lovdata.no/info/om_lagmannsrettens_rettskraft'}
2020-04-12 12:29:38 [scrapy.core.scraper] DEBUG: Scraped from <200 https://lovdata.no/register/traktater?dir=asc>
{'extracted_url': 'https://lovdata.no/register/traktater?dir=asc'}
2020-04-12 12:29:38 [scrapy.core.engine] DEBUG: Crawled (200) <GET https://lovdata.no/info/om_emdn> (referer: https://lovdata.no/register/dommer)
2020-04-12 12:29:38 [scrapy.core.engine] DEBUG: Crawled (200) <GET https://lovdata.no/dokument/LESTR/avgjorelse/le-2020-46409> (referer: https://lovdata.no/register/dommer)
2020-04-12 12:29:39 [scrapy.downloadermiddlewares.redirect] DEBUG: Redirecting (301) to <GET https://lovdata.no/pro/> from <GET http://lovdata.no/pro/#registry/chronological/AVG/2020>
2020-04-12 12:29:39 [scrapy.core.engine] DEBUG: Crawled (200) <GET https://lovdata.no/artikkel/forskrifter_med_heimel_i_koronaloven/2682> (referer: https://lovdata.no/)
2020-04-12 12:29:39 [scrapy.core.scraper] DEBUG: Scraped from <200 https://lovdata.no/info/om_emdn>
{'extracted_url': 'https://lovdata.no/info/om_emdn'}
2020-04-12 12:29:39 [scrapy.core.engine] DEBUG: Crawled (200) <GET https://lovdata.no/dokument/HRSTR/avgjorelse/hr-2020-710-a> (referer: https://lovdata.no/register/dommer)
2020-04-12 12:29:39 [scrapy.core.scraper] DEBUG: Scraped from <200 https://lovdata.no/dokument/LESTR/avgjorelse/le-2020-46409>
{'extracted_url': 'https://lovdata.no/dokument/LESTR/avgjorelse/le-2020-46409'}
2020-04-12 12:29:39 [scrapy.core.engine] DEBUG: Crawled (200) <GET https://lovdata.no/dokument/TRSTR/avgjorelse/toslo-2020-45810> (referer: https://lovdata.no/register/dommer)
2020-04-12 12:29:39 [scrapy.core.scraper] DEBUG: Scraped from <200 https://lovdata.no/artikkel/forskrifter_med_heimel_i_koronaloven/2682>
{'extracted_url': 'https://lovdata.no/artikkel/forskrifter_med_heimel_i_koronaloven/2682'}
2020-04-12 12:29:39 [scrapy.core.scraper] DEBUG: Scraped from <200 https://lovdata.no/dokument/HRSTR/avgjorelse/hr-2020-710-a>
{'extracted_url': 'https://lovdata.no/dokument/HRSTR/avgjorelse/hr-2020-710-a'}
2020-04-12 12:29:39 [scrapy.core.engine] DEBUG: Crawled (200) <GET https://lovdata.no/dokument/LGSIV/avgjorelse/lg-2020-7019> (referer: https://lovdata.no/register/dommer)
2020-04-12 12:29:39 [scrapy.core.engine] DEBUG: Crawled (200) <GET https://lovdata.no/dokument/LGSTR/avgjorelse/lg-2020-42141> (referer: https://lovdata.no/register/dommer)
2020-04-12 12:29:39 [scrapy.core.scraper] DEBUG: Scraped from <200 https://lovdata.no/dokument/TRSTR/avgjorelse/toslo-2020-45810>
{'extracted_url': 'https://lovdata.no/dokument/TRSTR/avgjorelse/toslo-2020-45810'}
2020-04-12 12:29:39 [scrapy.core.engine] DEBUG: Crawled (200) <GET https://lovdata.no/dokument/HRSTR/avgjorelse/hr-2020-709-u> (referer: https://lovdata.no/register/dommer)
2020-04-12 12:29:39 [scrapy.core.scraper] DEBUG: Scraped from <200 https://lovdata.no/dokument/LGSIV/avgjorelse/lg-2020-7019>
{'extracted_url': 'https://lovdata.no/dokument/LGSIV/avgjorelse/lg-2020-7019'}
2020-04-12 12:29:39 [scrapy.core.scraper] DEBUG: Scraped from <200 https://lovdata.no/dokument/LGSTR/avgjorelse/lg-2020-42141>
{'extracted_url': 'https://lovdata.no/dokument/LGSTR/avgjorelse/lg-2020-42141'}
2020-04-12 12:29:39 [scrapy.core.scraper] DEBUG: Scraped from <200 https://lovdata.no/dokument/HRSTR/avgjorelse/hr-2020-709-u>
{'extracted_url': 'https://lovdata.no/dokument/HRSTR/avgjorelse/hr-2020-709-u'}
2020-04-12 12:29:39 [scrapy.core.engine] DEBUG: Crawled (200) <GET https://lovdata.no/dokument/LESIV/avgjorelse/le-2019-154740> (referer: https://lovdata.no/register/dommer)
2020-04-12 12:29:39 [scrapy.core.engine] DEBUG: Crawled (200) <GET https://lovdata.no/dokument/LBSIV/avgjorelse/lb-2019-188251> (referer: https://lovdata.no/register/dommer)
2020-04-12 12:29:39 [scrapy.core.scraper] DEBUG: Scraped from <200 https://lovdata.no/dokument/LESIV/avgjorelse/le-2019-154740>
{'extracted_url': 'https://lovdata.no/dokument/LESIV/avgjorelse/le-2019-154740'}
2020-04-12 12:29:39 [scrapy.core.engine] DEBUG: Crawled (200) <GET https://lovdata.no/dokument/LESTR/avgjorelse/le-2020-43658> (referer: https://lovdata.no/register/dommer)
2020-04-12 12:29:39 [scrapy.core.engine] DEBUG: Crawled (200) <GET https://lovdata.no/dokument/LBSTR/avgjorelse/lb-2019-85105> (referer: https://lovdata.no/register/dommer)
2020-04-12 12:29:39 [scrapy.core.scraper] DEBUG: Scraped from <200 https://lovdata.no/dokument/LBSIV/avgjorelse/lb-2019-188251>
{'extracted_url': 'https://lovdata.no/dokument/LBSIV/avgjorelse/lb-2019-188251'}
2020-04-12 12:29:39 [scrapy.core.engine] DEBUG: Crawled (200) <GET https://lovdata.no/dokument/HRSTR/avgjorelse/hr-2020-694-u> (referer: https://lovdata.no/register/dommer)
2020-04-12 12:29:39 [scrapy.core.engine] DEBUG: Crawled (200) <GET https://lovdata.no/dokument/LBSIV/avgjorelse/lb-2018-162448> (referer: https://lovdata.no/register/dommer)
2020-04-12 12:29:39 [scrapy.core.engine] DEBUG: Crawled (200) <GET https://lovdata.no/dokument/HRSIV/avgjorelse/hr-2020-693-u> (referer: https://lovdata.no/register/dommer)
2020-04-12 12:29:39 [scrapy.core.scraper] DEBUG: Scraped from <200 https://lovdata.no/dokument/LESTR/avgjorelse/le-2020-43658>
{'extracted_url': 'https://lovdata.no/dokument/LESTR/avgjorelse/le-2020-43658'}
2020-04-12 12:29:39 [scrapy.core.scraper] DEBUG: Scraped from <200 https://lovdata.no/dokument/LBSTR/avgjorelse/lb-2019-85105>
{'extracted_url': 'https://lovdata.no/dokument/LBSTR/avgjorelse/lb-2019-85105'}
2020-04-12 12:29:39 [scrapy.core.scraper] DEBUG: Scraped from <200 https://lovdata.no/dokument/HRSTR/avgjorelse/hr-2020-694-u>
{'extracted_url': 'https://lovdata.no/dokument/HRSTR/avgjorelse/hr-2020-694-u'}
2020-04-12 12:29:39 [scrapy.core.engine] DEBUG: Crawled (200) <GET https://lovdata.no/dokument/LBSIV/avgjorelse/lb-2019-191157> (referer: https://lovdata.no/register/dommer)
2020-04-12 12:29:39 [scrapy.core.scraper] DEBUG: Scraped from <200 https://lovdata.no/dokument/LBSIV/avgjorelse/lb-2018-162448>
{'extracted_url': 'https://lovdata.no/dokument/LBSIV/avgjorelse/lb-2018-162448'}
2020-04-12 12:29:39 [scrapy.core.scraper] DEBUG: Scraped from <200 https://lovdata.no/dokument/HRSIV/avgjorelse/hr-2020-693-u>
{'extracted_url': 'https://lovdata.no/dokument/HRSIV/avgjorelse/hr-2020-693-u'}
2020-04-12 12:29:39 [scrapy.core.engine] DEBUG: Crawled (200) <GET https://lovdata.no/dokument/TRAKTAT/traktat/2020-02-28-4> (referer: https://lovdata.no/register/traktater)
2020-04-12 12:29:39 [scrapy.core.engine] DEBUG: Crawled (200) <GET https://lovdata.no/dokument/TRAKTAT/traktat/2020-01-30-3> (referer: https://lovdata.no/register/traktater)
2020-04-12 12:29:39 [scrapy.core.engine] DEBUG: Crawled (200) <GET https://lovdata.no/dokument/TRAKTAT/traktat/2020-01-28-2> (referer: https://lovdata.no/register/traktater)
2020-04-12 12:29:39 [scrapy.core.engine] DEBUG: Crawled (200) <GET https://lovdata.no/dokument/HRSIV/avgjorelse/hr-2020-678-u> (referer: https://lovdata.no/register/dommer)
2020-04-12 12:29:39 [scrapy.core.scraper] DEBUG: Scraped from <200 https://lovdata.no/dokument/LBSIV/avgjorelse/lb-2019-191157>
{'extracted_url': 'https://lovdata.no/dokument/LBSIV/avgjorelse/lb-2019-191157'}
2020-04-12 12:29:39 [scrapy.core.scraper] DEBUG: Scraped from <200 https://lovdata.no/dokument/TRAKTAT/traktat/2020-02-28-4>
{'extracted_url': 'https://lovdata.no/dokument/TRAKTAT/traktat/2020-02-28-4'}
2020-04-12 12:29:39 [scrapy.core.engine] DEBUG: Crawled (200) <GET https://lovdata.no/dokument/TRAKTAT/traktat/2020-01-13-1> (referer: https://lovdata.no/register/traktater)
2020-04-12 12:29:39 [scrapy.core.scraper] DEBUG: Scraped from <200 https://lovdata.no/dokument/TRAKTAT/traktat/2020-01-30-3>
{'extracted_url': 'https://lovdata.no/dokument/TRAKTAT/traktat/2020-01-30-3'}
2020-04-12 12:29:39 [scrapy.core.scraper] DEBUG: Scraped from <200 https://lovdata.no/dokument/TRAKTAT/traktat/2020-01-28-2>
{'extracted_url': 'https://lovdata.no/dokument/TRAKTAT/traktat/2020-01-28-2'}
2020-04-12 12:29:40 [scrapy.core.scraper] DEBUG: Scraped from <200 https://lovdata.no/dokument/HRSIV/avgjorelse/hr-2020-678-u>
{'extracted_url': 'https://lovdata.no/dokument/HRSIV/avgjorelse/hr-2020-678-u'}
2020-04-12 12:29:40 [scrapy.core.engine] DEBUG: Crawled (200) <GET https://lovdata.no/dokument/TRAKTAT/traktat/2019-12-17-23> (referer: https://lovdata.no/register/traktater)
2020-04-12 12:29:40 [scrapy.core.engine] DEBUG: Crawled (200) <GET https://lovdata.no/dokument/TRAKTAT/traktat/2019-12-02-22> (referer: https://lovdata.no/register/traktater)
2020-04-12 12:29:40 [scrapy.core.engine] DEBUG: Crawled (200) <GET https://lovdata.no/dokument/TRAKTAT/traktat/2019-11-25-21> (referer: https://lovdata.no/register/traktater)
2020-04-12 12:29:40 [scrapy.core.scraper] DEBUG: Scraped from <200 https://lovdata.no/dokument/TRAKTAT/traktat/2020-01-13-1>
{'extracted_url': 'https://lovdata.no/dokument/TRAKTAT/traktat/2020-01-13-1'}
2020-04-12 12:29:40 [scrapy.core.engine] DEBUG: Crawled (200) <GET https://lovdata.no/dokument/TRAKTAT/traktat/2019-10-30-18> (referer: https://lovdata.no/register/traktater)
2020-04-12 12:29:40 [scrapy.core.scraper] DEBUG: Scraped from <200 https://lovdata.no/dokument/TRAKTAT/traktat/2019-12-17-23>
{'extracted_url': 'https://lovdata.no/dokument/TRAKTAT/traktat/2019-12-17-23'}
2020-04-12 12:29:40 [scrapy.core.scraper] DEBUG: Scraped from <200 https://lovdata.no/dokument/TRAKTAT/traktat/2019-12-02-22>
{'extracted_url': 'https://lovdata.no/dokument/TRAKTAT/traktat/2019-12-02-22'}
2020-04-12 12:29:40 [scrapy.core.scraper] DEBUG: Scraped from <200 https://lovdata.no/dokument/TRAKTAT/traktat/2019-11-25-21>
{'extracted_url': 'https://lovdata.no/dokument/TRAKTAT/traktat/2019-11-25-21'}
2020-04-12 12:29:40 [scrapy.core.engine] DEBUG: Crawled (200) <GET https://lovdata.no/dokument/TRAKTAT/traktat/2019-11-18-20> (referer: https://lovdata.no/register/traktater)
2020-04-12 12:29:40 [scrapy.core.engine] DEBUG: Crawled (200) <GET https://lovdata.no/dokument/TRAKTAT/traktat/2019-10-30-17> (referer: https://lovdata.no/register/traktater)
2020-04-12 12:29:40 [scrapy.core.engine] DEBUG: Crawled (200) <GET https://lovdata.no/dokument/TRAKTAT/traktat/2019-09-23-16> (referer: https://lovdata.no/register/traktater)
2020-04-12 12:29:40 [scrapy.core.engine] DEBUG: Crawled (200) <GET https://lovdata.no/dokument/TRAKTAT/traktat/2019-08-27-15> (referer: https://lovdata.no/register/traktater)
2020-04-12 12:29:40 [scrapy.core.scraper] DEBUG: Scraped from <200 https://lovdata.no/dokument/TRAKTAT/traktat/2019-10-30-18>
{'extracted_url': 'https://lovdata.no/dokument/TRAKTAT/traktat/2019-10-30-18'}
2020-04-12 12:29:40 [scrapy.core.scraper] DEBUG: Scraped from <200 https://lovdata.no/dokument/TRAKTAT/traktat/2019-11-18-20>
{'extracted_url': 'https://lovdata.no/dokument/TRAKTAT/traktat/2019-11-18-20'}
2020-04-12 12:29:40 [scrapy.core.scraper] DEBUG: Scraped from <200 https://lovdata.no/dokument/TRAKTAT/traktat/2019-10-30-17>
{'extracted_url': 'https://lovdata.no/dokument/TRAKTAT/traktat/2019-10-30-17'}
2020-04-12 12:29:40 [scrapy.core.scraper] DEBUG: Scraped from <200 https://lovdata.no/dokument/TRAKTAT/traktat/2019-09-23-16>
{'extracted_url': 'https://lovdata.no/dokument/TRAKTAT/traktat/2019-09-23-16'}
2020-04-12 12:29:40 [scrapy.core.scraper] DEBUG: Scraped from <200 https://lovdata.no/dokument/TRAKTAT/traktat/2019-08-27-15>
{'extracted_url': 'https://lovdata.no/dokument/TRAKTAT/traktat/2019-08-27-15'}
2020-04-12 12:29:40 [scrapy.core.engine] DEBUG: Crawled (200) <GET https://lovdata.no/dokument/TRAKTAT/traktat/2019-06-13-12> (referer: https://lovdata.no/register/traktater)
2020-04-12 12:29:40 [scrapy.core.engine] DEBUG: Crawled (200) <GET https://lovdata.no/dokument/TRAKTAT/traktat/2019-06-20-13> (referer: https://lovdata.no/register/traktater)
2020-04-12 12:29:40 [scrapy.core.engine] DEBUG: Crawled (200) <GET https://lovdata.no/dokument/TRAKTAT/traktat/2019-05-14-14> (referer: https://lovdata.no/register/traktater)
2020-04-12 12:29:40 [scrapy.core.engine] DEBUG: Crawled (200) <GET https://lovdata.no/dokument/TRAKTAT/traktat/2019-04-25-11> (referer: https://lovdata.no/register/traktater)
2020-04-12 12:29:40 [scrapy.core.engine] DEBUG: Crawled (200) <GET https://lovdata.no/dokument/TRAKTAT/traktat/2019-10-24-19> (referer: https://lovdata.no/register/traktater)
2020-04-12 12:29:40 [scrapy.core.scraper] DEBUG: Scraped from <200 https://lovdata.no/dokument/TRAKTAT/traktat/2019-06-13-12>
{'extracted_url': 'https://lovdata.no/dokument/TRAKTAT/traktat/2019-06-13-12'}
2020-04-12 12:29:40 [scrapy.core.scraper] DEBUG: Scraped from <200 https://lovdata.no/dokument/TRAKTAT/traktat/2019-06-20-13>
{'extracted_url': 'https://lovdata.no/dokument/TRAKTAT/traktat/2019-06-20-13'}
2020-04-12 12:29:40 [scrapy.core.scraper] DEBUG: Scraped from <200 https://lovdata.no/dokument/TRAKTAT/traktat/2019-05-14-14>
{'extracted_url': 'https://lovdata.no/dokument/TRAKTAT/traktat/2019-05-14-14'}
2020-04-12 12:29:40 [scrapy.core.scraper] DEBUG: Scraped from <200 https://lovdata.no/dokument/TRAKTAT/traktat/2019-04-25-11>
{'extracted_url': 'https://lovdata.no/dokument/TRAKTAT/traktat/2019-04-25-11'}
2020-04-12 12:29:40 [scrapy.core.engine] DEBUG: Crawled (200) <GET https://lovdata.no/dokument/TRAKTAT/traktat/2019-04-24-9> (referer: https://lovdata.no/register/traktater)
2020-04-12 12:29:40 [scrapy.core.scraper] DEBUG: Scraped from <200 https://lovdata.no/dokument/TRAKTAT/traktat/2019-10-24-19>
{'extracted_url': 'https://lovdata.no/dokument/TRAKTAT/traktat/2019-10-24-19'}
2020-04-12 12:29:40 [scrapy.core.engine] DEBUG: Crawled (200) <GET https://lovdata.no/dokument/TRAKTAT/traktat/2019-04-09-10> (referer: https://lovdata.no/register/traktater)
2020-04-12 12:29:40 [scrapy.core.engine] DEBUG: Crawled (200) <GET https://lovdata.no/dokument/TRAKTAT/traktat/2019-04-02-8> (referer: https://lovdata.no/register/traktater)
2020-04-12 12:29:40 [scrapy.core.engine] INFO: Closing spider (closespider_pagecount)
2020-04-12 12:29:40 [scrapy.core.engine] DEBUG: Crawled (200) <GET https://lovdata.no/register/opphevedeLover> (referer: https://lovdata.no/register/lover)
2020-04-12 12:29:40 [scrapy.core.engine] DEBUG: Crawled (200) <GET https://lovdata.no/register/traktater?offset=20> (referer: https://lovdata.no/register/traktater)
2020-04-12 12:29:40 [scrapy.core.scraper] DEBUG: Scraped from <200 https://lovdata.no/dokument/TRAKTAT/traktat/2019-04-24-9>
{'extracted_url': 'https://lovdata.no/dokument/TRAKTAT/traktat/2019-04-24-9'}
2020-04-12 12:29:40 [scrapy.core.scraper] DEBUG: Scraped from <200 https://lovdata.no/dokument/TRAKTAT/traktat/2019-04-09-10>
{'extracted_url': 'https://lovdata.no/dokument/TRAKTAT/traktat/2019-04-09-10'}
2020-04-12 12:29:40 [scrapy.core.engine] DEBUG: Crawled (200) <GET https://lovdata.no/register/dommer?offset=20> (referer: https://lovdata.no/register/dommer)
2020-04-12 12:29:40 [scrapy.core.engine] DEBUG: Crawled (200) <GET https://lovdata.no/register/ikkeSanksjonerteLover> (referer: https://lovdata.no/register/lover)
2020-04-12 12:29:40 [scrapy.core.scraper] DEBUG: Scraped from <200 https://lovdata.no/dokument/TRAKTAT/traktat/2019-04-02-8>
{'extracted_url': 'https://lovdata.no/dokument/TRAKTAT/traktat/2019-04-02-8'}
2020-04-12 12:29:40 [scrapy.core.scraper] DEBUG: Scraped from <200 https://lovdata.no/register/opphevedeLover>
{'extracted_url': 'https://lovdata.no/register/opphevedeLover'}
2020-04-12 12:29:40 [scrapy.core.scraper] DEBUG: Scraped from <200 https://lovdata.no/register/traktater?offset=20>
{'extracted_url': 'https://lovdata.no/register/traktater?offset=20'}
2020-04-12 12:29:41 [scrapy.core.engine] DEBUG: Crawled (200) <GET https://lovdata.no/dokument/LF/forskrift/2020-04-09-758> (referer: https://lovdata.no/register/lokaleForskrifter)
2020-04-12 12:29:41 [scrapy.core.engine] DEBUG: Crawled (200) <GET https://lovdata.no/dokument/NL/lov/2005-06-17-62> (referer: https://lovdata.no/)
2020-04-12 12:29:41 [scrapy.core.engine] DEBUG: Crawled (200) <GET https://lovdata.no/dokument/LF/forskrift/2020-04-08-755> (referer: https://lovdata.no/register/lokaleForskrifter)
2020-04-12 12:29:41 [scrapy.core.engine] DEBUG: Crawled (200) <GET https://lovdata.no/register/lover?dir=asc> (referer: https://lovdata.no/register/lover)
2020-04-12 12:29:41 [scrapy.core.engine] DEBUG: Crawled (200) <GET https://lovdata.no/dokument/LF/forskrift/2020-04-09-759> (referer: https://lovdata.no/register/lokaleForskrifter)
2020-04-12 12:29:41 [scrapy.core.scraper] DEBUG: Scraped from <200 https://lovdata.no/register/dommer?offset=20>
{'extracted_url': 'https://lovdata.no/register/dommer?offset=20'}
2020-04-12 12:29:41 [scrapy.core.scraper] DEBUG: Scraped from <200 https://lovdata.no/register/ikkeSanksjonerteLover>
{'extracted_url': 'https://lovdata.no/register/ikkeSanksjonerteLover'}
2020-04-12 12:29:41 [scrapy.core.engine] DEBUG: Crawled (200) <GET https://lovdata.no/dokument/LF/forskrift/2020-04-08-753> (referer: https://lovdata.no/register/lokaleForskrifter)
2020-04-12 12:29:41 [scrapy.core.scraper] DEBUG: Scraped from <200 https://lovdata.no/dokument/LF/forskrift/2020-04-09-758>
{'extracted_url': 'https://lovdata.no/dokument/LF/forskrift/2020-04-09-758'}
2020-04-12 12:29:41 [scrapy.core.scraper] DEBUG: Scraped from <200 https://lovdata.no/dokument/NL/lov/2005-06-17-62>
{'extracted_url': 'https://lovdata.no/dokument/NL/lov/2005-06-17-62'}
2020-04-12 12:29:41 [scrapy.core.scraper] DEBUG: Scraped from <200 https://lovdata.no/dokument/LF/forskrift/2020-04-08-755>
{'extracted_url': 'https://lovdata.no/dokument/LF/forskrift/2020-04-08-755'}
2020-04-12 12:29:41 [scrapy.core.engine] DEBUG: Crawled (200) <GET https://lovdata.no/dokument/LF/forskrift/2020-04-08-754> (referer: https://lovdata.no/register/lokaleForskrifter)
2020-04-12 12:29:41 [scrapy.core.engine] DEBUG: Crawled (200) <GET https://lovdata.no/dokument/LF/forskrift/2020-04-08-752> (referer: https://lovdata.no/register/lokaleForskrifter)
2020-04-12 12:29:41 [scrapy.core.engine] DEBUG: Crawled (200) <GET https://lovdata.no/dokument/LF/forskrift/2020-04-07-750> (referer: https://lovdata.no/register/lokaleForskrifter)
2020-04-12 12:29:41 [scrapy.core.engine] DEBUG: Crawled (200) <GET https://lovdata.no/dokument/LF/forskrift/2020-04-08-751> (referer: https://lovdata.no/register/lokaleForskrifter)
2020-04-12 12:29:41 [scrapy.core.engine] DEBUG: Crawled (200) <GET https://lovdata.no/dokument/LF/forskrift/2020-04-07-747> (referer: https://lovdata.no/register/lokaleForskrifter)
2020-04-12 12:29:41 [scrapy.core.engine] DEBUG: Crawled (200) <GET https://lovdata.no/dokument/LF/forskrift/2020-04-07-746> (referer: https://lovdata.no/register/lokaleForskrifter)
2020-04-12 12:29:41 [scrapy.core.scraper] DEBUG: Scraped from <200 https://lovdata.no/register/lover?dir=asc>
{'extracted_url': 'https://lovdata.no/register/lover?dir=asc'}
2020-04-12 12:29:41 [scrapy.core.scraper] DEBUG: Scraped from <200 https://lovdata.no/dokument/LF/forskrift/2020-04-09-759>
{'extracted_url': 'https://lovdata.no/dokument/LF/forskrift/2020-04-09-759'}
2020-04-12 12:29:41 [scrapy.core.scraper] DEBUG: Scraped from <200 https://lovdata.no/dokument/LF/forskrift/2020-04-08-753>
{'extracted_url': 'https://lovdata.no/dokument/LF/forskrift/2020-04-08-753'}
2020-04-12 12:29:41 [scrapy.core.engine] DEBUG: Crawled (200) <GET https://lovdata.no/dokument/LF/forskrift/2020-04-07-749> (referer: https://lovdata.no/register/lokaleForskrifter)
2020-04-12 12:29:41 [scrapy.core.scraper] DEBUG: Scraped from <200 https://lovdata.no/dokument/LF/forskrift/2020-04-08-754>
{'extracted_url': 'https://lovdata.no/dokument/LF/forskrift/2020-04-08-754'}
2020-04-12 12:29:41 [scrapy.core.scraper] DEBUG: Scraped from <200 https://lovdata.no/dokument/LF/forskrift/2020-04-08-752>
{'extracted_url': 'https://lovdata.no/dokument/LF/forskrift/2020-04-08-752'}
2020-04-12 12:29:41 [scrapy.core.scraper] DEBUG: Scraped from <200 https://lovdata.no/dokument/LF/forskrift/2020-04-07-750>
{'extracted_url': 'https://lovdata.no/dokument/LF/forskrift/2020-04-07-750'}
2020-04-12 12:29:41 [scrapy.core.scraper] DEBUG: Scraped from <200 https://lovdata.no/dokument/LF/forskrift/2020-04-08-751>
{'extracted_url': 'https://lovdata.no/dokument/LF/forskrift/2020-04-08-751'}
2020-04-12 12:29:41 [scrapy.core.scraper] DEBUG: Scraped from <200 https://lovdata.no/dokument/LF/forskrift/2020-04-07-747>
{'extracted_url': 'https://lovdata.no/dokument/LF/forskrift/2020-04-07-747'}
2020-04-12 12:29:41 [scrapy.core.scraper] DEBUG: Scraped from <200 https://lovdata.no/dokument/LF/forskrift/2020-04-07-746>
{'extracted_url': 'https://lovdata.no/dokument/LF/forskrift/2020-04-07-746'}
2020-04-12 12:29:41 [scrapy.core.engine] DEBUG: Crawled (200) <GET https://lovdata.no/dokument/LF/forskrift/2020-04-06-685> (referer: https://lovdata.no/register/lokaleForskrifter)
2020-04-12 12:29:41 [scrapy.core.engine] DEBUG: Crawled (200) <GET https://lovdata.no/dokument/LF/forskrift/2020-04-07-745> (referer: https://lovdata.no/register/lokaleForskrifter)
2020-04-12 12:29:41 [scrapy.core.engine] DEBUG: Crawled (200) <GET https://lovdata.no/dokument/LF/forskrift/2020-04-07-687> (referer: https://lovdata.no/register/lokaleForskrifter)
2020-04-12 12:29:41 [scrapy.core.engine] DEBUG: Crawled (200) <GET https://lovdata.no/dokument/LF/forskrift/2020-04-07-700> (referer: https://lovdata.no/register/lokaleForskrifter)
2020-04-12 12:29:41 [scrapy.core.engine] DEBUG: Crawled (200) <GET https://lovdata.no/dokument/LF/forskrift/2020-04-06-743> (referer: https://lovdata.no/register/lokaleForskrifter)
2020-04-12 12:29:41 [scrapy.core.engine] DEBUG: Crawled (200) <GET https://lovdata.no/dokument/LF/forskrift/2020-04-06-686> (referer: https://lovdata.no/register/lokaleForskrifter)
2020-04-12 12:29:41 [scrapy.core.engine] DEBUG: Crawled (200) <GET https://lovdata.no/dokument/LF/forskrift/2020-04-06-684> (referer: https://lovdata.no/register/lokaleForskrifter)
2020-04-12 12:29:41 [scrapy.core.scraper] DEBUG: Scraped from <200 https://lovdata.no/dokument/LF/forskrift/2020-04-07-749>
{'extracted_url': 'https://lovdata.no/dokument/LF/forskrift/2020-04-07-749'}
2020-04-12 12:29:42 [scrapy.core.scraper] DEBUG: Scraped from <200 https://lovdata.no/dokument/LF/forskrift/2020-04-06-685>
{'extracted_url': 'https://lovdata.no/dokument/LF/forskrift/2020-04-06-685'}
2020-04-12 12:29:42 [scrapy.core.scraper] DEBUG: Scraped from <200 https://lovdata.no/dokument/LF/forskrift/2020-04-07-745>
{'extracted_url': 'https://lovdata.no/dokument/LF/forskrift/2020-04-07-745'}
2020-04-12 12:29:42 [scrapy.core.scraper] DEBUG: Scraped from <200 https://lovdata.no/dokument/LF/forskrift/2020-04-07-687>
{'extracted_url': 'https://lovdata.no/dokument/LF/forskrift/2020-04-07-687'}
2020-04-12 12:29:42 [scrapy.core.scraper] DEBUG: Scraped from <200 https://lovdata.no/dokument/LF/forskrift/2020-04-07-700>
{'extracted_url': 'https://lovdata.no/dokument/LF/forskrift/2020-04-07-700'}
2020-04-12 12:29:42 [scrapy.core.scraper] DEBUG: Scraped from <200 https://lovdata.no/dokument/LF/forskrift/2020-04-06-743>
{'extracted_url': 'https://lovdata.no/dokument/LF/forskrift/2020-04-06-743'}
2020-04-12 12:29:42 [scrapy.core.scraper] DEBUG: Scraped from <200 https://lovdata.no/dokument/LF/forskrift/2020-04-06-686>
{'extracted_url': 'https://lovdata.no/dokument/LF/forskrift/2020-04-06-686'}
2020-04-12 12:29:42 [scrapy.core.engine] DEBUG: Crawled (200) <GET https://lovdata.no/dokument/LF/forskrift/2020-04-06-682> (referer: https://lovdata.no/register/lokaleForskrifter)
2020-04-12 12:29:42 [scrapy.core.engine] DEBUG: Crawled (200) <GET https://lovdata.no/register/lokaleForskrifter?offset=20> (referer: https://lovdata.no/register/lokaleForskrifter)
2020-04-12 12:29:42 [scrapy.core.engine] DEBUG: Crawled (200) <GET https://lovdata.no/dokument/NL/lov/2020-04-03-18> (referer: https://lovdata.no/register/lover)
2020-04-12 12:29:42 [scrapy.core.scraper] DEBUG: Scraped from <200 https://lovdata.no/dokument/LF/forskrift/2020-04-06-684>
{'extracted_url': 'https://lovdata.no/dokument/LF/forskrift/2020-04-06-684'}
2020-04-12 12:29:42 [scrapy.core.engine] DEBUG: Crawled (200) <GET https://lovdata.no/register/lover?sort=alpha> (referer: https://lovdata.no/register/lover)
2020-04-12 12:29:42 [scrapy.core.scraper] DEBUG: Scraped from <200 https://lovdata.no/dokument/LF/forskrift/2020-04-06-682>
{'extracted_url': 'https://lovdata.no/dokument/LF/forskrift/2020-04-06-682'}
2020-04-12 12:29:42 [scrapy.core.scraper] DEBUG: Scraped from <200 https://lovdata.no/register/lokaleForskrifter?offset=20>
{'extracted_url': 'https://lovdata.no/register/lokaleForskrifter?offset=20'}
2020-04-12 12:29:42 [scrapy.core.scraper] DEBUG: Scraped from <200 https://lovdata.no/dokument/NL/lov/2020-04-03-18>
{'extracted_url': 'https://lovdata.no/dokument/NL/lov/2020-04-03-18'}
2020-04-12 12:29:42 [scrapy.core.scraper] DEBUG: Scraped from <200 https://lovdata.no/register/lover?sort=alpha>
{'extracted_url': 'https://lovdata.no/register/lover?sort=alpha'}
2020-04-12 12:29:42 [scrapy.core.engine] DEBUG: Crawled (200) <GET https://lovdata.no/dokument/NL/lov/1999-03-26-14> (referer: https://lovdata.no/)
2020-04-12 12:29:42 [scrapy.core.scraper] DEBUG: Scraped from <200 https://lovdata.no/dokument/NL/lov/1999-03-26-14>
{'extracted_url': 'https://lovdata.no/dokument/NL/lov/1999-03-26-14'}
2020-04-12 12:29:46 [scrapy.core.engine] DEBUG: Crawled (200) <GET https://lovdata.no/dokument/LF/forskrift/2020-04-06-683> (referer: https://lovdata.no/register/lokaleForskrifter)
2020-04-12 12:29:46 [scrapy.core.scraper] DEBUG: Scraped from <200 https://lovdata.no/dokument/LF/forskrift/2020-04-06-683>
{'extracted_url': 'https://lovdata.no/dokument/LF/forskrift/2020-04-06-683'}
2020-04-12 12:29:46 [scrapy.statscollectors] INFO: Dumping Scrapy stats:
{'downloader/request_bytes': 48590,
 'downloader/request_count': 135,
 'downloader/request_method_count/GET': 135,
 'downloader/response_bytes': 1470768,
 'downloader/response_count': 135,
 'downloader/response_status_count/200': 130,
 'downloader/response_status_count/301': 3,
 'downloader/response_status_count/302': 2,
 'dupefilter/filtered': 4825,
 'finish_reason': 'closespider_pagecount',
 'finish_time': datetime.datetime(2020, 4, 12, 12, 29, 46, 799792),
 'item_scraped_count': 129,
 'log_count/DEBUG': 269,
 'log_count/INFO': 7,
 'memusage/max': 79958016,
 'memusage/startup': 79958016,
 'request_depth_max': 3,
 'response_received_count': 130,
 'scheduler/dequeued': 135,
 'scheduler/dequeued/memory': 135,
 'scheduler/enqueued': 5413,
 'scheduler/enqueued/memory': 5413,
 'start_time': datetime.datetime(2020, 4, 12, 12, 29, 29, 846399)}
2020-04-12 12:29:46 [scrapy.core.engine] INFO: Spider closed (closespider_pagecount)
