2020-09-20 16:35:30 [scrapy.utils.log] INFO: Scrapy 1.5.1 started (bot: customcrawler)
2020-09-20 16:35:30 [scrapy.utils.log] INFO: Versions: lxml 4.4.2.0, libxml2 2.9.9, cssselect 1.1.0, parsel 1.5.2, w3lib 1.21.0, Twisted 18.9.0, Python 3.6.12 (default, Sep 10 2020, 17:53:20) - [GCC 8.3.0], pyOpenSSL 19.1.0 (OpenSSL 1.1.1d  10 Sep 2019), cryptography 2.8, Platform Linux-4.19.76-linuxkit-x86_64-with-debian-10.5
2020-09-20 16:35:30 [scrapy.crawler] INFO: Overridden settings: {'BOT_NAME': 'customcrawler', 'CLOSESPIDER_PAGECOUNT': '10', 'CLOSESPIDER_TIMEOUT': '0', 'CONCURRENT_REQUESTS': 32, 'DEPTH_PRIORITY': 1, 'LOG_FILE': 'logs/customcrawler/toscrapespiderax/486f2180fb5f11ea84900242ac140003.log', 'NEWSPIDER_MODULE': 'customcrawler.spiders', 'SCHEDULER_DISK_QUEUE': 'scrapy.squeues.PickleFifoDiskQueue', 'SCHEDULER_MEMORY_QUEUE': 'scrapy.squeues.FifoMemoryQueue', 'SPIDER_MODULES': ['customcrawler.spiders']}
2020-09-20 16:35:30 [scrapy.middleware] INFO: Enabled extensions:
['scrapy.extensions.corestats.CoreStats',
 'scrapy.extensions.telnet.TelnetConsole',
 'scrapy.extensions.memusage.MemoryUsage',
 'scrapy.extensions.closespider.CloseSpider',
 'scrapy.extensions.logstats.LogStats']
2020-09-20 16:35:30 [scrapy.middleware] INFO: Enabled downloader middlewares:
['scrapy.downloadermiddlewares.httpauth.HttpAuthMiddleware',
 'scrapy.downloadermiddlewares.downloadtimeout.DownloadTimeoutMiddleware',
 'scrapy.downloadermiddlewares.defaultheaders.DefaultHeadersMiddleware',
 'scrapy.downloadermiddlewares.useragent.UserAgentMiddleware',
 'scrapy.downloadermiddlewares.retry.RetryMiddleware',
 'scrapy.downloadermiddlewares.redirect.MetaRefreshMiddleware',
 'scrapy.downloadermiddlewares.httpcompression.HttpCompressionMiddleware',
 'scrapy.downloadermiddlewares.redirect.RedirectMiddleware',
 'scrapy.downloadermiddlewares.cookies.CookiesMiddleware',
 'scrapy.downloadermiddlewares.httpproxy.HttpProxyMiddleware',
 'scrapy.downloadermiddlewares.stats.DownloaderStats']
2020-09-20 16:35:30 [scrapy.middleware] INFO: Enabled spider middlewares:
['scrapy.spidermiddlewares.httperror.HttpErrorMiddleware',
 'scrapy.spidermiddlewares.offsite.OffsiteMiddleware',
 'scrapy.spidermiddlewares.referer.RefererMiddleware',
 'scrapy.spidermiddlewares.urllength.UrlLengthMiddleware',
 'scrapy.spidermiddlewares.depth.DepthMiddleware']
2020-09-20 16:35:31 [scrapy.middleware] INFO: Enabled item pipelines:
['customcrawler.pipelines.ScrapyAppPipeline']
2020-09-20 16:35:31 [scrapy.core.engine] INFO: Spider opened
2020-09-20 16:35:31 [scrapy.extensions.logstats] INFO: Crawled 0 pages (at 0 pages/min), scraped 0 items (at 0 items/min)
2020-09-20 16:35:31 [scrapy.extensions.telnet] DEBUG: Telnet console listening on 127.0.0.1:6023
2020-09-20 16:35:36 [scrapy.core.engine] DEBUG: Crawled (200) <GET http://mof.gov.cy/gr/> (referer: None)
2020-09-20 16:35:40 [scrapy.core.engine] DEBUG: Crawled (200) <GET http://mof.gov.cy/gr/> (referer: http://mof.gov.cy/gr/)
2020-09-20 16:35:40 [scrapy.core.scraper] DEBUG: Scraped from <200 http://mof.gov.cy/gr/>
{'extracted_url': 'http://mof.gov.cy/gr/'}
2020-09-20 16:35:40 [scrapy.dupefilters] DEBUG: Filtered duplicate request: <GET http://mof.gov.cy/gr/> - no more duplicates will be shown (see DUPEFILTER_DEBUG to show all duplicates)
2020-09-20 16:35:43 [scrapy.core.engine] DEBUG: Crawled (200) <GET http://mof.gov.cy/gr/%CE%B4%CE%B9%CE%B5%CF%85%CE%B8%CF%8D%CE%BD%CF%83%CE%B5%CE%B9%CF%82-%CE%BA%CE%B1%CE%B9-%CE%BC%CE%BF%CE%BD%CE%AC%CE%B4%CE%B5%CF%82> (referer: http://mof.gov.cy/gr/)
2020-09-20 16:35:43 [scrapy.core.scraper] DEBUG: Scraped from <200 http://mof.gov.cy/gr/%CE%B4%CE%B9%CE%B5%CF%85%CE%B8%CF%8D%CE%BD%CF%83%CE%B5%CE%B9%CF%82-%CE%BA%CE%B1%CE%B9-%CE%BC%CE%BF%CE%BD%CE%AC%CE%B4%CE%B5%CF%82>
{'extracted_url': 'http://mof.gov.cy/gr/%CE%B4%CE%B9%CE%B5%CF%85%CE%B8%CF%8D%CE%BD%CF%83%CE%B5%CE%B9%CF%82-%CE%BA%CE%B1%CE%B9-%CE%BC%CE%BF%CE%BD%CE%AC%CE%B4%CE%B5%CF%82'}
2020-09-20 16:35:44 [scrapy.core.engine] DEBUG: Crawled (200) <GET http://mof.gov.cy/en/> (referer: http://mof.gov.cy/gr/)
2020-09-20 16:35:44 [scrapy.core.scraper] DEBUG: Scraped from <200 http://mof.gov.cy/en/>
{'extracted_url': 'http://mof.gov.cy/en/'}
2020-09-20 16:35:45 [scrapy.core.engine] DEBUG: Crawled (200) <GET http://mof.gov.cy/gr/%CE%B3%CF%81%CE%B1%CF%86%CE%B5%CE%AF%CE%BF-%CF%84%CF%8D%CF%80%CE%BF%CF%85/%CE%B1%CE%BD%CE%B1%CE%BA%CE%BF%CE%B9%CE%BD%CF%8E%CF%83%CE%B5%CE%B9%CF%82-%CE%B5%CE%B3%CE%BA%CF%8D%CE%BA%CE%BB%CE%B9%CE%BF%CE%B9-%CF%85%CF%80%CE%BF%CF%85%CF%81%CE%B3%CE%B5%CE%AF%CE%BF%CF%85> (referer: http://mof.gov.cy/gr/)
2020-09-20 16:35:45 [scrapy.core.scraper] DEBUG: Scraped from <200 http://mof.gov.cy/gr/%CE%B3%CF%81%CE%B1%CF%86%CE%B5%CE%AF%CE%BF-%CF%84%CF%8D%CF%80%CE%BF%CF%85/%CE%B1%CE%BD%CE%B1%CE%BA%CE%BF%CE%B9%CE%BD%CF%8E%CF%83%CE%B5%CE%B9%CF%82-%CE%B5%CE%B3%CE%BA%CF%8D%CE%BA%CE%BB%CE%B9%CE%BF%CE%B9-%CF%85%CF%80%CE%BF%CF%85%CF%81%CE%B3%CE%B5%CE%AF%CE%BF%CF%85>
{'extracted_url': 'http://mof.gov.cy/gr/%CE%B3%CF%81%CE%B1%CF%86%CE%B5%CE%AF%CE%BF-%CF%84%CF%8D%CF%80%CE%BF%CF%85/%CE%B1%CE%BD%CE%B1%CE%BA%CE%BF%CE%B9%CE%BD%CF%8E%CF%83%CE%B5%CE%B9%CF%82-%CE%B5%CE%B3%CE%BA%CF%8D%CE%BA%CE%BB%CE%B9%CE%BF%CE%B9-%CF%85%CF%80%CE%BF%CF%85%CF%81%CE%B3%CE%B5%CE%AF%CE%BF%CF%85'}
2020-09-20 16:35:49 [scrapy.core.engine] DEBUG: Crawled (200) <GET http://mof.gov.cy/gr/%CE%B3%CF%81%CE%B1%CF%86%CE%B5%CE%AF%CE%BF-%CF%84%CF%8D%CF%80%CE%BF%CF%85/%CE%B3%CF%81%CE%B1%CF%86%CE%B5%CE%AF%CE%BF-%CF%84%CF%8D%CF%80%CE%BF%CF%85-%CF%85%CF%80%CE%BF%CF%85%CF%81%CE%B3%CE%BF%CF%8D> (referer: http://mof.gov.cy/gr/)
2020-09-20 16:35:49 [scrapy.core.scraper] DEBUG: Scraped from <200 http://mof.gov.cy/gr/%CE%B3%CF%81%CE%B1%CF%86%CE%B5%CE%AF%CE%BF-%CF%84%CF%8D%CF%80%CE%BF%CF%85/%CE%B3%CF%81%CE%B1%CF%86%CE%B5%CE%AF%CE%BF-%CF%84%CF%8D%CF%80%CE%BF%CF%85-%CF%85%CF%80%CE%BF%CF%85%CF%81%CE%B3%CE%BF%CF%8D>
{'extracted_url': 'http://mof.gov.cy/gr/%CE%B3%CF%81%CE%B1%CF%86%CE%B5%CE%AF%CE%BF-%CF%84%CF%8D%CF%80%CE%BF%CF%85/%CE%B3%CF%81%CE%B1%CF%86%CE%B5%CE%AF%CE%BF-%CF%84%CF%8D%CF%80%CE%BF%CF%85-%CF%85%CF%80%CE%BF%CF%85%CF%81%CE%B3%CE%BF%CF%8D'}
2020-09-20 16:35:49 [scrapy.core.engine] DEBUG: Crawled (200) <GET http://mof.gov.cy/gr/%CE%BF%CE%B9%CE%BA%CE%BF%CE%BD%CE%BF%CE%BC%CE%B9%CE%BA%CE%BF%CE%AF-%CE%B4%CE%B5%CE%AF%CE%BA%CF%84%CE%B5%CF%82> (referer: http://mof.gov.cy/gr/)
2020-09-20 16:35:49 [scrapy.core.scraper] DEBUG: Scraped from <200 http://mof.gov.cy/gr/%CE%BF%CE%B9%CE%BA%CE%BF%CE%BD%CE%BF%CE%BC%CE%B9%CE%BA%CE%BF%CE%AF-%CE%B4%CE%B5%CE%AF%CE%BA%CF%84%CE%B5%CF%82>
{'extracted_url': 'http://mof.gov.cy/gr/%CE%BF%CE%B9%CE%BA%CE%BF%CE%BD%CE%BF%CE%BC%CE%B9%CE%BA%CE%BF%CE%AF-%CE%B4%CE%B5%CE%AF%CE%BA%CF%84%CE%B5%CF%82'}
2020-09-20 16:35:50 [scrapy.core.engine] DEBUG: Crawled (200) <GET http://mof.gov.cy/gr/%CF%87%CE%AC%CF%81%CF%84%CE%B7%CF%82-%CF%80%CE%BB%CE%BF%CE%AE%CE%B3%CE%B7%CF%83%CE%B7%CF%82> (referer: http://mof.gov.cy/gr/)
2020-09-20 16:35:50 [scrapy.core.scraper] DEBUG: Scraped from <200 http://mof.gov.cy/gr/%CF%87%CE%AC%CF%81%CF%84%CE%B7%CF%82-%CF%80%CE%BB%CE%BF%CE%AE%CE%B3%CE%B7%CF%83%CE%B7%CF%82>
{'extracted_url': 'http://mof.gov.cy/gr/%CF%87%CE%AC%CF%81%CF%84%CE%B7%CF%82-%CF%80%CE%BB%CE%BF%CE%AE%CE%B3%CE%B7%CF%83%CE%B7%CF%82'}
2020-09-20 16:35:52 [scrapy.core.engine] DEBUG: Crawled (200) <GET http://mof.gov.cy/gr/%CF%84%CE%BC%CE%AE%CE%BC%CE%B1%CF%84%CE%B1> (referer: http://mof.gov.cy/gr/)
2020-09-20 16:35:52 [scrapy.core.scraper] DEBUG: Scraped from <200 http://mof.gov.cy/gr/%CF%84%CE%BC%CE%AE%CE%BC%CE%B1%CF%84%CE%B1>
{'extracted_url': 'http://mof.gov.cy/gr/%CF%84%CE%BC%CE%AE%CE%BC%CE%B1%CF%84%CE%B1'}
2020-09-20 16:35:53 [scrapy.core.engine] DEBUG: Crawled (200) <GET http://mof.gov.cy/gr/%CF%85%CF%80%CE%BF%CF%85%CF%81%CE%B3%CE%B5%CE%AF%CE%BF-%CE%BF%CE%B9%CE%BA%CE%BF%CE%BD%CE%BF%CE%BC%CE%B9%CE%BA%CF%8E%CE%BD> (referer: http://mof.gov.cy/gr/)
2020-09-20 16:35:53 [scrapy.core.engine] INFO: Closing spider (closespider_pagecount)
2020-09-20 16:35:53 [scrapy.core.scraper] DEBUG: Scraped from <200 http://mof.gov.cy/gr/%CF%85%CF%80%CE%BF%CF%85%CF%81%CE%B3%CE%B5%CE%AF%CE%BF-%CE%BF%CE%B9%CE%BA%CE%BF%CE%BD%CE%BF%CE%BC%CE%B9%CE%BA%CF%8E%CE%BD>
{'extracted_url': 'http://mof.gov.cy/gr/%CF%85%CF%80%CE%BF%CF%85%CF%81%CE%B3%CE%B5%CE%AF%CE%BF-%CE%BF%CE%B9%CE%BA%CE%BF%CE%BD%CE%BF%CE%BC%CE%B9%CE%BA%CF%8E%CE%BD'}
2020-09-20 16:35:53 [scrapy.core.engine] DEBUG: Crawled (200) <GET http://mof.gov.cy/gr/%CE%B5%CF%80%CE%B9%CE%BA%CE%BF%CE%B9%CE%BD%CF%89%CE%BD%CE%AF%CE%B1> (referer: http://mof.gov.cy/gr/)
2020-09-20 16:35:53 [scrapy.core.scraper] DEBUG: Scraped from <200 http://mof.gov.cy/gr/%CE%B5%CF%80%CE%B9%CE%BA%CE%BF%CE%B9%CE%BD%CF%89%CE%BD%CE%AF%CE%B1>
{'extracted_url': 'http://mof.gov.cy/gr/%CE%B5%CF%80%CE%B9%CE%BA%CE%BF%CE%B9%CE%BD%CF%89%CE%BD%CE%AF%CE%B1'}
2020-09-20 16:35:54 [scrapy.core.engine] DEBUG: Crawled (200) <GET http://mof.gov.cy/gr/1-%CE%B5%CE%BA%CE%B4%CF%8C%CF%83%CE%B5%CE%B9%CF%82> (referer: http://mof.gov.cy/gr/)
2020-09-20 16:35:54 [scrapy.core.scraper] DEBUG: Scraped from <200 http://mof.gov.cy/gr/1-%CE%B5%CE%BA%CE%B4%CF%8C%CF%83%CE%B5%CE%B9%CF%82>
{'extracted_url': 'http://mof.gov.cy/gr/1-%CE%B5%CE%BA%CE%B4%CF%8C%CF%83%CE%B5%CE%B9%CF%82'}
2020-09-20 16:35:55 [scrapy.core.engine] DEBUG: Crawled (200) <GET http://mof.gov.cy/gr/%CE%BF%CE%B9%CE%BA%CE%BF%CE%BD%CE%BF%CE%BC%CE%B9%CE%BA%CE%BF%CE%AF-%CE%B4%CE%B5%CE%AF%CE%BA%CF%84%CE%B5%CF%82/%CE%B4%CE%B7%CE%BC%CF%8C%CF%83%CE%B9%CE%B1-%CE%BF%CE%B9%CE%BA%CE%BF%CE%BD%CE%BF%CE%BC%CE%B9%CE%BA%CE%AC> (referer: http://mof.gov.cy/gr/)
2020-09-20 16:35:55 [scrapy.core.scraper] DEBUG: Scraped from <200 http://mof.gov.cy/gr/%CE%BF%CE%B9%CE%BA%CE%BF%CE%BD%CE%BF%CE%BC%CE%B9%CE%BA%CE%BF%CE%AF-%CE%B4%CE%B5%CE%AF%CE%BA%CF%84%CE%B5%CF%82/%CE%B4%CE%B7%CE%BC%CF%8C%CF%83%CE%B9%CE%B1-%CE%BF%CE%B9%CE%BA%CE%BF%CE%BD%CE%BF%CE%BC%CE%B9%CE%BA%CE%AC>
{'extracted_url': 'http://mof.gov.cy/gr/%CE%BF%CE%B9%CE%BA%CE%BF%CE%BD%CE%BF%CE%BC%CE%B9%CE%BA%CE%BF%CE%AF-%CE%B4%CE%B5%CE%AF%CE%BA%CF%84%CE%B5%CF%82/%CE%B4%CE%B7%CE%BC%CF%8C%CF%83%CE%B9%CE%B1-%CE%BF%CE%B9%CE%BA%CE%BF%CE%BD%CE%BF%CE%BC%CE%B9%CE%BA%CE%AC'}
2020-09-20 16:35:55 [scrapy.core.engine] DEBUG: Crawled (200) <GET http://mof.gov.cy/gr/%CE%B3%CF%81%CE%B1%CF%86%CE%B5%CE%AF%CE%BF-%CF%84%CF%8D%CF%80%CE%BF%CF%85> (referer: http://mof.gov.cy/gr/)
2020-09-20 16:35:55 [scrapy.core.scraper] DEBUG: Scraped from <200 http://mof.gov.cy/gr/%CE%B3%CF%81%CE%B1%CF%86%CE%B5%CE%AF%CE%BF-%CF%84%CF%8D%CF%80%CE%BF%CF%85>
{'extracted_url': 'http://mof.gov.cy/gr/%CE%B3%CF%81%CE%B1%CF%86%CE%B5%CE%AF%CE%BF-%CF%84%CF%8D%CF%80%CE%BF%CF%85'}
2020-09-20 16:35:57 [scrapy.core.engine] DEBUG: Crawled (200) <GET http://mof.gov.cy/gr/1-%CE%B5%CE%BA%CE%B4%CF%8C%CF%83%CE%B5%CE%B9%CF%82/%CE%B5%CF%84%CE%AE%CF%83%CE%B9%CE%B1-%CE%AD%CE%BA%CE%B8%CE%B5%CF%83%CE%B7-%CF%85%CF%80%CE%BF%CF%85%CF%81%CE%B3%CE%B5%CE%AF%CE%BF%CF%85-%CE%BF%CE%B9%CE%BA%CE%BF%CE%BD%CE%BF%CE%BC%CE%B9%CE%BA%CF%8E%CE%BD> (referer: http://mof.gov.cy/gr/)
2020-09-20 16:35:57 [scrapy.downloadermiddlewares.redirect] DEBUG: Redirecting (302) to <GET http://mof.gov.cy/gr/1-%CE%B5%CE%BA%CE%B4%CF%8C%CF%83%CE%B5%CE%B9%CF%82/%CE%AD%CE%BA%CE%B8%CE%B5%CF%83%CE%B7-%CE%B4%CE%B7%CE%BC%CE%BF%CF%83%CE%B9%CE%BF%CE%BD%CE%BF%CE%BC%CE%B9%CE%BA%CF%8E%CE%BD-%CE%BA%CE%B9%CE%BD%CE%B4%CF%8D%CE%BD%CF%89%CE%BD/1-%CE%AD%CE%BA%CE%B8%CE%B5%CF%83%CE%B7-%CE%B4%CE%B7%CE%BC%CE%BF%CF%83%CE%B9%CE%BF%CE%BD%CE%BF%CE%BC%CE%B9%CE%BA%CF%8E%CE%BD-%CE%BA%CE%B9%CE%BD%CE%B4%CF%8D%CE%BD%CF%89%CE%BD> from <GET http://mof.gov.cy/gr/1-%CE%B5%CE%BA%CE%B4%CF%8C%CF%83%CE%B5%CE%B9%CF%82/%CE%AD%CE%BA%CE%B8%CE%B5%CF%83%CE%B7-%CE%B4%CE%B7%CE%BC%CE%BF%CF%83%CE%B9%CE%BF%CE%BD%CE%BF%CE%BC%CE%B9%CE%BA%CF%8E%CE%BD-%CE%BA%CE%B9%CE%BD%CE%B4%CF%8D%CE%BD%CF%89%CE%BD>
2020-09-20 16:35:57 [scrapy.core.scraper] DEBUG: Scraped from <200 http://mof.gov.cy/gr/1-%CE%B5%CE%BA%CE%B4%CF%8C%CF%83%CE%B5%CE%B9%CF%82/%CE%B5%CF%84%CE%AE%CF%83%CE%B9%CE%B1-%CE%AD%CE%BA%CE%B8%CE%B5%CF%83%CE%B7-%CF%85%CF%80%CE%BF%CF%85%CF%81%CE%B3%CE%B5%CE%AF%CE%BF%CF%85-%CE%BF%CE%B9%CE%BA%CE%BF%CE%BD%CE%BF%CE%BC%CE%B9%CE%BA%CF%8E%CE%BD>
{'extracted_url': 'http://mof.gov.cy/gr/1-%CE%B5%CE%BA%CE%B4%CF%8C%CF%83%CE%B5%CE%B9%CF%82/%CE%B5%CF%84%CE%AE%CF%83%CE%B9%CE%B1-%CE%AD%CE%BA%CE%B8%CE%B5%CF%83%CE%B7-%CF%85%CF%80%CE%BF%CF%85%CF%81%CE%B3%CE%B5%CE%AF%CE%BF%CF%85-%CE%BF%CE%B9%CE%BA%CE%BF%CE%BD%CE%BF%CE%BC%CE%B9%CE%BA%CF%8E%CE%BD'}
2020-09-20 16:35:57 [scrapy.core.engine] DEBUG: Crawled (200) <GET http://mof.gov.cy/gr/1-%CE%B5%CE%BA%CE%B4%CF%8C%CF%83%CE%B5%CE%B9%CF%82/2-%CF%83%CF%84%CF%81%CE%B1%CF%84%CE%B7%CE%B3%CE%B9%CE%BA%CF%8C-%CF%83%CF%87%CE%AD%CE%B4%CE%B9%CE%BF-%CF%85%CF%80%CE%BF%CF%85%CF%81%CE%B3%CE%B5%CE%AF%CE%BF%CF%85-%CE%BF%CE%B9%CE%BA%CE%BF%CE%BD%CE%BF%CE%BC%CE%B9%CE%BA%CF%8E%CE%BD> (referer: http://mof.gov.cy/gr/)
2020-09-20 16:35:57 [scrapy.core.scraper] DEBUG: Scraped from <200 http://mof.gov.cy/gr/1-%CE%B5%CE%BA%CE%B4%CF%8C%CF%83%CE%B5%CE%B9%CF%82/2-%CF%83%CF%84%CF%81%CE%B1%CF%84%CE%B7%CE%B3%CE%B9%CE%BA%CF%8C-%CF%83%CF%87%CE%AD%CE%B4%CE%B9%CE%BF-%CF%85%CF%80%CE%BF%CF%85%CF%81%CE%B3%CE%B5%CE%AF%CE%BF%CF%85-%CE%BF%CE%B9%CE%BA%CE%BF%CE%BD%CE%BF%CE%BC%CE%B9%CE%BA%CF%8E%CE%BD>
{'extracted_url': 'http://mof.gov.cy/gr/1-%CE%B5%CE%BA%CE%B4%CF%8C%CF%83%CE%B5%CE%B9%CF%82/2-%CF%83%CF%84%CF%81%CE%B1%CF%84%CE%B7%CE%B3%CE%B9%CE%BA%CF%8C-%CF%83%CF%87%CE%AD%CE%B4%CE%B9%CE%BF-%CF%85%CF%80%CE%BF%CF%85%CF%81%CE%B3%CE%B5%CE%AF%CE%BF%CF%85-%CE%BF%CE%B9%CE%BA%CE%BF%CE%BD%CE%BF%CE%BC%CE%B9%CE%BA%CF%8E%CE%BD'}
2020-09-20 16:36:01 [scrapy.core.engine] DEBUG: Crawled (200) <GET http://mof.gov.cy/gr/1-%CE%B5%CE%BA%CE%B4%CF%8C%CF%83%CE%B5%CE%B9%CF%82/%CF%83%CF%87%CE%AD%CE%B4%CE%B9%CE%BF-%CE%B4%CE%B7%CE%BC%CE%BF%CF%83%CE%B9%CE%BF%CE%BD%CE%BF%CE%BC%CE%B9%CE%BA%CE%BF%CF%8D-%CF%80%CF%81%CE%BF%CE%B3%CF%81%CE%AC%CE%BC%CE%BC%CE%B1%CF%84%CE%BF%CF%82> (referer: http://mof.gov.cy/gr/)
2020-09-20 16:36:01 [scrapy.core.scraper] DEBUG: Scraped from <200 http://mof.gov.cy/gr/1-%CE%B5%CE%BA%CE%B4%CF%8C%CF%83%CE%B5%CE%B9%CF%82/%CF%83%CF%87%CE%AD%CE%B4%CE%B9%CE%BF-%CE%B4%CE%B7%CE%BC%CE%BF%CF%83%CE%B9%CE%BF%CE%BD%CE%BF%CE%BC%CE%B9%CE%BA%CE%BF%CF%8D-%CF%80%CF%81%CE%BF%CE%B3%CF%81%CE%AC%CE%BC%CE%BC%CE%B1%CF%84%CE%BF%CF%82>
{'extracted_url': 'http://mof.gov.cy/gr/1-%CE%B5%CE%BA%CE%B4%CF%8C%CF%83%CE%B5%CE%B9%CF%82/%CF%83%CF%87%CE%AD%CE%B4%CE%B9%CE%BF-%CE%B4%CE%B7%CE%BC%CE%BF%CF%83%CE%B9%CE%BF%CE%BD%CE%BF%CE%BC%CE%B9%CE%BA%CE%BF%CF%8D-%CF%80%CF%81%CE%BF%CE%B3%CF%81%CE%AC%CE%BC%CE%BC%CE%B1%CF%84%CE%BF%CF%82'}
2020-09-20 16:36:03 [scrapy.core.engine] DEBUG: Crawled (200) <GET http://mof.gov.cy/gr/1-%CE%B5%CE%BA%CE%B4%CF%8C%CF%83%CE%B5%CE%B9%CF%82/%CF%83%CF%84%CF%81%CE%B1%CF%84%CE%B7%CE%B3%CE%B9%CE%BA%CF%8C-%CF%80%CE%BB%CE%B1%CE%AF%CF%83%CE%B9%CE%BF-%CE%B4%CE%B7%CE%BC%CE%BF%CF%83%CE%B9%CE%BF%CE%BD%CE%BF%CE%BC%CE%B9%CE%BA%CE%AE%CF%82-%CF%80%CE%BF%CE%BB%CE%B9%CF%84%CE%B9%CE%BA%CE%AE%CF%82> (referer: http://mof.gov.cy/gr/)
2020-09-20 16:36:03 [scrapy.core.scraper] DEBUG: Scraped from <200 http://mof.gov.cy/gr/1-%CE%B5%CE%BA%CE%B4%CF%8C%CF%83%CE%B5%CE%B9%CF%82/%CF%83%CF%84%CF%81%CE%B1%CF%84%CE%B7%CE%B3%CE%B9%CE%BA%CF%8C-%CF%80%CE%BB%CE%B1%CE%AF%CF%83%CE%B9%CE%BF-%CE%B4%CE%B7%CE%BC%CE%BF%CF%83%CE%B9%CE%BF%CE%BD%CE%BF%CE%BC%CE%B9%CE%BA%CE%AE%CF%82-%CF%80%CE%BF%CE%BB%CE%B9%CF%84%CE%B9%CE%BA%CE%AE%CF%82>
{'extracted_url': 'http://mof.gov.cy/gr/1-%CE%B5%CE%BA%CE%B4%CF%8C%CF%83%CE%B5%CE%B9%CF%82/%CF%83%CF%84%CF%81%CE%B1%CF%84%CE%B7%CE%B3%CE%B9%CE%BA%CF%8C-%CF%80%CE%BB%CE%B1%CE%AF%CF%83%CE%B9%CE%BF-%CE%B4%CE%B7%CE%BC%CE%BF%CF%83%CE%B9%CE%BF%CE%BD%CE%BF%CE%BC%CE%B9%CE%BA%CE%AE%CF%82-%CF%80%CE%BF%CE%BB%CE%B9%CF%84%CE%B9%CE%BA%CE%AE%CF%82'}
2020-09-20 16:36:04 [scrapy.core.engine] DEBUG: Crawled (200) <GET http://mof.gov.cy/gr/%CE%BF%CE%B9%CE%BA%CE%BF%CE%BD%CE%BF%CE%BC%CE%B9%CE%BA%CE%BF%CE%AF-%CE%B4%CE%B5%CE%AF%CE%BA%CF%84%CE%B5%CF%82/%CE%BC%CE%B1%CE%BA%CF%81%CE%BF%CE%BF%CE%B9%CE%BA%CE%BF%CE%BD%CE%BF%CE%BC%CE%B9%CE%BA%CE%AC> (referer: http://mof.gov.cy/gr/)
2020-09-20 16:36:04 [scrapy.core.scraper] DEBUG: Scraped from <200 http://mof.gov.cy/gr/%CE%BF%CE%B9%CE%BA%CE%BF%CE%BD%CE%BF%CE%BC%CE%B9%CE%BA%CE%BF%CE%AF-%CE%B4%CE%B5%CE%AF%CE%BA%CF%84%CE%B5%CF%82/%CE%BC%CE%B1%CE%BA%CF%81%CE%BF%CE%BF%CE%B9%CE%BA%CE%BF%CE%BD%CE%BF%CE%BC%CE%B9%CE%BA%CE%AC>
{'extracted_url': 'http://mof.gov.cy/gr/%CE%BF%CE%B9%CE%BA%CE%BF%CE%BD%CE%BF%CE%BC%CE%B9%CE%BA%CE%BF%CE%AF-%CE%B4%CE%B5%CE%AF%CE%BA%CF%84%CE%B5%CF%82/%CE%BC%CE%B1%CE%BA%CF%81%CE%BF%CE%BF%CE%B9%CE%BA%CE%BF%CE%BD%CE%BF%CE%BC%CE%B9%CE%BA%CE%AC'}
2020-09-20 16:36:05 [scrapy.downloadermiddlewares.redirect] DEBUG: Redirecting (302) to <GET http://mof.gov.cy/gr/1-%CE%B5%CE%BA%CE%B4%CF%8C%CF%83%CE%B5%CE%B9%CF%82/%CE%B5%CE%BA%CE%B4%CF%8C%CF%83%CE%B5%CE%B9%CF%82-%CE%B1%CF%80%CF%8C-%CE%AC%CE%BB%CE%BB%CE%BF%CF%85%CF%82-%CE%BF%CF%81%CE%B3%CE%B1%CE%BD%CE%B9%CF%83%CE%BC%CE%BF%CF%8D%CF%82/1-%CE%B5%CE%BA%CE%B4%CF%8C%CF%83%CE%B5%CE%B9%CF%82-%CE%B1%CF%80%CF%8C-%CE%AC%CE%BB%CE%BB%CE%BF%CF%85%CF%82-%CE%BF%CF%81%CE%B3%CE%B1%CE%BD%CE%B9%CF%83%CE%BC%CE%BF%CF%8D%CF%82> from <GET http://mof.gov.cy/gr/1-%CE%B5%CE%BA%CE%B4%CF%8C%CF%83%CE%B5%CE%B9%CF%82/%CE%B5%CE%BA%CE%B4%CF%8C%CF%83%CE%B5%CE%B9%CF%82-%CE%B1%CF%80%CF%8C-%CE%AC%CE%BB%CE%BB%CE%BF%CF%85%CF%82-%CE%BF%CF%81%CE%B3%CE%B1%CE%BD%CE%B9%CF%83%CE%BC%CE%BF%CF%8D%CF%82>
2020-09-20 16:36:05 [scrapy.downloadermiddlewares.redirect] DEBUG: Redirecting (302) to <GET http://mof.gov.cy/gr/1-%CE%B5%CE%BA%CE%B4%CF%8C%CF%83%CE%B5%CE%B9%CF%82/%CE%BF%CE%B4%CE%B7%CE%B3%CF%8C%CF%82-%CE%B5%CE%BD%CE%B1%CF%81%CE%BC%CF%8C%CE%BD%CE%B9%CF%83%CE%B7%CF%82-%CE%BC%CE%B5-%CF%84%CE%BF-%CE%B4%CE%AF%CE%BA%CE%B1%CE%B9%CE%BF-%CF%84%CE%B7%CF%82-%CE%B5%CF%85%CF%81%CF%89%CF%80%CE%B1%CF%8A%CE%BA%CE%AE%CF%82-%CE%AD%CE%BD%CF%89%CF%83%CE%B7%CF%82/%CE%BF%CE%B4%CE%B7%CE%B3%CF%8C%CF%82-%CE%B5%CE%BD%CE%B1%CF%81%CE%BC%CF%8C%CE%BD%CE%B9%CF%83%CE%B7%CF%82-%CE%BC%CE%B5-%CF%84%CE%BF-%CE%B4%CE%AF%CE%BA%CE%B1%CE%B9%CE%BF-%CF%84%CE%B7%CF%82-%CE%B5-%CE%B5> from <GET http://mof.gov.cy/gr/1-%CE%B5%CE%BA%CE%B4%CF%8C%CF%83%CE%B5%CE%B9%CF%82/%CE%BF%CE%B4%CE%B7%CE%B3%CF%8C%CF%82-%CE%B5%CE%BD%CE%B1%CF%81%CE%BC%CF%8C%CE%BD%CE%B9%CF%83%CE%B7%CF%82-%CE%BC%CE%B5-%CF%84%CE%BF-%CE%B4%CE%AF%CE%BA%CE%B1%CE%B9%CE%BF-%CF%84%CE%B7%CF%82-%CE%B5%CF%85%CF%81%CF%89%CF%80%CE%B1%CF%8A%CE%BA%CE%AE%CF%82-%CE%AD%CE%BD%CF%89%CF%83%CE%B7%CF%82>
2020-09-20 16:36:06 [scrapy.core.engine] DEBUG: Crawled (200) <GET http://mof.gov.cy/gr/1-%CE%B5%CE%BA%CE%B4%CF%8C%CF%83%CE%B5%CE%B9%CF%82/%CF%80%CF%81%CF%8C%CE%B3%CF%81%CE%B1%CE%BC%CE%BC%CE%B1-%CF%83%CF%84%CE%B1%CE%B8%CE%B5%CF%81%CF%8C%CF%84%CE%B7%CF%84%CE%B1%CF%82> (referer: http://mof.gov.cy/gr/)
2020-09-20 16:36:06 [scrapy.core.scraper] DEBUG: Scraped from <200 http://mof.gov.cy/gr/1-%CE%B5%CE%BA%CE%B4%CF%8C%CF%83%CE%B5%CE%B9%CF%82/%CF%80%CF%81%CF%8C%CE%B3%CF%81%CE%B1%CE%BC%CE%BC%CE%B1-%CF%83%CF%84%CE%B1%CE%B8%CE%B5%CF%81%CF%8C%CF%84%CE%B7%CF%84%CE%B1%CF%82>
{'extracted_url': 'http://mof.gov.cy/gr/1-%CE%B5%CE%BA%CE%B4%CF%8C%CF%83%CE%B5%CE%B9%CF%82/%CF%80%CF%81%CF%8C%CE%B3%CF%81%CE%B1%CE%BC%CE%BC%CE%B1-%CF%83%CF%84%CE%B1%CE%B8%CE%B5%CF%81%CF%8C%CF%84%CE%B7%CF%84%CE%B1%CF%82'}
2020-09-20 16:36:08 [scrapy.core.engine] DEBUG: Crawled (200) <GET http://mof.gov.cy/gr/1-%CE%B5%CE%BA%CE%B4%CF%8C%CF%83%CE%B5%CE%B9%CF%82/1-%CF%80%CE%B1%CF%81%CE%BF%CF%85%CF%83%CE%B9%CE%AC%CF%83%CE%B5%CE%B9%CF%82> (referer: http://mof.gov.cy/gr/)
2020-09-20 16:36:08 [scrapy.core.scraper] DEBUG: Scraped from <200 http://mof.gov.cy/gr/1-%CE%B5%CE%BA%CE%B4%CF%8C%CF%83%CE%B5%CE%B9%CF%82/1-%CF%80%CE%B1%CF%81%CE%BF%CF%85%CF%83%CE%B9%CE%AC%CF%83%CE%B5%CE%B9%CF%82>
{'extracted_url': 'http://mof.gov.cy/gr/1-%CE%B5%CE%BA%CE%B4%CF%8C%CF%83%CE%B5%CE%B9%CF%82/1-%CF%80%CE%B1%CF%81%CE%BF%CF%85%CF%83%CE%B9%CE%AC%CF%83%CE%B5%CE%B9%CF%82'}
2020-09-20 16:36:08 [scrapy.downloadermiddlewares.redirect] DEBUG: Redirecting (302) to <GET http://mof.gov.cy/gr/%CE%BD%CE%BF%CE%BC%CE%BF%CE%B8%CE%B5%CF%83%CE%AF%CE%B1/%CF%87%CF%81%CE%B7%CE%BC%CE%B1%CF%84%CE%BF%CE%B4%CE%BF%CF%84%CE%B9%CE%BA%CE%AD%CF%82-%CE%BC%CE%B9%CF%83%CE%B8%CF%8E%CF%83%CE%B5%CE%B9%CF%82/%CE%BD%CF%8C%CE%BC%CE%BF%CE%B9-%CF%80%CE%BF%CF%85-%CE%B1%CF%86%CE%BF%CF%81%CE%BF%CF%8D-%CF%84%CE%B9%CF%82-%CF%87%CF%81%CE%B7%CE%BC%CE%B1%CF%84%CE%BF%CE%B4%CE%BF%CF%84%CE%B9%CE%BA%CE%AD%CF%82-%CE%BC%CE%B9%CF%83%CE%B8%CF%8E%CF%83%CE%B5%CE%B9%CF%82> from <GET http://mof.gov.cy/gr/%CE%BD%CE%BF%CE%BC%CE%BF%CE%B8%CE%B5%CF%83%CE%AF%CE%B1/%CF%87%CF%81%CE%B7%CE%BC%CE%B1%CF%84%CE%BF%CE%B4%CE%BF%CF%84%CE%B9%CE%BA%CE%AD%CF%82-%CE%BC%CE%B9%CF%83%CE%B8%CF%8E%CF%83%CE%B5%CE%B9%CF%82>
2020-09-20 16:36:09 [scrapy.core.engine] DEBUG: Crawled (200) <GET http://mof.gov.cy/gr/1-%CE%B5%CE%BA%CE%B4%CF%8C%CF%83%CE%B5%CE%B9%CF%82/%CE%B4%CE%BF%CE%BA%CE%AF%CE%BC%CE%B9%CE%B1-%CE%BF%CE%B9%CE%BA%CE%BF%CE%BD%CE%BF%CE%BC%CE%B9%CE%BA%CE%AE%CF%82-%CF%80%CE%BF%CE%BB%CE%B9%CF%84%CE%B9%CE%BA%CE%AE%CF%82> (referer: http://mof.gov.cy/gr/)
2020-09-20 16:36:09 [scrapy.core.scraper] DEBUG: Scraped from <200 http://mof.gov.cy/gr/1-%CE%B5%CE%BA%CE%B4%CF%8C%CF%83%CE%B5%CE%B9%CF%82/%CE%B4%CE%BF%CE%BA%CE%AF%CE%BC%CE%B9%CE%B1-%CE%BF%CE%B9%CE%BA%CE%BF%CE%BD%CE%BF%CE%BC%CE%B9%CE%BA%CE%AE%CF%82-%CF%80%CE%BF%CE%BB%CE%B9%CF%84%CE%B9%CE%BA%CE%AE%CF%82>
{'extracted_url': 'http://mof.gov.cy/gr/1-%CE%B5%CE%BA%CE%B4%CF%8C%CF%83%CE%B5%CE%B9%CF%82/%CE%B4%CE%BF%CE%BA%CE%AF%CE%BC%CE%B9%CE%B1-%CE%BF%CE%B9%CE%BA%CE%BF%CE%BD%CE%BF%CE%BC%CE%B9%CE%BA%CE%AE%CF%82-%CF%80%CE%BF%CE%BB%CE%B9%CF%84%CE%B9%CE%BA%CE%AE%CF%82'}
2020-09-20 16:36:10 [scrapy.core.engine] DEBUG: Crawled (200) <GET http://mof.gov.cy/gr/%CE%BD%CE%BF%CE%BC%CE%BF%CE%B8%CE%B5%CF%83%CE%AF%CE%B1/%CF%86%CE%BF%CF%81%CE%BF%CE%BB%CE%BF%CE%B3%CE%B9%CE%BA%CE%AC> (referer: http://mof.gov.cy/gr/)
2020-09-20 16:36:10 [scrapy.core.scraper] DEBUG: Scraped from <200 http://mof.gov.cy/gr/%CE%BD%CE%BF%CE%BC%CE%BF%CE%B8%CE%B5%CF%83%CE%AF%CE%B1/%CF%86%CE%BF%CF%81%CE%BF%CE%BB%CE%BF%CE%B3%CE%B9%CE%BA%CE%AC>
{'extracted_url': 'http://mof.gov.cy/gr/%CE%BD%CE%BF%CE%BC%CE%BF%CE%B8%CE%B5%CF%83%CE%AF%CE%B1/%CF%86%CE%BF%CF%81%CE%BF%CE%BB%CE%BF%CE%B3%CE%B9%CE%BA%CE%AC'}
2020-09-20 16:36:12 [scrapy.core.engine] DEBUG: Crawled (200) <GET http://mof.gov.cy/gr/%CE%BD%CE%BF%CE%BC%CE%BF%CE%B8%CE%B5%CF%83%CE%AF%CE%B1/%CE%B4%CE%B7%CE%BC%CE%BF%CF%83%CE%B9%CE%BF%CE%BD%CE%BF%CE%BC%CE%B9%CE%BA%CE%AE-%CE%B4%CE%B9%CE%B1%CF%87%CE%B5%CE%AF%CF%81%CE%B9%CF%83%CE%B7> (referer: http://mof.gov.cy/gr/)
2020-09-20 16:36:12 [scrapy.core.scraper] DEBUG: Scraped from <200 http://mof.gov.cy/gr/%CE%BD%CE%BF%CE%BC%CE%BF%CE%B8%CE%B5%CF%83%CE%AF%CE%B1/%CE%B4%CE%B7%CE%BC%CE%BF%CF%83%CE%B9%CE%BF%CE%BD%CE%BF%CE%BC%CE%B9%CE%BA%CE%AE-%CE%B4%CE%B9%CE%B1%CF%87%CE%B5%CE%AF%CF%81%CE%B9%CF%83%CE%B7>
{'extracted_url': 'http://mof.gov.cy/gr/%CE%BD%CE%BF%CE%BC%CE%BF%CE%B8%CE%B5%CF%83%CE%AF%CE%B1/%CE%B4%CE%B7%CE%BC%CE%BF%CF%83%CE%B9%CE%BF%CE%BD%CE%BF%CE%BC%CE%B9%CE%BA%CE%AE-%CE%B4%CE%B9%CE%B1%CF%87%CE%B5%CE%AF%CF%81%CE%B9%CF%83%CE%B7'}
2020-09-20 16:36:12 [scrapy.core.engine] DEBUG: Crawled (200) <GET http://mof.gov.cy/gr/%CE%BD%CE%BF%CE%BC%CE%BF%CE%B8%CE%B5%CF%83%CE%AF%CE%B1> (referer: http://mof.gov.cy/gr/)
2020-09-20 16:36:12 [scrapy.core.scraper] DEBUG: Scraped from <200 http://mof.gov.cy/gr/%CE%BD%CE%BF%CE%BC%CE%BF%CE%B8%CE%B5%CF%83%CE%AF%CE%B1>
{'extracted_url': 'http://mof.gov.cy/gr/%CE%BD%CE%BF%CE%BC%CE%BF%CE%B8%CE%B5%CF%83%CE%AF%CE%B1'}
2020-09-20 16:36:17 [scrapy.downloadermiddlewares.redirect] DEBUG: Redirecting (302) to <GET http://mof.gov.cy/gr/%CE%BD%CE%BF%CE%BC%CE%BF%CE%B8%CE%B5%CF%83%CE%AF%CE%B1/%CE%B5%CE%BD%CE%B9%CE%B1%CE%AF%CE%BF-%CE%B4%CE%B7%CE%BC%CF%8C%CF%83%CE%B9%CE%BF-%CE%B5%CF%80%CE%B9%CF%84%CF%8C%CE%BA%CE%B9%CE%BF-%CF%85%CF%80%CE%B5%CF%81%CE%B7%CE%BC%CE%B5%CF%81%CE%AF%CE%B1%CF%82/%CF%84%CE%BF-%CF%80%CE%B5%CF%81%CE%AF-%CE%BA%CE%B1%CE%B8%CE%BF%CF%81%CE%B9%CF%83%CE%BC%CE%BF%CF%8D-%CF%84%CE%BF%CF%85-%CE%B5%CE%BD%CE%B9%CE%B1%CE%AF%CE%BF%CF%85-%CE%B4%CE%B7%CE%BC%CF%8C%CF%83%CE%B9%CE%BF%CF%85-%CE%B5%CF%80%CE%B9%CF%84%CE%BF%CE%BA%CE%AF%CE%BF%CF%85-%CF%85%CF%80%CE%B5%CF%81%CE%B7%CE%BC%CE%B5%CF%81%CE%AF%CE%B1%CF%82-%CE%B4%CE%B9%CE%AC%CF%84%CE%B1%CE%B3%CE%BC%CE%B1> from <GET http://mof.gov.cy/gr/%CE%BD%CE%BF%CE%BC%CE%BF%CE%B8%CE%B5%CF%83%CE%AF%CE%B1/%CE%B5%CE%BD%CE%B9%CE%B1%CE%AF%CE%BF-%CE%B4%CE%B7%CE%BC%CF%8C%CF%83%CE%B9%CE%BF-%CE%B5%CF%80%CE%B9%CF%84%CF%8C%CE%BA%CE%B9%CE%BF-%CF%85%CF%80%CE%B5%CF%81%CE%B7%CE%BC%CE%B5%CF%81%CE%AF%CE%B1%CF%82>
2020-09-20 16:36:17 [scrapy.downloadermiddlewares.redirect] DEBUG: Redirecting (302) to <GET http://mof.gov.cy/gr/%CE%BD%CE%BF%CE%BC%CE%BF%CE%B8%CE%B5%CF%83%CE%AF%CE%B1/%CF%83%CF%84%CE%BF%CE%B9%CF%87%CE%AE%CE%BC%CE%B1%CF%84%CE%B1-%CE%BA%CE%B1%CE%B9-%CE%BF%CF%81%CE%B9%CF%83%CE%BC%CE%AD%CE%BD%CE%B1-%CF%84%CF%85%CF%87%CE%B5%CF%81%CE%AC-%CF%80%CE%B1%CE%B9%CF%87%CE%BD%CE%AF%CE%B4%CE%B9%CE%B1/o-%CF%80%CE%B5%CF%81%CE%AF-%CF%83%CF%84%CE%BF%CE%B9%CF%87%CE%B7%CE%BC%CE%AC%CF%84%CF%89%CE%BD-%CE%BD%CF%8C%CE%BC%CE%BF%CF%82-2019> from <GET http://mof.gov.cy/gr/%CE%BD%CE%BF%CE%BC%CE%BF%CE%B8%CE%B5%CF%83%CE%AF%CE%B1/%CF%83%CF%84%CE%BF%CE%B9%CF%87%CE%AE%CE%BC%CE%B1%CF%84%CE%B1-%CE%BA%CE%B1%CE%B9-%CE%BF%CF%81%CE%B9%CF%83%CE%BC%CE%AD%CE%BD%CE%B1-%CF%84%CF%85%CF%87%CE%B5%CF%81%CE%AC-%CF%80%CE%B1%CE%B9%CF%87%CE%BD%CE%AF%CE%B4%CE%B9%CE%B1>
2020-09-20 16:36:18 [scrapy.core.engine] DEBUG: Crawled (200) <GET http://mof.gov.cy/gr/%CE%BD%CE%BF%CE%BC%CE%BF%CE%B8%CE%B5%CF%83%CE%AF%CE%B1/%CF%87%CF%81%CE%B7%CE%BC%CE%B1%CF%84%CE%BF%CE%BF%CE%B9%CE%BA%CE%BF%CE%BD%CE%BF%CE%BC%CE%B9%CE%BA%CE%AC-%CF%84%CF%81%CE%B1%CF%80%CE%B5%CE%B6%CE%B9%CE%BA%CE%AC> (referer: http://mof.gov.cy/gr/)
2020-09-20 16:36:18 [scrapy.core.scraper] DEBUG: Scraped from <200 http://mof.gov.cy/gr/%CE%BD%CE%BF%CE%BC%CE%BF%CE%B8%CE%B5%CF%83%CE%AF%CE%B1/%CF%87%CF%81%CE%B7%CE%BC%CE%B1%CF%84%CE%BF%CE%BF%CE%B9%CE%BA%CE%BF%CE%BD%CE%BF%CE%BC%CE%B9%CE%BA%CE%AC-%CF%84%CF%81%CE%B1%CF%80%CE%B5%CE%B6%CE%B9%CE%BA%CE%AC>
{'extracted_url': 'http://mof.gov.cy/gr/%CE%BD%CE%BF%CE%BC%CE%BF%CE%B8%CE%B5%CF%83%CE%AF%CE%B1/%CF%87%CF%81%CE%B7%CE%BC%CE%B1%CF%84%CE%BF%CE%BF%CE%B9%CE%BA%CE%BF%CE%BD%CE%BF%CE%BC%CE%B9%CE%BA%CE%AC-%CF%84%CF%81%CE%B1%CF%80%CE%B5%CE%B6%CE%B9%CE%BA%CE%AC'}
2020-09-20 16:36:20 [scrapy.core.engine] DEBUG: Crawled (200) <GET http://mof.gov.cy/gr/%CE%B3%CF%81%CE%B1%CF%86%CE%B5%CE%AF%CE%BF-%CF%84%CF%8D%CF%80%CE%BF%CF%85/%CE%B3%CF%81%CE%B1%CF%86%CE%B5%CE%AF%CE%BF-%CF%84%CF%8D%CF%80%CE%BF%CF%85-%CF%85%CF%80%CE%BF%CF%85%CF%81%CE%B3%CE%BF%CF%8D/1-%CE%B1%CF%80%CE%B1%CE%BD%CF%84%CE%B7%CF%84%CE%B9%CE%BA%CE%AE-%CE%B5%CF%80%CE%B9%CF%83%CF%84%CE%BF%CE%BB%CE%AE-%CF%85%CF%80%CE%BF%CF%85%CF%81%CE%B3%CE%BF%CF%8D-%CE%BF%CE%B9%CE%BA%CE%BF%CE%BD%CE%BF%CE%BC%CE%B9%CE%BA%CF%8E%CE%BD-%CE%BA-%CE%BA%CF%89%CE%BD%CF%83%CF%84%CE%B1%CE%BD%CF%84%CE%AF%CE%BD%CE%BF%CF%85-%CF%80%CE%B5%CF%84%CF%81%CE%AF%CE%B4%CE%B7-%CF%80%CF%81%CE%BF%CF%82-%CF%84%CE%BF%CE%BD-%CF%80%CF%81%CF%8C%CE%B5%CE%B4%CF%81%CE%BF-%CF%84%CE%BF%CF%85-%CE%B4%CE%B7%CE%BA%CE%BF-%CE%BA-%CE%BD%CE%B9%CE%BA%CF%8C%CE%BB%CE%B1-%CF%80%CE%B1%CF%80%CE%B1%CE%B4%CF%8C%CF%80%CE%BF%CF%85%CE%BB%CE%BF> (referer: http://mof.gov.cy/gr/)
2020-09-20 16:36:20 [scrapy.core.scraper] DEBUG: Scraped from <200 http://mof.gov.cy/gr/%CE%B3%CF%81%CE%B1%CF%86%CE%B5%CE%AF%CE%BF-%CF%84%CF%8D%CF%80%CE%BF%CF%85/%CE%B3%CF%81%CE%B1%CF%86%CE%B5%CE%AF%CE%BF-%CF%84%CF%8D%CF%80%CE%BF%CF%85-%CF%85%CF%80%CE%BF%CF%85%CF%81%CE%B3%CE%BF%CF%8D/1-%CE%B1%CF%80%CE%B1%CE%BD%CF%84%CE%B7%CF%84%CE%B9%CE%BA%CE%AE-%CE%B5%CF%80%CE%B9%CF%83%CF%84%CE%BF%CE%BB%CE%AE-%CF%85%CF%80%CE%BF%CF%85%CF%81%CE%B3%CE%BF%CF%8D-%CE%BF%CE%B9%CE%BA%CE%BF%CE%BD%CE%BF%CE%BC%CE%B9%CE%BA%CF%8E%CE%BD-%CE%BA-%CE%BA%CF%89%CE%BD%CF%83%CF%84%CE%B1%CE%BD%CF%84%CE%AF%CE%BD%CE%BF%CF%85-%CF%80%CE%B5%CF%84%CF%81%CE%AF%CE%B4%CE%B7-%CF%80%CF%81%CE%BF%CF%82-%CF%84%CE%BF%CE%BD-%CF%80%CF%81%CF%8C%CE%B5%CE%B4%CF%81%CE%BF-%CF%84%CE%BF%CF%85-%CE%B4%CE%B7%CE%BA%CE%BF-%CE%BA-%CE%BD%CE%B9%CE%BA%CF%8C%CE%BB%CE%B1-%CF%80%CE%B1%CF%80%CE%B1%CE%B4%CF%8C%CF%80%CE%BF%CF%85%CE%BB%CE%BF>
{'extracted_url': 'http://mof.gov.cy/gr/%CE%B3%CF%81%CE%B1%CF%86%CE%B5%CE%AF%CE%BF-%CF%84%CF%8D%CF%80%CE%BF%CF%85/%CE%B3%CF%81%CE%B1%CF%86%CE%B5%CE%AF%CE%BF-%CF%84%CF%8D%CF%80%CE%BF%CF%85-%CF%85%CF%80%CE%BF%CF%85%CF%81%CE%B3%CE%BF%CF%8D/1-%CE%B1%CF%80%CE%B1%CE%BD%CF%84%CE%B7%CF%84%CE%B9%CE%BA%CE%AE-%CE%B5%CF%80%CE%B9%CF%83%CF%84%CE%BF%CE%BB%CE%AE-%CF%85%CF%80%CE%BF%CF%85%CF%81%CE%B3%CE%BF%CF%8D-%CE%BF%CE%B9%CE%BA%CE%BF%CE%BD%CE%BF%CE%BC%CE%B9%CE%BA%CF%8E%CE%BD-%CE%BA-%CE%BA%CF%89%CE%BD%CF%83%CF%84%CE%B1%CE%BD%CF%84%CE%AF%CE%BD%CE%BF%CF%85-%CF%80%CE%B5%CF%84%CF%81%CE%AF%CE%B4%CE%B7-%CF%80%CF%81%CE%BF%CF%82-%CF%84%CE%BF%CE%BD-%CF%80%CF%81%CF%8C%CE%B5%CE%B4%CF%81%CE%BF-%CF%84%CE%BF%CF%85-%CE%B4%CE%B7%CE%BA%CE%BF-%CE%BA-%CE%BD%CE%B9%CE%BA%CF%8C%CE%BB%CE%B1-%CF%80%CE%B1%CF%80%CE%B1%CE%B4%CF%8C%CF%80%CE%BF%CF%85%CE%BB%CE%BF'}
2020-09-20 16:36:20 [scrapy.core.engine] DEBUG: Crawled (200) <GET http://mof.gov.cy/gr/1-%CE%B5%CE%BA%CE%B4%CF%8C%CF%83%CE%B5%CE%B9%CF%82/%CE%BF%CE%B9%CE%BA%CE%BF%CE%BD%CE%BF%CE%BC%CE%B9%CE%BA%CE%AD%CF%82-%CE%B5%CE%BE%CE%B5%CE%BB%CE%AF%CE%BE%CE%B5%CE%B9%CF%82-%CE%BA%CE%B1%CE%B9-%CF%80%CF%81%CE%BF%CE%BF%CF%80%CF%84%CE%B9%CE%BA%CE%AD%CF%82> (referer: http://mof.gov.cy/gr/)
2020-09-20 16:36:20 [scrapy.core.scraper] DEBUG: Scraped from <200 http://mof.gov.cy/gr/1-%CE%B5%CE%BA%CE%B4%CF%8C%CF%83%CE%B5%CE%B9%CF%82/%CE%BF%CE%B9%CE%BA%CE%BF%CE%BD%CE%BF%CE%BC%CE%B9%CE%BA%CE%AD%CF%82-%CE%B5%CE%BE%CE%B5%CE%BB%CE%AF%CE%BE%CE%B5%CE%B9%CF%82-%CE%BA%CE%B1%CE%B9-%CF%80%CF%81%CE%BF%CE%BF%CF%80%CF%84%CE%B9%CE%BA%CE%AD%CF%82>
{'extracted_url': 'http://mof.gov.cy/gr/1-%CE%B5%CE%BA%CE%B4%CF%8C%CF%83%CE%B5%CE%B9%CF%82/%CE%BF%CE%B9%CE%BA%CE%BF%CE%BD%CE%BF%CE%BC%CE%B9%CE%BA%CE%AD%CF%82-%CE%B5%CE%BE%CE%B5%CE%BB%CE%AF%CE%BE%CE%B5%CE%B9%CF%82-%CE%BA%CE%B1%CE%B9-%CF%80%CF%81%CE%BF%CE%BF%CF%80%CF%84%CE%B9%CE%BA%CE%AD%CF%82'}
2020-09-20 16:36:23 [scrapy.core.engine] DEBUG: Crawled (200) <GET http://mof.gov.cy/gr/%CE%B3%CF%81%CE%B1%CF%86%CE%B5%CE%AF%CE%BF-%CF%84%CF%8D%CF%80%CE%BF%CF%85/%CE%B3%CF%81%CE%B1%CF%86%CE%B5%CE%AF%CE%BF-%CF%84%CF%8D%CF%80%CE%BF%CF%85-%CF%85%CF%80%CE%BF%CF%85%CF%81%CE%B3%CE%BF%CF%8D/%CF%80%CE%B1%CF%81%CE%AD%CE%BC%CE%B2%CE%B1%CF%83%CE%B7-%CF%85%CF%80-%CE%BF%CE%B9%CE%BA%CE%BF%CE%BD%CE%BF%CE%BC%CE%B9%CE%BA%CF%8E%CE%BD-%CE%BA%CF%89%CE%BD%CF%83%CF%84%CE%B1%CE%BD%CF%84%CE%AF%CE%BD%CE%BF%CF%85-%CF%80%CE%B5%CF%84%CF%81%CE%AF%CE%B4%CE%B7-%CF%83%CF%84%CE%B7%CE%BD-%CE%BA%CE%BF%CE%B9%CE%BD%CE%BF%CE%B2%CE%BF%CF%85%CE%BB%CE%B5%CF%85%CF%84%CE%B9%CE%BA%CE%AE-%CE%B5%CF%80%CE%B9%CF%84%CF%81%CE%BF%CF%80%CE%AE-%CE%BF%CE%B9%CE%BA%CE%BF%CE%BD%CE%BF%CE%BC%CE%B9%CE%BA%CF%8E%CE%BD-%CE%B3%CE%B9%CE%B1-%CF%84%CE%B7%CE%BD-%CF%80%CE%BF%CF%81%CE%B5%CE%AF%CE%B1-%CE%BA%CE%B1%CE%B9-%CF%84%CE%B9%CF%82-%CF%80%CF%81%CE%BF%CE%BA%CE%BB%CE%AE%CF%83%CE%B5%CE%B9%CF%82-%CF%80%CE%BF%CF%85-%CE%B1%CE%BD%CF%84%CE%B9%CE%BC%CE%B5%CF%84%CF%89%CF%80%CE%AF%CE%B6%CE%B5%CE%B9-%CE%B7-%CE%BF%CE%B9%CE%BA%CE%BF%CE%BD%CE%BF%CE%BC%CE%AF%CE%B1> (referer: http://mof.gov.cy/gr/)
2020-09-20 16:36:23 [scrapy.core.engine] DEBUG: Crawled (200) <GET http://mof.gov.cy/gr/%CE%BD%CE%BF%CE%BC%CE%BF%CE%B8%CE%B5%CF%83%CE%AF%CE%B1/1-%CE%B1%CE%BE%CE%B9%CE%BF%CF%80%CE%BF%CE%AF%CE%B7%CF%83%CE%B7-%CE%BA%CF%81%CE%B1%CF%84%CE%B9%CE%BA%CE%AE%CF%82-%CF%80%CE%B5%CF%81%CE%B9%CE%BF%CF%85%CF%83%CE%AF%CE%B1%CF%82> (referer: http://mof.gov.cy/gr/)
2020-09-20 16:36:23 [scrapy.core.scraper] DEBUG: Scraped from <200 http://mof.gov.cy/gr/%CE%B3%CF%81%CE%B1%CF%86%CE%B5%CE%AF%CE%BF-%CF%84%CF%8D%CF%80%CE%BF%CF%85/%CE%B3%CF%81%CE%B1%CF%86%CE%B5%CE%AF%CE%BF-%CF%84%CF%8D%CF%80%CE%BF%CF%85-%CF%85%CF%80%CE%BF%CF%85%CF%81%CE%B3%CE%BF%CF%8D/%CF%80%CE%B1%CF%81%CE%AD%CE%BC%CE%B2%CE%B1%CF%83%CE%B7-%CF%85%CF%80-%CE%BF%CE%B9%CE%BA%CE%BF%CE%BD%CE%BF%CE%BC%CE%B9%CE%BA%CF%8E%CE%BD-%CE%BA%CF%89%CE%BD%CF%83%CF%84%CE%B1%CE%BD%CF%84%CE%AF%CE%BD%CE%BF%CF%85-%CF%80%CE%B5%CF%84%CF%81%CE%AF%CE%B4%CE%B7-%CF%83%CF%84%CE%B7%CE%BD-%CE%BA%CE%BF%CE%B9%CE%BD%CE%BF%CE%B2%CE%BF%CF%85%CE%BB%CE%B5%CF%85%CF%84%CE%B9%CE%BA%CE%AE-%CE%B5%CF%80%CE%B9%CF%84%CF%81%CE%BF%CF%80%CE%AE-%CE%BF%CE%B9%CE%BA%CE%BF%CE%BD%CE%BF%CE%BC%CE%B9%CE%BA%CF%8E%CE%BD-%CE%B3%CE%B9%CE%B1-%CF%84%CE%B7%CE%BD-%CF%80%CE%BF%CF%81%CE%B5%CE%AF%CE%B1-%CE%BA%CE%B1%CE%B9-%CF%84%CE%B9%CF%82-%CF%80%CF%81%CE%BF%CE%BA%CE%BB%CE%AE%CF%83%CE%B5%CE%B9%CF%82-%CF%80%CE%BF%CF%85-%CE%B1%CE%BD%CF%84%CE%B9%CE%BC%CE%B5%CF%84%CF%89%CF%80%CE%AF%CE%B6%CE%B5%CE%B9-%CE%B7-%CE%BF%CE%B9%CE%BA%CE%BF%CE%BD%CE%BF%CE%BC%CE%AF%CE%B1>
{'extracted_url': 'http://mof.gov.cy/gr/%CE%B3%CF%81%CE%B1%CF%86%CE%B5%CE%AF%CE%BF-%CF%84%CF%8D%CF%80%CE%BF%CF%85/%CE%B3%CF%81%CE%B1%CF%86%CE%B5%CE%AF%CE%BF-%CF%84%CF%8D%CF%80%CE%BF%CF%85-%CF%85%CF%80%CE%BF%CF%85%CF%81%CE%B3%CE%BF%CF%8D/%CF%80%CE%B1%CF%81%CE%AD%CE%BC%CE%B2%CE%B1%CF%83%CE%B7-%CF%85%CF%80-%CE%BF%CE%B9%CE%BA%CE%BF%CE%BD%CE%BF%CE%BC%CE%B9%CE%BA%CF%8E%CE%BD-%CE%BA%CF%89%CE%BD%CF%83%CF%84%CE%B1%CE%BD%CF%84%CE%AF%CE%BD%CE%BF%CF%85-%CF%80%CE%B5%CF%84%CF%81%CE%AF%CE%B4%CE%B7-%CF%83%CF%84%CE%B7%CE%BD-%CE%BA%CE%BF%CE%B9%CE%BD%CE%BF%CE%B2%CE%BF%CF%85%CE%BB%CE%B5%CF%85%CF%84%CE%B9%CE%BA%CE%AE-%CE%B5%CF%80%CE%B9%CF%84%CF%81%CE%BF%CF%80%CE%AE-%CE%BF%CE%B9%CE%BA%CE%BF%CE%BD%CE%BF%CE%BC%CE%B9%CE%BA%CF%8E%CE%BD-%CE%B3%CE%B9%CE%B1-%CF%84%CE%B7%CE%BD-%CF%80%CE%BF%CF%81%CE%B5%CE%AF%CE%B1-%CE%BA%CE%B1%CE%B9-%CF%84%CE%B9%CF%82-%CF%80%CF%81%CE%BF%CE%BA%CE%BB%CE%AE%CF%83%CE%B5%CE%B9%CF%82-%CF%80%CE%BF%CF%85-%CE%B1%CE%BD%CF%84%CE%B9%CE%BC%CE%B5%CF%84%CF%89%CF%80%CE%AF%CE%B6%CE%B5%CE%B9-%CE%B7-%CE%BF%CE%B9%CE%BA%CE%BF%CE%BD%CE%BF%CE%BC%CE%AF%CE%B1'}
2020-09-20 16:36:23 [scrapy.core.scraper] DEBUG: Scraped from <200 http://mof.gov.cy/gr/%CE%BD%CE%BF%CE%BC%CE%BF%CE%B8%CE%B5%CF%83%CE%AF%CE%B1/1-%CE%B1%CE%BE%CE%B9%CE%BF%CF%80%CE%BF%CE%AF%CE%B7%CF%83%CE%B7-%CE%BA%CF%81%CE%B1%CF%84%CE%B9%CE%BA%CE%AE%CF%82-%CF%80%CE%B5%CF%81%CE%B9%CE%BF%CF%85%CF%83%CE%AF%CE%B1%CF%82>
{'extracted_url': 'http://mof.gov.cy/gr/%CE%BD%CE%BF%CE%BC%CE%BF%CE%B8%CE%B5%CF%83%CE%AF%CE%B1/1-%CE%B1%CE%BE%CE%B9%CE%BF%CF%80%CE%BF%CE%AF%CE%B7%CF%83%CE%B7-%CE%BA%CF%81%CE%B1%CF%84%CE%B9%CE%BA%CE%AE%CF%82-%CF%80%CE%B5%CF%81%CE%B9%CE%BF%CF%85%CF%83%CE%AF%CE%B1%CF%82'}
2020-09-20 16:36:23 [scrapy.core.engine] DEBUG: Crawled (200) <GET http://mof.gov.cy/gr/%CE%B3%CF%81%CE%B1%CF%86%CE%B5%CE%AF%CE%BF-%CF%84%CF%8D%CF%80%CE%BF%CF%85/%CE%B3%CF%81%CE%B1%CF%86%CE%B5%CE%AF%CE%BF-%CF%84%CF%8D%CF%80%CE%BF%CF%85-%CF%85%CF%80%CE%BF%CF%85%CF%81%CE%B3%CE%BF%CF%8D/%CE%B4%CE%AE%CE%BB%CF%89%CF%83%CE%B7-%CF%85%CF%80%CE%BF%CF%85%CF%81%CE%B3%CE%BF%CF%8D-%CE%BF%CE%B9%CE%BA%CE%BF%CE%BD%CE%BF%CE%BC%CE%B9%CE%BA%CF%8E%CE%BD-%CE%BA-%CE%BA%CF%89%CE%BD%CF%83%CF%84%CE%B1%CE%BD%CF%84%CE%AF%CE%BD%CE%BF%CF%85-%CF%80%CE%B5%CF%84%CF%81%CE%AF%CE%B4%CE%B7-%CE%BA%CE%B1%CF%84%CF%8C%CF%80%CE%B9%CE%BD-%CF%83%CF%85%CE%BD%CE%AC%CE%BD%CF%84%CE%B7%CF%83%CE%B7%CF%82-%CE%BC%CE%B5-%CF%84%CE%BF%CE%BD-%CF%80%CF%81%CF%8C%CE%B5%CE%B4%CF%81%CE%BF-%CF%84%CE%B7%CF%82-%CE%B5%CF%84%CE%B5%CF%80-%CE%BA-werner-hoyer> (referer: http://mof.gov.cy/gr/)
2020-09-20 16:36:23 [scrapy.core.scraper] DEBUG: Scraped from <200 http://mof.gov.cy/gr/%CE%B3%CF%81%CE%B1%CF%86%CE%B5%CE%AF%CE%BF-%CF%84%CF%8D%CF%80%CE%BF%CF%85/%CE%B3%CF%81%CE%B1%CF%86%CE%B5%CE%AF%CE%BF-%CF%84%CF%8D%CF%80%CE%BF%CF%85-%CF%85%CF%80%CE%BF%CF%85%CF%81%CE%B3%CE%BF%CF%8D/%CE%B4%CE%AE%CE%BB%CF%89%CF%83%CE%B7-%CF%85%CF%80%CE%BF%CF%85%CF%81%CE%B3%CE%BF%CF%8D-%CE%BF%CE%B9%CE%BA%CE%BF%CE%BD%CE%BF%CE%BC%CE%B9%CE%BA%CF%8E%CE%BD-%CE%BA-%CE%BA%CF%89%CE%BD%CF%83%CF%84%CE%B1%CE%BD%CF%84%CE%AF%CE%BD%CE%BF%CF%85-%CF%80%CE%B5%CF%84%CF%81%CE%AF%CE%B4%CE%B7-%CE%BA%CE%B1%CF%84%CF%8C%CF%80%CE%B9%CE%BD-%CF%83%CF%85%CE%BD%CE%AC%CE%BD%CF%84%CE%B7%CF%83%CE%B7%CF%82-%CE%BC%CE%B5-%CF%84%CE%BF%CE%BD-%CF%80%CF%81%CF%8C%CE%B5%CE%B4%CF%81%CE%BF-%CF%84%CE%B7%CF%82-%CE%B5%CF%84%CE%B5%CF%80-%CE%BA-werner-hoyer>
{'extracted_url': 'http://mof.gov.cy/gr/%CE%B3%CF%81%CE%B1%CF%86%CE%B5%CE%AF%CE%BF-%CF%84%CF%8D%CF%80%CE%BF%CF%85/%CE%B3%CF%81%CE%B1%CF%86%CE%B5%CE%AF%CE%BF-%CF%84%CF%8D%CF%80%CE%BF%CF%85-%CF%85%CF%80%CE%BF%CF%85%CF%81%CE%B3%CE%BF%CF%8D/%CE%B4%CE%AE%CE%BB%CF%89%CF%83%CE%B7-%CF%85%CF%80%CE%BF%CF%85%CF%81%CE%B3%CE%BF%CF%8D-%CE%BF%CE%B9%CE%BA%CE%BF%CE%BD%CE%BF%CE%BC%CE%B9%CE%BA%CF%8E%CE%BD-%CE%BA-%CE%BA%CF%89%CE%BD%CF%83%CF%84%CE%B1%CE%BD%CF%84%CE%AF%CE%BD%CE%BF%CF%85-%CF%80%CE%B5%CF%84%CF%81%CE%AF%CE%B4%CE%B7-%CE%BA%CE%B1%CF%84%CF%8C%CF%80%CE%B9%CE%BD-%CF%83%CF%85%CE%BD%CE%AC%CE%BD%CF%84%CE%B7%CF%83%CE%B7%CF%82-%CE%BC%CE%B5-%CF%84%CE%BF%CE%BD-%CF%80%CF%81%CF%8C%CE%B5%CE%B4%CF%81%CE%BF-%CF%84%CE%B7%CF%82-%CE%B5%CF%84%CE%B5%CF%80-%CE%BA-werner-hoyer'}
2020-09-20 16:36:24 [scrapy.core.engine] DEBUG: Crawled (200) <GET http://mof.gov.cy/gr/1-%CE%B5%CE%BA%CE%B4%CF%8C%CF%83%CE%B5%CE%B9%CF%82/%CE%B4%CE%B5%CE%BB%CF%84%CE%AF%CE%B1-%CE%BF%CE%B9%CE%BA%CE%BF%CE%BD%CE%BF%CE%BC%CE%B9%CE%BA%CE%AE%CF%82-%CE%B1%CE%BD%CE%B1%CF%83%CE%BA%CF%8C%CF%80%CE%B7%CF%83%CE%B7%CF%82> (referer: http://mof.gov.cy/gr/)
2020-09-20 16:36:24 [scrapy.core.scraper] DEBUG: Scraped from <200 http://mof.gov.cy/gr/1-%CE%B5%CE%BA%CE%B4%CF%8C%CF%83%CE%B5%CE%B9%CF%82/%CE%B4%CE%B5%CE%BB%CF%84%CE%AF%CE%B1-%CE%BF%CE%B9%CE%BA%CE%BF%CE%BD%CE%BF%CE%BC%CE%B9%CE%BA%CE%AE%CF%82-%CE%B1%CE%BD%CE%B1%CF%83%CE%BA%CF%8C%CF%80%CE%B7%CF%83%CE%B7%CF%82>
{'extracted_url': 'http://mof.gov.cy/gr/1-%CE%B5%CE%BA%CE%B4%CF%8C%CF%83%CE%B5%CE%B9%CF%82/%CE%B4%CE%B5%CE%BB%CF%84%CE%AF%CE%B1-%CE%BF%CE%B9%CE%BA%CE%BF%CE%BD%CE%BF%CE%BC%CE%B9%CE%BA%CE%AE%CF%82-%CE%B1%CE%BD%CE%B1%CF%83%CE%BA%CF%8C%CF%80%CE%B7%CF%83%CE%B7%CF%82'}
2020-09-20 16:36:25 [scrapy.core.engine] DEBUG: Crawled (200) <GET http://mof.gov.cy/gr/%CE%BD%CE%BF%CE%BC%CE%BF%CE%B8%CE%B5%CF%83%CE%AF%CE%B1/%CE%B5%CE%BA%CF%83%CF%85%CE%B3%CF%87%CF%81%CE%BF%CE%BD%CE%B9%CF%83%CE%BC%CF%8C%CF%82-%CE%BA%CE%B1%CE%B9%CE%BD%CE%BF%CF%84%CE%BF%CE%BC%CE%AF%CE%B1> (referer: http://mof.gov.cy/gr/)
2020-09-20 16:36:25 [scrapy.core.engine] DEBUG: Crawled (200) <GET http://mof.gov.cy/gr/%CE%B3%CF%81%CE%B1%CF%86%CE%B5%CE%AF%CE%BF-%CF%84%CF%8D%CF%80%CE%BF%CF%85/%CE%B3%CF%81%CE%B1%CF%86%CE%B5%CE%AF%CE%BF-%CF%84%CF%8D%CF%80%CE%BF%CF%85-%CF%85%CF%80%CE%BF%CF%85%CF%81%CE%B3%CE%BF%CF%8D/%CE%BD%CE%AD%CE%B1-%CE%B1%CE%BE%CE%B9%CE%BF%CE%BB%CF%8C%CE%B3%CE%B7%CF%83%CE%B7-%CF%84%CE%B7%CF%82-%CF%80%CE%B9%CF%83%CF%84%CE%BF%CE%BB%CE%B7%CF%80%CF%84%CE%B9%CE%BA%CE%AE%CF%82-%CE%B9%CE%BA%CE%B1%CE%BD%CF%8C%CF%84%CE%B7%CF%84%CE%B1%CF%82-%CF%84%CE%B7%CF%82-%CE%BA%CF%85%CF%80%CF%81%CE%B9%CE%B1%CE%BA%CE%AE%CF%82-%CE%B4%CE%B7%CE%BC%CE%BF%CE%BA%CF%81%CE%B1%CF%84%CE%AF%CE%B1%CF%82-%CE%B1%CF%80%CF%8C-%CF%84%CE%BF%CE%BD-%CE%BF%CE%AF%CE%BA%CE%BF-standard-poor-s> (referer: http://mof.gov.cy/gr/)
2020-09-20 16:36:25 [scrapy.core.scraper] DEBUG: Scraped from <200 http://mof.gov.cy/gr/%CE%BD%CE%BF%CE%BC%CE%BF%CE%B8%CE%B5%CF%83%CE%AF%CE%B1/%CE%B5%CE%BA%CF%83%CF%85%CE%B3%CF%87%CF%81%CE%BF%CE%BD%CE%B9%CF%83%CE%BC%CF%8C%CF%82-%CE%BA%CE%B1%CE%B9%CE%BD%CE%BF%CF%84%CE%BF%CE%BC%CE%AF%CE%B1>
{'extracted_url': 'http://mof.gov.cy/gr/%CE%BD%CE%BF%CE%BC%CE%BF%CE%B8%CE%B5%CF%83%CE%AF%CE%B1/%CE%B5%CE%BA%CF%83%CF%85%CE%B3%CF%87%CF%81%CE%BF%CE%BD%CE%B9%CF%83%CE%BC%CF%8C%CF%82-%CE%BA%CE%B1%CE%B9%CE%BD%CE%BF%CF%84%CE%BF%CE%BC%CE%AF%CE%B1'}
2020-09-20 16:36:25 [scrapy.core.scraper] DEBUG: Scraped from <200 http://mof.gov.cy/gr/%CE%B3%CF%81%CE%B1%CF%86%CE%B5%CE%AF%CE%BF-%CF%84%CF%8D%CF%80%CE%BF%CF%85/%CE%B3%CF%81%CE%B1%CF%86%CE%B5%CE%AF%CE%BF-%CF%84%CF%8D%CF%80%CE%BF%CF%85-%CF%85%CF%80%CE%BF%CF%85%CF%81%CE%B3%CE%BF%CF%8D/%CE%BD%CE%AD%CE%B1-%CE%B1%CE%BE%CE%B9%CE%BF%CE%BB%CF%8C%CE%B3%CE%B7%CF%83%CE%B7-%CF%84%CE%B7%CF%82-%CF%80%CE%B9%CF%83%CF%84%CE%BF%CE%BB%CE%B7%CF%80%CF%84%CE%B9%CE%BA%CE%AE%CF%82-%CE%B9%CE%BA%CE%B1%CE%BD%CF%8C%CF%84%CE%B7%CF%84%CE%B1%CF%82-%CF%84%CE%B7%CF%82-%CE%BA%CF%85%CF%80%CF%81%CE%B9%CE%B1%CE%BA%CE%AE%CF%82-%CE%B4%CE%B7%CE%BC%CE%BF%CE%BA%CF%81%CE%B1%CF%84%CE%AF%CE%B1%CF%82-%CE%B1%CF%80%CF%8C-%CF%84%CE%BF%CE%BD-%CE%BF%CE%AF%CE%BA%CE%BF-standard-poor-s>
{'extracted_url': 'http://mof.gov.cy/gr/%CE%B3%CF%81%CE%B1%CF%86%CE%B5%CE%AF%CE%BF-%CF%84%CF%8D%CF%80%CE%BF%CF%85/%CE%B3%CF%81%CE%B1%CF%86%CE%B5%CE%AF%CE%BF-%CF%84%CF%8D%CF%80%CE%BF%CF%85-%CF%85%CF%80%CE%BF%CF%85%CF%81%CE%B3%CE%BF%CF%8D/%CE%BD%CE%AD%CE%B1-%CE%B1%CE%BE%CE%B9%CE%BF%CE%BB%CF%8C%CE%B3%CE%B7%CF%83%CE%B7-%CF%84%CE%B7%CF%82-%CF%80%CE%B9%CF%83%CF%84%CE%BF%CE%BB%CE%B7%CF%80%CF%84%CE%B9%CE%BA%CE%AE%CF%82-%CE%B9%CE%BA%CE%B1%CE%BD%CF%8C%CF%84%CE%B7%CF%84%CE%B1%CF%82-%CF%84%CE%B7%CF%82-%CE%BA%CF%85%CF%80%CF%81%CE%B9%CE%B1%CE%BA%CE%AE%CF%82-%CE%B4%CE%B7%CE%BC%CE%BF%CE%BA%CF%81%CE%B1%CF%84%CE%AF%CE%B1%CF%82-%CE%B1%CF%80%CF%8C-%CF%84%CE%BF%CE%BD-%CE%BF%CE%AF%CE%BA%CE%BF-standard-poor-s'}
2020-09-20 16:36:26 [scrapy.core.engine] DEBUG: Crawled (200) <GET http://mof.gov.cy/gr/%CE%B3%CF%81%CE%B1%CF%86%CE%B5%CE%AF%CE%BF-%CF%84%CF%8D%CF%80%CE%BF%CF%85/%CE%B3%CF%81%CE%B1%CF%86%CE%B5%CE%AF%CE%BF-%CF%84%CF%8D%CF%80%CE%BF%CF%85-%CF%85%CF%80%CE%BF%CF%85%CF%81%CE%B3%CE%BF%CF%8D/%CE%B4%CE%AE%CE%BB%CF%89%CF%83%CE%B7-%CF%85%CF%80%CE%BF%CF%85%CF%81%CE%B3%CE%BF%CF%8D-%CE%BF%CE%B9%CE%BA%CE%BF%CE%BD%CE%BF%CE%BC%CE%B9%CE%BA%CF%8E%CE%BD-%CE%B3%CE%B9%CE%B1-%CF%84%CE%B7%CE%BD-%CF%85%CF%80%CE%BF%CE%B3%CF%81%CE%B1%CF%86%CE%AE-%CF%84%CE%BF%CF%85-%CF%80%CF%81%CF%89%CF%84%CE%BF%CE%BA%CF%8C%CE%BB%CE%BB%CE%BF%CF%85-%CF%80%CE%BF%CF%85-%CF%84%CF%81%CE%BF%CF%80%CE%BF%CF%80%CE%BF%CE%B9%CE%B5%CE%AF-%CF%84%CE%B7-%CF%83%CF%85%CE%BC%CF%86%CF%89%CE%BD%CE%AF%CE%B1-%CE%B3%CE%B9%CE%B1-%CE%B1%CF%80%CE%BF%CF%86%CF%85%CE%B3%CE%AE-%CE%B4%CE%B9%CF%80%CE%BB%CE%AE%CF%82-%CF%86%CE%BF%CF%81%CE%BF%CE%BB%CE%BF%CE%B3%CE%AF%CE%B1%CF%82-%CE%BC%CE%B5%CF%84%CE%B1%CE%BE%CF%8D-%CE%BA%CE%B4-%CE%BA%CE%B1%CE%B9-%CF%81%CF%89%CF%83%CE%B9%CE%BA%CE%AE%CF%82-%CE%BF%CE%BC%CE%BF%CF%83%CF%80%CE%BF%CE%BD%CE%B4%CE%AF%CE%B1%CF%82> (referer: http://mof.gov.cy/gr/)
2020-09-20 16:36:26 [scrapy.core.scraper] DEBUG: Scraped from <200 http://mof.gov.cy/gr/%CE%B3%CF%81%CE%B1%CF%86%CE%B5%CE%AF%CE%BF-%CF%84%CF%8D%CF%80%CE%BF%CF%85/%CE%B3%CF%81%CE%B1%CF%86%CE%B5%CE%AF%CE%BF-%CF%84%CF%8D%CF%80%CE%BF%CF%85-%CF%85%CF%80%CE%BF%CF%85%CF%81%CE%B3%CE%BF%CF%8D/%CE%B4%CE%AE%CE%BB%CF%89%CF%83%CE%B7-%CF%85%CF%80%CE%BF%CF%85%CF%81%CE%B3%CE%BF%CF%8D-%CE%BF%CE%B9%CE%BA%CE%BF%CE%BD%CE%BF%CE%BC%CE%B9%CE%BA%CF%8E%CE%BD-%CE%B3%CE%B9%CE%B1-%CF%84%CE%B7%CE%BD-%CF%85%CF%80%CE%BF%CE%B3%CF%81%CE%B1%CF%86%CE%AE-%CF%84%CE%BF%CF%85-%CF%80%CF%81%CF%89%CF%84%CE%BF%CE%BA%CF%8C%CE%BB%CE%BB%CE%BF%CF%85-%CF%80%CE%BF%CF%85-%CF%84%CF%81%CE%BF%CF%80%CE%BF%CF%80%CE%BF%CE%B9%CE%B5%CE%AF-%CF%84%CE%B7-%CF%83%CF%85%CE%BC%CF%86%CF%89%CE%BD%CE%AF%CE%B1-%CE%B3%CE%B9%CE%B1-%CE%B1%CF%80%CE%BF%CF%86%CF%85%CE%B3%CE%AE-%CE%B4%CE%B9%CF%80%CE%BB%CE%AE%CF%82-%CF%86%CE%BF%CF%81%CE%BF%CE%BB%CE%BF%CE%B3%CE%AF%CE%B1%CF%82-%CE%BC%CE%B5%CF%84%CE%B1%CE%BE%CF%8D-%CE%BA%CE%B4-%CE%BA%CE%B1%CE%B9-%CF%81%CF%89%CF%83%CE%B9%CE%BA%CE%AE%CF%82-%CE%BF%CE%BC%CE%BF%CF%83%CF%80%CE%BF%CE%BD%CE%B4%CE%AF%CE%B1%CF%82>
{'extracted_url': 'http://mof.gov.cy/gr/%CE%B3%CF%81%CE%B1%CF%86%CE%B5%CE%AF%CE%BF-%CF%84%CF%8D%CF%80%CE%BF%CF%85/%CE%B3%CF%81%CE%B1%CF%86%CE%B5%CE%AF%CE%BF-%CF%84%CF%8D%CF%80%CE%BF%CF%85-%CF%85%CF%80%CE%BF%CF%85%CF%81%CE%B3%CE%BF%CF%8D/%CE%B4%CE%AE%CE%BB%CF%89%CF%83%CE%B7-%CF%85%CF%80%CE%BF%CF%85%CF%81%CE%B3%CE%BF%CF%8D-%CE%BF%CE%B9%CE%BA%CE%BF%CE%BD%CE%BF%CE%BC%CE%B9%CE%BA%CF%8E%CE%BD-%CE%B3%CE%B9%CE%B1-%CF%84%CE%B7%CE%BD-%CF%85%CF%80%CE%BF%CE%B3%CF%81%CE%B1%CF%86%CE%AE-%CF%84%CE%BF%CF%85-%CF%80%CF%81%CF%89%CF%84%CE%BF%CE%BA%CF%8C%CE%BB%CE%BB%CE%BF%CF%85-%CF%80%CE%BF%CF%85-%CF%84%CF%81%CE%BF%CF%80%CE%BF%CF%80%CE%BF%CE%B9%CE%B5%CE%AF-%CF%84%CE%B7-%CF%83%CF%85%CE%BC%CF%86%CF%89%CE%BD%CE%AF%CE%B1-%CE%B3%CE%B9%CE%B1-%CE%B1%CF%80%CE%BF%CF%86%CF%85%CE%B3%CE%AE-%CE%B4%CE%B9%CF%80%CE%BB%CE%AE%CF%82-%CF%86%CE%BF%CF%81%CE%BF%CE%BB%CE%BF%CE%B3%CE%AF%CE%B1%CF%82-%CE%BC%CE%B5%CF%84%CE%B1%CE%BE%CF%8D-%CE%BA%CE%B4-%CE%BA%CE%B1%CE%B9-%CF%81%CF%89%CF%83%CE%B9%CE%BA%CE%AE%CF%82-%CE%BF%CE%BC%CE%BF%CF%83%CF%80%CE%BF%CE%BD%CE%B4%CE%AF%CE%B1%CF%82'}
2020-09-20 16:36:26 [urllib3.connectionpool] DEBUG: Starting new HTTP connection (1): axe.checkers.eiii.eu
2020-09-20 16:36:26 [urllib3.connectionpool] DEBUG: Starting new HTTP connection (2): axe.checkers.eiii.eu
2020-09-20 16:36:26 [urllib3.connectionpool] DEBUG: Starting new HTTP connection (3): axe.checkers.eiii.eu
2020-09-20 16:36:26 [urllib3.connectionpool] DEBUG: Starting new HTTP connection (4): axe.checkers.eiii.eu
2020-09-20 16:37:26 [urllib3.connectionpool] DEBUG: http://axe.checkers.eiii.eu:80 "GET /export-jsonld/pagecheck2.0/?url=http://mof.gov.cy/en/ HTTP/1.1" 504 182
2020-09-20 16:37:26 [urllib3.connectionpool] DEBUG: http://axe.checkers.eiii.eu:80 "GET /export-jsonld/pagecheck2.0/?url=http://mof.gov.cy/gr/%CE%B4%CE%B9%CE%B5%CF%85%CE%B8%CF%8D%CE%BD%CF%83%CE%B5%CE%B9%CF%82-%CE%BA%CE%B1%CE%B9-%CE%BC%CE%BF%CE%BD%CE%AC%CE%B4%CE%B5%CF%82 HTTP/1.1" 504 182
2020-09-20 16:37:26 [urllib3.util.retry] DEBUG: Incremented Retry for (url='/export-jsonld/pagecheck2.0/?url=http://mof.gov.cy/gr/%CE%B4%CE%B9%CE%B5%CF%85%CE%B8%CF%8D%CE%BD%CF%83%CE%B5%CE%B9%CF%82-%CE%BA%CE%B1%CE%B9-%CE%BC%CE%BF%CE%BD%CE%AC%CE%B4%CE%B5%CF%82'): Retry(total=2, connect=3, read=3, redirect=None, status=None)
2020-09-20 16:37:26 [urllib3.util.retry] DEBUG: Incremented Retry for (url='/export-jsonld/pagecheck2.0/?url=http://mof.gov.cy/en/'): Retry(total=2, connect=3, read=3, redirect=None, status=None)
2020-09-20 16:37:26 [urllib3.connectionpool] DEBUG: http://axe.checkers.eiii.eu:80 "GET /export-jsonld/pagecheck2.0/?url=http://mof.gov.cy/gr/ HTTP/1.1" 504 182
2020-09-20 16:37:26 [urllib3.util.retry] DEBUG: Incremented Retry for (url='/export-jsonld/pagecheck2.0/?url=http://mof.gov.cy/gr/'): Retry(total=2, connect=3, read=3, redirect=None, status=None)
2020-09-20 16:37:26 [urllib3.connectionpool] DEBUG: Retry: /export-jsonld/pagecheck2.0/?url=http://mof.gov.cy/en/
2020-09-20 16:37:26 [urllib3.connectionpool] DEBUG: Retry: /export-jsonld/pagecheck2.0/?url=http://mof.gov.cy/gr/%CE%B4%CE%B9%CE%B5%CF%85%CE%B8%CF%8D%CE%BD%CF%83%CE%B5%CE%B9%CF%82-%CE%BA%CE%B1%CE%B9-%CE%BC%CE%BF%CE%BD%CE%AC%CE%B4%CE%B5%CF%82
2020-09-20 16:37:26 [urllib3.connectionpool] DEBUG: Retry: /export-jsonld/pagecheck2.0/?url=http://mof.gov.cy/gr/
2020-09-20 16:37:27 [urllib3.connectionpool] DEBUG: http://axe.checkers.eiii.eu:80 "GET /export-jsonld/pagecheck2.0/?url=http://mof.gov.cy/gr/%CE%B3%CF%81%CE%B1%CF%86%CE%B5%CE%AF%CE%BF-%CF%84%CF%8D%CF%80%CE%BF%CF%85/%CE%B1%CE%BD%CE%B1%CE%BA%CE%BF%CE%B9%CE%BD%CF%8E%CF%83%CE%B5%CE%B9%CF%82-%CE%B5%CE%B3%CE%BA%CF%8D%CE%BA%CE%BB%CE%B9%CE%BF%CE%B9-%CF%85%CF%80%CE%BF%CF%85%CF%81%CE%B3%CE%B5%CE%AF%CE%BF%CF%85 HTTP/1.1" 504 182
2020-09-20 16:37:27 [urllib3.util.retry] DEBUG: Incremented Retry for (url='/export-jsonld/pagecheck2.0/?url=http://mof.gov.cy/gr/%CE%B3%CF%81%CE%B1%CF%86%CE%B5%CE%AF%CE%BF-%CF%84%CF%8D%CF%80%CE%BF%CF%85/%CE%B1%CE%BD%CE%B1%CE%BA%CE%BF%CE%B9%CE%BD%CF%8E%CF%83%CE%B5%CE%B9%CF%82-%CE%B5%CE%B3%CE%BA%CF%8D%CE%BA%CE%BB%CE%B9%CE%BF%CE%B9-%CF%85%CF%80%CE%BF%CF%85%CF%81%CE%B3%CE%B5%CE%AF%CE%BF%CF%85'): Retry(total=2, connect=3, read=3, redirect=None, status=None)
2020-09-20 16:37:27 [urllib3.connectionpool] DEBUG: Retry: /export-jsonld/pagecheck2.0/?url=http://mof.gov.cy/gr/%CE%B3%CF%81%CE%B1%CF%86%CE%B5%CE%AF%CE%BF-%CF%84%CF%8D%CF%80%CE%BF%CF%85/%CE%B1%CE%BD%CE%B1%CE%BA%CE%BF%CE%B9%CE%BD%CF%8E%CF%83%CE%B5%CE%B9%CF%82-%CE%B5%CE%B3%CE%BA%CF%8D%CE%BA%CE%BB%CE%B9%CE%BF%CE%B9-%CF%85%CF%80%CE%BF%CF%85%CF%81%CE%B3%CE%B5%CE%AF%CE%BF%CF%85
2020-09-20 16:38:26 [urllib3.connectionpool] DEBUG: http://axe.checkers.eiii.eu:80 "GET /export-jsonld/pagecheck2.0/?url=http://mof.gov.cy/gr/ HTTP/1.1" 504 182
2020-09-20 16:38:26 [urllib3.util.retry] DEBUG: Incremented Retry for (url='/export-jsonld/pagecheck2.0/?url=http://mof.gov.cy/gr/'): Retry(total=1, connect=3, read=3, redirect=None, status=None)
2020-09-20 16:38:27 [urllib3.connectionpool] DEBUG: http://axe.checkers.eiii.eu:80 "GET /export-jsonld/pagecheck2.0/?url=http://mof.gov.cy/gr/%CE%B4%CE%B9%CE%B5%CF%85%CE%B8%CF%8D%CE%BD%CF%83%CE%B5%CE%B9%CF%82-%CE%BA%CE%B1%CE%B9-%CE%BC%CE%BF%CE%BD%CE%AC%CE%B4%CE%B5%CF%82 HTTP/1.1" 504 182
2020-09-20 16:38:27 [urllib3.util.retry] DEBUG: Incremented Retry for (url='/export-jsonld/pagecheck2.0/?url=http://mof.gov.cy/gr/%CE%B4%CE%B9%CE%B5%CF%85%CE%B8%CF%8D%CE%BD%CF%83%CE%B5%CE%B9%CF%82-%CE%BA%CE%B1%CE%B9-%CE%BC%CE%BF%CE%BD%CE%AC%CE%B4%CE%B5%CF%82'): Retry(total=1, connect=3, read=3, redirect=None, status=None)
2020-09-20 16:38:27 [urllib3.connectionpool] DEBUG: http://axe.checkers.eiii.eu:80 "GET /export-jsonld/pagecheck2.0/?url=http://mof.gov.cy/en/ HTTP/1.1" 504 182
2020-09-20 16:38:27 [urllib3.util.retry] DEBUG: Incremented Retry for (url='/export-jsonld/pagecheck2.0/?url=http://mof.gov.cy/en/'): Retry(total=1, connect=3, read=3, redirect=None, status=None)
2020-09-20 16:38:27 [urllib3.connectionpool] DEBUG: Retry: /export-jsonld/pagecheck2.0/?url=http://mof.gov.cy/gr/
2020-09-20 16:38:27 [urllib3.connectionpool] DEBUG: Retry: /export-jsonld/pagecheck2.0/?url=http://mof.gov.cy/gr/%CE%B4%CE%B9%CE%B5%CF%85%CE%B8%CF%8D%CE%BD%CF%83%CE%B5%CE%B9%CF%82-%CE%BA%CE%B1%CE%B9-%CE%BC%CE%BF%CE%BD%CE%AC%CE%B4%CE%B5%CF%82
2020-09-20 16:38:27 [urllib3.connectionpool] DEBUG: Retry: /export-jsonld/pagecheck2.0/?url=http://mof.gov.cy/en/
2020-09-20 16:38:28 [urllib3.connectionpool] DEBUG: http://axe.checkers.eiii.eu:80 "GET /export-jsonld/pagecheck2.0/?url=http://mof.gov.cy/gr/%CE%B3%CF%81%CE%B1%CF%86%CE%B5%CE%AF%CE%BF-%CF%84%CF%8D%CF%80%CE%BF%CF%85/%CE%B1%CE%BD%CE%B1%CE%BA%CE%BF%CE%B9%CE%BD%CF%8E%CF%83%CE%B5%CE%B9%CF%82-%CE%B5%CE%B3%CE%BA%CF%8D%CE%BA%CE%BB%CE%B9%CE%BF%CE%B9-%CF%85%CF%80%CE%BF%CF%85%CF%81%CE%B3%CE%B5%CE%AF%CE%BF%CF%85 HTTP/1.1" 504 182
2020-09-20 16:38:28 [urllib3.util.retry] DEBUG: Incremented Retry for (url='/export-jsonld/pagecheck2.0/?url=http://mof.gov.cy/gr/%CE%B3%CF%81%CE%B1%CF%86%CE%B5%CE%AF%CE%BF-%CF%84%CF%8D%CF%80%CE%BF%CF%85/%CE%B1%CE%BD%CE%B1%CE%BA%CE%BF%CE%B9%CE%BD%CF%8E%CF%83%CE%B5%CE%B9%CF%82-%CE%B5%CE%B3%CE%BA%CF%8D%CE%BA%CE%BB%CE%B9%CE%BF%CE%B9-%CF%85%CF%80%CE%BF%CF%85%CF%81%CE%B3%CE%B5%CE%AF%CE%BF%CF%85'): Retry(total=1, connect=3, read=3, redirect=None, status=None)
2020-09-20 16:38:28 [urllib3.connectionpool] DEBUG: Retry: /export-jsonld/pagecheck2.0/?url=http://mof.gov.cy/gr/%CE%B3%CF%81%CE%B1%CF%86%CE%B5%CE%AF%CE%BF-%CF%84%CF%8D%CF%80%CE%BF%CF%85/%CE%B1%CE%BD%CE%B1%CE%BA%CE%BF%CE%B9%CE%BD%CF%8E%CF%83%CE%B5%CE%B9%CF%82-%CE%B5%CE%B3%CE%BA%CF%8D%CE%BA%CE%BB%CE%B9%CE%BF%CE%B9-%CF%85%CF%80%CE%BF%CF%85%CF%81%CE%B3%CE%B5%CE%AF%CE%BF%CF%85
2020-09-20 16:39:27 [urllib3.connectionpool] DEBUG: http://axe.checkers.eiii.eu:80 "GET /export-jsonld/pagecheck2.0/?url=http://mof.gov.cy/gr/ HTTP/1.1" 504 182
2020-09-20 16:39:27 [urllib3.util.retry] DEBUG: Incremented Retry for (url='/export-jsonld/pagecheck2.0/?url=http://mof.gov.cy/gr/'): Retry(total=0, connect=3, read=3, redirect=None, status=None)
2020-09-20 16:39:28 [urllib3.connectionpool] DEBUG: http://axe.checkers.eiii.eu:80 "GET /export-jsonld/pagecheck2.0/?url=http://mof.gov.cy/en/ HTTP/1.1" 504 182
2020-09-20 16:39:28 [urllib3.connectionpool] DEBUG: http://axe.checkers.eiii.eu:80 "GET /export-jsonld/pagecheck2.0/?url=http://mof.gov.cy/gr/%CE%B4%CE%B9%CE%B5%CF%85%CE%B8%CF%8D%CE%BD%CF%83%CE%B5%CE%B9%CF%82-%CE%BA%CE%B1%CE%B9-%CE%BC%CE%BF%CE%BD%CE%AC%CE%B4%CE%B5%CF%82 HTTP/1.1" 504 182
2020-09-20 16:39:28 [urllib3.util.retry] DEBUG: Incremented Retry for (url='/export-jsonld/pagecheck2.0/?url=http://mof.gov.cy/en/'): Retry(total=0, connect=3, read=3, redirect=None, status=None)
2020-09-20 16:39:28 [urllib3.util.retry] DEBUG: Incremented Retry for (url='/export-jsonld/pagecheck2.0/?url=http://mof.gov.cy/gr/%CE%B4%CE%B9%CE%B5%CF%85%CE%B8%CF%8D%CE%BD%CF%83%CE%B5%CE%B9%CF%82-%CE%BA%CE%B1%CE%B9-%CE%BC%CE%BF%CE%BD%CE%AC%CE%B4%CE%B5%CF%82'): Retry(total=0, connect=3, read=3, redirect=None, status=None)
2020-09-20 16:39:28 [urllib3.connectionpool] DEBUG: Retry: /export-jsonld/pagecheck2.0/?url=http://mof.gov.cy/gr/
2020-09-20 16:39:29 [urllib3.connectionpool] DEBUG: http://axe.checkers.eiii.eu:80 "GET /export-jsonld/pagecheck2.0/?url=http://mof.gov.cy/gr/%CE%B3%CF%81%CE%B1%CF%86%CE%B5%CE%AF%CE%BF-%CF%84%CF%8D%CF%80%CE%BF%CF%85/%CE%B1%CE%BD%CE%B1%CE%BA%CE%BF%CE%B9%CE%BD%CF%8E%CF%83%CE%B5%CE%B9%CF%82-%CE%B5%CE%B3%CE%BA%CF%8D%CE%BA%CE%BB%CE%B9%CE%BF%CE%B9-%CF%85%CF%80%CE%BF%CF%85%CF%81%CE%B3%CE%B5%CE%AF%CE%BF%CF%85 HTTP/1.1" 504 182
2020-09-20 16:39:29 [urllib3.util.retry] DEBUG: Incremented Retry for (url='/export-jsonld/pagecheck2.0/?url=http://mof.gov.cy/gr/%CE%B3%CF%81%CE%B1%CF%86%CE%B5%CE%AF%CE%BF-%CF%84%CF%8D%CF%80%CE%BF%CF%85/%CE%B1%CE%BD%CE%B1%CE%BA%CE%BF%CE%B9%CE%BD%CF%8E%CF%83%CE%B5%CE%B9%CF%82-%CE%B5%CE%B3%CE%BA%CF%8D%CE%BA%CE%BB%CE%B9%CE%BF%CE%B9-%CF%85%CF%80%CE%BF%CF%85%CF%81%CE%B3%CE%B5%CE%AF%CE%BF%CF%85'): Retry(total=0, connect=3, read=3, redirect=None, status=None)
2020-09-20 16:39:29 [urllib3.connectionpool] DEBUG: Retry: /export-jsonld/pagecheck2.0/?url=http://mof.gov.cy/en/
2020-09-20 16:39:29 [urllib3.connectionpool] DEBUG: Retry: /export-jsonld/pagecheck2.0/?url=http://mof.gov.cy/gr/%CE%B4%CE%B9%CE%B5%CF%85%CE%B8%CF%8D%CE%BD%CF%83%CE%B5%CE%B9%CF%82-%CE%BA%CE%B1%CE%B9-%CE%BC%CE%BF%CE%BD%CE%AC%CE%B4%CE%B5%CF%82
2020-09-20 16:39:30 [urllib3.connectionpool] DEBUG: Retry: /export-jsonld/pagecheck2.0/?url=http://mof.gov.cy/gr/%CE%B3%CF%81%CE%B1%CF%86%CE%B5%CE%AF%CE%BF-%CF%84%CF%8D%CF%80%CE%BF%CF%85/%CE%B1%CE%BD%CE%B1%CE%BA%CE%BF%CE%B9%CE%BD%CF%8E%CF%83%CE%B5%CE%B9%CF%82-%CE%B5%CE%B3%CE%BA%CF%8D%CE%BA%CE%BB%CE%B9%CE%BF%CE%B9-%CF%85%CF%80%CE%BF%CF%85%CF%81%CE%B3%CE%B5%CE%AF%CE%BF%CF%85
2020-09-20 16:40:29 [urllib3.connectionpool] DEBUG: http://axe.checkers.eiii.eu:80 "GET /export-jsonld/pagecheck2.0/?url=http://mof.gov.cy/gr/ HTTP/1.1" 504 182
2020-09-20 16:40:29 [urllib3.connectionpool] DEBUG: http://axe.checkers.eiii.eu:80 "GET /export-jsonld/pagecheck2.0/?url=http://mof.gov.cy/gr/%CE%B4%CE%B9%CE%B5%CF%85%CE%B8%CF%8D%CE%BD%CF%83%CE%B5%CE%B9%CF%82-%CE%BA%CE%B1%CE%B9-%CE%BC%CE%BF%CE%BD%CE%AC%CE%B4%CE%B5%CF%82 HTTP/1.1" 504 182
2020-09-20 16:40:29 [urllib3.connectionpool] DEBUG: http://axe.checkers.eiii.eu:80 "GET /export-jsonld/pagecheck2.0/?url=http://mof.gov.cy/en/ HTTP/1.1" 504 182
2020-09-20 16:40:30 [urllib3.connectionpool] DEBUG: http://axe.checkers.eiii.eu:80 "GET /export-jsonld/pagecheck2.0/?url=http://mof.gov.cy/gr/%CE%B3%CF%81%CE%B1%CF%86%CE%B5%CE%AF%CE%BF-%CF%84%CF%8D%CF%80%CE%BF%CF%85/%CE%B1%CE%BD%CE%B1%CE%BA%CE%BF%CE%B9%CE%BD%CF%8E%CF%83%CE%B5%CE%B9%CF%82-%CE%B5%CE%B3%CE%BA%CF%8D%CE%BA%CE%BB%CE%B9%CE%BF%CE%B9-%CF%85%CF%80%CE%BF%CF%85%CF%81%CE%B3%CE%B5%CE%AF%CE%BF%CF%85 HTTP/1.1" 504 182
2020-09-20 16:41:29 [urllib3.connectionpool] DEBUG: http://axe.checkers.eiii.eu:80 "GET /export-jsonld/pagecheck2.0/?url=http://mof.gov.cy/gr/%CE%B3%CF%81%CE%B1%CF%86%CE%B5%CE%AF%CE%BF-%CF%84%CF%8D%CF%80%CE%BF%CF%85/%CE%B3%CF%81%CE%B1%CF%86%CE%B5%CE%AF%CE%BF-%CF%84%CF%8D%CF%80%CE%BF%CF%85-%CF%85%CF%80%CE%BF%CF%85%CF%81%CE%B3%CE%BF%CF%8D HTTP/1.1" 504 182
2020-09-20 16:41:29 [urllib3.util.retry] DEBUG: Incremented Retry for (url='/export-jsonld/pagecheck2.0/?url=http://mof.gov.cy/gr/%CE%B3%CF%81%CE%B1%CF%86%CE%B5%CE%AF%CE%BF-%CF%84%CF%8D%CF%80%CE%BF%CF%85/%CE%B3%CF%81%CE%B1%CF%86%CE%B5%CE%AF%CE%BF-%CF%84%CF%8D%CF%80%CE%BF%CF%85-%CF%85%CF%80%CE%BF%CF%85%CF%81%CE%B3%CE%BF%CF%8D'): Retry(total=2, connect=3, read=3, redirect=None, status=None)
2020-09-20 16:41:29 [urllib3.connectionpool] DEBUG: Retry: /export-jsonld/pagecheck2.0/?url=http://mof.gov.cy/gr/%CE%B3%CF%81%CE%B1%CF%86%CE%B5%CE%AF%CE%BF-%CF%84%CF%8D%CF%80%CE%BF%CF%85/%CE%B3%CF%81%CE%B1%CF%86%CE%B5%CE%AF%CE%BF-%CF%84%CF%8D%CF%80%CE%BF%CF%85-%CF%85%CF%80%CE%BF%CF%85%CF%81%CE%B3%CE%BF%CF%8D
2020-09-20 16:41:29 [urllib3.connectionpool] DEBUG: http://axe.checkers.eiii.eu:80 "GET /export-jsonld/pagecheck2.0/?url=http://mof.gov.cy/gr/%CE%BF%CE%B9%CE%BA%CE%BF%CE%BD%CE%BF%CE%BC%CE%B9%CE%BA%CE%BF%CE%AF-%CE%B4%CE%B5%CE%AF%CE%BA%CF%84%CE%B5%CF%82 HTTP/1.1" 504 182
2020-09-20 16:41:29 [urllib3.util.retry] DEBUG: Incremented Retry for (url='/export-jsonld/pagecheck2.0/?url=http://mof.gov.cy/gr/%CE%BF%CE%B9%CE%BA%CE%BF%CE%BD%CE%BF%CE%BC%CE%B9%CE%BA%CE%BF%CE%AF-%CE%B4%CE%B5%CE%AF%CE%BA%CF%84%CE%B5%CF%82'): Retry(total=2, connect=3, read=3, redirect=None, status=None)
2020-09-20 16:41:29 [urllib3.connectionpool] DEBUG: Retry: /export-jsonld/pagecheck2.0/?url=http://mof.gov.cy/gr/%CE%BF%CE%B9%CE%BA%CE%BF%CE%BD%CE%BF%CE%BC%CE%B9%CE%BA%CE%BF%CE%AF-%CE%B4%CE%B5%CE%AF%CE%BA%CF%84%CE%B5%CF%82
2020-09-20 16:41:30 [urllib3.connectionpool] DEBUG: http://axe.checkers.eiii.eu:80 "GET /export-jsonld/pagecheck2.0/?url=http://mof.gov.cy/gr/%CF%87%CE%AC%CF%81%CF%84%CE%B7%CF%82-%CF%80%CE%BB%CE%BF%CE%AE%CE%B3%CE%B7%CF%83%CE%B7%CF%82 HTTP/1.1" 504 182
2020-09-20 16:41:30 [urllib3.util.retry] DEBUG: Incremented Retry for (url='/export-jsonld/pagecheck2.0/?url=http://mof.gov.cy/gr/%CF%87%CE%AC%CF%81%CF%84%CE%B7%CF%82-%CF%80%CE%BB%CE%BF%CE%AE%CE%B3%CE%B7%CF%83%CE%B7%CF%82'): Retry(total=2, connect=3, read=3, redirect=None, status=None)
2020-09-20 16:41:30 [urllib3.connectionpool] DEBUG: Retry: /export-jsonld/pagecheck2.0/?url=http://mof.gov.cy/gr/%CF%87%CE%AC%CF%81%CF%84%CE%B7%CF%82-%CF%80%CE%BB%CE%BF%CE%AE%CE%B3%CE%B7%CF%83%CE%B7%CF%82
2020-09-20 16:41:30 [urllib3.connectionpool] DEBUG: http://axe.checkers.eiii.eu:80 "GET /export-jsonld/pagecheck2.0/?url=http://mof.gov.cy/gr/%CF%84%CE%BC%CE%AE%CE%BC%CE%B1%CF%84%CE%B1 HTTP/1.1" 504 182
2020-09-20 16:41:30 [urllib3.util.retry] DEBUG: Incremented Retry for (url='/export-jsonld/pagecheck2.0/?url=http://mof.gov.cy/gr/%CF%84%CE%BC%CE%AE%CE%BC%CE%B1%CF%84%CE%B1'): Retry(total=2, connect=3, read=3, redirect=None, status=None)
2020-09-20 16:41:30 [urllib3.connectionpool] DEBUG: Retry: /export-jsonld/pagecheck2.0/?url=http://mof.gov.cy/gr/%CF%84%CE%BC%CE%AE%CE%BC%CE%B1%CF%84%CE%B1
2020-09-20 16:42:29 [urllib3.connectionpool] DEBUG: http://axe.checkers.eiii.eu:80 "GET /export-jsonld/pagecheck2.0/?url=http://mof.gov.cy/gr/%CE%B3%CF%81%CE%B1%CF%86%CE%B5%CE%AF%CE%BF-%CF%84%CF%8D%CF%80%CE%BF%CF%85/%CE%B3%CF%81%CE%B1%CF%86%CE%B5%CE%AF%CE%BF-%CF%84%CF%8D%CF%80%CE%BF%CF%85-%CF%85%CF%80%CE%BF%CF%85%CF%81%CE%B3%CE%BF%CF%8D HTTP/1.1" 504 182
2020-09-20 16:42:29 [urllib3.util.retry] DEBUG: Incremented Retry for (url='/export-jsonld/pagecheck2.0/?url=http://mof.gov.cy/gr/%CE%B3%CF%81%CE%B1%CF%86%CE%B5%CE%AF%CE%BF-%CF%84%CF%8D%CF%80%CE%BF%CF%85/%CE%B3%CF%81%CE%B1%CF%86%CE%B5%CE%AF%CE%BF-%CF%84%CF%8D%CF%80%CE%BF%CF%85-%CF%85%CF%80%CE%BF%CF%85%CF%81%CE%B3%CE%BF%CF%8D'): Retry(total=1, connect=3, read=3, redirect=None, status=None)
2020-09-20 16:42:29 [urllib3.connectionpool] DEBUG: http://axe.checkers.eiii.eu:80 "GET /export-jsonld/pagecheck2.0/?url=http://mof.gov.cy/gr/%CE%BF%CE%B9%CE%BA%CE%BF%CE%BD%CE%BF%CE%BC%CE%B9%CE%BA%CE%BF%CE%AF-%CE%B4%CE%B5%CE%AF%CE%BA%CF%84%CE%B5%CF%82 HTTP/1.1" 504 182
2020-09-20 16:42:29 [urllib3.util.retry] DEBUG: Incremented Retry for (url='/export-jsonld/pagecheck2.0/?url=http://mof.gov.cy/gr/%CE%BF%CE%B9%CE%BA%CE%BF%CE%BD%CE%BF%CE%BC%CE%B9%CE%BA%CE%BF%CE%AF-%CE%B4%CE%B5%CE%AF%CE%BA%CF%84%CE%B5%CF%82'): Retry(total=1, connect=3, read=3, redirect=None, status=None)
2020-09-20 16:42:30 [urllib3.connectionpool] DEBUG: Retry: /export-jsonld/pagecheck2.0/?url=http://mof.gov.cy/gr/%CE%B3%CF%81%CE%B1%CF%86%CE%B5%CE%AF%CE%BF-%CF%84%CF%8D%CF%80%CE%BF%CF%85/%CE%B3%CF%81%CE%B1%CF%86%CE%B5%CE%AF%CE%BF-%CF%84%CF%8D%CF%80%CE%BF%CF%85-%CF%85%CF%80%CE%BF%CF%85%CF%81%CE%B3%CE%BF%CF%8D
2020-09-20 16:42:30 [urllib3.connectionpool] DEBUG: Retry: /export-jsonld/pagecheck2.0/?url=http://mof.gov.cy/gr/%CE%BF%CE%B9%CE%BA%CE%BF%CE%BD%CE%BF%CE%BC%CE%B9%CE%BA%CE%BF%CE%AF-%CE%B4%CE%B5%CE%AF%CE%BA%CF%84%CE%B5%CF%82
2020-09-20 16:42:31 [urllib3.connectionpool] DEBUG: http://axe.checkers.eiii.eu:80 "GET /export-jsonld/pagecheck2.0/?url=http://mof.gov.cy/gr/%CF%84%CE%BC%CE%AE%CE%BC%CE%B1%CF%84%CE%B1 HTTP/1.1" 504 182
2020-09-20 16:42:31 [urllib3.util.retry] DEBUG: Incremented Retry for (url='/export-jsonld/pagecheck2.0/?url=http://mof.gov.cy/gr/%CF%84%CE%BC%CE%AE%CE%BC%CE%B1%CF%84%CE%B1'): Retry(total=1, connect=3, read=3, redirect=None, status=None)
2020-09-20 16:42:31 [urllib3.connectionpool] DEBUG: Retry: /export-jsonld/pagecheck2.0/?url=http://mof.gov.cy/gr/%CF%84%CE%BC%CE%AE%CE%BC%CE%B1%CF%84%CE%B1
2020-09-20 16:42:32 [urllib3.connectionpool] DEBUG: http://axe.checkers.eiii.eu:80 "GET /export-jsonld/pagecheck2.0/?url=http://mof.gov.cy/gr/%CF%87%CE%AC%CF%81%CF%84%CE%B7%CF%82-%CF%80%CE%BB%CE%BF%CE%AE%CE%B3%CE%B7%CF%83%CE%B7%CF%82 HTTP/1.1" 504 182
2020-09-20 16:42:32 [urllib3.util.retry] DEBUG: Incremented Retry for (url='/export-jsonld/pagecheck2.0/?url=http://mof.gov.cy/gr/%CF%87%CE%AC%CF%81%CF%84%CE%B7%CF%82-%CF%80%CE%BB%CE%BF%CE%AE%CE%B3%CE%B7%CF%83%CE%B7%CF%82'): Retry(total=1, connect=3, read=3, redirect=None, status=None)
2020-09-20 16:42:32 [urllib3.connectionpool] DEBUG: Retry: /export-jsonld/pagecheck2.0/?url=http://mof.gov.cy/gr/%CF%87%CE%AC%CF%81%CF%84%CE%B7%CF%82-%CF%80%CE%BB%CE%BF%CE%AE%CE%B3%CE%B7%CF%83%CE%B7%CF%82
2020-09-20 16:43:30 [urllib3.connectionpool] DEBUG: http://axe.checkers.eiii.eu:80 "GET /export-jsonld/pagecheck2.0/?url=http://mof.gov.cy/gr/%CE%B3%CF%81%CE%B1%CF%86%CE%B5%CE%AF%CE%BF-%CF%84%CF%8D%CF%80%CE%BF%CF%85/%CE%B3%CF%81%CE%B1%CF%86%CE%B5%CE%AF%CE%BF-%CF%84%CF%8D%CF%80%CE%BF%CF%85-%CF%85%CF%80%CE%BF%CF%85%CF%81%CE%B3%CE%BF%CF%8D HTTP/1.1" 504 182
2020-09-20 16:43:30 [urllib3.util.retry] DEBUG: Incremented Retry for (url='/export-jsonld/pagecheck2.0/?url=http://mof.gov.cy/gr/%CE%B3%CF%81%CE%B1%CF%86%CE%B5%CE%AF%CE%BF-%CF%84%CF%8D%CF%80%CE%BF%CF%85/%CE%B3%CF%81%CE%B1%CF%86%CE%B5%CE%AF%CE%BF-%CF%84%CF%8D%CF%80%CE%BF%CF%85-%CF%85%CF%80%CE%BF%CF%85%CF%81%CE%B3%CE%BF%CF%8D'): Retry(total=0, connect=3, read=3, redirect=None, status=None)
2020-09-20 16:43:30 [urllib3.connectionpool] DEBUG: http://axe.checkers.eiii.eu:80 "GET /export-jsonld/pagecheck2.0/?url=http://mof.gov.cy/gr/%CE%BF%CE%B9%CE%BA%CE%BF%CE%BD%CE%BF%CE%BC%CE%B9%CE%BA%CE%BF%CE%AF-%CE%B4%CE%B5%CE%AF%CE%BA%CF%84%CE%B5%CF%82 HTTP/1.1" 504 182
2020-09-20 16:43:30 [urllib3.util.retry] DEBUG: Incremented Retry for (url='/export-jsonld/pagecheck2.0/?url=http://mof.gov.cy/gr/%CE%BF%CE%B9%CE%BA%CE%BF%CE%BD%CE%BF%CE%BC%CE%B9%CE%BA%CE%BF%CE%AF-%CE%B4%CE%B5%CE%AF%CE%BA%CF%84%CE%B5%CF%82'): Retry(total=0, connect=3, read=3, redirect=None, status=None)
2020-09-20 16:43:31 [urllib3.connectionpool] DEBUG: Retry: /export-jsonld/pagecheck2.0/?url=http://mof.gov.cy/gr/%CE%B3%CF%81%CE%B1%CF%86%CE%B5%CE%AF%CE%BF-%CF%84%CF%8D%CF%80%CE%BF%CF%85/%CE%B3%CF%81%CE%B1%CF%86%CE%B5%CE%AF%CE%BF-%CF%84%CF%8D%CF%80%CE%BF%CF%85-%CF%85%CF%80%CE%BF%CF%85%CF%81%CE%B3%CE%BF%CF%8D
2020-09-20 16:43:31 [urllib3.connectionpool] DEBUG: Retry: /export-jsonld/pagecheck2.0/?url=http://mof.gov.cy/gr/%CE%BF%CE%B9%CE%BA%CE%BF%CE%BD%CE%BF%CE%BC%CE%B9%CE%BA%CE%BF%CE%AF-%CE%B4%CE%B5%CE%AF%CE%BA%CF%84%CE%B5%CF%82
2020-09-20 16:43:31 [urllib3.connectionpool] DEBUG: http://axe.checkers.eiii.eu:80 "GET /export-jsonld/pagecheck2.0/?url=http://mof.gov.cy/gr/%CF%84%CE%BC%CE%AE%CE%BC%CE%B1%CF%84%CE%B1 HTTP/1.1" 504 182
2020-09-20 16:43:31 [urllib3.util.retry] DEBUG: Incremented Retry for (url='/export-jsonld/pagecheck2.0/?url=http://mof.gov.cy/gr/%CF%84%CE%BC%CE%AE%CE%BC%CE%B1%CF%84%CE%B1'): Retry(total=0, connect=3, read=3, redirect=None, status=None)
2020-09-20 16:43:32 [urllib3.connectionpool] DEBUG: http://axe.checkers.eiii.eu:80 "GET /export-jsonld/pagecheck2.0/?url=http://mof.gov.cy/gr/%CF%87%CE%AC%CF%81%CF%84%CE%B7%CF%82-%CF%80%CE%BB%CE%BF%CE%AE%CE%B3%CE%B7%CF%83%CE%B7%CF%82 HTTP/1.1" 504 182
2020-09-20 16:43:32 [urllib3.util.retry] DEBUG: Incremented Retry for (url='/export-jsonld/pagecheck2.0/?url=http://mof.gov.cy/gr/%CF%87%CE%AC%CF%81%CF%84%CE%B7%CF%82-%CF%80%CE%BB%CE%BF%CE%AE%CE%B3%CE%B7%CF%83%CE%B7%CF%82'): Retry(total=0, connect=3, read=3, redirect=None, status=None)
2020-09-20 16:43:33 [urllib3.connectionpool] DEBUG: Retry: /export-jsonld/pagecheck2.0/?url=http://mof.gov.cy/gr/%CF%84%CE%BC%CE%AE%CE%BC%CE%B1%CF%84%CE%B1
2020-09-20 16:43:34 [urllib3.connectionpool] DEBUG: Retry: /export-jsonld/pagecheck2.0/?url=http://mof.gov.cy/gr/%CF%87%CE%AC%CF%81%CF%84%CE%B7%CF%82-%CF%80%CE%BB%CE%BF%CE%AE%CE%B3%CE%B7%CF%83%CE%B7%CF%82
2020-09-20 16:44:32 [urllib3.connectionpool] DEBUG: http://axe.checkers.eiii.eu:80 "GET /export-jsonld/pagecheck2.0/?url=http://mof.gov.cy/gr/%CE%B3%CF%81%CE%B1%CF%86%CE%B5%CE%AF%CE%BF-%CF%84%CF%8D%CF%80%CE%BF%CF%85/%CE%B3%CF%81%CE%B1%CF%86%CE%B5%CE%AF%CE%BF-%CF%84%CF%8D%CF%80%CE%BF%CF%85-%CF%85%CF%80%CE%BF%CF%85%CF%81%CE%B3%CE%BF%CF%8D HTTP/1.1" 504 182
2020-09-20 16:44:32 [urllib3.connectionpool] DEBUG: http://axe.checkers.eiii.eu:80 "GET /export-jsonld/pagecheck2.0/?url=http://mof.gov.cy/gr/%CE%BF%CE%B9%CE%BA%CE%BF%CE%BD%CE%BF%CE%BC%CE%B9%CE%BA%CE%BF%CE%AF-%CE%B4%CE%B5%CE%AF%CE%BA%CF%84%CE%B5%CF%82 HTTP/1.1" 504 182
2020-09-20 16:44:33 [urllib3.connectionpool] DEBUG: http://axe.checkers.eiii.eu:80 "GET /export-jsonld/pagecheck2.0/?url=http://mof.gov.cy/gr/%CF%84%CE%BC%CE%AE%CE%BC%CE%B1%CF%84%CE%B1 HTTP/1.1" 504 182
2020-09-20 16:44:34 [urllib3.connectionpool] DEBUG: http://axe.checkers.eiii.eu:80 "GET /export-jsonld/pagecheck2.0/?url=http://mof.gov.cy/gr/%CF%87%CE%AC%CF%81%CF%84%CE%B7%CF%82-%CF%80%CE%BB%CE%BF%CE%AE%CE%B3%CE%B7%CF%83%CE%B7%CF%82 HTTP/1.1" 504 182
2020-09-20 16:45:32 [urllib3.connectionpool] DEBUG: http://axe.checkers.eiii.eu:80 "GET /export-jsonld/pagecheck2.0/?url=http://mof.gov.cy/gr/%CF%85%CF%80%CE%BF%CF%85%CF%81%CE%B3%CE%B5%CE%AF%CE%BF-%CE%BF%CE%B9%CE%BA%CE%BF%CE%BD%CE%BF%CE%BC%CE%B9%CE%BA%CF%8E%CE%BD HTTP/1.1" 504 182
2020-09-20 16:45:32 [urllib3.util.retry] DEBUG: Incremented Retry for (url='/export-jsonld/pagecheck2.0/?url=http://mof.gov.cy/gr/%CF%85%CF%80%CE%BF%CF%85%CF%81%CE%B3%CE%B5%CE%AF%CE%BF-%CE%BF%CE%B9%CE%BA%CE%BF%CE%BD%CE%BF%CE%BC%CE%B9%CE%BA%CF%8E%CE%BD'): Retry(total=2, connect=3, read=3, redirect=None, status=None)
2020-09-20 16:45:32 [urllib3.connectionpool] DEBUG: Retry: /export-jsonld/pagecheck2.0/?url=http://mof.gov.cy/gr/%CF%85%CF%80%CE%BF%CF%85%CF%81%CE%B3%CE%B5%CE%AF%CE%BF-%CE%BF%CE%B9%CE%BA%CE%BF%CE%BD%CE%BF%CE%BC%CE%B9%CE%BA%CF%8E%CE%BD
2020-09-20 16:45:32 [urllib3.connectionpool] DEBUG: http://axe.checkers.eiii.eu:80 "GET /export-jsonld/pagecheck2.0/?url=http://mof.gov.cy/gr/%CE%B5%CF%80%CE%B9%CE%BA%CE%BF%CE%B9%CE%BD%CF%89%CE%BD%CE%AF%CE%B1 HTTP/1.1" 504 182
2020-09-20 16:45:32 [urllib3.util.retry] DEBUG: Incremented Retry for (url='/export-jsonld/pagecheck2.0/?url=http://mof.gov.cy/gr/%CE%B5%CF%80%CE%B9%CE%BA%CE%BF%CE%B9%CE%BD%CF%89%CE%BD%CE%AF%CE%B1'): Retry(total=2, connect=3, read=3, redirect=None, status=None)
2020-09-20 16:45:32 [urllib3.connectionpool] DEBUG: Retry: /export-jsonld/pagecheck2.0/?url=http://mof.gov.cy/gr/%CE%B5%CF%80%CE%B9%CE%BA%CE%BF%CE%B9%CE%BD%CF%89%CE%BD%CE%AF%CE%B1
2020-09-20 16:46:32 [urllib3.connectionpool] DEBUG: http://axe.checkers.eiii.eu:80 "GET /export-jsonld/pagecheck2.0/?url=http://mof.gov.cy/gr/%CF%85%CF%80%CE%BF%CF%85%CF%81%CE%B3%CE%B5%CE%AF%CE%BF-%CE%BF%CE%B9%CE%BA%CE%BF%CE%BD%CE%BF%CE%BC%CE%B9%CE%BA%CF%8E%CE%BD HTTP/1.1" 504 182
2020-09-20 16:46:32 [urllib3.util.retry] DEBUG: Incremented Retry for (url='/export-jsonld/pagecheck2.0/?url=http://mof.gov.cy/gr/%CF%85%CF%80%CE%BF%CF%85%CF%81%CE%B3%CE%B5%CE%AF%CE%BF-%CE%BF%CE%B9%CE%BA%CE%BF%CE%BD%CE%BF%CE%BC%CE%B9%CE%BA%CF%8E%CE%BD'): Retry(total=1, connect=3, read=3, redirect=None, status=None)
2020-09-20 16:46:32 [urllib3.connectionpool] DEBUG: Retry: /export-jsonld/pagecheck2.0/?url=http://mof.gov.cy/gr/%CF%85%CF%80%CE%BF%CF%85%CF%81%CE%B3%CE%B5%CE%AF%CE%BF-%CE%BF%CE%B9%CE%BA%CE%BF%CE%BD%CE%BF%CE%BC%CE%B9%CE%BA%CF%8E%CE%BD
2020-09-20 16:46:33 [urllib3.connectionpool] DEBUG: http://axe.checkers.eiii.eu:80 "GET /export-jsonld/pagecheck2.0/?url=http://mof.gov.cy/gr/%CE%B5%CF%80%CE%B9%CE%BA%CE%BF%CE%B9%CE%BD%CF%89%CE%BD%CE%AF%CE%B1 HTTP/1.1" 504 182
2020-09-20 16:46:33 [urllib3.util.retry] DEBUG: Incremented Retry for (url='/export-jsonld/pagecheck2.0/?url=http://mof.gov.cy/gr/%CE%B5%CF%80%CE%B9%CE%BA%CE%BF%CE%B9%CE%BD%CF%89%CE%BD%CE%AF%CE%B1'): Retry(total=1, connect=3, read=3, redirect=None, status=None)
2020-09-20 16:46:33 [urllib3.connectionpool] DEBUG: Retry: /export-jsonld/pagecheck2.0/?url=http://mof.gov.cy/gr/%CE%B5%CF%80%CE%B9%CE%BA%CE%BF%CE%B9%CE%BD%CF%89%CE%BD%CE%AF%CE%B1
2020-09-20 16:47:33 [urllib3.connectionpool] DEBUG: http://axe.checkers.eiii.eu:80 "GET /export-jsonld/pagecheck2.0/?url=http://mof.gov.cy/gr/%CF%85%CF%80%CE%BF%CF%85%CF%81%CE%B3%CE%B5%CE%AF%CE%BF-%CE%BF%CE%B9%CE%BA%CE%BF%CE%BD%CE%BF%CE%BC%CE%B9%CE%BA%CF%8E%CE%BD HTTP/1.1" 504 182
2020-09-20 16:47:33 [urllib3.util.retry] DEBUG: Incremented Retry for (url='/export-jsonld/pagecheck2.0/?url=http://mof.gov.cy/gr/%CF%85%CF%80%CE%BF%CF%85%CF%81%CE%B3%CE%B5%CE%AF%CE%BF-%CE%BF%CE%B9%CE%BA%CE%BF%CE%BD%CE%BF%CE%BC%CE%B9%CE%BA%CF%8E%CE%BD'): Retry(total=0, connect=3, read=3, redirect=None, status=None)
2020-09-20 16:47:33 [urllib3.connectionpool] DEBUG: http://axe.checkers.eiii.eu:80 "GET /export-jsonld/pagecheck2.0/?url=http://mof.gov.cy/gr/%CE%B5%CF%80%CE%B9%CE%BA%CE%BF%CE%B9%CE%BD%CF%89%CE%BD%CE%AF%CE%B1 HTTP/1.1" 504 182
2020-09-20 16:47:33 [urllib3.util.retry] DEBUG: Incremented Retry for (url='/export-jsonld/pagecheck2.0/?url=http://mof.gov.cy/gr/%CE%B5%CF%80%CE%B9%CE%BA%CE%BF%CE%B9%CE%BD%CF%89%CE%BD%CE%AF%CE%B1'): Retry(total=0, connect=3, read=3, redirect=None, status=None)
2020-09-20 16:47:34 [urllib3.connectionpool] DEBUG: Retry: /export-jsonld/pagecheck2.0/?url=http://mof.gov.cy/gr/%CF%85%CF%80%CE%BF%CF%85%CF%81%CE%B3%CE%B5%CE%AF%CE%BF-%CE%BF%CE%B9%CE%BA%CE%BF%CE%BD%CE%BF%CE%BC%CE%B9%CE%BA%CF%8E%CE%BD
2020-09-20 16:47:35 [urllib3.connectionpool] DEBUG: Retry: /export-jsonld/pagecheck2.0/?url=http://mof.gov.cy/gr/%CE%B5%CF%80%CE%B9%CE%BA%CE%BF%CE%B9%CE%BD%CF%89%CE%BD%CE%AF%CE%B1
2020-09-20 16:48:35 [urllib3.connectionpool] DEBUG: http://axe.checkers.eiii.eu:80 "GET /export-jsonld/pagecheck2.0/?url=http://mof.gov.cy/gr/%CE%B5%CF%80%CE%B9%CE%BA%CE%BF%CE%B9%CE%BD%CF%89%CE%BD%CE%AF%CE%B1 HTTP/1.1" 504 182
2020-09-20 16:48:35 [urllib3.connectionpool] DEBUG: http://axe.checkers.eiii.eu:80 "GET /export-jsonld/pagecheck2.0/?url=http://mof.gov.cy/gr/%CF%85%CF%80%CE%BF%CF%85%CF%81%CE%B3%CE%B5%CE%AF%CE%BF-%CE%BF%CE%B9%CE%BA%CE%BF%CE%BD%CE%BF%CE%BC%CE%B9%CE%BA%CF%8E%CE%BD HTTP/1.1" 504 182
2020-09-20 16:48:35 [scrapy.statscollectors] INFO: Dumping Scrapy stats:
{'downloader/request_bytes': 22696,
 'downloader/request_count': 41,
 'downloader/request_method_count/GET': 41,
 'downloader/response_bytes': 2727435,
 'downloader/response_count': 41,
 'downloader/response_status_count/200': 35,
 'downloader/response_status_count/302': 6,
 'dupefilter/filtered': 2651,
 'finish_reason': 'closespider_pagecount',
 'finish_time': datetime.datetime(2020, 9, 20, 16, 48, 35, 402846),
 'item_scraped_count': 34,
 'log_count/DEBUG': 181,
 'log_count/INFO': 7,
 'memusage/max': 80420864,
 'memusage/startup': 80420864,
 'request_depth_max': 2,
 'response_received_count': 35,
 'scheduler/dequeued': 41,
 'scheduler/dequeued/memory': 41,
 'scheduler/enqueued': 511,
 'scheduler/enqueued/memory': 511,
 'start_time': datetime.datetime(2020, 9, 20, 16, 35, 31, 243365)}
2020-09-20 16:48:35 [scrapy.core.engine] INFO: Spider closed (closespider_pagecount)
