2021-01-05 15:26:45 [scrapy.utils.log] INFO: Scrapy 1.5.1 started (bot: customcrawler)
2021-01-05 15:26:45 [scrapy.utils.log] INFO: Versions: lxml 4.4.2.0, libxml2 2.9.9, cssselect 1.1.0, parsel 1.5.2, w3lib 1.21.0, Twisted 18.9.0, Python 3.6.12 (default, Dec 18 2020, 06:04:50) - [GCC 8.3.0], pyOpenSSL 19.1.0 (OpenSSL 1.1.1d  10 Sep 2019), cryptography 2.8, Platform Linux-4.19.121-linuxkit-x86_64-with-debian-10.7
2021-01-05 15:26:45 [scrapy.crawler] INFO: Overridden settings: {'BOT_NAME': 'customcrawler', 'CLOSESPIDER_PAGECOUNT': '10', 'CLOSESPIDER_TIMEOUT': '0', 'CONCURRENT_REQUESTS': 32, 'DEPTH_PRIORITY': 1, 'LOG_FILE': 'logs/customcrawler/toscrapespiderax/6906b7964f6a11ebb8310242ac180002.log', 'NEWSPIDER_MODULE': 'customcrawler.spiders', 'SCHEDULER_DISK_QUEUE': 'scrapy.squeues.PickleFifoDiskQueue', 'SCHEDULER_MEMORY_QUEUE': 'scrapy.squeues.FifoMemoryQueue', 'SPIDER_MODULES': ['customcrawler.spiders'], 'USER_AGENT': 'Mozilla/5.0'}
2021-01-05 15:26:45 [scrapy.middleware] INFO: Enabled extensions:
['scrapy.extensions.corestats.CoreStats',
 'scrapy.extensions.telnet.TelnetConsole',
 'scrapy.extensions.memusage.MemoryUsage',
 'scrapy.extensions.closespider.CloseSpider',
 'scrapy.extensions.logstats.LogStats']
2021-01-05 15:26:45 [scrapy.middleware] INFO: Enabled downloader middlewares:
['scrapy.downloadermiddlewares.httpauth.HttpAuthMiddleware',
 'scrapy.downloadermiddlewares.downloadtimeout.DownloadTimeoutMiddleware',
 'scrapy.downloadermiddlewares.defaultheaders.DefaultHeadersMiddleware',
 'scrapy.downloadermiddlewares.useragent.UserAgentMiddleware',
 'scrapy.downloadermiddlewares.retry.RetryMiddleware',
 'scrapy.downloadermiddlewares.redirect.MetaRefreshMiddleware',
 'scrapy.downloadermiddlewares.httpcompression.HttpCompressionMiddleware',
 'scrapy.downloadermiddlewares.redirect.RedirectMiddleware',
 'scrapy.downloadermiddlewares.cookies.CookiesMiddleware',
 'scrapy.downloadermiddlewares.httpproxy.HttpProxyMiddleware',
 'scrapy.downloadermiddlewares.stats.DownloaderStats']
2021-01-05 15:26:45 [scrapy.middleware] INFO: Enabled spider middlewares:
['scrapy.spidermiddlewares.httperror.HttpErrorMiddleware',
 'scrapy.spidermiddlewares.offsite.OffsiteMiddleware',
 'scrapy.spidermiddlewares.referer.RefererMiddleware',
 'scrapy.spidermiddlewares.urllength.UrlLengthMiddleware',
 'scrapy.spidermiddlewares.depth.DepthMiddleware']
2021-01-05 15:26:46 [scrapy.middleware] INFO: Enabled item pipelines:
['customcrawler.pipelines.ScrapyAppPipeline']
2021-01-05 15:26:46 [scrapy.core.engine] INFO: Spider opened
2021-01-05 15:26:46 [scrapy.extensions.logstats] INFO: Crawled 0 pages (at 0 pages/min), scraped 0 items (at 0 items/min)
2021-01-05 15:26:46 [scrapy.extensions.telnet] DEBUG: Telnet console listening on 127.0.0.1:6023
2021-01-05 15:26:46 [scrapy.core.engine] DEBUG: Crawled (200) <GET https://www.qncc.qa> (referer: None)
2021-01-05 15:26:47 [scrapy.dupefilters] DEBUG: Filtered duplicate request: <GET https://www.qncc.qa/> - no more duplicates will be shown (see DUPEFILTER_DEBUG to show all duplicates)
2021-01-05 15:26:47 [scrapy.core.engine] DEBUG: Crawled (200) <GET https://www.qncc.qa#main-content> (referer: https://www.qncc.qa)
2021-01-05 15:26:47 [scrapy.core.scraper] DEBUG: Scraped from <200 https://www.qncc.qa>
{'extracted_url': 'https://www.qncc.qa'}
2021-01-05 15:26:47 [scrapy.core.engine] DEBUG: Crawled (200) <GET https://www.qncc.qa/about-qncc/about-qatar> (referer: https://www.qncc.qa)
2021-01-05 15:26:47 [scrapy.core.scraper] DEBUG: Scraped from <200 https://www.qncc.qa/about-qncc/about-qatar>
{'extracted_url': 'https://www.qncc.qa/about-qncc/about-qatar'}
2021-01-05 15:26:47 [scrapy.downloadermiddlewares.redirect] DEBUG: Redirecting (301) to <GET https://www.qncc.qa/about-qncc/overview> from <GET https://www.qncc.qa/about-qncc>
2021-01-05 15:26:47 [scrapy.core.engine] DEBUG: Crawled (200) <GET https://www.qncc.qa/newsletter> (referer: https://www.qncc.qa)
2021-01-05 15:26:47 [scrapy.core.scraper] DEBUG: Scraped from <200 https://www.qncc.qa/newsletter>
{'extracted_url': 'https://www.qncc.qa/newsletter'}
2021-01-05 15:26:47 [scrapy.downloadermiddlewares.redirect] DEBUG: Redirecting (301) to <GET https://www.qncc.qa/organisers/why-qncc> from <GET https://www.qncc.qa/organisers>
2021-01-05 15:26:47 [scrapy.core.engine] DEBUG: Crawled (200) <GET https://www.qncc.qa/about-qncc/360-virtual-tour> (referer: https://www.qncc.qa)
2021-01-05 15:26:47 [scrapy.core.engine] DEBUG: Crawled (200) <GET https://www.qncc.qa/find-us> (referer: https://www.qncc.qa)
2021-01-05 15:26:47 [scrapy.core.engine] DEBUG: Crawled (200) <GET https://www.qncc.qa/about-qncc/gallery> (referer: https://www.qncc.qa)
2021-01-05 15:26:47 [scrapy.core.engine] DEBUG: Crawled (200) <GET https://www.qncc.qa/careers> (referer: https://www.qncc.qa)
2021-01-05 15:26:47 [scrapy.core.engine] DEBUG: Crawled (200) <GET https://www.qncc.qa/contact-us> (referer: https://www.qncc.qa)
2021-01-05 15:26:47 [scrapy.core.engine] DEBUG: Crawled (200) <GET https://www.qncc.qa/about-qncc/overview> (referer: https://www.qncc.qa)
2021-01-05 15:26:47 [scrapy.core.engine] INFO: Closing spider (closespider_pagecount)
2021-01-05 15:26:47 [scrapy.core.engine] DEBUG: Crawled (200) <GET https://www.qncc.qa/organisers/why-qncc> (referer: https://www.qncc.qa)
2021-01-05 15:26:47 [scrapy.core.scraper] DEBUG: Scraped from <200 https://www.qncc.qa/about-qncc/360-virtual-tour>
{'extracted_url': 'https://www.qncc.qa/about-qncc/360-virtual-tour'}
2021-01-05 15:26:48 [scrapy.core.scraper] DEBUG: Scraped from <200 https://www.qncc.qa/find-us>
{'extracted_url': 'https://www.qncc.qa/find-us'}
2021-01-05 15:26:48 [scrapy.core.scraper] DEBUG: Scraped from <200 https://www.qncc.qa/about-qncc/gallery>
{'extracted_url': 'https://www.qncc.qa/about-qncc/gallery'}
2021-01-05 15:26:48 [scrapy.core.scraper] DEBUG: Scraped from <200 https://www.qncc.qa/careers>
{'extracted_url': 'https://www.qncc.qa/careers'}
2021-01-05 15:26:48 [scrapy.core.scraper] DEBUG: Scraped from <200 https://www.qncc.qa/contact-us>
{'extracted_url': 'https://www.qncc.qa/contact-us'}
2021-01-05 15:26:48 [scrapy.core.engine] DEBUG: Crawled (200) <GET https://www.qncc.qa/about-qncc/testimonials> (referer: https://www.qncc.qa)
2021-01-05 15:26:48 [scrapy.core.engine] DEBUG: Crawled (200) <GET https://www.qncc.qa/organisers/venues> (referer: https://www.qncc.qa)
2021-01-05 15:26:48 [scrapy.core.scraper] DEBUG: Scraped from <200 https://www.qncc.qa/about-qncc/overview>
{'extracted_url': 'https://www.qncc.qa/about-qncc/overview'}
2021-01-05 15:26:48 [scrapy.core.scraper] DEBUG: Scraped from <200 https://www.qncc.qa/organisers/why-qncc>
{'extracted_url': 'https://www.qncc.qa/organisers/why-qncc'}
2021-01-05 15:26:48 [scrapy.core.scraper] DEBUG: Scraped from <200 https://www.qncc.qa/about-qncc/testimonials>
{'extracted_url': 'https://www.qncc.qa/about-qncc/testimonials'}
2021-01-05 15:26:48 [scrapy.core.scraper] DEBUG: Scraped from <200 https://www.qncc.qa/organisers/venues>
{'extracted_url': 'https://www.qncc.qa/organisers/venues'}
2021-01-05 15:26:48 [scrapy.core.engine] DEBUG: Crawled (200) <GET https://www.qncc.qa/organisers/venues/auditoria> (referer: https://www.qncc.qa)
2021-01-05 15:26:48 [scrapy.core.engine] DEBUG: Crawled (200) <GET https://www.qncc.qa/organisers/venues/meeting-rooms> (referer: https://www.qncc.qa)
2021-01-05 15:26:48 [scrapy.core.engine] DEBUG: Crawled (200) <GET https://www.qncc.qa/events/just-happened> (referer: https://www.qncc.qa)
2021-01-05 15:26:48 [scrapy.downloadermiddlewares.redirect] DEBUG: Redirecting (301) to <GET https://www.qncc.qa/events/upcoming> from <GET https://www.qncc.qa/events>
2021-01-05 15:26:48 [scrapy.core.scraper] DEBUG: Scraped from <200 https://www.qncc.qa/organisers/venues/auditoria>
{'extracted_url': 'https://www.qncc.qa/organisers/venues/auditoria'}
2021-01-05 15:26:48 [scrapy.core.scraper] DEBUG: Scraped from <200 https://www.qncc.qa/organisers/venues/meeting-rooms>
{'extracted_url': 'https://www.qncc.qa/organisers/venues/meeting-rooms'}
2021-01-05 15:26:48 [scrapy.core.scraper] DEBUG: Scraped from <200 https://www.qncc.qa/events/just-happened>
{'extracted_url': 'https://www.qncc.qa/events/just-happened'}
2021-01-05 15:26:48 [scrapy.core.engine] DEBUG: Crawled (200) <GET https://www.qncc.qa/organisers/venues/conference-hall> (referer: https://www.qncc.qa)
2021-01-05 15:26:48 [scrapy.core.engine] DEBUG: Crawled (200) <GET https://www.qncc.qa/organisers/venues/exhibition-halls> (referer: https://www.qncc.qa)
2021-01-05 15:26:48 [scrapy.core.engine] DEBUG: Crawled (200) <GET https://www.qncc.qa/organisers/venues/al-mayassa-theatre> (referer: https://www.qncc.qa)
2021-01-05 15:26:48 [scrapy.core.scraper] DEBUG: Scraped from <200 https://www.qncc.qa/organisers/venues/conference-hall>
{'extracted_url': 'https://www.qncc.qa/organisers/venues/conference-hall'}
2021-01-05 15:26:48 [scrapy.core.scraper] DEBUG: Scraped from <200 https://www.qncc.qa/organisers/venues/exhibition-halls>
{'extracted_url': 'https://www.qncc.qa/organisers/venues/exhibition-halls'}
2021-01-05 15:26:48 [scrapy.core.scraper] DEBUG: Scraped from <200 https://www.qncc.qa/organisers/venues/al-mayassa-theatre>
{'extracted_url': 'https://www.qncc.qa/organisers/venues/al-mayassa-theatre'}
2021-01-05 15:26:48 [scrapy.core.engine] DEBUG: Crawled (200) <GET https://www.qncc.qa/organisers/floor-plans-capacity-charts> (referer: https://www.qncc.qa)
2021-01-05 15:26:48 [scrapy.core.engine] DEBUG: Crawled (404) <GET https://www.qncc.qa/tel:97444707000> (referer: https://www.qncc.qa)
2021-01-05 15:26:48 [scrapy.core.engine] DEBUG: Crawled (200) <GET https://www.qncc.qa/events/upcoming> (referer: https://www.qncc.qa)
2021-01-05 15:26:48 [scrapy.spidermiddlewares.httperror] INFO: Ignoring response <404 https://www.qncc.qa/tel:97444707000>: HTTP status code is not handled or not allowed
2021-01-05 15:26:48 [scrapy.core.scraper] DEBUG: Scraped from <200 https://www.qncc.qa/organisers/floor-plans-capacity-charts>
{'extracted_url': 'https://www.qncc.qa/organisers/floor-plans-capacity-charts'}
2021-01-05 15:26:48 [scrapy.core.scraper] DEBUG: Scraped from <200 https://www.qncc.qa/events/upcoming>
{'extracted_url': 'https://www.qncc.qa/events/upcoming'}
2021-01-05 15:26:49 [scrapy.core.engine] DEBUG: Crawled (200) <GET https://www.qncc.qa/organisers/downloads> (referer: https://www.qncc.qa)
2021-01-05 15:26:49 [scrapy.core.engine] DEBUG: Crawled (200) <GET https://www.qncc.qa/organisers/event-solutions-services> (referer: https://www.qncc.qa)
2021-01-05 15:26:49 [scrapy.core.scraper] DEBUG: Scraped from <200 https://www.qncc.qa/organisers/downloads>
{'extracted_url': 'https://www.qncc.qa/organisers/downloads'}
2021-01-05 15:26:49 [scrapy.core.scraper] DEBUG: Scraped from <200 https://www.qncc.qa/organisers/event-solutions-services>
{'extracted_url': 'https://www.qncc.qa/organisers/event-solutions-services'}
2021-01-05 15:26:49 [urllib3.connectionpool] DEBUG: Starting new HTTP connection (1): axe.checkers.eiii.eu
2021-01-05 15:26:49 [urllib3.connectionpool] DEBUG: Starting new HTTP connection (3): axe.checkers.eiii.eu
2021-01-05 15:26:49 [urllib3.connectionpool] DEBUG: Starting new HTTP connection (4): axe.checkers.eiii.eu
2021-01-05 15:26:49 [urllib3.connectionpool] DEBUG: Starting new HTTP connection (2): axe.checkers.eiii.eu
2021-01-05 15:26:56 [urllib3.connectionpool] DEBUG: http://axe.checkers.eiii.eu:80 "GET /export-jsonld/pagecheck2.0/?url=https://www.qncc.qa/about-qncc/360-virtual-tour HTTP/1.1" 200 None
2021-01-05 15:27:03 [urllib3.connectionpool] DEBUG: http://axe.checkers.eiii.eu:80 "GET /export-jsonld/pagecheck2.0/?url=https://www.qncc.qa HTTP/1.1" 200 None
2021-01-05 15:27:07 [urllib3.connectionpool] DEBUG: http://axe.checkers.eiii.eu:80 "GET /export-jsonld/pagecheck2.0/?url=https://www.qncc.qa/newsletter HTTP/1.1" 200 None
2021-01-05 15:27:12 [urllib3.connectionpool] DEBUG: http://axe.checkers.eiii.eu:80 "GET /export-jsonld/pagecheck2.0/?url=https://www.qncc.qa/about-qncc/about-qatar HTTP/1.1" 200 None
2021-01-05 15:27:18 [urllib3.connectionpool] DEBUG: http://axe.checkers.eiii.eu:80 "GET /export-jsonld/pagecheck2.0/?url=https://www.qncc.qa/find-us HTTP/1.1" 200 None
2021-01-05 15:27:22 [urllib3.connectionpool] DEBUG: http://axe.checkers.eiii.eu:80 "GET /export-jsonld/pagecheck2.0/?url=https://www.qncc.qa/about-qncc/gallery HTTP/1.1" 200 None
2021-01-05 15:27:26 [urllib3.connectionpool] DEBUG: http://axe.checkers.eiii.eu:80 "GET /export-jsonld/pagecheck2.0/?url=https://www.qncc.qa/careers HTTP/1.1" 200 None
2021-01-05 15:27:31 [urllib3.connectionpool] DEBUG: http://axe.checkers.eiii.eu:80 "GET /export-jsonld/pagecheck2.0/?url=https://www.qncc.qa/contact-us HTTP/1.1" 200 None
2021-01-05 15:27:36 [urllib3.connectionpool] DEBUG: http://axe.checkers.eiii.eu:80 "GET /export-jsonld/pagecheck2.0/?url=https://www.qncc.qa/about-qncc/overview HTTP/1.1" 200 None
2021-01-05 15:27:41 [urllib3.connectionpool] DEBUG: http://axe.checkers.eiii.eu:80 "GET /export-jsonld/pagecheck2.0/?url=https://www.qncc.qa/organisers/why-qncc HTTP/1.1" 200 None
2021-01-05 15:27:41 [scrapy.statscollectors] INFO: Dumping Scrapy stats:
{'downloader/request_bytes': 6338,
 'downloader/request_count': 27,
 'downloader/request_method_count/GET': 27,
 'downloader/response_bytes': 1963481,
 'downloader/response_count': 27,
 'downloader/response_status_count/200': 23,
 'downloader/response_status_count/301': 3,
 'downloader/response_status_count/404': 1,
 'dupefilter/filtered': 512,
 'finish_reason': 'closespider_pagecount',
 'finish_time': datetime.datetime(2021, 1, 5, 15, 27, 41, 744240),
 'httperror/response_ignored_count': 1,
 'httperror/response_ignored_status_count/404': 1,
 'item_scraped_count': 22,
 'log_count/DEBUG': 65,
 'log_count/INFO': 8,
 'memusage/max': 80539648,
 'memusage/startup': 80539648,
 'request_depth_max': 2,
 'response_received_count': 24,
 'scheduler/dequeued': 27,
 'scheduler/dequeued/memory': 27,
 'scheduler/enqueued': 59,
 'scheduler/enqueued/memory': 59,
 'start_time': datetime.datetime(2021, 1, 5, 15, 26, 46, 200864)}
2021-01-05 15:27:41 [scrapy.core.engine] INFO: Spider closed (closespider_pagecount)
