2021-01-05 13:54:00 [scrapy.utils.log] INFO: Scrapy 1.5.1 started (bot: customcrawler)
2021-01-05 13:54:00 [scrapy.utils.log] INFO: Versions: lxml 4.4.2.0, libxml2 2.9.9, cssselect 1.1.0, parsel 1.5.2, w3lib 1.21.0, Twisted 18.9.0, Python 3.6.12 (default, Dec 18 2020, 06:04:50) - [GCC 8.3.0], pyOpenSSL 19.1.0 (OpenSSL 1.1.1d  10 Sep 2019), cryptography 2.8, Platform Linux-4.19.121-linuxkit-x86_64-with-debian-10.7
2021-01-05 13:54:00 [scrapy.crawler] INFO: Overridden settings: {'BOT_NAME': 'customcrawler', 'CLOSESPIDER_PAGECOUNT': '10', 'CLOSESPIDER_TIMEOUT': '0', 'CONCURRENT_REQUESTS': 32, 'DEPTH_PRIORITY': 1, 'LOG_FILE': 'logs/customcrawler/toscrapespiderax/73e2d0624f5d11ebb8310242ac180002.log', 'NEWSPIDER_MODULE': 'customcrawler.spiders', 'SCHEDULER_DISK_QUEUE': 'scrapy.squeues.PickleFifoDiskQueue', 'SCHEDULER_MEMORY_QUEUE': 'scrapy.squeues.FifoMemoryQueue', 'SPIDER_MODULES': ['customcrawler.spiders'], 'USER_AGENT': 'Mozilla/5.0'}
2021-01-05 13:54:00 [scrapy.middleware] INFO: Enabled extensions:
['scrapy.extensions.corestats.CoreStats',
 'scrapy.extensions.telnet.TelnetConsole',
 'scrapy.extensions.memusage.MemoryUsage',
 'scrapy.extensions.closespider.CloseSpider',
 'scrapy.extensions.logstats.LogStats']
2021-01-05 13:54:00 [scrapy.middleware] INFO: Enabled downloader middlewares:
['scrapy.downloadermiddlewares.httpauth.HttpAuthMiddleware',
 'scrapy.downloadermiddlewares.downloadtimeout.DownloadTimeoutMiddleware',
 'scrapy.downloadermiddlewares.defaultheaders.DefaultHeadersMiddleware',
 'scrapy.downloadermiddlewares.useragent.UserAgentMiddleware',
 'scrapy.downloadermiddlewares.retry.RetryMiddleware',
 'scrapy.downloadermiddlewares.redirect.MetaRefreshMiddleware',
 'scrapy.downloadermiddlewares.httpcompression.HttpCompressionMiddleware',
 'scrapy.downloadermiddlewares.redirect.RedirectMiddleware',
 'scrapy.downloadermiddlewares.cookies.CookiesMiddleware',
 'scrapy.downloadermiddlewares.httpproxy.HttpProxyMiddleware',
 'scrapy.downloadermiddlewares.stats.DownloaderStats']
2021-01-05 13:54:00 [scrapy.middleware] INFO: Enabled spider middlewares:
['scrapy.spidermiddlewares.httperror.HttpErrorMiddleware',
 'scrapy.spidermiddlewares.offsite.OffsiteMiddleware',
 'scrapy.spidermiddlewares.referer.RefererMiddleware',
 'scrapy.spidermiddlewares.urllength.UrlLengthMiddleware',
 'scrapy.spidermiddlewares.depth.DepthMiddleware']
2021-01-05 13:54:01 [scrapy.middleware] INFO: Enabled item pipelines:
['customcrawler.pipelines.ScrapyAppPipeline']
2021-01-05 13:54:01 [scrapy.core.engine] INFO: Spider opened
2021-01-05 13:54:01 [scrapy.extensions.logstats] INFO: Crawled 0 pages (at 0 pages/min), scraped 0 items (at 0 items/min)
2021-01-05 13:54:01 [scrapy.extensions.telnet] DEBUG: Telnet console listening on 127.0.0.1:6023
2021-01-05 13:54:04 [scrapy.downloadermiddlewares.redirect] DEBUG: Redirecting (301) to <GET https://www.qe.com.qa/> from <GET http://www.qe.com.qa>
2021-01-05 13:54:12 [scrapy.core.engine] DEBUG: Crawled (200) <GET https://www.qe.com.qa/> (referer: None)
2021-01-05 13:54:13 [scrapy.dupefilters] DEBUG: Filtered duplicate request: <GET https://www.qe.com.qa/> - no more duplicates will be shown (see DUPEFILTER_DEBUG to show all duplicates)
2021-01-05 13:54:15 [scrapy.core.engine] DEBUG: Crawled (200) <GET https://www.qe.com.qa/#content> (referer: https://www.qe.com.qa/)
2021-01-05 13:54:15 [scrapy.core.scraper] DEBUG: Scraped from <200 https://www.qe.com.qa/>
{'extracted_url': 'https://www.qe.com.qa/'}
2021-01-05 13:54:18 [scrapy.core.engine] DEBUG: Crawled (200) <GET https://www.qe.com.qa/continuous-obligation> (referer: https://www.qe.com.qa/)
2021-01-05 13:54:18 [scrapy.core.scraper] DEBUG: Scraped from <200 https://www.qe.com.qa/continuous-obligation>
{'extracted_url': 'https://www.qe.com.qa/continuous-obligation'}
2021-01-05 13:54:19 [scrapy.core.engine] DEBUG: Crawled (200) <GET https://www.qe.com.qa/how-to-list> (referer: https://www.qe.com.qa/)
2021-01-05 13:54:19 [scrapy.core.scraper] DEBUG: Scraped from <200 https://www.qe.com.qa/how-to-list>
{'extracted_url': 'https://www.qe.com.qa/how-to-list'}
2021-01-05 13:54:23 [scrapy.core.engine] DEBUG: Crawled (200) <GET https://www.qe.com.qa/c/portal/layout?p_l_id=22195&p_v_l_s_g_id=0> (referer: https://www.qe.com.qa/)
2021-01-05 13:54:23 [scrapy.core.scraper] DEBUG: Scraped from <200 https://www.qe.com.qa/c/portal/layout?p_l_id=22195&p_v_l_s_g_id=0>
{'extracted_url': 'https://www.qe.com.qa/c/portal/layout?p_l_id=22195&p_v_l_s_g_id=0'}
2021-01-05 13:54:26 [scrapy.core.engine] DEBUG: Crawled (200) <GET https://www.qe.com.qa/timeline> (referer: https://www.qe.com.qa/)
2021-01-05 13:54:26 [scrapy.core.scraper] DEBUG: Scraped from <200 https://www.qe.com.qa/timeline>
{'extracted_url': 'https://www.qe.com.qa/timeline'}
2021-01-05 13:54:27 [scrapy.downloadermiddlewares.retry] DEBUG: Retrying <GET https://www.qe.com.qa/investor-corner> (failed 1 times): [<twisted.python.failure.Failure twisted.internet.error.ConnectionLost: Connection to the other side was lost in a non-clean fashion: Connection lost.>]
2021-01-05 13:54:27 [scrapy.core.engine] DEBUG: Crawled (200) <GET https://www.qe.com.qa/bonds-/-sukuks-/-tbills> (referer: https://www.qe.com.qa/)
2021-01-05 13:54:27 [scrapy.core.scraper] DEBUG: Scraped from <200 https://www.qe.com.qa/bonds-/-sukuks-/-tbills>
{'extracted_url': 'https://www.qe.com.qa/bonds-/-sukuks-/-tbills'}
2021-01-05 13:54:29 [scrapy.core.engine] DEBUG: Crawled (200) <GET https://www.qe.com.qa/web/guest/home> (referer: https://www.qe.com.qa/)
2021-01-05 13:54:30 [scrapy.core.scraper] DEBUG: Scraped from <200 https://www.qe.com.qa/web/guest/home>
{'extracted_url': 'https://www.qe.com.qa/web/guest/home'}
2021-01-05 13:54:30 [scrapy.core.engine] DEBUG: Crawled (200) <GET https://www.qe.com.qa/brokers-trading-activities> (referer: https://www.qe.com.qa/)
2021-01-05 13:54:30 [scrapy.core.scraper] DEBUG: Scraped from <200 https://www.qe.com.qa/brokers-trading-activities>
{'extracted_url': 'https://www.qe.com.qa/brokers-trading-activities'}
2021-01-05 13:54:32 [scrapy.core.engine] DEBUG: Crawled (200) <GET https://www.qe.com.qa/connectivity> (referer: https://www.qe.com.qa/)
2021-01-05 13:54:32 [scrapy.core.engine] INFO: Closing spider (closespider_pagecount)
2021-01-05 13:54:32 [scrapy.core.scraper] DEBUG: Scraped from <200 https://www.qe.com.qa/connectivity>
{'extracted_url': 'https://www.qe.com.qa/connectivity'}
2021-01-05 13:54:35 [scrapy.core.engine] DEBUG: Crawled (200) <GET https://www.qe.com.qa/real-time-data> (referer: https://www.qe.com.qa/)
2021-01-05 13:54:35 [scrapy.core.scraper] DEBUG: Scraped from <200 https://www.qe.com.qa/real-time-data>
{'extracted_url': 'https://www.qe.com.qa/real-time-data'}
2021-01-05 13:54:37 [scrapy.core.engine] DEBUG: Crawled (200) <GET https://www.qe.com.qa/etfs> (referer: https://www.qe.com.qa/)
2021-01-05 13:54:37 [scrapy.core.scraper] DEBUG: Scraped from <200 https://www.qe.com.qa/etfs>
{'extracted_url': 'https://www.qe.com.qa/etfs'}
2021-01-05 13:54:39 [scrapy.core.engine] DEBUG: Crawled (200) <GET https://www.qe.com.qa/listed-companies> (referer: https://www.qe.com.qa/)
2021-01-05 13:54:39 [scrapy.core.scraper] DEBUG: Scraped from <200 https://www.qe.com.qa/listed-companies>
{'extracted_url': 'https://www.qe.com.qa/listed-companies'}
2021-01-05 13:54:42 [scrapy.core.engine] DEBUG: Crawled (200) <GET https://www.qe.com.qa/become-an-investor> (referer: https://www.qe.com.qa/)
2021-01-05 13:54:42 [scrapy.core.scraper] DEBUG: Scraped from <200 https://www.qe.com.qa/become-an-investor>
{'extracted_url': 'https://www.qe.com.qa/become-an-investor'}
2021-01-05 13:54:46 [scrapy.core.engine] DEBUG: Crawled (200) <GET https://www.qe.com.qa/financial-statements> (referer: https://www.qe.com.qa/)
2021-01-05 13:54:46 [scrapy.core.scraper] DEBUG: Scraped from <200 https://www.qe.com.qa/financial-statements>
{'extracted_url': 'https://www.qe.com.qa/financial-statements'}
2021-01-05 13:54:47 [scrapy.core.engine] DEBUG: Crawled (200) <GET https://www.qe.com.qa/listings> (referer: https://www.qe.com.qa/)
2021-01-05 13:54:47 [scrapy.core.scraper] DEBUG: Scraped from <200 https://www.qe.com.qa/listings>
{'extracted_url': 'https://www.qe.com.qa/listings'}
2021-01-05 13:54:50 [scrapy.core.engine] DEBUG: Crawled (200) <GET https://www.qe.com.qa/profit-/-loss-statements> (referer: https://www.qe.com.qa/)
2021-01-05 13:54:50 [scrapy.core.scraper] DEBUG: Scraped from <200 https://www.qe.com.qa/profit-/-loss-statements>
{'extracted_url': 'https://www.qe.com.qa/profit-/-loss-statements'}
2021-01-05 13:54:51 [scrapy.core.engine] DEBUG: Crawled (200) <GET https://www.qe.com.qa/other-data-products> (referer: https://www.qe.com.qa/)
2021-01-05 13:54:51 [scrapy.core.scraper] DEBUG: Scraped from <200 https://www.qe.com.qa/other-data-products>
{'extracted_url': 'https://www.qe.com.qa/other-data-products'}
2021-01-05 13:54:53 [scrapy.core.engine] DEBUG: Crawled (200) <GET https://www.qe.com.qa/broker-contact-information> (referer: https://www.qe.com.qa/)
2021-01-05 13:54:53 [scrapy.core.scraper] DEBUG: Scraped from <200 https://www.qe.com.qa/broker-contact-information>
{'extracted_url': 'https://www.qe.com.qa/broker-contact-information'}
2021-01-05 13:54:53 [scrapy.core.engine] DEBUG: Crawled (200) <GET https://www.qe.com.qa/boards-nominations> (referer: https://www.qe.com.qa/)
2021-01-05 13:54:53 [scrapy.core.scraper] DEBUG: Scraped from <200 https://www.qe.com.qa/boards-nominations>
{'extracted_url': 'https://www.qe.com.qa/boards-nominations'}
2021-01-05 13:54:54 [scrapy.core.engine] DEBUG: Crawled (200) <GET https://www.qe.com.qa/q-disclosure> (referer: https://www.qe.com.qa/)
2021-01-05 13:54:54 [scrapy.core.scraper] DEBUG: Scraped from <200 https://www.qe.com.qa/q-disclosure>
{'extracted_url': 'https://www.qe.com.qa/q-disclosure'}
2021-01-05 13:54:56 [scrapy.core.engine] DEBUG: Crawled (200) <GET https://www.qe.com.qa/agms> (referer: https://www.qe.com.qa/)
2021-01-05 13:54:56 [scrapy.core.scraper] DEBUG: Scraped from <200 https://www.qe.com.qa/agms>
{'extracted_url': 'https://www.qe.com.qa/agms'}
2021-01-05 13:54:58 [scrapy.core.engine] DEBUG: Crawled (200) <GET https://www.qe.com.qa/overview> (referer: https://www.qe.com.qa/)
2021-01-05 13:54:59 [scrapy.core.engine] DEBUG: Crawled (200) <GET https://www.qe.com.qa/index-constituents> (referer: https://www.qe.com.qa/)
2021-01-05 13:54:59 [scrapy.core.scraper] DEBUG: Scraped from <200 https://www.qe.com.qa/overview>
{'extracted_url': 'https://www.qe.com.qa/overview'}
2021-01-05 13:54:59 [scrapy.core.scraper] DEBUG: Scraped from <200 https://www.qe.com.qa/index-constituents>
{'extracted_url': 'https://www.qe.com.qa/index-constituents'}
2021-01-05 13:54:59 [scrapy.core.engine] DEBUG: Crawled (200) <GET https://www.qe.com.qa/data-policy> (referer: https://www.qe.com.qa/)
2021-01-05 13:54:59 [scrapy.core.scraper] DEBUG: Scraped from <200 https://www.qe.com.qa/data-policy>
{'extracted_url': 'https://www.qe.com.qa/data-policy'}
2021-01-05 13:55:01 [scrapy.extensions.logstats] INFO: Crawled 25 pages (at 25 pages/min), scraped 24 items (at 24 items/min)
2021-01-05 13:55:02 [scrapy.core.engine] DEBUG: Crawled (200) <GET https://www.qe.com.qa/statistical-reports> (referer: https://www.qe.com.qa/)
2021-01-05 13:55:03 [scrapy.core.engine] DEBUG: Crawled (200) <GET https://www.qe.com.qa/authorised-vendors> (referer: https://www.qe.com.qa/)
2021-01-05 13:55:03 [scrapy.core.scraper] DEBUG: Scraped from <200 https://www.qe.com.qa/statistical-reports>
{'extracted_url': 'https://www.qe.com.qa/statistical-reports'}
2021-01-05 13:55:03 [scrapy.core.scraper] DEBUG: Scraped from <200 https://www.qe.com.qa/authorised-vendors>
{'extracted_url': 'https://www.qe.com.qa/authorised-vendors'}
2021-01-05 13:55:04 [scrapy.core.engine] DEBUG: Crawled (200) <GET https://www.qe.com.qa/financial-indicators> (referer: https://www.qe.com.qa/)
2021-01-05 13:55:04 [scrapy.core.scraper] DEBUG: Scraped from <200 https://www.qe.com.qa/financial-indicators>
{'extracted_url': 'https://www.qe.com.qa/financial-indicators'}
2021-01-05 13:55:05 [scrapy.core.engine] DEBUG: Crawled (200) <GET https://www.qe.com.qa/qe-publications> (referer: https://www.qe.com.qa/)
2021-01-05 13:55:05 [scrapy.core.engine] DEBUG: Crawled (200) <GET https://www.qe.com.qa/annual-report> (referer: https://www.qe.com.qa/)
2021-01-05 13:55:05 [scrapy.core.scraper] DEBUG: Scraped from <200 https://www.qe.com.qa/qe-publications>
{'extracted_url': 'https://www.qe.com.qa/qe-publications'}
2021-01-05 13:55:05 [scrapy.core.scraper] DEBUG: Scraped from <200 https://www.qe.com.qa/annual-report>
{'extracted_url': 'https://www.qe.com.qa/annual-report'}
2021-01-05 13:55:06 [scrapy.core.engine] DEBUG: Crawled (200) <GET https://www.qe.com.qa/ipo-guide> (referer: https://www.qe.com.qa/)
2021-01-05 13:55:07 [scrapy.core.scraper] DEBUG: Scraped from <200 https://www.qe.com.qa/ipo-guide>
{'extracted_url': 'https://www.qe.com.qa/ipo-guide'}
2021-01-05 13:55:09 [scrapy.core.engine] DEBUG: Crawled (200) <GET https://www.qe.com.qa/regulations> (referer: https://www.qe.com.qa/)
2021-01-05 13:55:09 [scrapy.core.engine] DEBUG: Crawled (200) <GET https://www.qe.com.qa/methodologies> (referer: https://www.qe.com.qa/)
2021-01-05 13:55:09 [scrapy.core.engine] DEBUG: Crawled (200) <GET https://www.qe.com.qa/interactive-trading-reports> (referer: https://www.qe.com.qa/)
2021-01-05 13:55:09 [scrapy.core.scraper] DEBUG: Scraped from <200 https://www.qe.com.qa/regulations>
{'extracted_url': 'https://www.qe.com.qa/regulations'}
2021-01-05 13:55:09 [scrapy.core.scraper] DEBUG: Scraped from <200 https://www.qe.com.qa/methodologies>
{'extracted_url': 'https://www.qe.com.qa/methodologies'}
2021-01-05 13:55:09 [scrapy.core.scraper] DEBUG: Scraped from <200 https://www.qe.com.qa/interactive-trading-reports>
{'extracted_url': 'https://www.qe.com.qa/interactive-trading-reports'}
2021-01-05 13:55:15 [scrapy.core.engine] DEBUG: Crawled (200) <GET https://www.qe.com.qa/insider-trades> (referer: https://www.qe.com.qa/)
2021-01-05 13:55:15 [scrapy.core.scraper] DEBUG: Scraped from <200 https://www.qe.com.qa/insider-trades>
{'extracted_url': 'https://www.qe.com.qa/insider-trades'}
2021-01-05 13:55:24 [scrapy.core.engine] DEBUG: Crawled (200) <GET https://www.qe.com.qa/companymoreinformationsearch> (referer: https://www.qe.com.qa/)
2021-01-05 13:55:24 [scrapy.core.engine] DEBUG: Crawled (200) <GET https://www.qe.com.qa/stock-exchange-for-beginners> (referer: https://www.qe.com.qa/)
2021-01-05 13:55:24 [scrapy.core.scraper] DEBUG: Scraped from <200 https://www.qe.com.qa/companymoreinformationsearch>
{'extracted_url': 'https://www.qe.com.qa/companymoreinformationsearch'}
2021-01-05 13:55:24 [scrapy.core.scraper] DEBUG: Scraped from <200 https://www.qe.com.qa/stock-exchange-for-beginners>
{'extracted_url': 'https://www.qe.com.qa/stock-exchange-for-beginners'}
2021-01-05 13:55:26 [scrapy.core.engine] DEBUG: Crawled (200) <GET https://www.qe.com.qa/market-performance> (referer: https://www.qe.com.qa/)
2021-01-05 13:55:26 [scrapy.core.scraper] DEBUG: Scraped from <200 https://www.qe.com.qa/market-performance>
{'extracted_url': 'https://www.qe.com.qa/market-performance'}
2021-01-05 13:55:38 [scrapy.core.engine] DEBUG: Crawled (200) <GET https://www.qe.com.qa/market-notices> (referer: https://www.qe.com.qa/)
2021-01-05 13:55:38 [scrapy.core.scraper] DEBUG: Scraped from <200 https://www.qe.com.qa/market-notices>
{'extracted_url': 'https://www.qe.com.qa/market-notices'}
2021-01-05 13:55:39 [scrapy.core.engine] DEBUG: Crawled (200) <GET https://www.qe.com.qa/investor-relations> (referer: https://www.qe.com.qa/)
2021-01-05 13:55:39 [scrapy.core.scraper] DEBUG: Scraped from <200 https://www.qe.com.qa/investor-relations>
{'extracted_url': 'https://www.qe.com.qa/investor-relations'}
2021-01-05 13:56:01 [scrapy.extensions.logstats] INFO: Crawled 40 pages (at 15 pages/min), scraped 39 items (at 15 items/min)
2021-01-05 13:57:01 [scrapy.extensions.logstats] INFO: Crawled 40 pages (at 0 pages/min), scraped 39 items (at 0 items/min)
2021-01-05 13:57:20 [scrapy.core.engine] DEBUG: Crawled (200) <GET https://www.qe.com.qa/general-overview> (referer: https://www.qe.com.qa/)
2021-01-05 13:57:20 [scrapy.core.scraper] DEBUG: Scraped from <200 https://www.qe.com.qa/general-overview>
{'extracted_url': 'https://www.qe.com.qa/general-overview'}
2021-01-05 13:57:21 [urllib3.connectionpool] DEBUG: Starting new HTTP connection (1): axe.checkers.eiii.eu
2021-01-05 13:57:21 [urllib3.connectionpool] DEBUG: Starting new HTTP connection (2): axe.checkers.eiii.eu
2021-01-05 13:57:21 [urllib3.connectionpool] DEBUG: Starting new HTTP connection (3): axe.checkers.eiii.eu
2021-01-05 13:57:21 [urllib3.connectionpool] DEBUG: Starting new HTTP connection (4): axe.checkers.eiii.eu
2021-01-05 13:57:53 [urllib3.connectionpool] DEBUG: http://axe.checkers.eiii.eu:80 "GET /export-jsonld/pagecheck2.0/?url=https://www.qe.com.qa/c/portal/layout?p_l_id=22195&p_v_l_s_g_id=0 HTTP/1.1" 200 None
2021-01-05 13:58:02 [urllib3.connectionpool] DEBUG: http://axe.checkers.eiii.eu:80 "GET /export-jsonld/pagecheck2.0/?url=https://www.qe.com.qa/how-to-list HTTP/1.1" 200 None
2021-01-05 13:58:22 [urllib3.connectionpool] DEBUG: http://axe.checkers.eiii.eu:80 "GET /export-jsonld/pagecheck2.0/?url=https://www.qe.com.qa/ HTTP/1.1" 504 182
2021-01-05 13:58:22 [urllib3.util.retry] DEBUG: Incremented Retry for (url='/export-jsonld/pagecheck2.0/?url=https://www.qe.com.qa/'): Retry(total=2, connect=3, read=3, redirect=None, status=None)
2021-01-05 13:58:22 [urllib3.connectionpool] DEBUG: Retry: /export-jsonld/pagecheck2.0/?url=https://www.qe.com.qa/
2021-01-05 13:58:39 [urllib3.connectionpool] DEBUG: http://axe.checkers.eiii.eu:80 "GET /export-jsonld/pagecheck2.0/?url=https://www.qe.com.qa/continuous-obligation HTTP/1.1" 504 182
2021-01-05 13:58:39 [urllib3.util.retry] DEBUG: Incremented Retry for (url='/export-jsonld/pagecheck2.0/?url=https://www.qe.com.qa/continuous-obligation'): Retry(total=2, connect=3, read=3, redirect=None, status=None)
2021-01-05 13:58:39 [urllib3.connectionpool] DEBUG: Retry: /export-jsonld/pagecheck2.0/?url=https://www.qe.com.qa/continuous-obligation
2021-01-05 13:58:54 [urllib3.connectionpool] DEBUG: http://axe.checkers.eiii.eu:80 "GET /export-jsonld/pagecheck2.0/?url=https://www.qe.com.qa/timeline HTTP/1.1" 504 182
2021-01-05 13:58:54 [urllib3.util.retry] DEBUG: Incremented Retry for (url='/export-jsonld/pagecheck2.0/?url=https://www.qe.com.qa/timeline'): Retry(total=2, connect=3, read=3, redirect=None, status=None)
2021-01-05 13:58:54 [urllib3.connectionpool] DEBUG: Retry: /export-jsonld/pagecheck2.0/?url=https://www.qe.com.qa/timeline
2021-01-05 13:59:02 [urllib3.connectionpool] DEBUG: http://axe.checkers.eiii.eu:80 "GET /export-jsonld/pagecheck2.0/?url=https://www.qe.com.qa/bonds-/-sukuks-/-tbills HTTP/1.1" 504 182
2021-01-05 13:59:02 [urllib3.util.retry] DEBUG: Incremented Retry for (url='/export-jsonld/pagecheck2.0/?url=https://www.qe.com.qa/bonds-/-sukuks-/-tbills'): Retry(total=2, connect=3, read=3, redirect=None, status=None)
2021-01-05 13:59:02 [urllib3.connectionpool] DEBUG: Retry: /export-jsonld/pagecheck2.0/?url=https://www.qe.com.qa/bonds-/-sukuks-/-tbills
2021-01-05 13:59:22 [urllib3.connectionpool] DEBUG: http://axe.checkers.eiii.eu:80 "GET /export-jsonld/pagecheck2.0/?url=https://www.qe.com.qa/ HTTP/1.1" 504 182
2021-01-05 13:59:22 [urllib3.util.retry] DEBUG: Incremented Retry for (url='/export-jsonld/pagecheck2.0/?url=https://www.qe.com.qa/'): Retry(total=1, connect=3, read=3, redirect=None, status=None)
2021-01-05 13:59:23 [urllib3.connectionpool] DEBUG: Retry: /export-jsonld/pagecheck2.0/?url=https://www.qe.com.qa/
2021-01-05 13:59:39 [urllib3.connectionpool] DEBUG: http://axe.checkers.eiii.eu:80 "GET /export-jsonld/pagecheck2.0/?url=https://www.qe.com.qa/continuous-obligation HTTP/1.1" 504 182
2021-01-05 13:59:39 [urllib3.util.retry] DEBUG: Incremented Retry for (url='/export-jsonld/pagecheck2.0/?url=https://www.qe.com.qa/continuous-obligation'): Retry(total=1, connect=3, read=3, redirect=None, status=None)
2021-01-05 13:59:40 [urllib3.connectionpool] DEBUG: Retry: /export-jsonld/pagecheck2.0/?url=https://www.qe.com.qa/continuous-obligation
2021-01-05 13:59:55 [urllib3.connectionpool] DEBUG: http://axe.checkers.eiii.eu:80 "GET /export-jsonld/pagecheck2.0/?url=https://www.qe.com.qa/timeline HTTP/1.1" 504 182
2021-01-05 13:59:55 [urllib3.util.retry] DEBUG: Incremented Retry for (url='/export-jsonld/pagecheck2.0/?url=https://www.qe.com.qa/timeline'): Retry(total=1, connect=3, read=3, redirect=None, status=None)
2021-01-05 13:59:55 [urllib3.connectionpool] DEBUG: Retry: /export-jsonld/pagecheck2.0/?url=https://www.qe.com.qa/timeline
2021-01-05 14:00:03 [urllib3.connectionpool] DEBUG: http://axe.checkers.eiii.eu:80 "GET /export-jsonld/pagecheck2.0/?url=https://www.qe.com.qa/bonds-/-sukuks-/-tbills HTTP/1.1" 504 182
2021-01-05 14:00:03 [urllib3.util.retry] DEBUG: Incremented Retry for (url='/export-jsonld/pagecheck2.0/?url=https://www.qe.com.qa/bonds-/-sukuks-/-tbills'): Retry(total=1, connect=3, read=3, redirect=None, status=None)
2021-01-05 14:00:03 [urllib3.connectionpool] DEBUG: Retry: /export-jsonld/pagecheck2.0/?url=https://www.qe.com.qa/bonds-/-sukuks-/-tbills
2021-01-05 14:00:25 [urllib3.connectionpool] DEBUG: http://axe.checkers.eiii.eu:80 "GET /export-jsonld/pagecheck2.0/?url=https://www.qe.com.qa/ HTTP/1.1" 504 182
2021-01-05 14:00:25 [urllib3.util.retry] DEBUG: Incremented Retry for (url='/export-jsonld/pagecheck2.0/?url=https://www.qe.com.qa/'): Retry(total=0, connect=3, read=3, redirect=None, status=None)
2021-01-05 14:00:26 [urllib3.connectionpool] DEBUG: Retry: /export-jsonld/pagecheck2.0/?url=https://www.qe.com.qa/
2021-01-05 14:00:40 [urllib3.connectionpool] DEBUG: http://axe.checkers.eiii.eu:80 "GET /export-jsonld/pagecheck2.0/?url=https://www.qe.com.qa/continuous-obligation HTTP/1.1" 504 182
2021-01-05 14:00:40 [urllib3.util.retry] DEBUG: Incremented Retry for (url='/export-jsonld/pagecheck2.0/?url=https://www.qe.com.qa/continuous-obligation'): Retry(total=0, connect=3, read=3, redirect=None, status=None)
2021-01-05 14:00:41 [urllib3.connectionpool] DEBUG: Retry: /export-jsonld/pagecheck2.0/?url=https://www.qe.com.qa/continuous-obligation
2021-01-05 14:00:56 [urllib3.connectionpool] DEBUG: http://axe.checkers.eiii.eu:80 "GET /export-jsonld/pagecheck2.0/?url=https://www.qe.com.qa/timeline HTTP/1.1" 504 182
2021-01-05 14:00:56 [urllib3.util.retry] DEBUG: Incremented Retry for (url='/export-jsonld/pagecheck2.0/?url=https://www.qe.com.qa/timeline'): Retry(total=0, connect=3, read=3, redirect=None, status=None)
2021-01-05 14:00:57 [urllib3.connectionpool] DEBUG: Retry: /export-jsonld/pagecheck2.0/?url=https://www.qe.com.qa/timeline
2021-01-05 14:01:03 [urllib3.connectionpool] DEBUG: http://axe.checkers.eiii.eu:80 "GET /export-jsonld/pagecheck2.0/?url=https://www.qe.com.qa/bonds-/-sukuks-/-tbills HTTP/1.1" 504 182
2021-01-05 14:01:03 [urllib3.util.retry] DEBUG: Incremented Retry for (url='/export-jsonld/pagecheck2.0/?url=https://www.qe.com.qa/bonds-/-sukuks-/-tbills'): Retry(total=0, connect=3, read=3, redirect=None, status=None)
2021-01-05 14:01:05 [urllib3.connectionpool] DEBUG: Retry: /export-jsonld/pagecheck2.0/?url=https://www.qe.com.qa/bonds-/-sukuks-/-tbills
2021-01-05 14:01:26 [urllib3.connectionpool] DEBUG: http://axe.checkers.eiii.eu:80 "GET /export-jsonld/pagecheck2.0/?url=https://www.qe.com.qa/ HTTP/1.1" 504 182
2021-01-05 14:01:41 [urllib3.connectionpool] DEBUG: http://axe.checkers.eiii.eu:80 "GET /export-jsonld/pagecheck2.0/?url=https://www.qe.com.qa/continuous-obligation HTTP/1.1" 504 182
2021-01-05 14:01:57 [urllib3.connectionpool] DEBUG: http://axe.checkers.eiii.eu:80 "GET /export-jsonld/pagecheck2.0/?url=https://www.qe.com.qa/timeline HTTP/1.1" 504 182
2021-01-05 14:02:05 [urllib3.connectionpool] DEBUG: http://axe.checkers.eiii.eu:80 "GET /export-jsonld/pagecheck2.0/?url=https://www.qe.com.qa/bonds-/-sukuks-/-tbills HTTP/1.1" 504 182
2021-01-05 14:02:26 [urllib3.connectionpool] DEBUG: http://axe.checkers.eiii.eu:80 "GET /export-jsonld/pagecheck2.0/?url=https://www.qe.com.qa/web/guest/home HTTP/1.1" 504 182
2021-01-05 14:02:26 [urllib3.util.retry] DEBUG: Incremented Retry for (url='/export-jsonld/pagecheck2.0/?url=https://www.qe.com.qa/web/guest/home'): Retry(total=2, connect=3, read=3, redirect=None, status=None)
2021-01-05 14:02:26 [urllib3.connectionpool] DEBUG: Retry: /export-jsonld/pagecheck2.0/?url=https://www.qe.com.qa/web/guest/home
2021-01-05 14:02:41 [urllib3.connectionpool] DEBUG: http://axe.checkers.eiii.eu:80 "GET /export-jsonld/pagecheck2.0/?url=https://www.qe.com.qa/brokers-trading-activities HTTP/1.1" 504 182
2021-01-05 14:02:41 [urllib3.util.retry] DEBUG: Incremented Retry for (url='/export-jsonld/pagecheck2.0/?url=https://www.qe.com.qa/brokers-trading-activities'): Retry(total=2, connect=3, read=3, redirect=None, status=None)
2021-01-05 14:02:41 [urllib3.connectionpool] DEBUG: Retry: /export-jsonld/pagecheck2.0/?url=https://www.qe.com.qa/brokers-trading-activities
2021-01-05 14:02:57 [urllib3.connectionpool] DEBUG: http://axe.checkers.eiii.eu:80 "GET /export-jsonld/pagecheck2.0/?url=https://www.qe.com.qa/connectivity HTTP/1.1" 504 182
2021-01-05 14:02:57 [urllib3.util.retry] DEBUG: Incremented Retry for (url='/export-jsonld/pagecheck2.0/?url=https://www.qe.com.qa/connectivity'): Retry(total=2, connect=3, read=3, redirect=None, status=None)
2021-01-05 14:02:57 [urllib3.connectionpool] DEBUG: Retry: /export-jsonld/pagecheck2.0/?url=https://www.qe.com.qa/connectivity
2021-01-05 14:03:05 [urllib3.connectionpool] DEBUG: http://axe.checkers.eiii.eu:80 "GET /export-jsonld/pagecheck2.0/?url=https://www.qe.com.qa/real-time-data HTTP/1.1" 504 182
2021-01-05 14:03:05 [urllib3.util.retry] DEBUG: Incremented Retry for (url='/export-jsonld/pagecheck2.0/?url=https://www.qe.com.qa/real-time-data'): Retry(total=2, connect=3, read=3, redirect=None, status=None)
2021-01-05 14:03:05 [urllib3.connectionpool] DEBUG: Retry: /export-jsonld/pagecheck2.0/?url=https://www.qe.com.qa/real-time-data
2021-01-05 14:03:27 [urllib3.connectionpool] DEBUG: http://axe.checkers.eiii.eu:80 "GET /export-jsonld/pagecheck2.0/?url=https://www.qe.com.qa/web/guest/home HTTP/1.1" 504 182
2021-01-05 14:03:27 [urllib3.util.retry] DEBUG: Incremented Retry for (url='/export-jsonld/pagecheck2.0/?url=https://www.qe.com.qa/web/guest/home'): Retry(total=1, connect=3, read=3, redirect=None, status=None)
2021-01-05 14:03:27 [urllib3.connectionpool] DEBUG: Retry: /export-jsonld/pagecheck2.0/?url=https://www.qe.com.qa/web/guest/home
2021-01-05 14:03:41 [urllib3.connectionpool] DEBUG: http://axe.checkers.eiii.eu:80 "GET /export-jsonld/pagecheck2.0/?url=https://www.qe.com.qa/brokers-trading-activities HTTP/1.1" 504 182
2021-01-05 14:03:41 [urllib3.util.retry] DEBUG: Incremented Retry for (url='/export-jsonld/pagecheck2.0/?url=https://www.qe.com.qa/brokers-trading-activities'): Retry(total=1, connect=3, read=3, redirect=None, status=None)
2021-01-05 14:03:42 [urllib3.connectionpool] DEBUG: Retry: /export-jsonld/pagecheck2.0/?url=https://www.qe.com.qa/brokers-trading-activities
2021-01-05 14:03:57 [urllib3.connectionpool] DEBUG: http://axe.checkers.eiii.eu:80 "GET /export-jsonld/pagecheck2.0/?url=https://www.qe.com.qa/connectivity HTTP/1.1" 504 182
2021-01-05 14:03:57 [urllib3.util.retry] DEBUG: Incremented Retry for (url='/export-jsonld/pagecheck2.0/?url=https://www.qe.com.qa/connectivity'): Retry(total=1, connect=3, read=3, redirect=None, status=None)
2021-01-05 14:03:58 [urllib3.connectionpool] DEBUG: Retry: /export-jsonld/pagecheck2.0/?url=https://www.qe.com.qa/connectivity
2021-01-05 14:04:05 [urllib3.connectionpool] DEBUG: http://axe.checkers.eiii.eu:80 "GET /export-jsonld/pagecheck2.0/?url=https://www.qe.com.qa/real-time-data HTTP/1.1" 504 182
2021-01-05 14:04:05 [urllib3.util.retry] DEBUG: Incremented Retry for (url='/export-jsonld/pagecheck2.0/?url=https://www.qe.com.qa/real-time-data'): Retry(total=1, connect=3, read=3, redirect=None, status=None)
2021-01-05 14:04:06 [urllib3.connectionpool] DEBUG: Retry: /export-jsonld/pagecheck2.0/?url=https://www.qe.com.qa/real-time-data
2021-01-05 14:04:27 [urllib3.connectionpool] DEBUG: http://axe.checkers.eiii.eu:80 "GET /export-jsonld/pagecheck2.0/?url=https://www.qe.com.qa/web/guest/home HTTP/1.1" 504 182
2021-01-05 14:04:27 [urllib3.util.retry] DEBUG: Incremented Retry for (url='/export-jsonld/pagecheck2.0/?url=https://www.qe.com.qa/web/guest/home'): Retry(total=0, connect=3, read=3, redirect=None, status=None)
2021-01-05 14:04:28 [urllib3.connectionpool] DEBUG: Retry: /export-jsonld/pagecheck2.0/?url=https://www.qe.com.qa/web/guest/home
2021-01-05 14:04:42 [urllib3.connectionpool] DEBUG: http://axe.checkers.eiii.eu:80 "GET /export-jsonld/pagecheck2.0/?url=https://www.qe.com.qa/brokers-trading-activities HTTP/1.1" 504 182
2021-01-05 14:04:42 [urllib3.util.retry] DEBUG: Incremented Retry for (url='/export-jsonld/pagecheck2.0/?url=https://www.qe.com.qa/brokers-trading-activities'): Retry(total=0, connect=3, read=3, redirect=None, status=None)
2021-01-05 14:04:43 [urllib3.connectionpool] DEBUG: Retry: /export-jsonld/pagecheck2.0/?url=https://www.qe.com.qa/brokers-trading-activities
2021-01-05 14:04:58 [urllib3.connectionpool] DEBUG: http://axe.checkers.eiii.eu:80 "GET /export-jsonld/pagecheck2.0/?url=https://www.qe.com.qa/connectivity HTTP/1.1" 504 182
2021-01-05 14:04:58 [urllib3.util.retry] DEBUG: Incremented Retry for (url='/export-jsonld/pagecheck2.0/?url=https://www.qe.com.qa/connectivity'): Retry(total=0, connect=3, read=3, redirect=None, status=None)
2021-01-05 14:04:59 [urllib3.connectionpool] DEBUG: Retry: /export-jsonld/pagecheck2.0/?url=https://www.qe.com.qa/connectivity
2021-01-05 14:05:06 [urllib3.connectionpool] DEBUG: http://axe.checkers.eiii.eu:80 "GET /export-jsonld/pagecheck2.0/?url=https://www.qe.com.qa/real-time-data HTTP/1.1" 504 182
2021-01-05 14:05:06 [urllib3.util.retry] DEBUG: Incremented Retry for (url='/export-jsonld/pagecheck2.0/?url=https://www.qe.com.qa/real-time-data'): Retry(total=0, connect=3, read=3, redirect=None, status=None)
2021-01-05 14:05:07 [urllib3.connectionpool] DEBUG: Retry: /export-jsonld/pagecheck2.0/?url=https://www.qe.com.qa/real-time-data
2021-01-05 14:05:29 [urllib3.connectionpool] DEBUG: http://axe.checkers.eiii.eu:80 "GET /export-jsonld/pagecheck2.0/?url=https://www.qe.com.qa/web/guest/home HTTP/1.1" 504 182
2021-01-05 14:05:43 [urllib3.connectionpool] DEBUG: http://axe.checkers.eiii.eu:80 "GET /export-jsonld/pagecheck2.0/?url=https://www.qe.com.qa/brokers-trading-activities HTTP/1.1" 504 182
2021-01-05 14:05:59 [urllib3.connectionpool] DEBUG: http://axe.checkers.eiii.eu:80 "GET /export-jsonld/pagecheck2.0/?url=https://www.qe.com.qa/connectivity HTTP/1.1" 504 182
2021-01-05 14:06:07 [urllib3.connectionpool] DEBUG: http://axe.checkers.eiii.eu:80 "GET /export-jsonld/pagecheck2.0/?url=https://www.qe.com.qa/real-time-data HTTP/1.1" 504 182
2021-01-05 14:06:07 [scrapy.statscollectors] INFO: Dumping Scrapy stats:
{'downloader/exception_count': 1,
 'downloader/exception_type_count/twisted.web._newclient.ResponseNeverReceived': 1,
 'downloader/request_bytes': 28112,
 'downloader/request_count': 43,
 'downloader/request_method_count/GET': 43,
 'downloader/response_bytes': 7576718,
 'downloader/response_count': 42,
 'downloader/response_status_count/200': 41,
 'downloader/response_status_count/301': 1,
 'dupefilter/filtered': 2553,
 'finish_reason': 'closespider_pagecount',
 'finish_time': datetime.datetime(2021, 1, 5, 14, 6, 7, 819134),
 'item_scraped_count': 40,
 'log_count/DEBUG': 171,
 'log_count/INFO': 10,
 'memusage/max': 107933696,
 'memusage/startup': 80691200,
 'request_depth_max': 2,
 'response_received_count': 41,
 'retry/count': 1,
 'retry/reason_count/twisted.web._newclient.ResponseNeverReceived': 1,
 'scheduler/dequeued': 43,
 'scheduler/dequeued/memory': 43,
 'scheduler/enqueued': 124,
 'scheduler/enqueued/memory': 124,
 'start_time': datetime.datetime(2021, 1, 5, 13, 54, 1, 288223)}
2021-01-05 14:06:07 [scrapy.core.engine] INFO: Spider closed (closespider_pagecount)
