2021-01-05 12:16:11 [scrapy.utils.log] INFO: Scrapy 1.5.1 started (bot: customcrawler)
2021-01-05 12:16:11 [scrapy.utils.log] INFO: Versions: lxml 4.4.2.0, libxml2 2.9.9, cssselect 1.1.0, parsel 1.5.2, w3lib 1.21.0, Twisted 18.9.0, Python 3.6.12 (default, Dec 18 2020, 06:04:50) - [GCC 8.3.0], pyOpenSSL 19.1.0 (OpenSSL 1.1.1d  10 Sep 2019), cryptography 2.8, Platform Linux-4.19.121-linuxkit-x86_64-with-debian-10.7
2021-01-05 12:16:11 [scrapy.crawler] INFO: Overridden settings: {'BOT_NAME': 'customcrawler', 'CLOSESPIDER_PAGECOUNT': '3', 'CLOSESPIDER_TIMEOUT': '0', 'CONCURRENT_REQUESTS': 32, 'DEPTH_PRIORITY': 1, 'LOG_FILE': 'logs/customcrawler/toscrapespiderax/caa63b9a4f4f11eba54a0242ac150003.log', 'NEWSPIDER_MODULE': 'customcrawler.spiders', 'SCHEDULER_DISK_QUEUE': 'scrapy.squeues.PickleFifoDiskQueue', 'SCHEDULER_MEMORY_QUEUE': 'scrapy.squeues.FifoMemoryQueue', 'SPIDER_MODULES': ['customcrawler.spiders']}
2021-01-05 12:16:11 [scrapy.middleware] INFO: Enabled extensions:
['scrapy.extensions.corestats.CoreStats',
 'scrapy.extensions.telnet.TelnetConsole',
 'scrapy.extensions.memusage.MemoryUsage',
 'scrapy.extensions.closespider.CloseSpider',
 'scrapy.extensions.logstats.LogStats']
2021-01-05 12:16:11 [scrapy.middleware] INFO: Enabled downloader middlewares:
['scrapy.downloadermiddlewares.httpauth.HttpAuthMiddleware',
 'scrapy.downloadermiddlewares.downloadtimeout.DownloadTimeoutMiddleware',
 'scrapy.downloadermiddlewares.defaultheaders.DefaultHeadersMiddleware',
 'scrapy.downloadermiddlewares.useragent.UserAgentMiddleware',
 'scrapy.downloadermiddlewares.retry.RetryMiddleware',
 'scrapy.downloadermiddlewares.redirect.MetaRefreshMiddleware',
 'scrapy.downloadermiddlewares.httpcompression.HttpCompressionMiddleware',
 'scrapy.downloadermiddlewares.redirect.RedirectMiddleware',
 'scrapy.downloadermiddlewares.cookies.CookiesMiddleware',
 'scrapy.downloadermiddlewares.httpproxy.HttpProxyMiddleware',
 'scrapy.downloadermiddlewares.stats.DownloaderStats']
2021-01-05 12:16:11 [scrapy.middleware] INFO: Enabled spider middlewares:
['scrapy.spidermiddlewares.httperror.HttpErrorMiddleware',
 'scrapy.spidermiddlewares.offsite.OffsiteMiddleware',
 'scrapy.spidermiddlewares.referer.RefererMiddleware',
 'scrapy.spidermiddlewares.urllength.UrlLengthMiddleware',
 'scrapy.spidermiddlewares.depth.DepthMiddleware']
2021-01-05 12:16:11 [scrapy.middleware] INFO: Enabled item pipelines:
['customcrawler.pipelines.ScrapyAppPipeline']
2021-01-05 12:16:11 [scrapy.core.engine] INFO: Spider opened
2021-01-05 12:16:12 [scrapy.extensions.logstats] INFO: Crawled 0 pages (at 0 pages/min), scraped 0 items (at 0 items/min)
2021-01-05 12:16:12 [scrapy.extensions.telnet] DEBUG: Telnet console listening on 127.0.0.1:6023
2021-01-05 12:16:12 [scrapy.core.engine] DEBUG: Crawled (200) <GET https://lovdata.no/> (referer: None)
2021-01-05 12:16:12 [scrapy.dupefilters] DEBUG: Filtered duplicate request: <GET https://lovdata.no/> - no more duplicates will be shown (see DUPEFILTER_DEBUG to show all duplicates)
2021-01-05 12:16:13 [scrapy.core.engine] DEBUG: Crawled (200) <GET https://lovdata.no/#main-content> (referer: https://lovdata.no/)
2021-01-05 12:16:13 [scrapy.core.scraper] DEBUG: Scraped from <200 https://lovdata.no/>
{'extracted_url': 'https://lovdata.no/'}
2021-01-05 12:16:13 [scrapy.core.engine] DEBUG: Crawled (200) <GET https://lovdata.no/register/eosAvtalen> (referer: https://lovdata.no/)
2021-01-05 12:16:13 [scrapy.core.engine] INFO: Closing spider (closespider_pagecount)
2021-01-05 12:16:13 [scrapy.downloadermiddlewares.redirect] DEBUG: Redirecting (301) to <GET https://grunnloven.lovdata.no/> from <GET http://grunnloven.lovdata.no>
2021-01-05 12:16:13 [scrapy.core.scraper] DEBUG: Scraped from <200 https://lovdata.no/register/eosAvtalen>
{'extracted_url': 'https://lovdata.no/register/eosAvtalen'}
2021-01-05 12:16:13 [scrapy.core.engine] DEBUG: Crawled (200) <GET https://lovdata.no/register/traktater> (referer: https://lovdata.no/)
2021-01-05 12:16:13 [scrapy.downloadermiddlewares.redirect] DEBUG: Redirecting (302) to <GET https://lovdata.no/pro/> from <GET https://lovdata.no/pro>
2021-01-05 12:16:13 [scrapy.core.scraper] DEBUG: Scraped from <200 https://lovdata.no/register/traktater>
{'extracted_url': 'https://lovdata.no/register/traktater'}
2021-01-05 12:16:13 [scrapy.core.engine] DEBUG: Crawled (200) <GET https://lovdata.no/register/avgj%C3%B8relser> (referer: https://lovdata.no/)
2021-01-05 12:16:13 [scrapy.core.engine] DEBUG: Crawled (200) <GET https://lovdata.no/register/stortingsvedtak> (referer: https://lovdata.no/)
2021-01-05 12:16:13 [scrapy.core.engine] DEBUG: Crawled (200) <GET https://lovdata.no/info/personvern#cookies> (referer: https://lovdata.no/)
2021-01-05 12:16:13 [scrapy.core.engine] DEBUG: Crawled (200) <GET https://lovdata.no/register/lover> (referer: https://lovdata.no/)
2021-01-05 12:16:13 [scrapy.core.engine] DEBUG: Crawled (200) <GET https://lovdata.no/register/lovtidend> (referer: https://lovdata.no/)
2021-01-05 12:16:13 [scrapy.core.engine] DEBUG: Crawled (200) <GET https://lovdata.no/register/forskrifter> (referer: https://lovdata.no/)
2021-01-05 12:16:13 [scrapy.core.scraper] DEBUG: Scraped from <200 https://lovdata.no/register/avgj%C3%B8relser>
{'extracted_url': 'https://lovdata.no/register/avgj%C3%B8relser'}
2021-01-05 12:16:13 [scrapy.core.engine] DEBUG: Crawled (200) <GET https://lovdata.no/register/tariffavtaler> (referer: https://lovdata.no/)
2021-01-05 12:16:13 [scrapy.core.scraper] DEBUG: Scraped from <200 https://lovdata.no/register/stortingsvedtak>
{'extracted_url': 'https://lovdata.no/register/stortingsvedtak'}
2021-01-05 12:16:13 [scrapy.core.engine] DEBUG: Crawled (200) <GET https://lovdata.no/register/lokaleForskrifter> (referer: https://lovdata.no/)
2021-01-05 12:16:13 [scrapy.core.scraper] DEBUG: Scraped from <200 https://lovdata.no/info/personvern>
{'extracted_url': 'https://lovdata.no/info/personvern'}
2021-01-05 12:16:13 [scrapy.downloadermiddlewares.redirect] DEBUG: Redirecting (301) to <GET https://lovdata.no/dokument/SPH/sph-2021> from <GET https://lovdata.no/sph>
2021-01-05 12:16:13 [scrapy.core.engine] DEBUG: Crawled (200) <GET https://lovdata.no/register/trygderetten> (referer: https://lovdata.no/)
2021-01-05 12:16:13 [scrapy.core.scraper] DEBUG: Scraped from <200 https://lovdata.no/register/lover>
{'extracted_url': 'https://lovdata.no/register/lover'}
2021-01-05 12:16:13 [scrapy.core.scraper] DEBUG: Scraped from <200 https://lovdata.no/register/lovtidend>
{'extracted_url': 'https://lovdata.no/register/lovtidend'}
2021-01-05 12:16:13 [scrapy.core.scraper] DEBUG: Scraped from <200 https://lovdata.no/register/forskrifter>
{'extracted_url': 'https://lovdata.no/register/forskrifter'}
2021-01-05 12:16:13 [scrapy.core.engine] DEBUG: Crawled (200) <GET https://lovdata.no/register/loverEngelsk> (referer: https://lovdata.no/)
2021-01-05 12:16:13 [scrapy.core.engine] DEBUG: Crawled (200) <GET https://lovdata.no/register/forskrifterEngelsk> (referer: https://lovdata.no/)
2021-01-05 12:16:13 [scrapy.core.engine] DEBUG: Crawled (200) <GET https://lovdata.no/register/avgj%C3%B8relserEngelsk> (referer: https://lovdata.no/)
2021-01-05 12:16:13 [scrapy.core.engine] DEBUG: Crawled (200) <GET https://lovdata.no/pro/auth/student> (referer: https://lovdata.no/)
2021-01-05 12:16:13 [scrapy.core.engine] DEBUG: Crawled (200) <GET https://lovdata.no/tjenester/varsling> (referer: https://lovdata.no/)
2021-01-05 12:16:14 [scrapy.core.scraper] DEBUG: Scraped from <200 https://lovdata.no/register/tariffavtaler>
{'extracted_url': 'https://lovdata.no/register/tariffavtaler'}
2021-01-05 12:16:14 [scrapy.core.scraper] DEBUG: Scraped from <200 https://lovdata.no/register/lokaleForskrifter>
{'extracted_url': 'https://lovdata.no/register/lokaleForskrifter'}
2021-01-05 12:16:14 [scrapy.core.scraper] DEBUG: Scraped from <200 https://lovdata.no/register/trygderetten>
{'extracted_url': 'https://lovdata.no/register/trygderetten'}
2021-01-05 12:16:14 [scrapy.core.engine] DEBUG: Crawled (200) <GET https://lovdata.no/tjenester/tidsskrift> (referer: https://lovdata.no/)
2021-01-05 12:16:14 [scrapy.core.engine] DEBUG: Crawled (200) <GET https://lovdata.no/publikasjoner> (referer: https://lovdata.no/)
2021-01-05 12:16:14 [scrapy.core.scraper] DEBUG: Scraped from <200 https://lovdata.no/register/loverEngelsk>
{'extracted_url': 'https://lovdata.no/register/loverEngelsk'}
2021-01-05 12:16:14 [scrapy.core.scraper] DEBUG: Scraped from <200 https://lovdata.no/register/forskrifterEngelsk>
{'extracted_url': 'https://lovdata.no/register/forskrifterEngelsk'}
2021-01-05 12:16:14 [scrapy.core.scraper] DEBUG: Scraped from <200 https://lovdata.no/register/avgj%C3%B8relserEngelsk>
{'extracted_url': 'https://lovdata.no/register/avgj%C3%B8relserEngelsk'}
2021-01-05 12:16:14 [scrapy.core.engine] DEBUG: Crawled (200) <GET https://lovdata.no/info/22juli> (referer: https://lovdata.no/)
2021-01-05 12:16:14 [scrapy.core.engine] DEBUG: Crawled (200) <GET https://lovdata.no/info/api> (referer: https://lovdata.no/)
2021-01-05 12:16:14 [scrapy.core.scraper] DEBUG: Scraped from <200 https://lovdata.no/pro/auth/student>
{'extracted_url': 'https://lovdata.no/pro/auth/student'}
2021-01-05 12:16:14 [scrapy.core.scraper] DEBUG: Scraped from <200 https://lovdata.no/tjenester/varsling>
{'extracted_url': 'https://lovdata.no/tjenester/varsling'}
2021-01-05 12:16:14 [scrapy.core.engine] DEBUG: Crawled (200) <GET https://lovdata.no/info/om_lovdata> (referer: https://lovdata.no/)
2021-01-05 12:16:14 [scrapy.core.engine] DEBUG: Crawled (200) <GET https://lovdata.no/info/brukeravtale> (referer: https://lovdata.no/)
2021-01-05 12:16:14 [scrapy.core.scraper] DEBUG: Scraped from <200 https://lovdata.no/tjenester/tidsskrift>
{'extracted_url': 'https://lovdata.no/tjenester/tidsskrift'}
2021-01-05 12:16:14 [scrapy.core.engine] DEBUG: Crawled (200) <GET https://lovdata.no/tjenester/pro/> (referer: https://lovdata.no/)
2021-01-05 12:16:14 [scrapy.core.scraper] DEBUG: Scraped from <200 https://lovdata.no/publikasjoner>
{'extracted_url': 'https://lovdata.no/publikasjoner'}
2021-01-05 12:16:14 [scrapy.core.engine] DEBUG: Crawled (200) <GET https://lovdata.no/advokater/> (referer: https://lovdata.no/)
2021-01-05 12:16:14 [scrapy.core.engine] DEBUG: Crawled (200) <GET https://lovdata.no/info/redaktoransvar> (referer: https://lovdata.no/)
2021-01-05 12:16:14 [scrapy.core.scraper] DEBUG: Scraped from <200 https://lovdata.no/info/22juli>
{'extracted_url': 'https://lovdata.no/info/22juli'}
2021-01-05 12:16:14 [scrapy.core.scraper] DEBUG: Scraped from <200 https://lovdata.no/info/api>
{'extracted_url': 'https://lovdata.no/info/api'}
2021-01-05 12:16:14 [scrapy.core.engine] DEBUG: Crawled (200) <GET https://lovdata.no/info/kontakt> (referer: https://lovdata.no/)
2021-01-05 12:16:14 [scrapy.core.scraper] DEBUG: Scraped from <200 https://lovdata.no/info/om_lovdata>
{'extracted_url': 'https://lovdata.no/info/om_lovdata'}
2021-01-05 12:16:14 [scrapy.core.scraper] DEBUG: Scraped from <200 https://lovdata.no/info/brukeravtale>
{'extracted_url': 'https://lovdata.no/info/brukeravtale'}
2021-01-05 12:16:14 [scrapy.core.engine] DEBUG: Crawled (200) <GET https://lovdata.no/info/rss> (referer: https://lovdata.no/)
2021-01-05 12:16:14 [scrapy.core.engine] DEBUG: Crawled (200) <GET https://lovdata.no/info/lenker> (referer: https://lovdata.no/)
2021-01-05 12:16:14 [scrapy.core.scraper] DEBUG: Scraped from <200 https://lovdata.no/tjenester/pro/>
{'extracted_url': 'https://lovdata.no/tjenester/pro/'}
2021-01-05 12:16:14 [scrapy.core.scraper] DEBUG: Scraped from <200 https://lovdata.no/advokater/>
{'extracted_url': 'https://lovdata.no/advokater/'}
2021-01-05 12:16:14 [scrapy.core.scraper] DEBUG: Scraped from <200 https://lovdata.no/info/redaktoransvar>
{'extracted_url': 'https://lovdata.no/info/redaktoransvar'}
2021-01-05 12:16:14 [scrapy.core.engine] DEBUG: Crawled (200) <GET https://lovdata.no/eli/> (referer: https://lovdata.no/)
2021-01-05 12:16:14 [scrapy.core.scraper] DEBUG: Scraped from <200 https://lovdata.no/info/kontakt>
{'extracted_url': 'https://lovdata.no/info/kontakt'}
2021-01-05 12:16:14 [scrapy.core.scraper] DEBUG: Scraped from <200 https://lovdata.no/info/rss>
{'extracted_url': 'https://lovdata.no/info/rss'}
2021-01-05 12:16:14 [scrapy.core.scraper] DEBUG: Scraped from <200 https://lovdata.no/info/lenker>
{'extracted_url': 'https://lovdata.no/info/lenker'}
2021-01-05 12:16:14 [scrapy.core.scraper] DEBUG: Scraped from <200 https://lovdata.no/eli/>
{'extracted_url': 'https://lovdata.no/eli/'}
2021-01-05 12:16:14 [urllib3.connectionpool] DEBUG: Starting new HTTP connection (1): axe.checkers.eiii.eu
2021-01-05 12:16:14 [urllib3.connectionpool] DEBUG: Starting new HTTP connection (2): axe.checkers.eiii.eu
2021-01-05 12:16:14 [urllib3.connectionpool] DEBUG: Starting new HTTP connection (3): axe.checkers.eiii.eu
2021-01-05 12:16:20 [urllib3.connectionpool] DEBUG: http://axe.checkers.eiii.eu:80 "GET /export-jsonld/pagecheck2.0/?url=https://lovdata.no/register/traktater HTTP/1.1" 200 None
2021-01-05 12:16:26 [urllib3.connectionpool] DEBUG: http://axe.checkers.eiii.eu:80 "GET /export-jsonld/pagecheck2.0/?url=https://lovdata.no/ HTTP/1.1" 200 None
2021-01-05 12:16:32 [urllib3.connectionpool] DEBUG: http://axe.checkers.eiii.eu:80 "GET /export-jsonld/pagecheck2.0/?url=https://lovdata.no/register/eosAvtalen HTTP/1.1" 200 None
2021-01-05 12:16:32 [scrapy.statscollectors] INFO: Dumping Scrapy stats:
{'downloader/request_bytes': 8581,
 'downloader/request_count': 34,
 'downloader/request_method_count/GET': 34,
 'downloader/response_bytes': 1038943,
 'downloader/response_count': 34,
 'downloader/response_status_count/200': 31,
 'downloader/response_status_count/301': 2,
 'downloader/response_status_count/302': 1,
 'dupefilter/filtered': 1098,
 'finish_reason': 'closespider_pagecount',
 'finish_time': datetime.datetime(2021, 1, 5, 12, 16, 32, 914155),
 'item_scraped_count': 30,
 'log_count/DEBUG': 72,
 'log_count/INFO': 7,
 'memusage/max': 80355328,
 'memusage/startup': 80355328,
 'request_depth_max': 2,
 'response_received_count': 31,
 'scheduler/dequeued': 34,
 'scheduler/dequeued/memory': 34,
 'scheduler/enqueued': 589,
 'scheduler/enqueued/memory': 589,
 'start_time': datetime.datetime(2021, 1, 5, 12, 16, 12, 1101)}
2021-01-05 12:16:32 [scrapy.core.engine] INFO: Spider closed (closespider_pagecount)
