2020-05-21 15:00:29 [scrapy.utils.log] INFO: Scrapy 1.5.1 started (bot: customcrawler)
2020-05-21 15:00:29 [scrapy.utils.log] INFO: Versions: lxml 4.4.2.0, libxml2 2.9.9, cssselect 1.1.0, parsel 1.5.2, w3lib 1.21.0, Twisted 18.9.0, Python 3.6.10 (default, Mar 31 2020, 16:24:51) - [GCC 8.3.0], pyOpenSSL 19.1.0 (OpenSSL 1.1.1d  10 Sep 2019), cryptography 2.8, Platform Linux-4.9.93-linuxkit-aufs-x86_64-with-debian-10.3
2020-05-21 15:00:29 [scrapy.crawler] INFO: Overridden settings: {'BOT_NAME': 'customcrawler', 'CLOSESPIDER_PAGECOUNT': '100', 'CLOSESPIDER_TIMEOUT': '0', 'CONCURRENT_REQUESTS': 32, 'DEPTH_PRIORITY': 1, 'LOG_FILE': 'logs/customcrawler/toscrapespiderax/cc6d4f809b7311eab0840242ac180003.log', 'NEWSPIDER_MODULE': 'customcrawler.spiders', 'SCHEDULER_DISK_QUEUE': 'scrapy.squeues.PickleFifoDiskQueue', 'SCHEDULER_MEMORY_QUEUE': 'scrapy.squeues.FifoMemoryQueue', 'SPIDER_MODULES': ['customcrawler.spiders']}
2020-05-21 15:00:29 [scrapy.middleware] INFO: Enabled extensions:
['scrapy.extensions.corestats.CoreStats',
 'scrapy.extensions.telnet.TelnetConsole',
 'scrapy.extensions.memusage.MemoryUsage',
 'scrapy.extensions.closespider.CloseSpider',
 'scrapy.extensions.logstats.LogStats']
2020-05-21 15:00:30 [scrapy.middleware] INFO: Enabled downloader middlewares:
['scrapy.downloadermiddlewares.httpauth.HttpAuthMiddleware',
 'scrapy.downloadermiddlewares.downloadtimeout.DownloadTimeoutMiddleware',
 'scrapy.downloadermiddlewares.defaultheaders.DefaultHeadersMiddleware',
 'scrapy.downloadermiddlewares.useragent.UserAgentMiddleware',
 'scrapy.downloadermiddlewares.retry.RetryMiddleware',
 'scrapy.downloadermiddlewares.redirect.MetaRefreshMiddleware',
 'scrapy.downloadermiddlewares.httpcompression.HttpCompressionMiddleware',
 'scrapy.downloadermiddlewares.redirect.RedirectMiddleware',
 'scrapy.downloadermiddlewares.cookies.CookiesMiddleware',
 'scrapy.downloadermiddlewares.httpproxy.HttpProxyMiddleware',
 'scrapy.downloadermiddlewares.stats.DownloaderStats']
2020-05-21 15:00:30 [scrapy.middleware] INFO: Enabled spider middlewares:
['scrapy.spidermiddlewares.httperror.HttpErrorMiddleware',
 'scrapy.spidermiddlewares.offsite.OffsiteMiddleware',
 'scrapy.spidermiddlewares.referer.RefererMiddleware',
 'scrapy.spidermiddlewares.urllength.UrlLengthMiddleware',
 'scrapy.spidermiddlewares.depth.DepthMiddleware']
2020-05-21 15:00:30 [scrapy.middleware] INFO: Enabled item pipelines:
['customcrawler.pipelines.ScrapyAppPipeline']
2020-05-21 15:00:30 [scrapy.core.engine] INFO: Spider opened
2020-05-21 15:00:30 [scrapy.extensions.logstats] INFO: Crawled 0 pages (at 0 pages/min), scraped 0 items (at 0 items/min)
2020-05-21 15:00:30 [scrapy.extensions.telnet] DEBUG: Telnet console listening on 127.0.0.1:6024
2020-05-21 15:00:30 [scrapy.downloadermiddlewares.redirect] DEBUG: Redirecting (301) to <GET https://www.irishrail.ie/> from <GET http://www.irishrail.ie/>
2020-05-21 15:00:33 [scrapy.core.engine] DEBUG: Crawled (200) <GET https://www.irishrail.ie/> (referer: None)
2020-05-21 15:00:33 [scrapy.core.engine] DEBUG: Crawled (200) <GET https://www.irishrail.ie/> (referer: https://www.irishrail.ie/)
2020-05-21 15:00:33 [scrapy.core.scraper] DEBUG: Scraped from <200 https://www.irishrail.ie/>
{'extracted_url': 'https://www.irishrail.ie/'}
2020-05-21 15:00:33 [scrapy.dupefilters] DEBUG: Filtered duplicate request: <GET https://www.irishrail.ie/> - no more duplicates will be shown (see DUPEFILTER_DEBUG to show all duplicates)
2020-05-21 15:00:34 [scrapy.downloadermiddlewares.redirect] DEBUG: Redirecting (301) to <GET https://www.irishrail.ie/about-us/company-information/career-opportunities-at-iarnrod-eireann> from <GET https://www.irishrail.ie/about-us/career-opportunities>
2020-05-21 15:00:34 [scrapy.downloadermiddlewares.redirect] DEBUG: Redirecting (301) to <GET https://www.irishrail.ie/rail-fares-and-tickets/tickets-explained> from <GET https://www.irishrail.ie/fares-and-tickets/tickets-explained>
2020-05-21 15:00:34 [scrapy.downloadermiddlewares.redirect] DEBUG: Redirecting (302) to <GET https://www.irishrail.ie/rail-fares-and-tickets/fares-info> from <GET https://www.irishrail.ie/rail-fares-and-tickets>
2020-05-21 15:00:35 [scrapy.core.engine] DEBUG: Crawled (200) <GET https://www.irishrail.ie/news/revised-dublin-belfast-enterprise-timetable> (referer: https://www.irishrail.ie/)
2020-05-21 15:00:35 [scrapy.core.engine] DEBUG: Crawled (200) <GET https://www.irishrail.ie/train-timetables> (referer: https://www.irishrail.ie/)
2020-05-21 15:00:35 [scrapy.core.engine] DEBUG: Crawled (200) <GET https://www.irishrail.ie/news/iarnrod-eireann-night-time-track-works> (referer: https://www.irishrail.ie/)
2020-05-21 15:00:35 [scrapy.core.engine] DEBUG: Crawled (200) <GET https://www.irishrail.ie/news/covid-19-update> (referer: https://www.irishrail.ie/)
2020-05-21 15:00:35 [scrapy.core.scraper] DEBUG: Scraped from <200 https://www.irishrail.ie/news/revised-dublin-belfast-enterprise-timetable>
{'extracted_url': 'https://www.irishrail.ie/news/revised-dublin-belfast-enterprise-timetable'}
2020-05-21 15:00:35 [scrapy.core.scraper] DEBUG: Scraped from <200 https://www.irishrail.ie/train-timetables>
{'extracted_url': 'https://www.irishrail.ie/train-timetables'}
2020-05-21 15:00:35 [scrapy.core.engine] DEBUG: Crawled (200) <GET https://www.irishrail.ie/rail-fares-and-tickets/special-offers> (referer: https://www.irishrail.ie/)
2020-05-21 15:00:35 [scrapy.core.engine] DEBUG: Crawled (200) <GET https://www.irishrail.ie/news/irishrail-engineering-works> (referer: https://www.irishrail.ie/)
2020-05-21 15:00:35 [scrapy.core.engine] DEBUG: Crawled (200) <GET https://www.irishrail.ie/travel-information/your-travel> (referer: https://www.irishrail.ie/)
2020-05-21 15:00:35 [scrapy.core.scraper] DEBUG: Scraped from <200 https://www.irishrail.ie/news/iarnrod-eireann-night-time-track-works>
{'extracted_url': 'https://www.irishrail.ie/news/iarnrod-eireann-night-time-track-works'}
2020-05-21 15:00:35 [scrapy.core.scraper] DEBUG: Scraped from <200 https://www.irishrail.ie/news/covid-19-update>
{'extracted_url': 'https://www.irishrail.ie/news/covid-19-update'}
2020-05-21 15:00:36 [scrapy.core.engine] DEBUG: Crawled (200) <GET https://www.irishrail.ie/news> (referer: https://www.irishrail.ie/)
2020-05-21 15:00:36 [scrapy.core.scraper] DEBUG: Scraped from <200 https://www.irishrail.ie/rail-fares-and-tickets/special-offers>
{'extracted_url': 'https://www.irishrail.ie/rail-fares-and-tickets/special-offers'}
2020-05-21 15:00:36 [scrapy.core.scraper] DEBUG: Scraped from <200 https://www.irishrail.ie/news/irishrail-engineering-works>
{'extracted_url': 'https://www.irishrail.ie/news/irishrail-engineering-works'}
2020-05-21 15:00:36 [scrapy.core.scraper] DEBUG: Scraped from <200 https://www.irishrail.ie/travel-information/your-travel>
{'extracted_url': 'https://www.irishrail.ie/travel-information/your-travel'}
2020-05-21 15:00:36 [scrapy.core.scraper] DEBUG: Scraped from <200 https://www.irishrail.ie/news>
{'extracted_url': 'https://www.irishrail.ie/news'}
2020-05-21 15:00:36 [scrapy.downloadermiddlewares.redirect] DEBUG: Redirecting (301) to <GET https://www.irishrail.ie/train-timetables/live-train-map> from <GET https://www.irishrail.ie/timetables/live-map>
2020-05-21 15:00:36 [scrapy.core.engine] DEBUG: Crawled (200) <GET https://www.irishrail.ie/blog/railway-people-patricia-bermingham,-station-operat> (referer: https://www.irishrail.ie/)
2020-05-21 15:00:36 [scrapy.core.engine] DEBUG: Crawled (200) <GET https://www.irishrail.ie/blog/railway-people-neil-dinnen,-intercity-fleet-contro> (referer: https://www.irishrail.ie/)
2020-05-21 15:00:36 [scrapy.core.scraper] DEBUG: Scraped from <200 https://www.irishrail.ie/blog/railway-people-patricia-bermingham,-station-operat>
{'extracted_url': 'https://www.irishrail.ie/blog/railway-people-patricia-bermingham,-station-operat'}
2020-05-21 15:00:36 [scrapy.core.engine] DEBUG: Crawled (200) <GET https://www.irishrail.ie/blog/how-to-update-your-browser-and-operating-system> (referer: https://www.irishrail.ie/)
2020-05-21 15:00:36 [scrapy.core.engine] DEBUG: Crawled (200) <GET https://www.irishrail.ie/blog/railway-people-noel-enright,-on-board-customer-ser> (referer: https://www.irishrail.ie/)
2020-05-21 15:00:36 [scrapy.core.scraper] DEBUG: Scraped from <200 https://www.irishrail.ie/blog/railway-people-neil-dinnen,-intercity-fleet-contro>
{'extracted_url': 'https://www.irishrail.ie/blog/railway-people-neil-dinnen,-intercity-fleet-contro'}
2020-05-21 15:00:36 [scrapy.core.scraper] DEBUG: Scraped from <200 https://www.irishrail.ie/blog/how-to-update-your-browser-and-operating-system>
{'extracted_url': 'https://www.irishrail.ie/blog/how-to-update-your-browser-and-operating-system'}
2020-05-21 15:00:36 [scrapy.core.engine] DEBUG: Crawled (200) <GET https://www.irishrail.ie/train-timetables/live-departure-train-times> (referer: https://www.irishrail.ie/)
2020-05-21 15:00:37 [scrapy.core.scraper] DEBUG: Scraped from <200 https://www.irishrail.ie/blog/railway-people-noel-enright,-on-board-customer-ser>
{'extracted_url': 'https://www.irishrail.ie/blog/railway-people-noel-enright,-on-board-customer-ser'}
2020-05-21 15:00:37 [scrapy.core.engine] DEBUG: Crawled (200) <GET https://www.irishrail.ie/news/service-updates> (referer: https://www.irishrail.ie/)
2020-05-21 15:00:37 [scrapy.core.scraper] DEBUG: Scraped from <200 https://www.irishrail.ie/train-timetables/live-departure-train-times>
{'extracted_url': 'https://www.irishrail.ie/train-timetables/live-departure-train-times'}
2020-05-21 15:00:37 [scrapy.core.scraper] DEBUG: Scraped from <200 https://www.irishrail.ie/news/service-updates>
{'extracted_url': 'https://www.irishrail.ie/news/service-updates'}
2020-05-21 15:00:37 [scrapy.core.engine] DEBUG: Crawled (200) <GET https://www.irishrail.ie/about-us> (referer: https://www.irishrail.ie/)
2020-05-21 15:00:37 [scrapy.core.scraper] DEBUG: Scraped from <200 https://www.irishrail.ie/about-us>
{'extracted_url': 'https://www.irishrail.ie/about-us'}
2020-05-21 15:00:37 [scrapy.core.engine] DEBUG: Crawled (200) <GET https://www.irishrail.ie/about-us/company-information> (referer: https://www.irishrail.ie/)
2020-05-21 15:00:38 [scrapy.core.engine] DEBUG: Crawled (200) <GET https://www.irishrail.ie/about-us/iarnrod-eireann-network-statement> (referer: https://www.irishrail.ie/)
2020-05-21 15:00:38 [scrapy.core.scraper] DEBUG: Scraped from <200 https://www.irishrail.ie/about-us/company-information>
{'extracted_url': 'https://www.irishrail.ie/about-us/company-information'}
2020-05-21 15:00:38 [scrapy.core.scraper] DEBUG: Scraped from <200 https://www.irishrail.ie/about-us/iarnrod-eireann-network-statement>
{'extracted_url': 'https://www.irishrail.ie/about-us/iarnrod-eireann-network-statement'}
2020-05-21 15:00:38 [scrapy.core.engine] DEBUG: Crawled (200) <GET https://www.irishrail.ie/about-us/iarnrod-eireann-services> (referer: https://www.irishrail.ie/)
2020-05-21 15:00:38 [scrapy.core.scraper] DEBUG: Scraped from <200 https://www.irishrail.ie/about-us/iarnrod-eireann-services>
{'extracted_url': 'https://www.irishrail.ie/about-us/iarnrod-eireann-services'}
2020-05-21 15:00:38 [scrapy.core.engine] DEBUG: Crawled (200) <GET https://www.irishrail.ie/about-us/company-information/iarnrod-eireann-safety-and-security> (referer: https://www.irishrail.ie/)
2020-05-21 15:00:38 [scrapy.core.engine] DEBUG: Crawled (200) <GET https://www.irishrail.ie/about-us/iarnrod-eireann-services/freight> (referer: https://www.irishrail.ie/)
2020-05-21 15:00:38 [scrapy.core.scraper] DEBUG: Scraped from <200 https://www.irishrail.ie/about-us/company-information/iarnrod-eireann-safety-and-security>
{'extracted_url': 'https://www.irishrail.ie/about-us/company-information/iarnrod-eireann-safety-and-security'}
2020-05-21 15:00:38 [scrapy.core.engine] DEBUG: Crawled (200) <GET https://www.irishrail.ie/about-us/train-punctuality-reliability-performance> (referer: https://www.irishrail.ie/)
2020-05-21 15:00:38 [scrapy.core.engine] DEBUG: Crawled (200) <GET https://www.irishrail.ie/about-us/iarnrod-eireann-projects-and-investments> (referer: https://www.irishrail.ie/)
2020-05-21 15:00:38 [scrapy.core.scraper] DEBUG: Scraped from <200 https://www.irishrail.ie/about-us/iarnrod-eireann-services/freight>
{'extracted_url': 'https://www.irishrail.ie/about-us/iarnrod-eireann-services/freight'}
2020-05-21 15:00:38 [scrapy.core.scraper] DEBUG: Scraped from <200 https://www.irishrail.ie/about-us/train-punctuality-reliability-performance>
{'extracted_url': 'https://www.irishrail.ie/about-us/train-punctuality-reliability-performance'}
2020-05-21 15:00:38 [scrapy.core.scraper] DEBUG: Scraped from <200 https://www.irishrail.ie/about-us/iarnrod-eireann-projects-and-investments>
{'extracted_url': 'https://www.irishrail.ie/about-us/iarnrod-eireann-projects-and-investments'}
2020-05-21 15:00:38 [scrapy.core.engine] DEBUG: Crawled (200) <GET https://www.irishrail.ie/contact-us/faqs> (referer: https://www.irishrail.ie/)
2020-05-21 15:00:38 [scrapy.core.engine] DEBUG: Crawled (200) <GET https://www.irishrail.ie/about-us/iarnrod-eireann-infrastructure> (referer: https://www.irishrail.ie/)
2020-05-21 15:00:39 [scrapy.core.scraper] DEBUG: Scraped from <200 https://www.irishrail.ie/contact-us/faqs>
{'extracted_url': 'https://www.irishrail.ie/contact-us/faqs'}
2020-05-21 15:00:39 [scrapy.core.scraper] DEBUG: Scraped from <200 https://www.irishrail.ie/about-us/iarnrod-eireann-infrastructure>
{'extracted_url': 'https://www.irishrail.ie/about-us/iarnrod-eireann-infrastructure'}
2020-05-21 15:00:39 [scrapy.core.engine] DEBUG: Crawled (200) <GET https://www.irishrail.ie/about-us/cie-group-property> (referer: https://www.irishrail.ie/)
2020-05-21 15:00:39 [scrapy.core.scraper] DEBUG: Scraped from <200 https://www.irishrail.ie/about-us/cie-group-property>
{'extracted_url': 'https://www.irishrail.ie/about-us/cie-group-property'}
2020-05-21 15:00:39 [scrapy.core.engine] DEBUG: Crawled (200) <GET https://www.irishrail.ie/rail-fares-and-tickets/tickets-explained> (referer: https://www.irishrail.ie/)
2020-05-21 15:00:39 [scrapy.core.engine] DEBUG: Crawled (200) <GET https://www.irishrail.ie/rail-fares-and-tickets/students> (referer: https://www.irishrail.ie/)
2020-05-21 15:00:40 [scrapy.core.engine] DEBUG: Crawled (200) <GET https://www.irishrail.ie/about-us/company-information/career-opportunities-at-iarnrod-eireann> (referer: https://www.irishrail.ie/)
2020-05-21 15:00:40 [scrapy.core.scraper] DEBUG: Scraped from <200 https://www.irishrail.ie/rail-fares-and-tickets/tickets-explained>
{'extracted_url': 'https://www.irishrail.ie/rail-fares-and-tickets/tickets-explained'}
2020-05-21 15:00:40 [scrapy.core.scraper] DEBUG: Scraped from <200 https://www.irishrail.ie/rail-fares-and-tickets/students>
{'extracted_url': 'https://www.irishrail.ie/rail-fares-and-tickets/students'}
2020-05-21 15:00:40 [scrapy.core.engine] DEBUG: Crawled (200) <GET https://www.irishrail.ie/rail-fares-and-tickets/groups-and-tours> (referer: https://www.irishrail.ie/)
2020-05-21 15:00:40 [scrapy.core.scraper] DEBUG: Scraped from <200 https://www.irishrail.ie/about-us/company-information/career-opportunities-at-iarnrod-eireann>
{'extracted_url': 'https://www.irishrail.ie/about-us/company-information/career-opportunities-at-iarnrod-eireann'}
2020-05-21 15:00:40 [scrapy.core.engine] DEBUG: Crawled (200) <GET https://www.irishrail.ie/rail-fares-and-tickets/groups-and-tours/group-travel> (referer: https://www.irishrail.ie/)
2020-05-21 15:00:40 [scrapy.core.scraper] DEBUG: Scraped from <200 https://www.irishrail.ie/rail-fares-and-tickets/groups-and-tours>
{'extracted_url': 'https://www.irishrail.ie/rail-fares-and-tickets/groups-and-tours'}
2020-05-21 15:00:40 [scrapy.core.engine] DEBUG: Crawled (200) <GET https://www.irishrail.ie/rail-fares-and-tickets/fares-info> (referer: https://www.irishrail.ie/)
2020-05-21 15:00:40 [scrapy.core.scraper] DEBUG: Scraped from <200 https://www.irishrail.ie/rail-fares-and-tickets/groups-and-tours/group-travel>
{'extracted_url': 'https://www.irishrail.ie/rail-fares-and-tickets/groups-and-tours/group-travel'}
2020-05-21 15:00:40 [scrapy.core.scraper] DEBUG: Scraped from <200 https://www.irishrail.ie/rail-fares-and-tickets/fares-info>
{'extracted_url': 'https://www.irishrail.ie/rail-fares-and-tickets/fares-info'}
2020-05-21 15:00:40 [scrapy.core.engine] DEBUG: Crawled (200) <GET https://www.irishrail.ie/rail-fares-and-tickets/groups-and-tours/charter-train> (referer: https://www.irishrail.ie/)
2020-05-21 15:00:40 [scrapy.core.engine] DEBUG: Crawled (200) <GET https://www.irishrail.ie/rail-fares-and-tickets/business-corporate-travel> (referer: https://www.irishrail.ie/)
2020-05-21 15:00:40 [scrapy.core.scraper] DEBUG: Scraped from <200 https://www.irishrail.ie/rail-fares-and-tickets/groups-and-tours/charter-train>
{'extracted_url': 'https://www.irishrail.ie/rail-fares-and-tickets/groups-and-tours/charter-train'}
2020-05-21 15:00:40 [scrapy.core.scraper] DEBUG: Scraped from <200 https://www.irishrail.ie/rail-fares-and-tickets/business-corporate-travel>
{'extracted_url': 'https://www.irishrail.ie/rail-fares-and-tickets/business-corporate-travel'}
2020-05-21 15:00:41 [scrapy.core.engine] DEBUG: Crawled (200) <GET https://www.irishrail.ie/train-timetables/dart-live-map> (referer: https://www.irishrail.ie/)
2020-05-21 15:00:41 [scrapy.core.scraper] DEBUG: Scraped from <200 https://www.irishrail.ie/train-timetables/dart-live-map>
{'extracted_url': 'https://www.irishrail.ie/train-timetables/dart-live-map'}
2020-05-21 15:00:41 [scrapy.core.engine] DEBUG: Crawled (200) <GET https://www.irishrail.ie/train-timetables/intercity-live-map> (referer: https://www.irishrail.ie/)
2020-05-21 15:00:41 [scrapy.core.engine] DEBUG: Crawled (200) <GET https://www.irishrail.ie/rail-fares-and-tickets/first-class-travel> (referer: https://www.irishrail.ie/)
2020-05-21 15:00:41 [scrapy.core.engine] DEBUG: Crawled (200) <GET https://www.irishrail.ie/rail-fares-and-tickets/sailrail-uk-ferry> (referer: https://www.irishrail.ie/)
2020-05-21 15:00:41 [scrapy.core.scraper] DEBUG: Scraped from <200 https://www.irishrail.ie/train-timetables/intercity-live-map>
{'extracted_url': 'https://www.irishrail.ie/train-timetables/intercity-live-map'}
2020-05-21 15:00:41 [scrapy.core.scraper] DEBUG: Scraped from <200 https://www.irishrail.ie/rail-fares-and-tickets/first-class-travel>
{'extracted_url': 'https://www.irishrail.ie/rail-fares-and-tickets/first-class-travel'}
2020-05-21 15:00:41 [scrapy.core.scraper] DEBUG: Scraped from <200 https://www.irishrail.ie/rail-fares-and-tickets/sailrail-uk-ferry>
{'extracted_url': 'https://www.irishrail.ie/rail-fares-and-tickets/sailrail-uk-ferry'}
2020-05-21 15:00:41 [scrapy.core.engine] DEBUG: Crawled (200) <GET https://www.irishrail.ie/train-timetables/commuter-live-map> (referer: https://www.irishrail.ie/)
2020-05-21 15:00:41 [scrapy.core.scraper] DEBUG: Scraped from <200 https://www.irishrail.ie/train-timetables/commuter-live-map>
{'extracted_url': 'https://www.irishrail.ie/train-timetables/commuter-live-map'}
2020-05-21 15:00:41 [scrapy.core.engine] DEBUG: Crawled (200) <GET https://www.irishrail.ie/travel-information/find-a-station> (referer: https://www.irishrail.ie/)
2020-05-21 15:00:42 [scrapy.core.scraper] DEBUG: Scraped from <200 https://www.irishrail.ie/travel-information/find-a-station>
{'extracted_url': 'https://www.irishrail.ie/travel-information/find-a-station'}
2020-05-21 15:00:42 [scrapy.core.engine] DEBUG: Crawled (200) <GET https://www.irishrail.ie/travel-information/accessibility-onboard-trains> (referer: https://www.irishrail.ie/)
2020-05-21 15:00:42 [scrapy.core.engine] DEBUG: Crawled (200) <GET https://www.irishrail.ie/travel-information/station-and-route-maps> (referer: https://www.irishrail.ie/)
2020-05-21 15:00:42 [scrapy.core.scraper] DEBUG: Scraped from <200 https://www.irishrail.ie/travel-information/accessibility-onboard-trains>
{'extracted_url': 'https://www.irishrail.ie/travel-information/accessibility-onboard-trains'}
2020-05-21 15:00:42 [scrapy.core.scraper] DEBUG: Scraped from <200 https://www.irishrail.ie/travel-information/station-and-route-maps>
{'extracted_url': 'https://www.irishrail.ie/travel-information/station-and-route-maps'}
2020-05-21 15:00:42 [scrapy.downloadermiddlewares.redirect] DEBUG: Redirecting (301) to <GET https://www.irishrail.ie/travel-information/mobile-and-apps> from <GET https://www.irishrail.ie/timetables/apps>
2020-05-21 15:00:42 [scrapy.core.engine] DEBUG: Crawled (200) <GET https://www.irishrail.ie/travel-information/luggage> (referer: https://www.irishrail.ie/)
2020-05-21 15:00:42 [scrapy.core.engine] DEBUG: Crawled (200) <GET https://www.irishrail.ie/travel-information/station-car-parking> (referer: https://www.irishrail.ie/)
2020-05-21 15:00:42 [scrapy.core.scraper] DEBUG: Scraped from <200 https://www.irishrail.ie/travel-information/luggage>
{'extracted_url': 'https://www.irishrail.ie/travel-information/luggage'}
2020-05-21 15:00:42 [scrapy.core.engine] DEBUG: Crawled (200) <GET https://www.irishrail.ie/travel-information/wifi-and-power> (referer: https://www.irishrail.ie/)
2020-05-21 15:00:42 [scrapy.core.scraper] DEBUG: Scraped from <200 https://www.irishrail.ie/travel-information/station-car-parking>
{'extracted_url': 'https://www.irishrail.ie/travel-information/station-car-parking'}
2020-05-21 15:00:42 [scrapy.core.engine] DEBUG: Crawled (200) <GET https://www.irishrail.ie/travel-information/bicycle-information-for-rail-travel> (referer: https://www.irishrail.ie/)
2020-05-21 15:00:42 [scrapy.core.scraper] DEBUG: Scraped from <200 https://www.irishrail.ie/travel-information/wifi-and-power>
{'extracted_url': 'https://www.irishrail.ie/travel-information/wifi-and-power'}
2020-05-21 15:00:42 [scrapy.core.scraper] DEBUG: Scraped from <200 https://www.irishrail.ie/travel-information/bicycle-information-for-rail-travel>
{'extracted_url': 'https://www.irishrail.ie/travel-information/bicycle-information-for-rail-travel'}
2020-05-21 15:00:43 [scrapy.core.engine] DEBUG: Crawled (200) <GET https://www.irishrail.ie/travel-information/passenger-charter-know-your-rights> (referer: https://www.irishrail.ie/)
2020-05-21 15:00:43 [scrapy.downloadermiddlewares.redirect] DEBUG: Redirecting (301) to <GET https://www.irishrail.ie/legal/terms-of-use-privacy-statement-cookie-policy> from <GET https://www.irishrail.ie/legal/privacy-statement>
2020-05-21 15:00:43 [scrapy.core.scraper] DEBUG: Scraped from <200 https://www.irishrail.ie/travel-information/passenger-charter-know-your-rights>
{'extracted_url': 'https://www.irishrail.ie/travel-information/passenger-charter-know-your-rights'}
2020-05-21 15:00:43 [scrapy.core.engine] DEBUG: Crawled (200) <GET https://www.irishrail.ie/about-us/newsletter> (referer: https://www.irishrail.ie/)
2020-05-21 15:00:43 [scrapy.core.scraper] DEBUG: Scraped from <200 https://www.irishrail.ie/about-us/newsletter>
{'extracted_url': 'https://www.irishrail.ie/about-us/newsletter'}
2020-05-21 15:00:43 [scrapy.core.engine] DEBUG: Crawled (200) <GET https://www.irishrail.ie/legal/terms-of-use-privacy-statement-cookie-policy> (referer: https://www.irishrail.ie/)
2020-05-21 15:00:43 [scrapy.core.engine] DEBUG: Crawled (200) <GET https://www.irishrail.ie/travel-information/accessibility-onboard-trains/iarnrod-eireann-website-accessibility> (referer: https://www.irishrail.ie/)
2020-05-21 15:00:43 [scrapy.core.scraper] DEBUG: Scraped from <200 https://www.irishrail.ie/legal/terms-of-use-privacy-statement-cookie-policy>
{'extracted_url': 'https://www.irishrail.ie/legal/terms-of-use-privacy-statement-cookie-policy'}
2020-05-21 15:00:43 [scrapy.core.engine] DEBUG: Crawled (200) <GET https://www.irishrail.ie/contact-us> (referer: https://www.irishrail.ie/)
2020-05-21 15:00:44 [scrapy.core.scraper] DEBUG: Scraped from <200 https://www.irishrail.ie/travel-information/accessibility-onboard-trains/iarnrod-eireann-website-accessibility>
{'extracted_url': 'https://www.irishrail.ie/travel-information/accessibility-onboard-trains/iarnrod-eireann-website-accessibility'}
2020-05-21 15:00:44 [scrapy.core.scraper] DEBUG: Scraped from <200 https://www.irishrail.ie/contact-us>
{'extracted_url': 'https://www.irishrail.ie/contact-us'}
2020-05-21 15:00:44 [scrapy.core.engine] DEBUG: Crawled (200) <GET https://www.irishrail.ie/news/news-archive?y=2020> (referer: https://www.irishrail.ie/news/revised-dublin-belfast-enterprise-timetable)
2020-05-21 15:00:44 [scrapy.core.engine] DEBUG: Crawled (200) <GET https://www.irishrail.ie/news/news-archive?y=2017> (referer: https://www.irishrail.ie/news/revised-dublin-belfast-enterprise-timetable)
2020-05-21 15:00:44 [scrapy.core.scraper] DEBUG: Scraped from <200 https://www.irishrail.ie/news/news-archive?y=2020>
{'extracted_url': 'https://www.irishrail.ie/news/news-archive?y=2020'}
2020-05-21 15:00:44 [scrapy.core.engine] DEBUG: Crawled (200) <GET https://www.irishrail.ie/news/news-archive?y=2019> (referer: https://www.irishrail.ie/news/revised-dublin-belfast-enterprise-timetable)
2020-05-21 15:00:44 [scrapy.core.scraper] DEBUG: Scraped from <200 https://www.irishrail.ie/news/news-archive?y=2017>
{'extracted_url': 'https://www.irishrail.ie/news/news-archive?y=2017'}
2020-05-21 15:00:44 [scrapy.core.scraper] DEBUG: Scraped from <200 https://www.irishrail.ie/news/news-archive?y=2019>
{'extracted_url': 'https://www.irishrail.ie/news/news-archive?y=2019'}
2020-05-21 15:00:44 [scrapy.core.engine] DEBUG: Crawled (200) <GET https://www.irishrail.ie/news/news-archive?y=2018> (referer: https://www.irishrail.ie/news/revised-dublin-belfast-enterprise-timetable)
2020-05-21 15:00:44 [scrapy.core.engine] DEBUG: Crawled (200) <GET https://www.irishrail.ie/legal/terms-of-use-privacy-statement-cookie-policy/online-tickets-terms-and-conditions> (referer: https://www.irishrail.ie/)
2020-05-21 15:00:44 [scrapy.core.scraper] DEBUG: Scraped from <200 https://www.irishrail.ie/news/news-archive?y=2018>
{'extracted_url': 'https://www.irishrail.ie/news/news-archive?y=2018'}
2020-05-21 15:00:44 [scrapy.core.scraper] DEBUG: Scraped from <200 https://www.irishrail.ie/legal/terms-of-use-privacy-statement-cookie-policy/online-tickets-terms-and-conditions>
{'extracted_url': 'https://www.irishrail.ie/legal/terms-of-use-privacy-statement-cookie-policy/online-tickets-terms-and-conditions'}
2020-05-21 15:00:45 [scrapy.core.engine] DEBUG: Crawled (200) <GET https://www.irishrail.ie/news/news-archive?y=2014> (referer: https://www.irishrail.ie/news/revised-dublin-belfast-enterprise-timetable)
2020-05-21 15:00:45 [scrapy.core.engine] DEBUG: Crawled (200) <GET https://www.irishrail.ie/news/news-archive?y=2016> (referer: https://www.irishrail.ie/news/revised-dublin-belfast-enterprise-timetable)
2020-05-21 15:00:45 [scrapy.core.scraper] DEBUG: Scraped from <200 https://www.irishrail.ie/news/news-archive?y=2014>
{'extracted_url': 'https://www.irishrail.ie/news/news-archive?y=2014'}
2020-05-21 15:00:45 [scrapy.core.engine] DEBUG: Crawled (200) <GET https://www.irishrail.ie/news/news-archive?y=2015> (referer: https://www.irishrail.ie/news/revised-dublin-belfast-enterprise-timetable)
2020-05-21 15:00:45 [scrapy.core.engine] DEBUG: Crawled (200) <GET https://www.irishrail.ie/news/news-archive?y=2013> (referer: https://www.irishrail.ie/news/revised-dublin-belfast-enterprise-timetable)
2020-05-21 15:00:45 [scrapy.core.scraper] DEBUG: Scraped from <200 https://www.irishrail.ie/news/news-archive?y=2016>
{'extracted_url': 'https://www.irishrail.ie/news/news-archive?y=2016'}
2020-05-21 15:00:45 [scrapy.core.scraper] DEBUG: Scraped from <200 https://www.irishrail.ie/news/news-archive?y=2015>
{'extracted_url': 'https://www.irishrail.ie/news/news-archive?y=2015'}
2020-05-21 15:00:45 [scrapy.core.scraper] DEBUG: Scraped from <200 https://www.irishrail.ie/news/news-archive?y=2013>
{'extracted_url': 'https://www.irishrail.ie/news/news-archive?y=2013'}
2020-05-21 15:00:45 [scrapy.core.engine] DEBUG: Crawled (200) <GET https://www.irishrail.ie/news/news-archive?y=2011> (referer: https://www.irishrail.ie/news/revised-dublin-belfast-enterprise-timetable)
2020-05-21 15:00:45 [scrapy.downloadermiddlewares.redirect] DEBUG: Redirecting (302) to <GET https://www.irishrail.ie/News/Service-Updates> from <GET https://www.irishrail.ie/train-timetables/rail-service-updates>
2020-05-21 15:00:45 [scrapy.downloadermiddlewares.redirect] DEBUG: Redirecting (302) to <GET https://www.irishrail.ie/train-timetables> from <GET https://www.irishrail.ie/train-timetables/timetables-by-route>
2020-05-21 15:00:45 [scrapy.core.scraper] DEBUG: Scraped from <200 https://www.irishrail.ie/news/news-archive?y=2011>
{'extracted_url': 'https://www.irishrail.ie/news/news-archive?y=2011'}
2020-05-21 15:00:45 [scrapy.downloadermiddlewares.redirect] DEBUG: Redirecting (302) to <GET https://www.irishrail.ie/train-timetables> from <GET https://www.irishrail.ie/train-timetables/timetables-by-station>
2020-05-21 15:00:45 [scrapy.core.engine] DEBUG: Crawled (200) <GET https://www.irishrail.ie/news/car-parking-payment-info-march> (referer: https://www.irishrail.ie/news/revised-dublin-belfast-enterprise-timetable)
2020-05-21 15:00:45 [scrapy.core.scraper] DEBUG: Scraped from <200 https://www.irishrail.ie/news/car-parking-payment-info-march>
{'extracted_url': 'https://www.irishrail.ie/news/car-parking-payment-info-march'}
2020-05-21 15:00:46 [scrapy.core.engine] DEBUG: Crawled (200) <GET https://www.irishrail.ie/news/news-archive?y=2012> (referer: https://www.irishrail.ie/news/revised-dublin-belfast-enterprise-timetable)
2020-05-21 15:00:46 [scrapy.core.scraper] DEBUG: Scraped from <200 https://www.irishrail.ie/news/news-archive?y=2012>
{'extracted_url': 'https://www.irishrail.ie/news/news-archive?y=2012'}
2020-05-21 15:00:46 [scrapy.core.engine] DEBUG: Crawled (200) <GET https://www.irishrail.ie/contact-us/customer-service-section?uh=b72073dc13010a46101409d96cab931fcb28a040086f0dfb0fa8516fc43c30cd&administrationurl=https%3A%2F%2Fwww.irishrail.ie%2FAdmin> (referer: https://www.irishrail.ie/news/covid-19-update)
2020-05-21 15:00:46 [scrapy.core.scraper] DEBUG: Scraped from <200 https://www.irishrail.ie/contact-us/customer-service-section?uh=b72073dc13010a46101409d96cab931fcb28a040086f0dfb0fa8516fc43c30cd&administrationurl=https%3A%2F%2Fwww.irishrail.ie%2FAdmin>
{'extracted_url': 'https://www.irishrail.ie/contact-us/customer-service-section?uh=b72073dc13010a46101409d96cab931fcb28a040086f0dfb0fa8516fc43c30cd&administrationurl=https%3A%2F%2Fwww.irishrail.ie%2FAdmin'}
2020-05-21 15:00:46 [scrapy.core.engine] DEBUG: Crawled (404) <GET https://www.irishrail.ie/covid-19-update#RefundInformation?uh=e005606b34c58d98d75f72261b4a748e46fde1c3656f502176af9646f01914b0&administrationurl=https%3A%2F%2Fwww.irishrail.ie%2FAdmin> (referer: https://www.irishrail.ie/news/covid-19-update)
2020-05-21 15:00:46 [scrapy.core.engine] DEBUG: Crawled (404) <GET https://www.irishrail.ie/revised-dublin-belfast-enterprise-timetable?uh=90317d407491afe9779a10bfe1f5b7b75baa0395cb28dd2fe56f4ed1145c82d1&administrationurl=https%3A%2F%2Fwww.irishrail.ie%2FAdmin> (referer: https://www.irishrail.ie/news/covid-19-update)
2020-05-21 15:00:46 [scrapy.core.engine] DEBUG: Crawled (200) <GET https://www.irishrail.ie/train-timetables/live-train-map> (referer: https://www.irishrail.ie/train-timetables)
2020-05-21 15:00:46 [scrapy.spidermiddlewares.httperror] INFO: Ignoring response <404 https://www.irishrail.ie/covid-19-update>: HTTP status code is not handled or not allowed
2020-05-21 15:00:46 [scrapy.spidermiddlewares.httperror] INFO: Ignoring response <404 https://www.irishrail.ie/revised-dublin-belfast-enterprise-timetable?uh=90317d407491afe9779a10bfe1f5b7b75baa0395cb28dd2fe56f4ed1145c82d1&administrationurl=https%3A%2F%2Fwww.irishrail.ie%2FAdmin>: HTTP status code is not handled or not allowed
2020-05-21 15:00:46 [scrapy.core.scraper] DEBUG: Scraped from <200 https://www.irishrail.ie/train-timetables/live-train-map>
{'extracted_url': 'https://www.irishrail.ie/train-timetables/live-train-map'}
2020-05-21 15:00:46 [scrapy.core.engine] DEBUG: Crawled (200) <GET https://www.irishrail.ie/?uh=a3fc2dbfe9331ac3c5675ad5ce0c4b5a70428c7bac987e74091a5c3fc2718b2f&administrationurl=https%3A%2F%2Fwww.irishrail.ie%2FAdmin> (referer: https://www.irishrail.ie/news/covid-19-update)
2020-05-21 15:00:47 [scrapy.core.engine] DEBUG: Crawled (200) <GET https://www.irishrail.ie/rail-fares-and-tickets/fixed-payment-notice> (referer: https://www.irishrail.ie/rail-fares-and-tickets/special-offers)
2020-05-21 15:00:47 [scrapy.core.scraper] DEBUG: Scraped from <200 https://www.irishrail.ie/?uh=a3fc2dbfe9331ac3c5675ad5ce0c4b5a70428c7bac987e74091a5c3fc2718b2f&administrationurl=https%3A%2F%2Fwww.irishrail.ie%2FAdmin>
{'extracted_url': 'https://www.irishrail.ie/?uh=a3fc2dbfe9331ac3c5675ad5ce0c4b5a70428c7bac987e74091a5c3fc2718b2f&administrationurl=https%3A%2F%2Fwww.irishrail.ie%2FAdmin'}
2020-05-21 15:00:47 [scrapy.core.scraper] DEBUG: Scraped from <200 https://www.irishrail.ie/rail-fares-and-tickets/fixed-payment-notice>
{'extracted_url': 'https://www.irishrail.ie/rail-fares-and-tickets/fixed-payment-notice'}
2020-05-21 15:00:47 [scrapy.core.engine] DEBUG: Crawled (200) <GET https://www.irishrail.ie/rail-fares-and-tickets/family-travel-by-rail> (referer: https://www.irishrail.ie/rail-fares-and-tickets/special-offers)
2020-05-21 15:00:47 [scrapy.core.scraper] DEBUG: Scraped from <200 https://www.irishrail.ie/rail-fares-and-tickets/family-travel-by-rail>
{'extracted_url': 'https://www.irishrail.ie/rail-fares-and-tickets/family-travel-by-rail'}
2020-05-21 15:00:47 [scrapy.core.engine] DEBUG: Crawled (200) <GET https://www.irishrail.ie/rail-fares-and-tickets/guide-to-buying-online> (referer: https://www.irishrail.ie/rail-fares-and-tickets/special-offers)
2020-05-21 15:00:47 [scrapy.core.scraper] DEBUG: Scraped from <200 https://www.irishrail.ie/rail-fares-and-tickets/guide-to-buying-online>
{'extracted_url': 'https://www.irishrail.ie/rail-fares-and-tickets/guide-to-buying-online'}
2020-05-21 15:00:47 [scrapy.core.engine] DEBUG: Crawled (200) <GET https://www.irishrail.ie/rail-fares-and-tickets/taxsaver-annual-monthly> (referer: https://www.irishrail.ie/rail-fares-and-tickets/special-offers)
2020-05-21 15:00:47 [scrapy.core.engine] DEBUG: Crawled (200) <GET https://www.irishrail.ie/rail-fares-and-tickets/interrail-explore-europe> (referer: https://www.irishrail.ie/rail-fares-and-tickets/special-offers)
2020-05-21 15:00:48 [scrapy.core.scraper] DEBUG: Scraped from <200 https://www.irishrail.ie/rail-fares-and-tickets/taxsaver-annual-monthly>
{'extracted_url': 'https://www.irishrail.ie/rail-fares-and-tickets/taxsaver-annual-monthly'}
2020-05-21 15:00:48 [scrapy.core.scraper] DEBUG: Scraped from <200 https://www.irishrail.ie/rail-fares-and-tickets/interrail-explore-europe>
{'extracted_url': 'https://www.irishrail.ie/rail-fares-and-tickets/interrail-explore-europe'}
2020-05-21 15:00:48 [scrapy.core.engine] DEBUG: Crawled (200) <GET https://www.irishrail.ie/rail-fares-and-tickets/leap-card> (referer: https://www.irishrail.ie/rail-fares-and-tickets/special-offers)
2020-05-21 15:00:48 [scrapy.core.engine] DEBUG: Crawled (200) <GET https://www.irishrail.ie/rail-fares-and-tickets/explore-ireland-by-train> (referer: https://www.irishrail.ie/rail-fares-and-tickets/special-offers)
2020-05-21 15:00:48 [scrapy.core.scraper] DEBUG: Scraped from <200 https://www.irishrail.ie/rail-fares-and-tickets/leap-card>
{'extracted_url': 'https://www.irishrail.ie/rail-fares-and-tickets/leap-card'}
2020-05-21 15:00:48 [scrapy.core.scraper] DEBUG: Scraped from <200 https://www.irishrail.ie/rail-fares-and-tickets/explore-ireland-by-train>
{'extracted_url': 'https://www.irishrail.ie/rail-fares-and-tickets/explore-ireland-by-train'}
2020-05-21 15:00:48 [scrapy.core.engine] DEBUG: Crawled (200) <GET https://www.irishrail.ie/offer/webfares> (referer: https://www.irishrail.ie/rail-fares-and-tickets/special-offers)
2020-05-21 15:00:48 [scrapy.core.scraper] DEBUG: Scraped from <200 https://www.irishrail.ie/offer/webfares>
{'extracted_url': 'https://www.irishrail.ie/offer/webfares'}
2020-05-21 15:00:48 [scrapy.core.engine] DEBUG: Crawled (200) <GET https://www.irishrail.ie/offer/gocar-at-iarnrod-eireann-stations> (referer: https://www.irishrail.ie/rail-fares-and-tickets/special-offers)
2020-05-21 15:00:48 [scrapy.core.scraper] DEBUG: Scraped from <200 https://www.irishrail.ie/offer/gocar-at-iarnrod-eireann-stations>
{'extracted_url': 'https://www.irishrail.ie/offer/gocar-at-iarnrod-eireann-stations'}
2020-05-21 15:00:49 [scrapy.core.engine] DEBUG: Crawled (200) <GET https://www.irishrail.ie/offer/save-with-leap> (referer: https://www.irishrail.ie/rail-fares-and-tickets/special-offers)
2020-05-21 15:00:49 [scrapy.core.scraper] DEBUG: Scraped from <200 https://www.irishrail.ie/offer/save-with-leap>
{'extracted_url': 'https://www.irishrail.ie/offer/save-with-leap'}
2020-05-21 15:00:49 [scrapy.core.engine] DEBUG: Crawled (200) <GET https://www.irishrail.ie/offer/travel-by-rail-gaa> (referer: https://www.irishrail.ie/rail-fares-and-tickets/special-offers)
2020-05-21 15:00:49 [scrapy.core.engine] DEBUG: Crawled (200) <GET https://www.irishrail.ie/offer/take-the-train-to-the-champions-cup> (referer: https://www.irishrail.ie/rail-fares-and-tickets/special-offers)
2020-05-21 15:00:49 [scrapy.core.scraper] DEBUG: Scraped from <200 https://www.irishrail.ie/offer/travel-by-rail-gaa>
{'extracted_url': 'https://www.irishrail.ie/offer/travel-by-rail-gaa'}
2020-05-21 15:00:49 [scrapy.core.engine] DEBUG: Crawled (200) <GET https://www.irishrail.ie/offer/take-the-enterprise-service-to-belfast> (referer: https://www.irishrail.ie/rail-fares-and-tickets/special-offers)
2020-05-21 15:00:49 [scrapy.downloadermiddlewares.redirect] DEBUG: Redirecting (301) to <GET https://www.irishrail.ie/rail-fares-and-tickets/taxsaver-annual-monthly> from <GET https://www.irishrail.ie/fares-and-tickets/taxsaver>
2020-05-21 15:00:49 [scrapy.core.scraper] DEBUG: Scraped from <200 https://www.irishrail.ie/offer/take-the-train-to-the-champions-cup>
{'extracted_url': 'https://www.irishrail.ie/offer/take-the-train-to-the-champions-cup'}
2020-05-21 15:00:49 [scrapy.core.scraper] DEBUG: Scraped from <200 https://www.irishrail.ie/offer/take-the-enterprise-service-to-belfast>
{'extracted_url': 'https://www.irishrail.ie/offer/take-the-enterprise-service-to-belfast'}
2020-05-21 15:00:49 [scrapy.core.engine] DEBUG: Crawled (200) <GET https://www.irishrail.ie/offer/download-your-free-copy-of-go-rail> (referer: https://www.irishrail.ie/rail-fares-and-tickets/special-offers)
2020-05-21 15:00:49 [scrapy.core.engine] DEBUG: Crawled (200) <GET https://www.irishrail.ie/offer/six-nations-championship> (referer: https://www.irishrail.ie/rail-fares-and-tickets/special-offers)
2020-05-21 15:00:49 [scrapy.core.scraper] DEBUG: Scraped from <200 https://www.irishrail.ie/offer/download-your-free-copy-of-go-rail>
{'extracted_url': 'https://www.irishrail.ie/offer/download-your-free-copy-of-go-rail'}
2020-05-21 15:00:49 [scrapy.core.engine] DEBUG: Crawled (200) <GET https://www.irishrail.ie/News/Service-Updates> (referer: https://www.irishrail.ie/train-timetables)
2020-05-21 15:00:50 [scrapy.core.engine] DEBUG: Crawled (200) <GET https://www.irishrail.ie/offer/galway-2020-european-capital-of-culture> (referer: https://www.irishrail.ie/rail-fares-and-tickets/special-offers)
2020-05-21 15:00:50 [scrapy.core.scraper] DEBUG: Scraped from <200 https://www.irishrail.ie/offer/six-nations-championship>
{'extracted_url': 'https://www.irishrail.ie/offer/six-nations-championship'}
2020-05-21 15:00:50 [scrapy.core.scraper] DEBUG: Scraped from <200 https://www.irishrail.ie/News/Service-Updates>
{'extracted_url': 'https://www.irishrail.ie/News/Service-Updates'}
2020-05-21 15:00:50 [scrapy.core.scraper] DEBUG: Scraped from <200 https://www.irishrail.ie/offer/galway-2020-european-capital-of-culture>
{'extracted_url': 'https://www.irishrail.ie/offer/galway-2020-european-capital-of-culture'}
2020-05-21 15:00:50 [scrapy.core.engine] DEBUG: Crawled (200) <GET https://www.irishrail.ie/offer/pro14-by-rail> (referer: https://www.irishrail.ie/rail-fares-and-tickets/special-offers)
2020-05-21 15:00:50 [scrapy.core.scraper] DEBUG: Scraped from <200 https://www.irishrail.ie/offer/pro14-by-rail>
{'extracted_url': 'https://www.irishrail.ie/offer/pro14-by-rail'}
2020-05-21 15:00:50 [scrapy.core.engine] DEBUG: Crawled (200) <GET https://www.irishrail.ie/accordion/upcoming-line-improvements/ballybrophy> (referer: https://www.irishrail.ie/news/irishrail-engineering-works)
2020-05-21 15:00:50 [scrapy.core.engine] DEBUG: Crawled (200) <GET https://www.irishrail.ie/accordion/upcoming-line-improvements/cobh-and-midleton-commuters> (referer: https://www.irishrail.ie/news/irishrail-engineering-works)
2020-05-21 15:00:50 [scrapy.core.scraper] DEBUG: Scraped from <200 https://www.irishrail.ie/accordion/upcoming-line-improvements/ballybrophy>
{'extracted_url': 'https://www.irishrail.ie/accordion/upcoming-line-improvements/ballybrophy'}
2020-05-21 15:00:50 [scrapy.core.scraper] DEBUG: Scraped from <200 https://www.irishrail.ie/accordion/upcoming-line-improvements/cobh-and-midleton-commuters>
{'extracted_url': 'https://www.irishrail.ie/accordion/upcoming-line-improvements/cobh-and-midleton-commuters'}
2020-05-21 15:00:50 [scrapy.core.engine] DEBUG: Crawled (200) <GET https://www.irishrail.ie/accordion/upcoming-line-improvements/belfast-services> (referer: https://www.irishrail.ie/news/irishrail-engineering-works)
2020-05-21 15:00:50 [scrapy.core.engine] DEBUG: Crawled (200) <GET https://www.irishrail.ie/accordion/upcoming-line-improvements/cork,-limerick-and-tralee-services> (referer: https://www.irishrail.ie/news/irishrail-engineering-works)
2020-05-21 15:00:50 [scrapy.core.scraper] DEBUG: Scraped from <200 https://www.irishrail.ie/accordion/upcoming-line-improvements/belfast-services>
{'extracted_url': 'https://www.irishrail.ie/accordion/upcoming-line-improvements/belfast-services'}
2020-05-21 15:00:50 [scrapy.core.scraper] DEBUG: Scraped from <200 https://www.irishrail.ie/accordion/upcoming-line-improvements/cork,-limerick-and-tralee-services>
{'extracted_url': 'https://www.irishrail.ie/accordion/upcoming-line-improvements/cork,-limerick-and-tralee-services'}
2020-05-21 15:00:50 [scrapy.core.engine] DEBUG: Crawled (200) <GET https://www.irishrail.ie/accordion/upcoming-line-improvements/dart-services> (referer: https://www.irishrail.ie/news/irishrail-engineering-works)
2020-05-21 15:00:51 [scrapy.core.scraper] DEBUG: Scraped from <200 https://www.irishrail.ie/accordion/upcoming-line-improvements/dart-services>
{'extracted_url': 'https://www.irishrail.ie/accordion/upcoming-line-improvements/dart-services'}
2020-05-21 15:00:51 [scrapy.core.engine] DEBUG: Crawled (200) <GET https://www.irishrail.ie/accordion/upcoming-line-improvements/galway-and-westport-ssssservices> (referer: https://www.irishrail.ie/news/irishrail-engineering-works)
2020-05-21 15:00:51 [scrapy.core.engine] DEBUG: Crawled (200) <GET https://www.irishrail.ie/accordion/upcoming-line-improvements/northern-commuters> (referer: https://www.irishrail.ie/news/irishrail-engineering-works)
2020-05-21 15:00:51 [scrapy.core.scraper] DEBUG: Scraped from <200 https://www.irishrail.ie/accordion/upcoming-line-improvements/galway-and-westport-ssssservices>
{'extracted_url': 'https://www.irishrail.ie/accordion/upcoming-line-improvements/galway-and-westport-ssssservices'}
2020-05-21 15:00:51 [scrapy.core.scraper] DEBUG: Scraped from <200 https://www.irishrail.ie/accordion/upcoming-line-improvements/northern-commuters>
{'extracted_url': 'https://www.irishrail.ie/accordion/upcoming-line-improvements/northern-commuters'}
2020-05-21 15:00:51 [scrapy.core.engine] DEBUG: Crawled (200) <GET https://www.irishrail.ie/accordion/upcoming-line-improvements/portlaoise-commuters> (referer: https://www.irishrail.ie/news/irishrail-engineering-works)
2020-05-21 15:00:51 [scrapy.downloadermiddlewares.redirect] DEBUG: Redirecting (301) to <GET https://www.irishrail.ie/travel-information/accessibility-onboard-trains/access-dart-northern-commuter> from <GET https://www.irishrail.ie/access-dart>
2020-05-21 15:00:51 [scrapy.downloadermiddlewares.redirect] DEBUG: Redirecting (302) to <GET https://www.irishrail.ie/travel-information/your-travel> from <GET https://www.irishrail.ie/travel-information>
2020-05-21 15:00:51 [scrapy.core.scraper] DEBUG: Scraped from <200 https://www.irishrail.ie/accordion/upcoming-line-improvements/portlaoise-commuters>
{'extracted_url': 'https://www.irishrail.ie/accordion/upcoming-line-improvements/portlaoise-commuters'}
2020-05-21 15:00:51 [scrapy.core.engine] DEBUG: Crawled (200) <GET https://www.irishrail.ie/accordion/upcoming-line-improvements/rosslare-services> (referer: https://www.irishrail.ie/news/irishrail-engineering-works)
2020-05-21 15:00:51 [scrapy.core.scraper] DEBUG: Scraped from <200 https://www.irishrail.ie/accordion/upcoming-line-improvements/rosslare-services>
{'extracted_url': 'https://www.irishrail.ie/accordion/upcoming-line-improvements/rosslare-services'}
2020-05-21 15:00:51 [scrapy.core.engine] DEBUG: Crawled (200) <GET https://www.irishrail.ie/accordion/upcoming-line-improvements/waterford-to-limerick-junction-services> (referer: https://www.irishrail.ie/news/irishrail-engineering-works)
2020-05-21 15:00:51 [scrapy.core.engine] DEBUG: Crawled (200) <GET https://www.irishrail.ie/accordion/upcoming-line-improvements/waterford-services> (referer: https://www.irishrail.ie/news/irishrail-engineering-works)
2020-05-21 15:00:51 [scrapy.core.engine] DEBUG: Crawled (200) <GET https://www.irishrail.ie/accordion/upcoming-line-improvements/western-rail-corridor-(limerick-to-galway)> (referer: https://www.irishrail.ie/news/irishrail-engineering-works)
2020-05-21 15:00:51 [scrapy.core.scraper] DEBUG: Scraped from <200 https://www.irishrail.ie/accordion/upcoming-line-improvements/waterford-to-limerick-junction-services>
{'extracted_url': 'https://www.irishrail.ie/accordion/upcoming-line-improvements/waterford-to-limerick-junction-services'}
2020-05-21 15:00:51 [scrapy.core.engine] DEBUG: Crawled (200) <GET https://www.irishrail.ie/Travel-Information/Bicycle-Information-for-Rail-Travel> (referer: https://www.irishrail.ie/travel-information/your-travel)
2020-05-21 15:00:52 [scrapy.core.engine] INFO: Closing spider (closespider_pagecount)
2020-05-21 15:00:52 [scrapy.core.scraper] DEBUG: Scraped from <200 https://www.irishrail.ie/accordion/upcoming-line-improvements/waterford-services>
{'extracted_url': 'https://www.irishrail.ie/accordion/upcoming-line-improvements/waterford-services'}
2020-05-21 15:00:52 [scrapy.core.engine] DEBUG: Crawled (200) <GET https://www.irishrail.ie/Travel-Information/Station-Car-Parking> (referer: https://www.irishrail.ie/travel-information/your-travel)
2020-05-21 15:00:52 [scrapy.core.engine] DEBUG: Crawled (200) <GET https://www.irishrail.ie/contact-us/disabled-access> (referer: https://www.irishrail.ie/news/irishrail-engineering-works)
2020-05-21 15:00:52 [scrapy.core.scraper] DEBUG: Scraped from <200 https://www.irishrail.ie/accordion/upcoming-line-improvements/western-rail-corridor-(limerick-to-galway)>
{'extracted_url': 'https://www.irishrail.ie/accordion/upcoming-line-improvements/western-rail-corridor-(limerick-to-galway)'}
2020-05-21 15:00:52 [scrapy.downloadermiddlewares.redirect] DEBUG: Redirecting (302) to <GET https://www.irishrail.ie/Contact-Us/FAQs> from <GET https://www.irishrail.ie/travel-information/frequently-asked-questions>
2020-05-21 15:00:52 [scrapy.core.engine] DEBUG: Crawled (200) <GET https://www.irishrail.ie/Travel-Information/accessibility-onboard-trains> (referer: https://www.irishrail.ie/travel-information/your-travel)
2020-05-21 15:00:52 [scrapy.core.scraper] DEBUG: Scraped from <200 https://www.irishrail.ie/Travel-Information/Bicycle-Information-for-Rail-Travel>
{'extracted_url': 'https://www.irishrail.ie/Travel-Information/Bicycle-Information-for-Rail-Travel'}
2020-05-21 15:00:52 [scrapy.core.scraper] DEBUG: Scraped from <200 https://www.irishrail.ie/Travel-Information/Station-Car-Parking>
{'extracted_url': 'https://www.irishrail.ie/Travel-Information/Station-Car-Parking'}
2020-05-21 15:00:52 [scrapy.core.scraper] DEBUG: Scraped from <200 https://www.irishrail.ie/contact-us/disabled-access>
{'extracted_url': 'https://www.irishrail.ie/contact-us/disabled-access'}
2020-05-21 15:00:52 [scrapy.core.scraper] DEBUG: Scraped from <200 https://www.irishrail.ie/Travel-Information/accessibility-onboard-trains>
{'extracted_url': 'https://www.irishrail.ie/Travel-Information/accessibility-onboard-trains'}
2020-05-21 15:00:52 [scrapy.core.engine] DEBUG: Crawled (200) <GET https://www.irishrail.ie/travel-information/rail-onboard-catering> (referer: https://www.irishrail.ie/travel-information/your-travel)
2020-05-21 15:00:52 [scrapy.core.scraper] DEBUG: Scraped from <200 https://www.irishrail.ie/travel-information/rail-onboard-catering>
{'extracted_url': 'https://www.irishrail.ie/travel-information/rail-onboard-catering'}
2020-05-21 15:00:52 [scrapy.core.engine] DEBUG: Crawled (200) <GET https://www.irishrail.ie/travel-information/travelling-with-animals> (referer: https://www.irishrail.ie/travel-information/your-travel)
2020-05-21 15:00:52 [scrapy.core.scraper] DEBUG: Scraped from <200 https://www.irishrail.ie/travel-information/travelling-with-animals>
{'extracted_url': 'https://www.irishrail.ie/travel-information/travelling-with-animals'}
2020-05-21 15:00:52 [scrapy.core.engine] DEBUG: Crawled (200) <GET https://www.irishrail.ie/travel-information/mobile-and-apps> (referer: https://www.irishrail.ie/travel-information/your-travel)
2020-05-21 15:00:53 [scrapy.core.scraper] DEBUG: Scraped from <200 https://www.irishrail.ie/travel-information/mobile-and-apps>
{'extracted_url': 'https://www.irishrail.ie/travel-information/mobile-and-apps'}
2020-05-21 15:00:53 [scrapy.core.engine] DEBUG: Crawled (200) <GET https://www.irishrail.ie/news?page=1> (referer: https://www.irishrail.ie/news)
2020-05-21 15:00:53 [scrapy.core.engine] DEBUG: Crawled (200) <GET https://www.irishrail.ie/blog?tagID=129> (referer: https://www.irishrail.ie/blog/railway-people-patricia-bermingham,-station-operat)
2020-05-21 15:00:53 [scrapy.core.engine] DEBUG: Crawled (200) <GET https://www.irishrail.ie/blog?tagID=132> (referer: https://www.irishrail.ie/blog/railway-people-patricia-bermingham,-station-operat)
2020-05-21 15:00:53 [scrapy.core.engine] DEBUG: Crawled (200) <GET https://www.irishrail.ie/blog?tagID=131> (referer: https://www.irishrail.ie/blog/railway-people-patricia-bermingham,-station-operat)
2020-05-21 15:00:53 [scrapy.core.scraper] DEBUG: Scraped from <200 https://www.irishrail.ie/news?page=1>
{'extracted_url': 'https://www.irishrail.ie/news?page=1'}
2020-05-21 15:00:53 [scrapy.core.engine] DEBUG: Crawled (200) <GET https://www.irishrail.ie/Travel-Information/rail-onboard-catering> (referer: https://www.irishrail.ie/travel-information/your-travel)
2020-05-21 15:00:53 [scrapy.core.scraper] DEBUG: Scraped from <200 https://www.irishrail.ie/blog?tagID=129>
{'extracted_url': 'https://www.irishrail.ie/blog?tagID=129'}
2020-05-21 15:00:53 [scrapy.core.scraper] DEBUG: Scraped from <200 https://www.irishrail.ie/blog?tagID=132>
{'extracted_url': 'https://www.irishrail.ie/blog?tagID=132'}
2020-05-21 15:00:53 [scrapy.core.scraper] DEBUG: Scraped from <200 https://www.irishrail.ie/blog?tagID=131>
{'extracted_url': 'https://www.irishrail.ie/blog?tagID=131'}
2020-05-21 15:00:53 [scrapy.core.scraper] DEBUG: Scraped from <200 https://www.irishrail.ie/Travel-Information/rail-onboard-catering>
{'extracted_url': 'https://www.irishrail.ie/Travel-Information/rail-onboard-catering'}
2020-05-21 15:00:53 [scrapy.core.engine] DEBUG: Crawled (200) <GET https://www.irishrail.ie/blog?tagID=135> (referer: https://www.irishrail.ie/blog/railway-people-patricia-bermingham,-station-operat)
2020-05-21 15:00:53 [scrapy.core.scraper] DEBUG: Scraped from <200 https://www.irishrail.ie/blog?tagID=135>
{'extracted_url': 'https://www.irishrail.ie/blog?tagID=135'}
2020-05-21 15:00:53 [scrapy.core.engine] DEBUG: Crawled (200) <GET https://www.irishrail.ie/blog?tagID=133> (referer: https://www.irishrail.ie/blog/railway-people-patricia-bermingham,-station-operat)
2020-05-21 15:00:53 [scrapy.core.engine] DEBUG: Crawled (200) <GET https://www.irishrail.ie/blog?tagID=19> (referer: https://www.irishrail.ie/blog/railway-people-patricia-bermingham,-station-operat)
2020-05-21 15:00:53 [scrapy.core.scraper] DEBUG: Scraped from <200 https://www.irishrail.ie/blog?tagID=133>
{'extracted_url': 'https://www.irishrail.ie/blog?tagID=133'}
2020-05-21 15:00:53 [scrapy.core.scraper] DEBUG: Scraped from <200 https://www.irishrail.ie/blog?tagID=19>
{'extracted_url': 'https://www.irishrail.ie/blog?tagID=19'}
2020-05-21 15:00:54 [scrapy.core.engine] DEBUG: Crawled (200) <GET https://www.irishrail.ie/blog?tagID=130> (referer: https://www.irishrail.ie/blog/railway-people-patricia-bermingham,-station-operat)
2020-05-21 15:00:54 [scrapy.core.engine] DEBUG: Crawled (200) <GET https://www.irishrail.ie/blog?tagID=43> (referer: https://www.irishrail.ie/blog/railway-people-patricia-bermingham,-station-operat)
2020-05-21 15:00:54 [scrapy.core.engine] DEBUG: Crawled (200) <GET https://www.irishrail.ie/blog?tagID=120> (referer: https://www.irishrail.ie/blog/railway-people-patricia-bermingham,-station-operat)
2020-05-21 15:00:54 [scrapy.core.engine] DEBUG: Crawled (200) <GET https://www.irishrail.ie/blog?tagID=88> (referer: https://www.irishrail.ie/blog/railway-people-patricia-bermingham,-station-operat)
2020-05-21 15:00:54 [scrapy.core.scraper] DEBUG: Scraped from <200 https://www.irishrail.ie/blog?tagID=130>
{'extracted_url': 'https://www.irishrail.ie/blog?tagID=130'}
2020-05-21 15:00:54 [scrapy.core.scraper] DEBUG: Scraped from <200 https://www.irishrail.ie/blog?tagID=43>
{'extracted_url': 'https://www.irishrail.ie/blog?tagID=43'}
2020-05-21 15:00:54 [scrapy.core.engine] DEBUG: Crawled (200) <GET https://www.irishrail.ie/blog?tagID=92> (referer: https://www.irishrail.ie/blog/railway-people-patricia-bermingham,-station-operat)
2020-05-21 15:00:54 [scrapy.core.scraper] DEBUG: Scraped from <200 https://www.irishrail.ie/blog?tagID=120>
{'extracted_url': 'https://www.irishrail.ie/blog?tagID=120'}
2020-05-21 15:00:54 [scrapy.core.scraper] DEBUG: Scraped from <200 https://www.irishrail.ie/blog?tagID=88>
{'extracted_url': 'https://www.irishrail.ie/blog?tagID=88'}
2020-05-21 15:00:54 [scrapy.core.scraper] DEBUG: Scraped from <200 https://www.irishrail.ie/blog?tagID=92>
{'extracted_url': 'https://www.irishrail.ie/blog?tagID=92'}
2020-05-21 15:00:54 [scrapy.core.engine] DEBUG: Crawled (200) <GET https://www.irishrail.ie/blog?tagID=39> (referer: https://www.irishrail.ie/blog/railway-people-neil-dinnen,-intercity-fleet-contro)
2020-05-21 15:00:54 [scrapy.core.scraper] DEBUG: Scraped from <200 https://www.irishrail.ie/blog?tagID=39>
{'extracted_url': 'https://www.irishrail.ie/blog?tagID=39'}
2020-05-21 15:00:54 [scrapy.core.engine] DEBUG: Crawled (200) <GET https://www.irishrail.ie/blog?tagID=127> (referer: https://www.irishrail.ie/blog/railway-people-neil-dinnen,-intercity-fleet-contro)
2020-05-21 15:00:54 [scrapy.core.engine] DEBUG: Crawled (200) <GET https://www.irishrail.ie/blog?tagID=36> (referer: https://www.irishrail.ie/blog/railway-people-neil-dinnen,-intercity-fleet-contro)
2020-05-21 15:00:55 [scrapy.core.scraper] DEBUG: Scraped from <200 https://www.irishrail.ie/blog?tagID=127>
{'extracted_url': 'https://www.irishrail.ie/blog?tagID=127'}
2020-05-21 15:00:55 [scrapy.core.scraper] DEBUG: Scraped from <200 https://www.irishrail.ie/blog?tagID=36>
{'extracted_url': 'https://www.irishrail.ie/blog?tagID=36'}
2020-05-21 15:00:55 [scrapy.core.engine] DEBUG: Crawled (200) <GET https://www.irishrail.ie/blog?tagID=128> (referer: https://www.irishrail.ie/blog/railway-people-neil-dinnen,-intercity-fleet-contro)
2020-05-21 15:00:55 [scrapy.core.scraper] DEBUG: Scraped from <200 https://www.irishrail.ie/blog?tagID=128>
{'extracted_url': 'https://www.irishrail.ie/blog?tagID=128'}
2020-05-21 15:00:55 [scrapy.core.engine] DEBUG: Crawled (200) <GET https://www.irishrail.ie/blog?tagID=126> (referer: https://www.irishrail.ie/blog/railway-people-neil-dinnen,-intercity-fleet-contro)
2020-05-21 15:00:55 [scrapy.core.engine] DEBUG: Crawled (200) <GET https://www.irishrail.ie/blog?tagID=3> (referer: https://www.irishrail.ie/blog/railway-people-neil-dinnen,-intercity-fleet-contro)
2020-05-21 15:00:55 [scrapy.core.engine] DEBUG: Crawled (200) <GET https://www.irishrail.ie/blog?tagID=125> (referer: https://www.irishrail.ie/blog/railway-people-neil-dinnen,-intercity-fleet-contro)
2020-05-21 15:00:55 [scrapy.core.engine] DEBUG: Crawled (200) <GET https://www.irishrail.ie/blog?tagID=37> (referer: https://www.irishrail.ie/blog/railway-people-neil-dinnen,-intercity-fleet-contro)
2020-05-21 15:00:55 [scrapy.core.scraper] DEBUG: Scraped from <200 https://www.irishrail.ie/blog?tagID=126>
{'extracted_url': 'https://www.irishrail.ie/blog?tagID=126'}
2020-05-21 15:00:55 [scrapy.core.scraper] DEBUG: Scraped from <200 https://www.irishrail.ie/blog?tagID=3>
{'extracted_url': 'https://www.irishrail.ie/blog?tagID=3'}
2020-05-21 15:00:55 [scrapy.core.scraper] DEBUG: Scraped from <200 https://www.irishrail.ie/blog?tagID=125>
{'extracted_url': 'https://www.irishrail.ie/blog?tagID=125'}
2020-05-21 15:00:55 [scrapy.core.scraper] DEBUG: Scraped from <200 https://www.irishrail.ie/blog?tagID=37>
{'extracted_url': 'https://www.irishrail.ie/blog?tagID=37'}
2020-05-21 15:00:55 [scrapy.core.engine] DEBUG: Crawled (200) <GET https://www.irishrail.ie/blog?tagID=77> (referer: https://www.irishrail.ie/blog/how-to-update-your-browser-and-operating-system)
2020-05-21 15:00:55 [scrapy.core.scraper] DEBUG: Scraped from <200 https://www.irishrail.ie/blog?tagID=77>
{'extracted_url': 'https://www.irishrail.ie/blog?tagID=77'}
2020-05-21 15:00:55 [scrapy.core.engine] DEBUG: Crawled (200) <GET https://www.irishrail.ie/blog?tagID=117> (referer: https://www.irishrail.ie/blog/railway-people-neil-dinnen,-intercity-fleet-contro)
2020-05-21 15:00:55 [scrapy.core.scraper] DEBUG: Scraped from <200 https://www.irishrail.ie/blog?tagID=117>
{'extracted_url': 'https://www.irishrail.ie/blog?tagID=117'}
2020-05-21 15:00:55 [scrapy.core.engine] DEBUG: Crawled (200) <GET https://www.irishrail.ie/blog?tagID=78> (referer: https://www.irishrail.ie/blog/how-to-update-your-browser-and-operating-system)
2020-05-21 15:00:56 [scrapy.core.scraper] DEBUG: Scraped from <200 https://www.irishrail.ie/blog?tagID=78>
{'extracted_url': 'https://www.irishrail.ie/blog?tagID=78'}
2020-05-21 15:00:56 [urllib3.connectionpool] DEBUG: Starting new HTTP connection (1): axe.checkers.eiii.eu
2020-05-21 15:00:56 [urllib3.connectionpool] DEBUG: Starting new HTTP connection (2): axe.checkers.eiii.eu
2020-05-21 15:00:56 [urllib3.connectionpool] DEBUG: Starting new HTTP connection (3): axe.checkers.eiii.eu
2020-05-21 15:00:56 [urllib3.connectionpool] DEBUG: Starting new HTTP connection (4): axe.checkers.eiii.eu
2020-05-21 15:01:06 [urllib3.connectionpool] DEBUG: http://axe.checkers.eiii.eu:80 "GET /export-jsonld/pagecheck2.0/?url=https://www.irishrail.ie/ HTTP/1.1" 200 None
2020-05-21 15:01:17 [urllib3.connectionpool] DEBUG: http://axe.checkers.eiii.eu:80 "GET /export-jsonld/pagecheck2.0/?url=https://www.irishrail.ie/blog?tagID=88 HTTP/1.1" 200 None
2020-05-21 15:01:29 [urllib3.connectionpool] DEBUG: http://axe.checkers.eiii.eu:80 "GET /export-jsonld/pagecheck2.0/?url=https://www.irishrail.ie/train-timetables/commuter-live-map HTTP/1.1" 200 None
2020-05-21 15:01:38 [urllib3.connectionpool] DEBUG: http://axe.checkers.eiii.eu:80 "GET /export-jsonld/pagecheck2.0/?url=https://www.irishrail.ie/news/revised-dublin-belfast-enterprise-timetable HTTP/1.1" 200 None
2020-05-21 15:01:46 [urllib3.connectionpool] DEBUG: http://axe.checkers.eiii.eu:80 "GET /export-jsonld/pagecheck2.0/?url=https://www.irishrail.ie/offer/travel-by-rail-gaa HTTP/1.1" 200 None
2020-05-21 15:01:50 [urllib3.connectionpool] DEBUG: http://axe.checkers.eiii.eu:80 "GET /export-jsonld/pagecheck2.0/?url=https://www.irishrail.ie/train-timetables HTTP/1.1" 200 None
2020-05-21 15:01:56 [urllib3.connectionpool] DEBUG: http://axe.checkers.eiii.eu:80 "GET /export-jsonld/pagecheck2.0/?url=https://www.irishrail.ie/blog?tagID=92 HTTP/1.1" 200 None
2020-05-21 15:01:56 [urllib3.connectionpool] DEBUG: http://axe.checkers.eiii.eu:80 "GET /export-jsonld/pagecheck2.0/?url=https://www.irishrail.ie/travel-information/find-a-station HTTP/1.1" 200 None
2020-05-21 15:02:09 [urllib3.connectionpool] DEBUG: http://axe.checkers.eiii.eu:80 "GET /export-jsonld/pagecheck2.0/?url=https://www.irishrail.ie/offer/take-the-train-to-the-champions-cup HTTP/1.1" 200 None
2020-05-21 15:02:13 [urllib3.connectionpool] DEBUG: http://axe.checkers.eiii.eu:80 "GET /export-jsonld/pagecheck2.0/?url=https://www.irishrail.ie/travel-information/accessibility-onboard-trains HTTP/1.1" 200 None
2020-05-21 15:02:21 [urllib3.connectionpool] DEBUG: http://axe.checkers.eiii.eu:80 "GET /export-jsonld/pagecheck2.0/?url=https://www.irishrail.ie/news/iarnrod-eireann-night-time-track-works HTTP/1.1" 200 None
2020-05-21 15:02:25 [urllib3.connectionpool] DEBUG: http://axe.checkers.eiii.eu:80 "GET /export-jsonld/pagecheck2.0/?url=https://www.irishrail.ie/offer/take-the-enterprise-service-to-belfast HTTP/1.1" 200 None
2020-05-21 15:02:28 [urllib3.connectionpool] DEBUG: http://axe.checkers.eiii.eu:80 "GET /export-jsonld/pagecheck2.0/?url=https://www.irishrail.ie/blog?tagID=39 HTTP/1.1" 200 None
2020-05-21 15:02:36 [urllib3.connectionpool] DEBUG: http://axe.checkers.eiii.eu:80 "GET /export-jsonld/pagecheck2.0/?url=https://www.irishrail.ie/travel-information/station-and-route-maps HTTP/1.1" 200 None
2020-05-21 15:02:42 [urllib3.connectionpool] DEBUG: http://axe.checkers.eiii.eu:80 "GET /export-jsonld/pagecheck2.0/?url=https://www.irishrail.ie/blog?tagID=127 HTTP/1.1" 200 None
2020-05-21 15:02:48 [urllib3.connectionpool] DEBUG: http://axe.checkers.eiii.eu:80 "GET /export-jsonld/pagecheck2.0/?url=https://www.irishrail.ie/travel-information/luggage HTTP/1.1" 200 None
2020-05-21 15:02:52 [urllib3.connectionpool] DEBUG: http://axe.checkers.eiii.eu:80 "GET /export-jsonld/pagecheck2.0/?url=https://www.irishrail.ie/news/covid-19-update HTTP/1.1" 200 None
2020-05-21 15:03:06 [urllib3.connectionpool] DEBUG: http://axe.checkers.eiii.eu:80 "GET /export-jsonld/pagecheck2.0/?url=https://www.irishrail.ie/offer/download-your-free-copy-of-go-rail HTTP/1.1" 200 None
2020-05-21 15:03:07 [urllib3.connectionpool] DEBUG: http://axe.checkers.eiii.eu:80 "GET /export-jsonld/pagecheck2.0/?url=https://www.irishrail.ie/rail-fares-and-tickets/special-offers HTTP/1.1" 200 None
2020-05-21 15:03:19 [urllib3.connectionpool] DEBUG: http://axe.checkers.eiii.eu:80 "GET /export-jsonld/pagecheck2.0/?url=https://www.irishrail.ie/blog?tagID=36 HTTP/1.1" 200 None
2020-05-21 15:03:20 [urllib3.connectionpool] DEBUG: http://axe.checkers.eiii.eu:80 "GET /export-jsonld/pagecheck2.0/?url=https://www.irishrail.ie/offer/six-nations-championship HTTP/1.1" 200 None
2020-05-21 15:03:33 [urllib3.connectionpool] DEBUG: http://axe.checkers.eiii.eu:80 "GET /export-jsonld/pagecheck2.0/?url=https://www.irishrail.ie/news/irishrail-engineering-works HTTP/1.1" 200 None
2020-05-21 15:03:33 [urllib3.connectionpool] DEBUG: http://axe.checkers.eiii.eu:80 "GET /export-jsonld/pagecheck2.0/?url=https://www.irishrail.ie/travel-information/station-car-parking HTTP/1.1" 200 None
2020-05-21 15:03:44 [urllib3.connectionpool] DEBUG: http://axe.checkers.eiii.eu:80 "GET /export-jsonld/pagecheck2.0/?url=https://www.irishrail.ie/travel-information/your-travel HTTP/1.1" 200 None
2020-05-21 15:03:49 [urllib3.connectionpool] DEBUG: http://axe.checkers.eiii.eu:80 "GET /export-jsonld/pagecheck2.0/?url=https://www.irishrail.ie/blog?tagID=128 HTTP/1.1" 200 None
2020-05-21 15:03:54 [urllib3.connectionpool] DEBUG: http://axe.checkers.eiii.eu:80 "GET /export-jsonld/pagecheck2.0/?url=https://www.irishrail.ie/travel-information/wifi-and-power HTTP/1.1" 200 None
2020-05-21 15:03:57 [urllib3.connectionpool] DEBUG: http://axe.checkers.eiii.eu:80 "GET /export-jsonld/pagecheck2.0/?url=https://www.irishrail.ie/blog?tagID=126 HTTP/1.1" 200 None
2020-05-21 15:03:59 [urllib3.connectionpool] DEBUG: http://axe.checkers.eiii.eu:80 "GET /export-jsonld/pagecheck2.0/?url=https://www.irishrail.ie/News/Service-Updates HTTP/1.1" 200 None
2020-05-21 15:04:09 [urllib3.connectionpool] DEBUG: http://axe.checkers.eiii.eu:80 "GET /export-jsonld/pagecheck2.0/?url=https://www.irishrail.ie/travel-information/bicycle-information-for-rail-travel HTTP/1.1" 200 None
2020-05-21 15:04:15 [urllib3.connectionpool] DEBUG: http://axe.checkers.eiii.eu:80 "GET /export-jsonld/pagecheck2.0/?url=https://www.irishrail.ie/blog?tagID=3 HTTP/1.1" 200 None
2020-05-21 15:04:22 [urllib3.connectionpool] DEBUG: http://axe.checkers.eiii.eu:80 "GET /export-jsonld/pagecheck2.0/?url=https://www.irishrail.ie/news HTTP/1.1" 200 None
2020-05-21 15:04:26 [urllib3.connectionpool] DEBUG: http://axe.checkers.eiii.eu:80 "GET /export-jsonld/pagecheck2.0/?url=https://www.irishrail.ie/offer/galway-2020-european-capital-of-culture HTTP/1.1" 200 None
2020-05-21 15:04:30 [urllib3.connectionpool] DEBUG: http://axe.checkers.eiii.eu:80 "GET /export-jsonld/pagecheck2.0/?url=https://www.irishrail.ie/blog?tagID=125 HTTP/1.1" 200 None
2020-05-21 15:04:38 [urllib3.connectionpool] DEBUG: http://axe.checkers.eiii.eu:80 "GET /export-jsonld/pagecheck2.0/?url=https://www.irishrail.ie/travel-information/passenger-charter-know-your-rights HTTP/1.1" 200 None
2020-05-21 15:04:38 [urllib3.connectionpool] DEBUG: http://axe.checkers.eiii.eu:80 "GET /export-jsonld/pagecheck2.0/?url=https://www.irishrail.ie/blog/railway-people-patricia-bermingham,-station-operat HTTP/1.1" 200 None
2020-05-21 15:04:48 [urllib3.connectionpool] DEBUG: http://axe.checkers.eiii.eu:80 "GET /export-jsonld/pagecheck2.0/?url=https://www.irishrail.ie/offer/pro14-by-rail HTTP/1.1" 200 None
2020-05-21 15:04:55 [urllib3.connectionpool] DEBUG: http://axe.checkers.eiii.eu:80 "GET /export-jsonld/pagecheck2.0/?url=https://www.irishrail.ie/blog?tagID=37 HTTP/1.1" 200 None
2020-05-21 15:05:05 [urllib3.connectionpool] DEBUG: http://axe.checkers.eiii.eu:80 "GET /export-jsonld/pagecheck2.0/?url=https://www.irishrail.ie/accordion/upcoming-line-improvements/ballybrophy HTTP/1.1" 200 None
2020-05-21 15:05:10 [urllib3.connectionpool] DEBUG: http://axe.checkers.eiii.eu:80 "GET /export-jsonld/pagecheck2.0/?url=https://www.irishrail.ie/blog/railway-people-neil-dinnen,-intercity-fleet-contro HTTP/1.1" 200 None
2020-05-21 15:05:20 [urllib3.connectionpool] DEBUG: http://axe.checkers.eiii.eu:80 "GET /export-jsonld/pagecheck2.0/?url=https://www.irishrail.ie/about-us/newsletter HTTP/1.1" 200 None
2020-05-21 15:05:31 [urllib3.connectionpool] DEBUG: http://axe.checkers.eiii.eu:80 "GET /export-jsonld/pagecheck2.0/?url=https://www.irishrail.ie/blog?tagID=77 HTTP/1.1" 200 None
2020-05-21 15:05:41 [urllib3.connectionpool] DEBUG: http://axe.checkers.eiii.eu:80 "GET /export-jsonld/pagecheck2.0/?url=https://www.irishrail.ie/blog?tagID=117 HTTP/1.1" 200 None
2020-05-21 15:05:42 [urllib3.connectionpool] DEBUG: http://axe.checkers.eiii.eu:80 "GET /export-jsonld/pagecheck2.0/?url=https://www.irishrail.ie/accordion/upcoming-line-improvements/cobh-and-midleton-commuters HTTP/1.1" 200 None
2020-05-21 15:05:48 [urllib3.connectionpool] DEBUG: http://axe.checkers.eiii.eu:80 "GET /export-jsonld/pagecheck2.0/?url=https://www.irishrail.ie/blog/how-to-update-your-browser-and-operating-system HTTP/1.1" 200 None
2020-05-21 15:06:03 [urllib3.connectionpool] DEBUG: http://axe.checkers.eiii.eu:80 "GET /export-jsonld/pagecheck2.0/?url=https://www.irishrail.ie/legal/terms-of-use-privacy-statement-cookie-policy HTTP/1.1" 200 None
2020-05-21 15:06:28 [urllib3.connectionpool] DEBUG: http://axe.checkers.eiii.eu:80 "GET /export-jsonld/pagecheck2.0/?url=https://www.irishrail.ie/blog?tagID=78 HTTP/1.1" 200 None
2020-05-21 15:06:39 [urllib3.connectionpool] DEBUG: http://axe.checkers.eiii.eu:80 "GET /export-jsonld/pagecheck2.0/?url=https://www.irishrail.ie/accordion/upcoming-line-improvements/belfast-services HTTP/1.1" 200 None
2020-05-21 15:06:46 [urllib3.connectionpool] DEBUG: http://axe.checkers.eiii.eu:80 "GET /export-jsonld/pagecheck2.0/?url=https://www.irishrail.ie/blog/railway-people-noel-enright,-on-board-customer-ser HTTP/1.1" 200 None
2020-05-21 15:06:59 [urllib3.connectionpool] DEBUG: http://axe.checkers.eiii.eu:80 "GET /export-jsonld/pagecheck2.0/?url=https://www.irishrail.ie/travel-information/accessibility-onboard-trains/iarnrod-eireann-website-accessibility HTTP/1.1" 200 None
2020-05-21 15:07:08 [urllib3.connectionpool] DEBUG: http://axe.checkers.eiii.eu:80 "GET /export-jsonld/pagecheck2.0/?url=https://www.irishrail.ie/accordion/upcoming-line-improvements/cork,-limerick-and-tralee-services HTTP/1.1" 200 None
2020-05-21 15:07:20 [urllib3.connectionpool] DEBUG: http://axe.checkers.eiii.eu:80 "GET /export-jsonld/pagecheck2.0/?url=https://www.irishrail.ie/train-timetables/live-departure-train-times HTTP/1.1" 200 None
2020-05-21 15:07:28 [urllib3.connectionpool] DEBUG: http://axe.checkers.eiii.eu:80 "GET /export-jsonld/pagecheck2.0/?url=https://www.irishrail.ie/accordion/upcoming-line-improvements/dart-services HTTP/1.1" 200 None
2020-05-21 15:07:31 [urllib3.connectionpool] DEBUG: http://axe.checkers.eiii.eu:80 "GET /export-jsonld/pagecheck2.0/?url=https://www.irishrail.ie/contact-us HTTP/1.1" 200 None
2020-05-21 15:07:53 [urllib3.connectionpool] DEBUG: http://axe.checkers.eiii.eu:80 "GET /export-jsonld/pagecheck2.0/?url=https://www.irishrail.ie/news/service-updates HTTP/1.1" 200 None
2020-05-21 15:08:03 [urllib3.connectionpool] DEBUG: http://axe.checkers.eiii.eu:80 "GET /export-jsonld/pagecheck2.0/?url=https://www.irishrail.ie/accordion/upcoming-line-improvements/galway-and-westport-ssssservices HTTP/1.1" 200 None
2020-05-21 15:08:15 [urllib3.connectionpool] DEBUG: http://axe.checkers.eiii.eu:80 "GET /export-jsonld/pagecheck2.0/?url=https://www.irishrail.ie/news/news-archive?y=2020 HTTP/1.1" 200 None
2020-05-21 15:08:24 [urllib3.connectionpool] DEBUG: http://axe.checkers.eiii.eu:80 "GET /export-jsonld/pagecheck2.0/?url=https://www.irishrail.ie/accordion/upcoming-line-improvements/northern-commuters HTTP/1.1" 200 None
2020-05-21 15:08:25 [urllib3.connectionpool] DEBUG: http://axe.checkers.eiii.eu:80 "GET /export-jsonld/pagecheck2.0/?url=https://www.irishrail.ie/about-us HTTP/1.1" 200 None
2020-05-21 15:08:45 [urllib3.connectionpool] DEBUG: http://axe.checkers.eiii.eu:80 "GET /export-jsonld/pagecheck2.0/?url=https://www.irishrail.ie/accordion/upcoming-line-improvements/portlaoise-commuters HTTP/1.1" 200 None
2020-05-21 15:08:47 [urllib3.connectionpool] DEBUG: http://axe.checkers.eiii.eu:80 "GET /export-jsonld/pagecheck2.0/?url=https://www.irishrail.ie/news/news-archive?y=2017 HTTP/1.1" 200 None
2020-05-21 15:08:50 [urllib3.connectionpool] DEBUG: http://axe.checkers.eiii.eu:80 "GET /export-jsonld/pagecheck2.0/?url=https://www.irishrail.ie/about-us/company-information HTTP/1.1" 200 None
2020-05-21 15:08:54 [urllib3.connectionpool] DEBUG: http://axe.checkers.eiii.eu:80 "GET /export-jsonld/pagecheck2.0/?url=https://www.irishrail.ie/accordion/upcoming-line-improvements/rosslare-services HTTP/1.1" 200 None
2020-05-21 15:09:00 [urllib3.connectionpool] DEBUG: http://axe.checkers.eiii.eu:80 "GET /export-jsonld/pagecheck2.0/?url=https://www.irishrail.ie/news/news-archive?y=2019 HTTP/1.1" 200 None
2020-05-21 15:09:11 [urllib3.connectionpool] DEBUG: http://axe.checkers.eiii.eu:80 "GET /export-jsonld/pagecheck2.0/?url=https://www.irishrail.ie/accordion/upcoming-line-improvements/waterford-to-limerick-junction-services HTTP/1.1" 200 None
2020-05-21 15:09:13 [urllib3.connectionpool] DEBUG: http://axe.checkers.eiii.eu:80 "GET /export-jsonld/pagecheck2.0/?url=https://www.irishrail.ie/about-us/iarnrod-eireann-network-statement HTTP/1.1" 200 None
2020-05-21 15:09:21 [urllib3.connectionpool] DEBUG: http://axe.checkers.eiii.eu:80 "GET /export-jsonld/pagecheck2.0/?url=https://www.irishrail.ie/accordion/upcoming-line-improvements/waterford-services HTTP/1.1" 200 None
2020-05-21 15:09:21 [urllib3.connectionpool] DEBUG: http://axe.checkers.eiii.eu:80 "GET /export-jsonld/pagecheck2.0/?url=https://www.irishrail.ie/news/news-archive?y=2018 HTTP/1.1" 200 None
2020-05-21 15:09:33 [urllib3.connectionpool] DEBUG: http://axe.checkers.eiii.eu:80 "GET /export-jsonld/pagecheck2.0/?url=https://www.irishrail.ie/about-us/iarnrod-eireann-services HTTP/1.1" 200 None
2020-05-21 15:09:35 [urllib3.connectionpool] DEBUG: http://axe.checkers.eiii.eu:80 "GET /export-jsonld/pagecheck2.0/?url=https://www.irishrail.ie/accordion/upcoming-line-improvements/western-rail-corridor-(limerick-to-galway) HTTP/1.1" 200 None
2020-05-21 15:09:44 [urllib3.connectionpool] DEBUG: http://axe.checkers.eiii.eu:80 "GET /export-jsonld/pagecheck2.0/?url=https://www.irishrail.ie/legal/terms-of-use-privacy-statement-cookie-policy/online-tickets-terms-and-conditions HTTP/1.1" 200 None
2020-05-21 15:09:54 [urllib3.connectionpool] DEBUG: http://axe.checkers.eiii.eu:80 "GET /export-jsonld/pagecheck2.0/?url=https://www.irishrail.ie/about-us/company-information/iarnrod-eireann-safety-and-security HTTP/1.1" 200 None
2020-05-21 15:09:56 [urllib3.connectionpool] DEBUG: http://axe.checkers.eiii.eu:80 "GET /export-jsonld/pagecheck2.0/?url=https://www.irishrail.ie/Travel-Information/Bicycle-Information-for-Rail-Travel HTTP/1.1" 200 None
