2020-09-20 16:54:10 [scrapy.utils.log] INFO: Scrapy 1.5.1 started (bot: customcrawler)
2020-09-20 16:54:10 [scrapy.utils.log] INFO: Versions: lxml 4.4.2.0, libxml2 2.9.9, cssselect 1.1.0, parsel 1.5.2, w3lib 1.21.0, Twisted 18.9.0, Python 3.6.12 (default, Sep 10 2020, 17:53:20) - [GCC 8.3.0], pyOpenSSL 19.1.0 (OpenSSL 1.1.1d  10 Sep 2019), cryptography 2.8, Platform Linux-4.19.76-linuxkit-x86_64-with-debian-10.5
2020-09-20 16:54:10 [scrapy.crawler] INFO: Overridden settings: {'BOT_NAME': 'customcrawler', 'CLOSESPIDER_PAGECOUNT': '10', 'CLOSESPIDER_TIMEOUT': '0', 'CONCURRENT_REQUESTS': 32, 'DEPTH_PRIORITY': 1, 'LOG_FILE': 'logs/customcrawler/toscrapespiderax/e4947914fb6111ea84900242ac140003.log', 'NEWSPIDER_MODULE': 'customcrawler.spiders', 'SCHEDULER_DISK_QUEUE': 'scrapy.squeues.PickleFifoDiskQueue', 'SCHEDULER_MEMORY_QUEUE': 'scrapy.squeues.FifoMemoryQueue', 'SPIDER_MODULES': ['customcrawler.spiders']}
2020-09-20 16:54:10 [scrapy.middleware] INFO: Enabled extensions:
['scrapy.extensions.corestats.CoreStats',
 'scrapy.extensions.telnet.TelnetConsole',
 'scrapy.extensions.memusage.MemoryUsage',
 'scrapy.extensions.closespider.CloseSpider',
 'scrapy.extensions.logstats.LogStats']
2020-09-20 16:54:10 [scrapy.middleware] INFO: Enabled downloader middlewares:
['scrapy.downloadermiddlewares.httpauth.HttpAuthMiddleware',
 'scrapy.downloadermiddlewares.downloadtimeout.DownloadTimeoutMiddleware',
 'scrapy.downloadermiddlewares.defaultheaders.DefaultHeadersMiddleware',
 'scrapy.downloadermiddlewares.useragent.UserAgentMiddleware',
 'scrapy.downloadermiddlewares.retry.RetryMiddleware',
 'scrapy.downloadermiddlewares.redirect.MetaRefreshMiddleware',
 'scrapy.downloadermiddlewares.httpcompression.HttpCompressionMiddleware',
 'scrapy.downloadermiddlewares.redirect.RedirectMiddleware',
 'scrapy.downloadermiddlewares.cookies.CookiesMiddleware',
 'scrapy.downloadermiddlewares.httpproxy.HttpProxyMiddleware',
 'scrapy.downloadermiddlewares.stats.DownloaderStats']
2020-09-20 16:54:10 [scrapy.middleware] INFO: Enabled spider middlewares:
['scrapy.spidermiddlewares.httperror.HttpErrorMiddleware',
 'scrapy.spidermiddlewares.offsite.OffsiteMiddleware',
 'scrapy.spidermiddlewares.referer.RefererMiddleware',
 'scrapy.spidermiddlewares.urllength.UrlLengthMiddleware',
 'scrapy.spidermiddlewares.depth.DepthMiddleware']
2020-09-20 16:54:10 [scrapy.middleware] INFO: Enabled item pipelines:
['customcrawler.pipelines.ScrapyAppPipeline']
2020-09-20 16:54:10 [scrapy.core.engine] INFO: Spider opened
2020-09-20 16:54:10 [scrapy.extensions.logstats] INFO: Crawled 0 pages (at 0 pages/min), scraped 0 items (at 0 items/min)
2020-09-20 16:54:10 [scrapy.extensions.telnet] DEBUG: Telnet console listening on 127.0.0.1:6023
2020-09-20 16:54:13 [scrapy.downloadermiddlewares.redirect] DEBUG: Redirecting (302) to <GET https://www.varam.gov.lv/> from <GET http://www.varam.gov.lv/>
2020-09-20 16:54:14 [scrapy.downloadermiddlewares.redirect] DEBUG: Redirecting (301) to <GET https://www.varam.gov.lv/lv> from <GET https://www.varam.gov.lv/>
2020-09-20 16:54:15 [scrapy.core.engine] DEBUG: Crawled (200) <GET https://www.varam.gov.lv/lv> (referer: None)
2020-09-20 16:54:16 [scrapy.dupefilters] DEBUG: Filtered duplicate request: <GET https://www.varam.gov.lv/lv> - no more duplicates will be shown (see DUPEFILTER_DEBUG to show all duplicates)
2020-09-20 16:54:16 [scrapy.core.engine] DEBUG: Crawled (200) <GET https://www.varam.gov.lv/lv#content-area> (referer: https://www.varam.gov.lv/lv)
2020-09-20 16:54:16 [scrapy.core.scraper] DEBUG: Scraped from <200 https://www.varam.gov.lv/lv>
{'extracted_url': 'https://www.varam.gov.lv/lv'}
2020-09-20 16:54:18 [scrapy.core.engine] DEBUG: Crawled (200) <GET https://www.varam.gov.lv/lv/node/4> (referer: https://www.varam.gov.lv/lv)
2020-09-20 16:54:18 [scrapy.core.scraper] DEBUG: Scraped from <200 https://www.varam.gov.lv/lv/node/4>
{'extracted_url': 'https://www.varam.gov.lv/lv/node/4'}
2020-09-20 16:54:19 [scrapy.core.engine] DEBUG: Crawled (200) <GET https://www.varam.gov.lv/lv/darbinieks/edvins-balsevics> (referer: https://www.varam.gov.lv/lv)
2020-09-20 16:54:19 [scrapy.core.engine] DEBUG: Crawled (200) <GET https://www.varam.gov.lv/lv/darbibas-jomas> (referer: https://www.varam.gov.lv/lv)
2020-09-20 16:54:19 [scrapy.core.scraper] DEBUG: Scraped from <200 https://www.varam.gov.lv/lv/darbinieks/edvins-balsevics>
{'extracted_url': 'https://www.varam.gov.lv/lv/darbinieks/edvins-balsevics'}
2020-09-20 16:54:20 [scrapy.core.scraper] DEBUG: Scraped from <200 https://www.varam.gov.lv/lv/darbibas-jomas>
{'extracted_url': 'https://www.varam.gov.lv/lv/darbibas-jomas'}
2020-09-20 16:54:20 [scrapy.core.engine] DEBUG: Crawled (200) <GET https://www.varam.gov.lv/lv/par-mums> (referer: https://www.varam.gov.lv/lv)
2020-09-20 16:54:20 [scrapy.core.engine] DEBUG: Crawled (200) <GET https://www.varam.gov.lv/lv/struktura> (referer: https://www.varam.gov.lv/lv)
2020-09-20 16:54:20 [scrapy.core.scraper] DEBUG: Scraped from <200 https://www.varam.gov.lv/lv/par-mums>
{'extracted_url': 'https://www.varam.gov.lv/lv/par-mums'}
2020-09-20 16:54:20 [scrapy.core.engine] DEBUG: Crawled (200) <GET https://www.varam.gov.lv/lv/viegli-lasit> (referer: https://www.varam.gov.lv/lv)
2020-09-20 16:54:20 [scrapy.core.engine] DEBUG: Crawled (200) <GET https://www.varam.gov.lv/lv/dabas-aizsardziba> (referer: https://www.varam.gov.lv/lv)
2020-09-20 16:54:21 [scrapy.core.scraper] DEBUG: Scraped from <200 https://www.varam.gov.lv/lv/struktura>
{'extracted_url': 'https://www.varam.gov.lv/lv/struktura'}
2020-09-20 16:54:21 [scrapy.core.scraper] DEBUG: Scraped from <200 https://www.varam.gov.lv/lv/viegli-lasit>
{'extracted_url': 'https://www.varam.gov.lv/lv/viegli-lasit'}
2020-09-20 16:54:22 [scrapy.core.scraper] DEBUG: Scraped from <200 https://www.varam.gov.lv/lv/dabas-aizsardziba>
{'extracted_url': 'https://www.varam.gov.lv/lv/dabas-aizsardziba'}
2020-09-20 16:54:24 [scrapy.core.engine] DEBUG: Crawled (200) <GET https://www.varam.gov.lv/lv/darbinieks/arturs-toms-pless> (referer: https://www.varam.gov.lv/lv)
2020-09-20 16:54:24 [scrapy.core.engine] INFO: Closing spider (closespider_pagecount)
2020-09-20 16:54:24 [scrapy.core.scraper] DEBUG: Scraped from <200 https://www.varam.gov.lv/lv/darbinieks/arturs-toms-pless>
{'extracted_url': 'https://www.varam.gov.lv/lv/darbinieks/arturs-toms-pless'}
2020-09-20 16:54:24 [scrapy.core.engine] DEBUG: Crawled (200) <GET https://www.varam.gov.lv/lv/invazivas-sugas> (referer: https://www.varam.gov.lv/lv)
2020-09-20 16:54:24 [scrapy.core.scraper] DEBUG: Scraped from <200 https://www.varam.gov.lv/lv/invazivas-sugas>
{'extracted_url': 'https://www.varam.gov.lv/lv/invazivas-sugas'}
2020-09-20 16:54:24 [scrapy.core.engine] DEBUG: Crawled (200) <GET https://www.varam.gov.lv/lv/digitala-transformacija-0> (referer: https://www.varam.gov.lv/lv)
2020-09-20 16:54:24 [scrapy.core.scraper] DEBUG: Scraped from <200 https://www.varam.gov.lv/lv/digitala-transformacija-0>
{'extracted_url': 'https://www.varam.gov.lv/lv/digitala-transformacija-0'}
2020-09-20 16:54:28 [scrapy.core.engine] DEBUG: Crawled (200) <GET https://www.varam.gov.lv/lv/dabas-aizsardzibas-projekti> (referer: https://www.varam.gov.lv/lv)
2020-09-20 16:54:28 [scrapy.core.scraper] DEBUG: Scraped from <200 https://www.varam.gov.lv/lv/dabas-aizsardzibas-projekti>
{'extracted_url': 'https://www.varam.gov.lv/lv/dabas-aizsardzibas-projekti'}
2020-09-20 16:54:28 [scrapy.core.engine] DEBUG: Crawled (200) <GET https://www.varam.gov.lv/lv/sugu-un-biotopu-aizsardziba> (referer: https://www.varam.gov.lv/lv)
2020-09-20 16:54:29 [scrapy.core.scraper] DEBUG: Scraped from <200 https://www.varam.gov.lv/lv/sugu-un-biotopu-aizsardziba>
{'extracted_url': 'https://www.varam.gov.lv/lv/sugu-un-biotopu-aizsardziba'}
2020-09-20 16:54:29 [scrapy.core.engine] DEBUG: Crawled (200) <GET https://www.varam.gov.lv/lv/ipasi-aizsargajamas-dabas-teritorijas> (referer: https://www.varam.gov.lv/lv)
2020-09-20 16:54:29 [scrapy.core.scraper] DEBUG: Scraped from <200 https://www.varam.gov.lv/lv/ipasi-aizsargajamas-dabas-teritorijas>
{'extracted_url': 'https://www.varam.gov.lv/lv/ipasi-aizsargajamas-dabas-teritorijas'}
2020-09-20 16:54:31 [scrapy.core.engine] DEBUG: Crawled (200) <GET https://www.varam.gov.lv/lv/valsts-parvaldes-pakalpojumi> (referer: https://www.varam.gov.lv/lv)
2020-09-20 16:54:31 [scrapy.core.scraper] DEBUG: Scraped from <200 https://www.varam.gov.lv/lv/valsts-parvaldes-pakalpojumi>
{'extracted_url': 'https://www.varam.gov.lv/lv/valsts-parvaldes-pakalpojumi'}
2020-09-20 16:54:32 [scrapy.core.engine] DEBUG: Crawled (200) <GET https://www.varam.gov.lv/lv/daudzpusejie-sadarbibas-ligumi-dabas-aizsardziba> (referer: https://www.varam.gov.lv/lv)
2020-09-20 16:54:32 [scrapy.core.engine] DEBUG: Crawled (200) <GET https://www.varam.gov.lv/lv/pakalpojumu-dizains> (referer: https://www.varam.gov.lv/lv)
2020-09-20 16:54:32 [scrapy.core.engine] DEBUG: Crawled (200) <GET https://www.varam.gov.lv/lv/klimata-parmainas> (referer: https://www.varam.gov.lv/lv)
2020-09-20 16:54:32 [scrapy.core.scraper] DEBUG: Scraped from <200 https://www.varam.gov.lv/lv/daudzpusejie-sadarbibas-ligumi-dabas-aizsardziba>
{'extracted_url': 'https://www.varam.gov.lv/lv/daudzpusejie-sadarbibas-ligumi-dabas-aizsardziba'}
2020-09-20 16:54:33 [scrapy.core.engine] DEBUG: Crawled (200) <GET https://www.varam.gov.lv/lv/no-gmo-brivas-teritorijas> (referer: https://www.varam.gov.lv/lv)
2020-09-20 16:54:33 [scrapy.core.scraper] DEBUG: Scraped from <200 https://www.varam.gov.lv/lv/pakalpojumu-dizains>
{'extracted_url': 'https://www.varam.gov.lv/lv/pakalpojumu-dizains'}
2020-09-20 16:54:33 [scrapy.core.scraper] DEBUG: Scraped from <200 https://www.varam.gov.lv/lv/klimata-parmainas>
{'extracted_url': 'https://www.varam.gov.lv/lv/klimata-parmainas'}
2020-09-20 16:54:34 [scrapy.core.scraper] DEBUG: Scraped from <200 https://www.varam.gov.lv/lv/no-gmo-brivas-teritorijas>
{'extracted_url': 'https://www.varam.gov.lv/lv/no-gmo-brivas-teritorijas'}
2020-09-20 16:54:35 [scrapy.core.engine] DEBUG: Crawled (200) <GET https://www.varam.gov.lv/lv/valsts-un-pasvaldibas-vienotais-klientu-apkalposanas-centru-tikls> (referer: https://www.varam.gov.lv/lv)
2020-09-20 16:54:35 [scrapy.core.scraper] DEBUG: Scraped from <200 https://www.varam.gov.lv/lv/valsts-un-pasvaldibas-vienotais-klientu-apkalposanas-centru-tikls>
{'extracted_url': 'https://www.varam.gov.lv/lv/valsts-un-pasvaldibas-vienotais-klientu-apkalposanas-centru-tikls'}
2020-09-20 16:54:37 [scrapy.core.engine] DEBUG: Crawled (200) <GET https://www.varam.gov.lv/lv/projekti-1> (referer: https://www.varam.gov.lv/lv)
2020-09-20 16:54:37 [scrapy.core.scraper] DEBUG: Scraped from <200 https://www.varam.gov.lv/lv/projekti-1>
{'extracted_url': 'https://www.varam.gov.lv/lv/projekti-1'}
2020-09-20 16:54:43 [scrapy.core.engine] DEBUG: Crawled (200) <GET https://www.varam.gov.lv/lv/ikt-parvaldiba> (referer: https://www.varam.gov.lv/lv)
2020-09-20 16:54:43 [scrapy.core.scraper] DEBUG: Scraped from <200 https://www.varam.gov.lv/lv/ikt-parvaldiba>
{'extracted_url': 'https://www.varam.gov.lv/lv/ikt-parvaldiba'}
2020-09-20 16:54:44 [scrapy.core.engine] DEBUG: Crawled (200) <GET https://www.varam.gov.lv/lv/emisijas-vienibu-tirdznieciba> (referer: https://www.varam.gov.lv/lv)
2020-09-20 16:54:44 [scrapy.core.scraper] DEBUG: Scraped from <200 https://www.varam.gov.lv/lv/emisijas-vienibu-tirdznieciba>
{'extracted_url': 'https://www.varam.gov.lv/lv/emisijas-vienibu-tirdznieciba'}
2020-09-20 16:54:44 [scrapy.core.engine] DEBUG: Crawled (200) <GET https://www.varam.gov.lv/lv/fondi-un-investicijas> (referer: https://www.varam.gov.lv/lv)
2020-09-20 16:54:44 [scrapy.core.engine] DEBUG: Crawled (200) <GET https://www.varam.gov.lv/lv/strukturvieniba/klimata-parmainu-departaments> (referer: https://www.varam.gov.lv/lv)
2020-09-20 16:54:44 [scrapy.core.scraper] DEBUG: Scraped from <200 https://www.varam.gov.lv/lv/fondi-un-investicijas>
{'extracted_url': 'https://www.varam.gov.lv/lv/fondi-un-investicijas'}
2020-09-20 16:54:45 [scrapy.core.engine] DEBUG: Crawled (200) <GET https://www.varam.gov.lv/lv/normativie-akti-klimata-politikas-ieviesanai> (referer: https://www.varam.gov.lv/lv)
2020-09-20 16:54:45 [scrapy.core.scraper] DEBUG: Scraped from <200 https://www.varam.gov.lv/lv/strukturvieniba/klimata-parmainu-departaments>
{'extracted_url': 'https://www.varam.gov.lv/lv/strukturvieniba/klimata-parmainu-departaments'}
2020-09-20 16:54:45 [scrapy.core.scraper] DEBUG: Scraped from <200 https://www.varam.gov.lv/lv/normativie-akti-klimata-politikas-ieviesanai>
{'extracted_url': 'https://www.varam.gov.lv/lv/normativie-akti-klimata-politikas-ieviesanai'}
2020-09-20 16:54:47 [scrapy.core.engine] DEBUG: Crawled (200) <GET https://www.varam.gov.lv/lv/pielagosanas-klimata-parmainam> (referer: https://www.varam.gov.lv/lv)
2020-09-20 16:54:47 [scrapy.core.engine] DEBUG: Crawled (200) <GET https://www.varam.gov.lv/lv/seg-monitorings-un-zinosana> (referer: https://www.varam.gov.lv/lv)
2020-09-20 16:54:47 [scrapy.core.scraper] DEBUG: Scraped from <200 https://www.varam.gov.lv/lv/pielagosanas-klimata-parmainam>
{'extracted_url': 'https://www.varam.gov.lv/lv/pielagosanas-klimata-parmainam'}
2020-09-20 16:54:47 [scrapy.core.scraper] DEBUG: Scraped from <200 https://www.varam.gov.lv/lv/seg-monitorings-un-zinosana>
{'extracted_url': 'https://www.varam.gov.lv/lv/seg-monitorings-un-zinosana'}
2020-09-20 16:54:47 [scrapy.core.engine] DEBUG: Crawled (200) <GET https://www.varam.gov.lv/lv/siltumnicefekta-gazu-emisiju-aprekina-metodika> (referer: https://www.varam.gov.lv/lv)
2020-09-20 16:54:47 [scrapy.core.scraper] DEBUG: Scraped from <200 https://www.varam.gov.lv/lv/siltumnicefekta-gazu-emisiju-aprekina-metodika>
{'extracted_url': 'https://www.varam.gov.lv/lv/siltumnicefekta-gazu-emisiju-aprekina-metodika'}
2020-09-20 16:54:48 [scrapy.core.engine] DEBUG: Crawled (200) <GET https://www.varam.gov.lv/lv/administrativi-teritoriala-reforma> (referer: https://www.varam.gov.lv/lv)
2020-09-20 16:54:48 [scrapy.core.scraper] DEBUG: Scraped from <200 https://www.varam.gov.lv/lv/administrativi-teritoriala-reforma>
{'extracted_url': 'https://www.varam.gov.lv/lv/administrativi-teritoriala-reforma'}
2020-09-20 16:54:49 [scrapy.core.engine] DEBUG: Crawled (200) <GET https://www.varam.gov.lv/lv/seminari-klimata-parmainu-joma> (referer: https://www.varam.gov.lv/lv)
2020-09-20 16:54:49 [scrapy.core.scraper] DEBUG: Scraped from <200 https://www.varam.gov.lv/lv/seminari-klimata-parmainu-joma>
{'extracted_url': 'https://www.varam.gov.lv/lv/seminari-klimata-parmainu-joma'}
2020-09-20 16:54:49 [scrapy.core.engine] DEBUG: Crawled (200) <GET https://www.varam.gov.lv/lv/pasvaldibu-publiskie-gada-parskati> (referer: https://www.varam.gov.lv/lv)
2020-09-20 16:54:49 [scrapy.core.engine] DEBUG: Crawled (200) <GET https://www.varam.gov.lv/lv/lidzekli-neparedzetiem-gadijumiem> (referer: https://www.varam.gov.lv/lv)
2020-09-20 16:54:49 [scrapy.core.scraper] DEBUG: Scraped from <200 https://www.varam.gov.lv/lv/pasvaldibu-publiskie-gada-parskati>
{'extracted_url': 'https://www.varam.gov.lv/lv/pasvaldibu-publiskie-gada-parskati'}
2020-09-20 16:54:49 [scrapy.core.engine] DEBUG: Crawled (200) <GET https://www.varam.gov.lv/lv/pasvaldibas> (referer: https://www.varam.gov.lv/lv)
2020-09-20 16:54:49 [scrapy.core.scraper] DEBUG: Scraped from <200 https://www.varam.gov.lv/lv/lidzekli-neparedzetiem-gadijumiem>
{'extracted_url': 'https://www.varam.gov.lv/lv/lidzekli-neparedzetiem-gadijumiem'}
2020-09-20 16:54:50 [scrapy.core.scraper] DEBUG: Scraped from <200 https://www.varam.gov.lv/lv/pasvaldibas>
{'extracted_url': 'https://www.varam.gov.lv/lv/pasvaldibas'}
2020-09-20 16:54:51 [scrapy.core.engine] DEBUG: Crawled (200) <GET https://www.varam.gov.lv/lv/informacija-pasvaldibam> (referer: https://www.varam.gov.lv/lv)
2020-09-20 16:54:51 [scrapy.core.scraper] DEBUG: Scraped from <200 https://www.varam.gov.lv/lv/informacija-pasvaldibam>
{'extracted_url': 'https://www.varam.gov.lv/lv/informacija-pasvaldibam'}
2020-09-20 16:54:54 [scrapy.core.engine] DEBUG: Crawled (200) <GET https://www.varam.gov.lv/lv/metodiskie-materiali-pasvaldibam> (referer: https://www.varam.gov.lv/lv)
2020-09-20 16:54:54 [scrapy.core.scraper] DEBUG: Scraped from <200 https://www.varam.gov.lv/lv/metodiskie-materiali-pasvaldibam>
{'extracted_url': 'https://www.varam.gov.lv/lv/metodiskie-materiali-pasvaldibam'}
2020-09-20 16:54:55 [scrapy.core.engine] DEBUG: Crawled (200) <GET https://www.varam.gov.lv/lv/zinojumi-tsk-petijumi> (referer: https://www.varam.gov.lv/lv)
2020-09-20 16:54:55 [scrapy.core.scraper] DEBUG: Scraped from <200 https://www.varam.gov.lv/lv/zinojumi-tsk-petijumi>
{'extracted_url': 'https://www.varam.gov.lv/lv/zinojumi-tsk-petijumi'}
2020-09-20 16:54:55 [scrapy.core.engine] DEBUG: Crawled (200) <GET https://www.varam.gov.lv/lv/pasvaldibu-saistosie-noteikumi-0> (referer: https://www.varam.gov.lv/lv)
2020-09-20 16:54:55 [scrapy.core.scraper] DEBUG: Scraped from <200 https://www.varam.gov.lv/lv/pasvaldibu-saistosie-noteikumi-0>
{'extracted_url': 'https://www.varam.gov.lv/lv/pasvaldibu-saistosie-noteikumi-0'}
2020-09-20 16:54:56 [scrapy.core.engine] DEBUG: Crawled (200) <GET https://www.varam.gov.lv/lv/ikgadejas-sarunas-ar-latvijas-pasvaldibu-savienibu> (referer: https://www.varam.gov.lv/lv)
2020-09-20 16:54:56 [scrapy.core.scraper] DEBUG: Scraped from <200 https://www.varam.gov.lv/lv/ikgadejas-sarunas-ar-latvijas-pasvaldibu-savienibu>
{'extracted_url': 'https://www.varam.gov.lv/lv/ikgadejas-sarunas-ar-latvijas-pasvaldibu-savienibu'}
2020-09-20 16:54:59 [scrapy.core.engine] DEBUG: Crawled (200) <GET https://www.varam.gov.lv/lv/normativie-akti-4> (referer: https://www.varam.gov.lv/lv)
2020-09-20 16:55:00 [scrapy.core.scraper] DEBUG: Scraped from <200 https://www.varam.gov.lv/lv/normativie-akti-4>
{'extracted_url': 'https://www.varam.gov.lv/lv/normativie-akti-4'}
2020-09-20 16:55:00 [urllib3.connectionpool] DEBUG: Starting new HTTP connection (1): axe.checkers.eiii.eu
2020-09-20 16:55:00 [urllib3.connectionpool] DEBUG: Starting new HTTP connection (2): axe.checkers.eiii.eu
2020-09-20 16:55:00 [urllib3.connectionpool] DEBUG: Starting new HTTP connection (3): axe.checkers.eiii.eu
2020-09-20 16:55:00 [urllib3.connectionpool] DEBUG: Starting new HTTP connection (4): axe.checkers.eiii.eu
2020-09-20 16:55:14 [urllib3.connectionpool] DEBUG: http://axe.checkers.eiii.eu:80 "GET /export-jsonld/pagecheck2.0/?url=https://www.varam.gov.lv/lv/darbibas-jomas HTTP/1.1" 200 None
2020-09-20 16:55:28 [urllib3.connectionpool] DEBUG: http://axe.checkers.eiii.eu:80 "GET /export-jsonld/pagecheck2.0/?url=https://www.varam.gov.lv/lv HTTP/1.1" 200 None
2020-09-20 16:55:39 [urllib3.connectionpool] DEBUG: http://axe.checkers.eiii.eu:80 "GET /export-jsonld/pagecheck2.0/?url=https://www.varam.gov.lv/lv/darbinieks/edvins-balsevics HTTP/1.1" 200 None
2020-09-20 16:55:50 [urllib3.connectionpool] DEBUG: http://axe.checkers.eiii.eu:80 "GET /export-jsonld/pagecheck2.0/?url=https://www.varam.gov.lv/lv/node/4 HTTP/1.1" 200 None
2020-09-20 16:56:03 [urllib3.connectionpool] DEBUG: http://axe.checkers.eiii.eu:80 "GET /export-jsonld/pagecheck2.0/?url=https://www.varam.gov.lv/lv/par-mums HTTP/1.1" 200 None
2020-09-20 16:56:16 [urllib3.connectionpool] DEBUG: http://axe.checkers.eiii.eu:80 "GET /export-jsonld/pagecheck2.0/?url=https://www.varam.gov.lv/lv/struktura HTTP/1.1" 200 None
2020-09-20 16:56:39 [urllib3.connectionpool] DEBUG: http://axe.checkers.eiii.eu:80 "GET /export-jsonld/pagecheck2.0/?url=https://www.varam.gov.lv/lv/viegli-lasit HTTP/1.1" 504 182
2020-09-20 16:56:39 [urllib3.util.retry] DEBUG: Incremented Retry for (url='/export-jsonld/pagecheck2.0/?url=https://www.varam.gov.lv/lv/viegli-lasit'): Retry(total=2, connect=3, read=3, redirect=None, status=None)
2020-09-20 16:56:39 [urllib3.connectionpool] DEBUG: Retry: /export-jsonld/pagecheck2.0/?url=https://www.varam.gov.lv/lv/viegli-lasit
2020-09-20 16:56:51 [urllib3.connectionpool] DEBUG: http://axe.checkers.eiii.eu:80 "GET /export-jsonld/pagecheck2.0/?url=https://www.varam.gov.lv/lv/dabas-aizsardziba HTTP/1.1" 504 182
2020-09-20 16:56:51 [urllib3.util.retry] DEBUG: Incremented Retry for (url='/export-jsonld/pagecheck2.0/?url=https://www.varam.gov.lv/lv/dabas-aizsardziba'): Retry(total=2, connect=3, read=3, redirect=None, status=None)
2020-09-20 16:56:51 [urllib3.connectionpool] DEBUG: Retry: /export-jsonld/pagecheck2.0/?url=https://www.varam.gov.lv/lv/dabas-aizsardziba
2020-09-20 16:57:04 [urllib3.connectionpool] DEBUG: http://axe.checkers.eiii.eu:80 "GET /export-jsonld/pagecheck2.0/?url=https://www.varam.gov.lv/lv/darbinieks/arturs-toms-pless HTTP/1.1" 504 182
2020-09-20 16:57:04 [urllib3.util.retry] DEBUG: Incremented Retry for (url='/export-jsonld/pagecheck2.0/?url=https://www.varam.gov.lv/lv/darbinieks/arturs-toms-pless'): Retry(total=2, connect=3, read=3, redirect=None, status=None)
2020-09-20 16:57:04 [urllib3.connectionpool] DEBUG: Retry: /export-jsonld/pagecheck2.0/?url=https://www.varam.gov.lv/lv/darbinieks/arturs-toms-pless
2020-09-20 16:57:17 [urllib3.connectionpool] DEBUG: http://axe.checkers.eiii.eu:80 "GET /export-jsonld/pagecheck2.0/?url=https://www.varam.gov.lv/lv/invazivas-sugas HTTP/1.1" 504 182
2020-09-20 16:57:17 [urllib3.util.retry] DEBUG: Incremented Retry for (url='/export-jsonld/pagecheck2.0/?url=https://www.varam.gov.lv/lv/invazivas-sugas'): Retry(total=2, connect=3, read=3, redirect=None, status=None)
2020-09-20 16:57:17 [urllib3.connectionpool] DEBUG: Retry: /export-jsonld/pagecheck2.0/?url=https://www.varam.gov.lv/lv/invazivas-sugas
2020-09-20 16:57:40 [urllib3.connectionpool] DEBUG: http://axe.checkers.eiii.eu:80 "GET /export-jsonld/pagecheck2.0/?url=https://www.varam.gov.lv/lv/viegli-lasit HTTP/1.1" 504 182
2020-09-20 16:57:40 [urllib3.util.retry] DEBUG: Incremented Retry for (url='/export-jsonld/pagecheck2.0/?url=https://www.varam.gov.lv/lv/viegli-lasit'): Retry(total=1, connect=3, read=3, redirect=None, status=None)
2020-09-20 16:57:40 [urllib3.connectionpool] DEBUG: Retry: /export-jsonld/pagecheck2.0/?url=https://www.varam.gov.lv/lv/viegli-lasit
2020-09-20 16:57:51 [urllib3.connectionpool] DEBUG: http://axe.checkers.eiii.eu:80 "GET /export-jsonld/pagecheck2.0/?url=https://www.varam.gov.lv/lv/dabas-aizsardziba HTTP/1.1" 504 182
2020-09-20 16:57:51 [urllib3.util.retry] DEBUG: Incremented Retry for (url='/export-jsonld/pagecheck2.0/?url=https://www.varam.gov.lv/lv/dabas-aizsardziba'): Retry(total=1, connect=3, read=3, redirect=None, status=None)
2020-09-20 16:57:52 [urllib3.connectionpool] DEBUG: Retry: /export-jsonld/pagecheck2.0/?url=https://www.varam.gov.lv/lv/dabas-aizsardziba
2020-09-20 16:58:04 [urllib3.connectionpool] DEBUG: http://axe.checkers.eiii.eu:80 "GET /export-jsonld/pagecheck2.0/?url=https://www.varam.gov.lv/lv/darbinieks/arturs-toms-pless HTTP/1.1" 504 182
2020-09-20 16:58:04 [urllib3.util.retry] DEBUG: Incremented Retry for (url='/export-jsonld/pagecheck2.0/?url=https://www.varam.gov.lv/lv/darbinieks/arturs-toms-pless'): Retry(total=1, connect=3, read=3, redirect=None, status=None)
2020-09-20 16:58:05 [urllib3.connectionpool] DEBUG: Retry: /export-jsonld/pagecheck2.0/?url=https://www.varam.gov.lv/lv/darbinieks/arturs-toms-pless
2020-09-20 16:58:17 [urllib3.connectionpool] DEBUG: http://axe.checkers.eiii.eu:80 "GET /export-jsonld/pagecheck2.0/?url=https://www.varam.gov.lv/lv/invazivas-sugas HTTP/1.1" 504 182
2020-09-20 16:58:17 [urllib3.util.retry] DEBUG: Incremented Retry for (url='/export-jsonld/pagecheck2.0/?url=https://www.varam.gov.lv/lv/invazivas-sugas'): Retry(total=1, connect=3, read=3, redirect=None, status=None)
2020-09-20 16:58:18 [urllib3.connectionpool] DEBUG: Retry: /export-jsonld/pagecheck2.0/?url=https://www.varam.gov.lv/lv/invazivas-sugas
2020-09-20 16:58:41 [urllib3.connectionpool] DEBUG: http://axe.checkers.eiii.eu:80 "GET /export-jsonld/pagecheck2.0/?url=https://www.varam.gov.lv/lv/viegli-lasit HTTP/1.1" 504 182
2020-09-20 16:58:41 [urllib3.util.retry] DEBUG: Incremented Retry for (url='/export-jsonld/pagecheck2.0/?url=https://www.varam.gov.lv/lv/viegli-lasit'): Retry(total=0, connect=3, read=3, redirect=None, status=None)
2020-09-20 16:58:42 [urllib3.connectionpool] DEBUG: Retry: /export-jsonld/pagecheck2.0/?url=https://www.varam.gov.lv/lv/viegli-lasit
2020-09-20 16:58:52 [urllib3.connectionpool] DEBUG: http://axe.checkers.eiii.eu:80 "GET /export-jsonld/pagecheck2.0/?url=https://www.varam.gov.lv/lv/dabas-aizsardziba HTTP/1.1" 504 182
2020-09-20 16:58:52 [urllib3.util.retry] DEBUG: Incremented Retry for (url='/export-jsonld/pagecheck2.0/?url=https://www.varam.gov.lv/lv/dabas-aizsardziba'): Retry(total=0, connect=3, read=3, redirect=None, status=None)
2020-09-20 16:58:53 [urllib3.connectionpool] DEBUG: Retry: /export-jsonld/pagecheck2.0/?url=https://www.varam.gov.lv/lv/dabas-aizsardziba
2020-09-20 16:59:05 [urllib3.connectionpool] DEBUG: http://axe.checkers.eiii.eu:80 "GET /export-jsonld/pagecheck2.0/?url=https://www.varam.gov.lv/lv/darbinieks/arturs-toms-pless HTTP/1.1" 504 182
2020-09-20 16:59:05 [urllib3.util.retry] DEBUG: Incremented Retry for (url='/export-jsonld/pagecheck2.0/?url=https://www.varam.gov.lv/lv/darbinieks/arturs-toms-pless'): Retry(total=0, connect=3, read=3, redirect=None, status=None)
2020-09-20 16:59:06 [urllib3.connectionpool] DEBUG: Retry: /export-jsonld/pagecheck2.0/?url=https://www.varam.gov.lv/lv/darbinieks/arturs-toms-pless
2020-09-20 16:59:18 [urllib3.connectionpool] DEBUG: http://axe.checkers.eiii.eu:80 "GET /export-jsonld/pagecheck2.0/?url=https://www.varam.gov.lv/lv/invazivas-sugas HTTP/1.1" 504 182
2020-09-20 16:59:18 [urllib3.util.retry] DEBUG: Incremented Retry for (url='/export-jsonld/pagecheck2.0/?url=https://www.varam.gov.lv/lv/invazivas-sugas'): Retry(total=0, connect=3, read=3, redirect=None, status=None)
2020-09-20 16:59:19 [urllib3.connectionpool] DEBUG: Retry: /export-jsonld/pagecheck2.0/?url=https://www.varam.gov.lv/lv/invazivas-sugas
2020-09-20 16:59:43 [urllib3.connectionpool] DEBUG: http://axe.checkers.eiii.eu:80 "GET /export-jsonld/pagecheck2.0/?url=https://www.varam.gov.lv/lv/viegli-lasit HTTP/1.1" 504 182
2020-09-20 16:59:54 [urllib3.connectionpool] DEBUG: http://axe.checkers.eiii.eu:80 "GET /export-jsonld/pagecheck2.0/?url=https://www.varam.gov.lv/lv/dabas-aizsardziba HTTP/1.1" 504 182
2020-09-20 17:00:06 [urllib3.connectionpool] DEBUG: http://axe.checkers.eiii.eu:80 "GET /export-jsonld/pagecheck2.0/?url=https://www.varam.gov.lv/lv/darbinieks/arturs-toms-pless HTTP/1.1" 504 182
2020-09-20 17:00:19 [urllib3.connectionpool] DEBUG: http://axe.checkers.eiii.eu:80 "GET /export-jsonld/pagecheck2.0/?url=https://www.varam.gov.lv/lv/invazivas-sugas HTTP/1.1" 504 182
2020-09-20 17:00:19 [scrapy.statscollectors] INFO: Dumping Scrapy stats:
{'downloader/request_bytes': 22192,
 'downloader/request_count': 43,
 'downloader/request_method_count/GET': 43,
 'downloader/response_bytes': 4107578,
 'downloader/response_count': 43,
 'downloader/response_status_count/200': 41,
 'downloader/response_status_count/301': 1,
 'downloader/response_status_count/302': 1,
 'dupefilter/filtered': 14696,
 'finish_reason': 'closespider_pagecount',
 'finish_time': datetime.datetime(2020, 9, 20, 17, 0, 19, 818677),
 'item_scraped_count': 40,
 'log_count/DEBUG': 135,
 'log_count/INFO': 7,
 'memusage/max': 80838656,
 'memusage/startup': 80838656,
 'request_depth_max': 2,
 'response_received_count': 41,
 'scheduler/dequeued': 43,
 'scheduler/dequeued/memory': 43,
 'scheduler/enqueued': 646,
 'scheduler/enqueued/memory': 646,
 'start_time': datetime.datetime(2020, 9, 20, 16, 54, 10, 955235)}
2020-09-20 17:00:19 [scrapy.core.engine] INFO: Spider closed (closespider_pagecount)
